Peer_6:basic WARNING 0: Not enough peers, fetching more (0, 1)
Peer_6:basic INFO 0.5000073625706429: Received message <Hello:> from Peer_9:basic
Peer_6:basic INFO 0.5000073625706429: Connecting to Peer_9:basic
Peer_6:basic INFO 0.5000073625706429: Sending message <Hello:> to Peer_9:basic
Peer_6:basic INFO 0.5000073625706429: Sending message <RequestPeers:> to Peer_9:basic
Peer_6:basic INFO 1.5000478997625297: Received message <PeerList> from Peer_9:basic
Peer_6:basic INFO 4.5609400045170885: Received message <Hello:> from Peer_5:basic
Peer_6:basic INFO 4.5609400045170885: Connecting to Peer_5:basic
Peer_6:basic INFO 4.5609400045170885: Sending message <Hello:> to Peer_5:basic
Peer_6:basic INFO 4.5609400045170885: Sending message <RequestPeers:> to Peer_5:basic
Peer_6:basic INFO 5.143081663748481: Received message <Hello:> from Peer_4:basic
Peer_6:basic INFO 5.143081663748481: Connecting to Peer_4:basic
Peer_6:basic INFO 5.143081663748481: Sending message <Hello:> to Peer_4:basic
Peer_6:basic INFO 5.143081663748481: Sending message <RequestPeers:> to Peer_4:basic
Peer_6:basic INFO 5.642124288453806: Received message <Hello:> from Peer_8:basic
Peer_6:basic INFO 5.642124288453806: Connecting to Peer_8:basic
Peer_6:basic INFO 5.642124288453806: Sending message <Hello:> to Peer_8:basic
Peer_6:basic INFO 5.642124288453806: Sending message <RequestPeers:> to Peer_8:basic
Peer_6:basic INFO 18.629328291508344: Received message <PeerList> from Peer_5:basic
Peer_6:basic INFO 19.697900298629794: Received message <PeerList> from Peer_4:basic
Peer_6:basic INFO 20.23460182258848: Received message <PeerList> from Peer_8:basic
Peer_6:basic WARNING 500: Too many peers connected (4, 3)
Peer_6:basic WARNING 1000: Too many peers connected (4, 3)
Peer_6:basic INFO 1000: Sending message <Ping:> to Peer_9:basic
Peer_6:basic INFO 1000: Sending message <Ping:> to Peer_5:basic
Peer_6:basic INFO 1000: Sending message <Ping:> to Peer_4:basic
Peer_6:basic INFO 1000: Sending message <Ping:> to Peer_8:basic
Peer_6:basic INFO 1000.5000073625706: Received message <Ping:> from Peer_9:basic
Peer_6:basic INFO 1000.5000073625706: Sending message <Pong:> to Peer_9:basic
Peer_6:basic INFO 1001.0000251881952: Received message <Pong:> from Peer_9:basic
Peer_6:basic INFO 1003.3256228996632: Received message <Ping:> from Peer_4:basic
Peer_6:basic INFO 1003.3256228996632: Sending message <Pong:> to Peer_4:basic
Peer_6:basic INFO 1003.6034072238215: Received message <Ping:> from Peer_5:basic
Peer_6:basic INFO 1003.6034072238215: Sending message <Pong:> to Peer_5:basic
Peer_6:basic INFO 1005.1878162044351: Received message <Ping:> from Peer_8:basic
Peer_6:basic INFO 1005.1878162044351: Sending message <Pong:> to Peer_8:basic
Peer_6:basic INFO 1014.1304431030026: Received message <Pong:> from Peer_5:basic
Peer_6:basic INFO 1015.6265581870003: Received message <Pong:> from Peer_4:basic
Peer_6:basic INFO 1015.8371207819114: Received message <Pong:> from Peer_8:basic
Peer_6:basic WARNING 1500: Too many peers connected (4, 3)
Peer_6:basic WARNING 2000: Too many peers connected (4, 3)
Peer_6:basic INFO 2000: Sending message <Ping:> to Peer_9:basic
Peer_6:basic INFO 2000: Sending message <Ping:> to Peer_5:basic
Peer_6:basic INFO 2000: Sending message <Ping:> to Peer_4:basic
Peer_6:basic INFO 2000: Sending message <Ping:> to Peer_8:basic
Peer_6:basic INFO 2000.5000073625706: Received message <Ping:> from Peer_9:basic
Peer_6:basic INFO 2000.5000073625706: Sending message <Pong:> to Peer_9:basic
Peer_6:basic INFO 2001.0000251881957: Received message <Pong:> from Peer_9:basic
Peer_6:basic INFO 2004.132529466134: Received message <Ping:> from Peer_4:basic
Peer_6:basic INFO 2004.132529466134: Sending message <Pong:> to Peer_4:basic
Peer_6:basic INFO 2004.4535511144798: Received message <Ping:> from Peer_8:basic
Peer_6:basic INFO 2004.4535511144798: Sending message <Pong:> to Peer_8:basic
Peer_6:basic INFO 2004.8263290334967: Received message <Ping:> from Peer_5:basic
Peer_6:basic INFO 2004.8263290334967: Sending message <Pong:> to Peer_5:basic
Peer_6:basic INFO 2013.3984047472723: Received message <Pong:> from Peer_8:basic
Peer_6:basic INFO 2013.9730543885162: Received message <Pong:> from Peer_5:basic
Peer_6:basic INFO 2015.4893121815232: Received message <Pong:> from Peer_4:basic
Peer_6:basic WARNING 2500: Too many peers connected (4, 3)
Peer_6:basic WARNING 3000: Too many peers connected (4, 3)
Peer_6:basic INFO 3000: Sending message <Ping:> to Peer_9:basic
Peer_6:basic INFO 3000: Sending message <Ping:> to Peer_5:basic
Peer_6:basic INFO 3000: Sending message <Ping:> to Peer_4:basic
Peer_6:basic INFO 3000: Sending message <Ping:> to Peer_8:basic
Peer_6:basic INFO 3000.500007362571: Received message <Ping:> from Peer_9:basic
Peer_6:basic INFO 3000.500007362571: Sending message <Pong:> to Peer_9:basic
Peer_6:basic INFO 3001.000025188196: Received message <Pong:> from Peer_9:basic
Peer_6:basic INFO 3004.2630565336494: Received message <Ping:> from Peer_4:basic
Peer_6:basic INFO 3004.2630565336494: Sending message <Pong:> to Peer_4:basic
Peer_6:basic INFO 3004.9972066958617: Received message <Ping:> from Peer_8:basic
Peer_6:basic INFO 3004.9972066958617: Sending message <Pong:> to Peer_8:basic
Peer_6:basic INFO 3005.3869775426024: Received message <Ping:> from Peer_5:basic
Peer_6:basic INFO 3005.3869775426024: Sending message <Pong:> to Peer_5:basic
Peer_6:basic INFO 3014.9165914898913: Received message <Pong:> from Peer_5:basic
Peer_6:basic INFO 3015.0680963196455: Received message <Pong:> from Peer_4:basic
Peer_6:basic INFO 3015.551166012718: Received message <Pong:> from Peer_8:basic
Peer_6:basic WARNING 3500: Breaking connection with Peer_4:basic
Peer_6:basic WARNING 3500: Breaking connection with Peer_8:basic
Peer_6:basic INFO 4000: Sending message <Ping:> to Peer_9:basic
Peer_6:basic INFO 4000: Sending message <Ping:> to Peer_5:basic
Peer_6:basic INFO 4000.500007362571: Received message <Ping:> from Peer_9:basic
Peer_6:basic INFO 4000.500007362571: Sending message <Pong:> to Peer_9:basic
Peer_6:basic INFO 4001.0000147963437: Received message <Pong:> from Peer_9:basic
Peer_6:basic INFO 4004.6947153844308: Received message <Ping:> from Peer_5:basic
Peer_6:basic INFO 4004.6947153844308: Sending message <Pong:> to Peer_5:basic
Peer_6:basic INFO 4015.7442356013075: Received message <Pong:> from Peer_5:basic
Peer_6:basic INFO 5000: Sending message <Ping:> to Peer_9:basic
Peer_6:basic INFO 5000: Sending message <Ping:> to Peer_5:basic
Peer_6:basic INFO 5000.500007362571: Received message <Ping:> from Peer_9:basic
Peer_6:basic INFO 5000.500007362571: Sending message <Pong:> to Peer_9:basic
Peer_6:basic INFO 5001.000014796343: Received message <Pong:> from Peer_9:basic
Peer_6:basic INFO 5004.905031531615: Received message <Ping:> from Peer_5:basic
Peer_6:basic INFO 5004.905031531615: Sending message <Pong:> to Peer_5:basic
Peer_6:basic INFO 5014.740948161072: Received message <Pong:> from Peer_5:basic
Peer_6:basic INFO 6000: Sending message <Ping:> to Peer_9:basic
Peer_6:basic INFO 6000: Sending message <Ping:> to Peer_5:basic
Peer_6:basic INFO 6000.500007362571: Received message <Ping:> from Peer_9:basic
Peer_6:basic INFO 6000.500007362571: Sending message <Pong:> to Peer_9:basic
Peer_6:basic INFO 6001.000014796343: Received message <Pong:> from Peer_9:basic
Peer_6:basic INFO 6003.530841948205: Received message <Ping:> from Peer_5:basic
Peer_6:basic INFO 6003.530841948205: Sending message <Pong:> to Peer_5:basic
Peer_6:basic INFO 6016.452354508687: Received message <Pong:> from Peer_5:basic
Peer_6:basic INFO 7000: Sending message <Ping:> to Peer_9:basic
Peer_6:basic INFO 7000: Sending message <Ping:> to Peer_5:basic
Peer_6:basic INFO 7000.500007362571: Received message <Ping:> from Peer_9:basic
Peer_6:basic INFO 7000.500007362571: Sending message <Pong:> to Peer_9:basic
Peer_6:basic INFO 7001.000014796343: Received message <Pong:> from Peer_9:basic
Peer_6:basic INFO 7004.529244556206: Received message <Ping:> from Peer_5:basic
Peer_6:basic INFO 7004.529244556206: Sending message <Pong:> to Peer_5:basic
Peer_6:basic INFO 7015.682831720035: Received message <Pong:> from Peer_5:basic
Peer_6:basic INFO 8000: Sending message <Ping:> to Peer_9:basic
Peer_6:basic INFO 8000: Sending message <Ping:> to Peer_5:basic
Peer_6:basic INFO 8000.500007362571: Received message <Ping:> from Peer_9:basic
Peer_6:basic INFO 8000.500007362571: Sending message <Pong:> to Peer_9:basic
Peer_6:basic INFO 8001.000014796343: Received message <Pong:> from Peer_9:basic
Peer_6:basic INFO 8006.307813850711: Received message <Ping:> from Peer_5:basic
Peer_6:basic INFO 8006.307813850711: Sending message <Pong:> to Peer_5:basic
Peer_6:basic INFO 8014.405854132307: Received message <Pong:> from Peer_5:basic
Peer_6:basic INFO 9000: Sending message <Ping:> to Peer_9:basic
Peer_6:basic INFO 9000: Sending message <Ping:> to Peer_5:basic
Peer_6:basic INFO 9000.50000736257: Received message <Ping:> from Peer_9:basic
Peer_6:basic INFO 9000.50000736257: Sending message <Pong:> to Peer_9:basic
Peer_6:basic INFO 9001.000014796342: Received message <Pong:> from Peer_9:basic
Peer_6:basic INFO 9005.060701496777: Received message <Ping:> from Peer_5:basic
Peer_6:basic INFO 9005.060701496777: Sending message <Pong:> to Peer_5:basic
Peer_6:basic INFO 9015.200890474089: Received message <Pong:> from Peer_5:basic
Peer_6:basic INFO 10000: Sending message <Ping:> to Peer_9:basic
Peer_6:basic INFO 10000: Sending message <Ping:> to Peer_5:basic
Peer_6:basic INFO 10000.50000736257: Received message <Ping:> from Peer_9:basic
Peer_6:basic INFO 10000.50000736257: Sending message <Pong:> to Peer_9:basic
Peer_6:basic INFO 10001.000014796342: Received message <Pong:> from Peer_9:basic
Peer_6:basic INFO 10004.788814214982: Received message <Ping:> from Peer_5:basic
Peer_6:basic INFO 10004.788814214982: Sending message <Pong:> to Peer_5:basic
Peer_6:basic INFO 10015.088936184568: Received message <Pong:> from Peer_5:basic
Peer_6:basic INFO 11000: Sending message <Ping:> to Peer_9:basic
Peer_6:basic INFO 11000: Sending message <Ping:> to Peer_5:basic
Peer_6:basic INFO 11000.50000736257: Received message <Ping:> from Peer_9:basic
Peer_6:basic INFO 11000.50000736257: Sending message <Pong:> to Peer_9:basic
Peer_6:basic INFO 11001.000014796342: Received message <Pong:> from Peer_9:basic
Peer_6:basic INFO 11006.95267369502: Received message <Ping:> from Peer_5:basic
Peer_6:basic INFO 11006.95267369502: Sending message <Pong:> to Peer_5:basic
Peer_6:basic INFO 11015.259017997829: Received message <Pong:> from Peer_5:basic
Peer_6:basic INFO 12000: Sending message <Ping:> to Peer_9:basic
Peer_6:basic INFO 12000: Sending message <Ping:> to Peer_5:basic
Peer_6:basic INFO 12000.50000736257: Received message <Ping:> from Peer_9:basic
Peer_6:basic INFO 12000.50000736257: Sending message <Pong:> to Peer_9:basic
Peer_6:basic INFO 12001.000014796342: Received message <Pong:> from Peer_9:basic
Peer_6:basic INFO 12003.269284868324: Received message <Ping:> from Peer_5:basic
Peer_6:basic INFO 12003.269284868324: Sending message <Pong:> to Peer_5:basic
Peer_6:basic INFO 12015.271450639028: Received message <Pong:> from Peer_5:basic
Peer_6:basic INFO 13000: Sending message <Ping:> to Peer_9:basic
Peer_6:basic INFO 13000: Sending message <Ping:> to Peer_5:basic
Peer_6:basic INFO 13000.50000736257: Received message <Ping:> from Peer_9:basic
Peer_6:basic INFO 13000.50000736257: Sending message <Pong:> to Peer_9:basic
Peer_6:basic INFO 13001.000014796342: Received message <Pong:> from Peer_9:basic
Peer_6:basic INFO 13005.697922845407: Received message <Ping:> from Peer_5:basic
Peer_6:basic INFO 13005.697922845407: Sending message <Pong:> to Peer_5:basic
Peer_6:basic INFO 13012.416844641433: Received message <Pong:> from Peer_5:basic
Peer_6:basic INFO 14000: Sending message <Ping:> to Peer_9:basic
Peer_6:basic INFO 14000: Sending message <Ping:> to Peer_5:basic
Peer_6:basic INFO 14000.50000736257: Received message <Ping:> from Peer_9:basic
Peer_6:basic INFO 14000.50000736257: Sending message <Pong:> to Peer_9:basic
Peer_6:basic INFO 14001.000014796342: Received message <Pong:> from Peer_9:basic
Peer_6:basic INFO 14004.559413837454: Received message <Ping:> from Peer_5:basic
Peer_6:basic INFO 14004.559413837454: Sending message <Pong:> to Peer_5:basic
Peer_6:basic INFO 14015.871671305486: Received message <Pong:> from Peer_5:basic
