Peer_8:basic WARNING 0: Not enough peers, fetching more (0, 1)
Peer_8:basic INFO 0.12646619252475017: Received message <Hello:> from Peer_7:basic
Peer_8:basic INFO 0.12646619252475017: Connecting to Peer_7:basic
Peer_8:basic INFO 0.12646619252475017: Sending message <Hello:> to Peer_7:basic
Peer_8:basic INFO 0.12646619252475017: Sending message <RequestPeers:> to Peer_7:basic
Peer_8:basic INFO 0.5380935136604925: Connecting to Peer_4:basic
Peer_8:basic INFO 0.8626388974503272: Received message <Hello:> from Peer_4:basic
Peer_8:basic INFO 1.3127589277903184: Received message <Hello:> from Peer_4:basic
Peer_8:basic INFO 2.1713212548068506: Received message <RequestPeers:> from Peer_4:basic
Peer_8:basic INFO 2.1713212548068506: Sending message <PeerList> to Peer_4:basic
Peer_8:basic INFO 3.181301706636055: Received message <PeerList> from Peer_7:basic
Peer_8:basic INFO 4.294687552733152: Connecting to Peer_2:basic
Peer_8:basic INFO 5.642124288453806: Connecting to Peer_6:basic
Peer_8:basic INFO 6.035922886984548: Connecting to Peer_1:basic
Peer_8:basic INFO 10.00000724882391: Received message <Hello:> from Peer_2:basic
Peer_8:basic INFO 10.000011085701646: Received message <Hello:> from Peer_6:basic
Peer_8:basic INFO 10.000014922579382: Received message <Hello:> from Peer_1:basic
Peer_8:basic INFO 14.294694801557062: Received message <Hello:> from Peer_2:basic
Peer_8:basic INFO 14.294698638434799: Received message <RequestPeers:> from Peer_2:basic
Peer_8:basic INFO 14.294698638434799: Sending message <PeerList> to Peer_2:basic
Peer_8:basic INFO 15.642131907067352: Received message <Hello:> from Peer_6:basic
Peer_8:basic INFO 15.642135743945088: Received message <RequestPeers:> from Peer_6:basic
Peer_8:basic INFO 15.642135743945088: Sending message <PeerList> to Peer_6:basic
Peer_8:basic INFO 16.03593108166488: Received message <Hello:> from Peer_1:basic
Peer_8:basic INFO 16.03593491854262: Received message <RequestPeers:> from Peer_1:basic
Peer_8:basic INFO 16.03593491854262: Sending message <PeerList> to Peer_1:basic
Peer_8:basic WARNING 500: Too many peers connected (5, 3)
Peer_8:basic WARNING 1000: Too many peers connected (5, 3)
Peer_8:basic INFO 1000: Sending message <Ping:> to Peer_7:basic
Peer_8:basic INFO 1000: Sending message <Ping:> to Peer_4:basic
Peer_8:basic INFO 1000: Sending message <Ping:> to Peer_2:basic
Peer_8:basic INFO 1000: Sending message <Ping:> to Peer_6:basic
Peer_8:basic INFO 1000: Sending message <Ping:> to Peer_1:basic
Peer_8:basic INFO 1000.9189570323176: Received message <Pong:> from Peer_7:basic
Peer_8:basic INFO 1001.2903547484401: Received message <Pong:> from Peer_4:basic
Peer_8:basic INFO 1001.3707780097084: Received message <Ping:> from Peer_7:basic
Peer_8:basic INFO 1001.3707780097084: Sending message <Pong:> to Peer_7:basic
Peer_8:basic INFO 1001.8249063703835: Received message <Ping:> from Peer_4:basic
Peer_8:basic INFO 1001.8249063703835: Sending message <Pong:> to Peer_4:basic
Peer_8:basic INFO 1010.0000072488239: Received message <Ping:> from Peer_2:basic
Peer_8:basic INFO 1010.0000072488239: Sending message <Pong:> to Peer_2:basic
Peer_8:basic INFO 1010.0000110857015: Received message <Ping:> from Peer_6:basic
Peer_8:basic INFO 1010.0000110857015: Sending message <Pong:> to Peer_6:basic
Peer_8:basic INFO 1010.0000149225792: Received message <Ping:> from Peer_1:basic
Peer_8:basic INFO 1010.0000149225792: Sending message <Pong:> to Peer_1:basic
Peer_8:basic INFO 1015.0123177717181: Received message <Pong:> from Peer_1:basic
Peer_8:basic INFO 1015.1878238230486: Received message <Pong:> from Peer_6:basic
Peer_8:basic INFO 1017.1497899320415: Received message <Pong:> from Peer_2:basic
Peer_8:basic WARNING 1500: Too many peers connected (5, 3)
Peer_8:basic WARNING 2000: Too many peers connected (5, 3)
Peer_8:basic INFO 2000: Sending message <Ping:> to Peer_7:basic
Peer_8:basic INFO 2000: Sending message <Ping:> to Peer_4:basic
Peer_8:basic INFO 2000: Sending message <Ping:> to Peer_2:basic
Peer_8:basic INFO 2000: Sending message <Ping:> to Peer_6:basic
Peer_8:basic INFO 2000: Sending message <Ping:> to Peer_1:basic
Peer_8:basic INFO 2000.7724341240607: Received message <Ping:> from Peer_4:basic
Peer_8:basic INFO 2000.7724341240607: Sending message <Pong:> to Peer_4:basic
Peer_8:basic INFO 2001.0971430705563: Received message <Pong:> from Peer_7:basic
Peer_8:basic INFO 2001.5782830240194: Received message <Ping:> from Peer_7:basic
Peer_8:basic INFO 2001.5782830240194: Sending message <Pong:> to Peer_7:basic
Peer_8:basic INFO 2002.4754159702322: Received message <Pong:> from Peer_4:basic
Peer_8:basic INFO 2010.000007248824: Received message <Ping:> from Peer_2:basic
Peer_8:basic INFO 2010.000007248824: Sending message <Pong:> to Peer_2:basic
Peer_8:basic INFO 2010.0000110857018: Received message <Ping:> from Peer_6:basic
Peer_8:basic INFO 2010.0000110857018: Sending message <Pong:> to Peer_6:basic
Peer_8:basic INFO 2010.0000149225796: Received message <Ping:> from Peer_1:basic
Peer_8:basic INFO 2010.0000149225796: Sending message <Pong:> to Peer_1:basic
Peer_8:basic INFO 2013.470353926495: Received message <Pong:> from Peer_2:basic
Peer_8:basic INFO 2014.2377367224408: Received message <Pong:> from Peer_1:basic
Peer_8:basic INFO 2014.4535587330934: Received message <Pong:> from Peer_6:basic
Peer_8:basic WARNING 2500: Too many peers connected (5, 3)
Peer_8:basic WARNING 3000: Too many peers connected (5, 3)
Peer_8:basic INFO 3000: Sending message <Ping:> to Peer_7:basic
Peer_8:basic INFO 3000: Sending message <Ping:> to Peer_4:basic
Peer_8:basic INFO 3000: Sending message <Ping:> to Peer_2:basic
Peer_8:basic INFO 3000: Sending message <Ping:> to Peer_6:basic
Peer_8:basic INFO 3000: Sending message <Ping:> to Peer_1:basic
Peer_8:basic INFO 3000.2345202199986: Received message <Ping:> from Peer_4:basic
Peer_8:basic INFO 3000.2345202199986: Sending message <Pong:> to Peer_4:basic
Peer_8:basic INFO 3000.4249901334338: Received message <Ping:> from Peer_7:basic
Peer_8:basic INFO 3000.4249901334338: Sending message <Pong:> to Peer_7:basic
Peer_8:basic INFO 3002.0179585722394: Received message <Pong:> from Peer_7:basic
Peer_8:basic INFO 3002.151418140132: Received message <Pong:> from Peer_4:basic
Peer_8:basic INFO 3010.0000072488237: Received message <Ping:> from Peer_2:basic
Peer_8:basic INFO 3010.0000072488237: Sending message <Pong:> to Peer_2:basic
Peer_8:basic INFO 3010.0000110857013: Received message <Ping:> from Peer_6:basic
Peer_8:basic INFO 3010.0000110857013: Sending message <Pong:> to Peer_6:basic
Peer_8:basic INFO 3010.000014922579: Received message <Ping:> from Peer_1:basic
Peer_8:basic INFO 3010.000014922579: Sending message <Pong:> to Peer_1:basic
Peer_8:basic INFO 3014.997214314475: Received message <Pong:> from Peer_6:basic
Peer_8:basic INFO 3015.752217873099: Received message <Pong:> from Peer_2:basic
Peer_8:basic INFO 3016.6294261871776: Received message <Pong:> from Peer_1:basic
Peer_8:basic WARNING 3500: Breaking connection with Peer_2:basic
Peer_8:basic WARNING 3500: Too many peers connected (4, 3)
Peer_8:basic WARNING 3500: Peer_6:basic too slow
Peer_8:basic WARNING 3500: Breaking connection with Peer_6:basic
Peer_8:basic INFO 4000: Sending message <Ping:> to Peer_7:basic
Peer_8:basic INFO 4000: Sending message <Ping:> to Peer_4:basic
Peer_8:basic INFO 4000: Sending message <Ping:> to Peer_1:basic
Peer_8:basic INFO 4000.4767575679016: Received message <Ping:> from Peer_4:basic
Peer_8:basic INFO 4000.4767575679016: Sending message <Pong:> to Peer_4:basic
Peer_8:basic INFO 4000.553086121604: Received message <Ping:> from Peer_7:basic
Peer_8:basic INFO 4000.553086121604: Sending message <Pong:> to Peer_7:basic
Peer_8:basic INFO 4002.09745289791: Received message <Pong:> from Peer_7:basic
Peer_8:basic INFO 4003.118441480375: Received message <Pong:> from Peer_4:basic
Peer_8:basic INFO 4010.00000819468: Received message <Ping:> from Peer_1:basic
Peer_8:basic INFO 4010.00000819468: Sending message <Pong:> to Peer_1:basic
Peer_8:basic INFO 4013.7582322386684: Received message <Pong:> from Peer_1:basic
Peer_8:basic INFO 5000: Sending message <Ping:> to Peer_7:basic
Peer_8:basic INFO 5000: Sending message <Ping:> to Peer_4:basic
Peer_8:basic INFO 5000: Sending message <Ping:> to Peer_1:basic
Peer_8:basic INFO 5001.057780751347: Received message <Ping:> from Peer_4:basic
Peer_8:basic INFO 5001.057780751347: Sending message <Pong:> to Peer_4:basic
Peer_8:basic INFO 5001.135955935966: Received message <Pong:> from Peer_7:basic
Peer_8:basic INFO 5001.406506457211: Received message <Ping:> from Peer_7:basic
Peer_8:basic INFO 5001.406506457211: Sending message <Pong:> to Peer_7:basic
Peer_8:basic INFO 5002.053605495342: Received message <Pong:> from Peer_4:basic
Peer_8:basic INFO 5010.000008194681: Received message <Ping:> from Peer_1:basic
Peer_8:basic INFO 5010.000008194681: Sending message <Pong:> to Peer_1:basic
Peer_8:basic INFO 5014.748400928644: Received message <Pong:> from Peer_1:basic
Peer_8:basic INFO 6000: Sending message <Ping:> to Peer_7:basic
Peer_8:basic INFO 6000: Sending message <Ping:> to Peer_4:basic
Peer_8:basic INFO 6000: Sending message <Ping:> to Peer_1:basic
Peer_8:basic INFO 6001.105498577487: Received message <Ping:> from Peer_7:basic
Peer_8:basic INFO 6001.105498577487: Sending message <Pong:> to Peer_7:basic
Peer_8:basic INFO 6001.464104559872: Received message <Pong:> from Peer_4:basic
Peer_8:basic INFO 6002.01268758942: Received message <Pong:> from Peer_7:basic
Peer_8:basic INFO 6002.8111202329355: Received message <Ping:> from Peer_4:basic
Peer_8:basic INFO 6002.8111202329355: Sending message <Pong:> to Peer_4:basic
Peer_8:basic INFO 6010.000008194681: Received message <Ping:> from Peer_1:basic
Peer_8:basic INFO 6010.000008194681: Sending message <Pong:> to Peer_1:basic
Peer_8:basic INFO 6013.826392367046: Received message <Pong:> from Peer_1:basic
Peer_8:basic INFO 7000: Sending message <Ping:> to Peer_7:basic
Peer_8:basic INFO 7000: Sending message <Ping:> to Peer_4:basic
Peer_8:basic INFO 7000: Sending message <Ping:> to Peer_1:basic
Peer_8:basic INFO 7000.443371310526: Received message <Ping:> from Peer_7:basic
Peer_8:basic INFO 7000.443371310526: Sending message <Pong:> to Peer_7:basic
Peer_8:basic INFO 7001.717494919553: Received message <Ping:> from Peer_4:basic
Peer_8:basic INFO 7001.717494919553: Sending message <Pong:> to Peer_4:basic
Peer_8:basic INFO 7002.882655061243: Received message <Pong:> from Peer_7:basic
Peer_8:basic INFO 7003.934404298155: Received message <Pong:> from Peer_4:basic
Peer_8:basic INFO 7010.000008194681: Received message <Ping:> from Peer_1:basic
Peer_8:basic INFO 7010.000008194681: Sending message <Pong:> to Peer_1:basic
Peer_8:basic INFO 7013.607466595808: Received message <Pong:> from Peer_1:basic
Peer_8:basic INFO 8000: Sending message <Ping:> to Peer_7:basic
Peer_8:basic INFO 8000: Sending message <Ping:> to Peer_4:basic
Peer_8:basic INFO 8000: Sending message <Ping:> to Peer_1:basic
Peer_8:basic INFO 8000.488425602989: Received message <Ping:> from Peer_4:basic
Peer_8:basic INFO 8000.488425602989: Sending message <Pong:> to Peer_4:basic
Peer_8:basic INFO 8000.689648195193: Received message <Ping:> from Peer_7:basic
Peer_8:basic INFO 8000.689648195193: Sending message <Pong:> to Peer_7:basic
Peer_8:basic INFO 8001.480991634353: Received message <Pong:> from Peer_4:basic
Peer_8:basic INFO 8003.603577802479: Received message <Pong:> from Peer_7:basic
Peer_8:basic INFO 8010.000008194681: Received message <Ping:> from Peer_1:basic
Peer_8:basic INFO 8010.000008194681: Sending message <Pong:> to Peer_1:basic
Peer_8:basic INFO 8016.545392430731: Received message <Pong:> from Peer_1:basic
Peer_8:basic INFO 9000: Sending message <Ping:> to Peer_7:basic
Peer_8:basic INFO 9000: Sending message <Ping:> to Peer_4:basic
Peer_8:basic INFO 9000: Sending message <Ping:> to Peer_1:basic
Peer_8:basic INFO 9000.101296638311: Received message <Ping:> from Peer_7:basic
Peer_8:basic INFO 9000.101296638311: Sending message <Pong:> to Peer_7:basic
Peer_8:basic INFO 9000.198504463142: Received message <Ping:> from Peer_4:basic
Peer_8:basic INFO 9000.198504463142: Sending message <Pong:> to Peer_4:basic
Peer_8:basic INFO 9001.310991556576: Received message <Pong:> from Peer_7:basic
Peer_8:basic INFO 9002.390561934462: Received message <Pong:> from Peer_4:basic
Peer_8:basic INFO 9010.00000819468: Received message <Ping:> from Peer_1:basic
Peer_8:basic INFO 9010.00000819468: Sending message <Pong:> to Peer_1:basic
Peer_8:basic INFO 9014.334547377572: Received message <Pong:> from Peer_1:basic
Peer_8:basic INFO 10000: Sending message <Ping:> to Peer_7:basic
Peer_8:basic INFO 10000: Sending message <Ping:> to Peer_4:basic
Peer_8:basic INFO 10000: Sending message <Ping:> to Peer_1:basic
Peer_8:basic INFO 10001.502968012472: Received message <Ping:> from Peer_4:basic
Peer_8:basic INFO 10001.502968012472: Sending message <Pong:> to Peer_4:basic
Peer_8:basic INFO 10001.89605897025: Received message <Ping:> from Peer_7:basic
Peer_8:basic INFO 10001.89605897025: Sending message <Pong:> to Peer_7:basic
Peer_8:basic INFO 10002.37377875757: Received message <Pong:> from Peer_7:basic
Peer_8:basic INFO 10002.969471784669: Received message <Pong:> from Peer_4:basic
Peer_8:basic INFO 10010.00000819468: Received message <Ping:> from Peer_1:basic
Peer_8:basic INFO 10010.00000819468: Sending message <Pong:> to Peer_1:basic
Peer_8:basic INFO 10014.995943490807: Received message <Pong:> from Peer_1:basic
Peer_8:basic INFO 11000: Sending message <Ping:> to Peer_7:basic
Peer_8:basic INFO 11000: Sending message <Ping:> to Peer_4:basic
Peer_8:basic INFO 11000: Sending message <Ping:> to Peer_1:basic
Peer_8:basic INFO 11000.785676443707: Received message <Ping:> from Peer_7:basic
Peer_8:basic INFO 11000.785676443707: Sending message <Pong:> to Peer_7:basic
Peer_8:basic INFO 11000.865616743273: Received message <Ping:> from Peer_4:basic
Peer_8:basic INFO 11000.865616743273: Sending message <Pong:> to Peer_4:basic
Peer_8:basic INFO 11001.19729212931: Received message <Pong:> from Peer_7:basic
Peer_8:basic INFO 11002.162626616362: Received message <Pong:> from Peer_4:basic
Peer_8:basic INFO 11010.00000819468: Received message <Ping:> from Peer_1:basic
Peer_8:basic INFO 11010.00000819468: Sending message <Pong:> to Peer_1:basic
Peer_8:basic INFO 11016.01876692233: Received message <Pong:> from Peer_1:basic
Peer_8:basic INFO 12000: Sending message <Ping:> to Peer_7:basic
Peer_8:basic INFO 12000: Sending message <Ping:> to Peer_4:basic
Peer_8:basic INFO 12000: Sending message <Ping:> to Peer_1:basic
Peer_8:basic INFO 12000.299850167175: Received message <Ping:> from Peer_4:basic
Peer_8:basic INFO 12000.299850167175: Sending message <Pong:> to Peer_4:basic
Peer_8:basic INFO 12000.415095033299: Received message <Ping:> from Peer_7:basic
Peer_8:basic INFO 12000.415095033299: Sending message <Pong:> to Peer_7:basic
Peer_8:basic INFO 12001.10709018122: Received message <Pong:> from Peer_7:basic
Peer_8:basic INFO 12002.99794396024: Received message <Pong:> from Peer_4:basic
Peer_8:basic INFO 12010.00000819468: Received message <Ping:> from Peer_1:basic
Peer_8:basic INFO 12010.00000819468: Sending message <Pong:> to Peer_1:basic
Peer_8:basic INFO 12013.740243550628: Received message <Pong:> from Peer_1:basic
Peer_8:basic INFO 13000: Sending message <Ping:> to Peer_7:basic
Peer_8:basic INFO 13000: Sending message <Ping:> to Peer_4:basic
Peer_8:basic INFO 13000: Sending message <Ping:> to Peer_1:basic
Peer_8:basic INFO 13000.7642716402: Received message <Ping:> from Peer_7:basic
Peer_8:basic INFO 13000.7642716402: Sending message <Pong:> to Peer_7:basic
Peer_8:basic INFO 13001.101058989378: Received message <Ping:> from Peer_4:basic
Peer_8:basic INFO 13001.101058989378: Sending message <Pong:> to Peer_4:basic
Peer_8:basic INFO 13001.265383157433: Received message <Pong:> from Peer_4:basic
Peer_8:basic INFO 13002.292936647775: Received message <Pong:> from Peer_7:basic
Peer_8:basic INFO 13010.00000819468: Received message <Ping:> from Peer_1:basic
Peer_8:basic INFO 13010.00000819468: Sending message <Pong:> to Peer_1:basic
Peer_8:basic INFO 13016.1036671063: Received message <Pong:> from Peer_1:basic
Peer_8:basic INFO 14000: Sending message <Ping:> to Peer_7:basic
Peer_8:basic INFO 14000: Sending message <Ping:> to Peer_4:basic
Peer_8:basic INFO 14000: Sending message <Ping:> to Peer_1:basic
Peer_8:basic INFO 14000.238532111574: Received message <Ping:> from Peer_7:basic
Peer_8:basic INFO 14000.238532111574: Sending message <Pong:> to Peer_7:basic
Peer_8:basic INFO 14000.33267514496: Received message <Ping:> from Peer_4:basic
Peer_8:basic INFO 14000.33267514496: Sending message <Pong:> to Peer_4:basic
Peer_8:basic INFO 14000.862133110502: Received message <Pong:> from Peer_7:basic
Peer_8:basic INFO 14002.567602951633: Received message <Pong:> from Peer_4:basic
Peer_8:basic INFO 14010.00000819468: Received message <Ping:> from Peer_1:basic
Peer_8:basic INFO 14010.00000819468: Sending message <Pong:> to Peer_1:basic
Peer_8:basic INFO 14015.21394656023: Received message <Pong:> from Peer_1:basic
