Peer_4:basic WARNING 0: Not enough peers, fetching more (0, 1)
Peer_4:basic INFO 0.5380935136604925: Received message <Hello:> from Peer_8:basic
Peer_4:basic INFO 0.5380935136604925: Connecting to Peer_8:basic
Peer_4:basic INFO 0.5380935136604925: Sending message <Hello:> to Peer_8:basic
Peer_4:basic INFO 0.5380935136604925: Sending message <RequestPeers:> to Peer_8:basic
Peer_4:basic INFO 0.8836962122572587: Received message <Hello:> from Peer_7:basic
Peer_4:basic INFO 0.8836962122572587: Connecting to Peer_7:basic
Peer_4:basic INFO 0.8836962122572587: Sending message <Hello:> to Peer_7:basic
Peer_4:basic INFO 0.8836962122572587: Sending message <RequestPeers:> to Peer_7:basic
Peer_4:basic INFO 1.784668844086857: Received message <PeerList> from Peer_7:basic
Peer_4:basic INFO 4.101264418647538: Received message <PeerList> from Peer_8:basic
Peer_4:basic INFO 5.143081663748481: Connecting to Peer_6:basic
Peer_4:basic INFO 6.544461528699224: Connecting to Peer_2:basic
Peer_4:basic INFO 10.000006645654672: Received message <Hello:> from Peer_2:basic
Peer_4:basic INFO 10.000009879363171: Received message <Hello:> from Peer_6:basic
Peer_4:basic INFO 15.14308867919279: Received message <Hello:> from Peer_6:basic
Peer_4:basic INFO 15.143091912901289: Received message <RequestPeers:> from Peer_6:basic
Peer_4:basic INFO 15.143091912901289: Sending message <PeerList> to Peer_6:basic
Peer_4:basic INFO 16.544468174353895: Received message <Hello:> from Peer_2:basic
Peer_4:basic INFO 16.544471408062392: Received message <RequestPeers:> from Peer_2:basic
Peer_4:basic INFO 16.544471408062392: Sending message <PeerList> to Peer_2:basic
Peer_4:basic WARNING 500: Too many peers connected (4, 3)
Peer_4:basic WARNING 1000: Too many peers connected (4, 3)
Peer_4:basic INFO 1000: Sending message <Ping:> to Peer_8:basic
Peer_4:basic INFO 1000: Sending message <Ping:> to Peer_7:basic
Peer_4:basic INFO 1000: Sending message <Ping:> to Peer_6:basic
Peer_4:basic INFO 1000: Sending message <Ping:> to Peer_2:basic
Peer_4:basic INFO 1000.1698532052017: Received message <Ping:> from Peer_8:basic
Peer_4:basic INFO 1000.1698532052017: Sending message <Pong:> to Peer_8:basic
Peer_4:basic INFO 1001.2443558279718: Received message <Pong:> from Peer_7:basic
Peer_4:basic INFO 1001.778860392097: Received message <Ping:> from Peer_7:basic
Peer_4:basic INFO 1001.778860392097: Sending message <Pong:> to Peer_7:basic
Peer_4:basic INFO 1002.9713551825128: Received message <Pong:> from Peer_8:basic
Peer_4:basic INFO 1010.0000066456547: Received message <Ping:> from Peer_2:basic
Peer_4:basic INFO 1010.0000066456547: Sending message <Pong:> to Peer_2:basic
Peer_4:basic INFO 1010.0000098793632: Received message <Ping:> from Peer_6:basic
Peer_4:basic INFO 1010.0000098793632: Sending message <Pong:> to Peer_6:basic
Peer_4:basic INFO 1013.3256299151076: Received message <Pong:> from Peer_6:basic
Peer_4:basic INFO 1014.2786370456614: Received message <Pong:> from Peer_2:basic
Peer_4:basic WARNING 1500: Too many peers connected (4, 3)
Peer_4:basic WARNING 2000: Too many peers connected (4, 3)
Peer_4:basic INFO 2000: Sending message <Ping:> to Peer_8:basic
Peer_4:basic INFO 2000: Sending message <Ping:> to Peer_7:basic
Peer_4:basic INFO 2000: Sending message <Ping:> to Peer_6:basic
Peer_4:basic INFO 2000: Sending message <Ping:> to Peer_2:basic
Peer_4:basic INFO 2000.9737119635795: Received message <Ping:> from Peer_7:basic
Peer_4:basic INFO 2000.9737119635795: Sending message <Pong:> to Peer_7:basic
Peer_4:basic INFO 2001.0017308815811: Received message <Ping:> from Peer_8:basic
Peer_4:basic INFO 2001.0017308815811: Sending message <Pong:> to Peer_8:basic
Peer_4:basic INFO 2001.119984532157: Received message <Pong:> from Peer_8:basic
Peer_4:basic INFO 2001.3319510311655: Received message <Pong:> from Peer_7:basic
Peer_4:basic INFO 2010.0000066456546: Received message <Ping:> from Peer_2:basic
Peer_4:basic INFO 2010.0000066456546: Sending message <Pong:> to Peer_2:basic
Peer_4:basic INFO 2010.000009879363: Received message <Ping:> from Peer_6:basic
Peer_4:basic INFO 2010.000009879363: Sending message <Pong:> to Peer_6:basic
Peer_4:basic INFO 2014.1325364815782: Received message <Pong:> from Peer_6:basic
Peer_4:basic INFO 2014.857160862795: Received message <Pong:> from Peer_2:basic
Peer_4:basic WARNING 2500: Too many peers connected (4, 3)
Peer_4:basic WARNING 3000: Too many peers connected (4, 3)
Peer_4:basic INFO 3000: Sending message <Ping:> to Peer_8:basic
Peer_4:basic INFO 3000: Sending message <Ping:> to Peer_7:basic
Peer_4:basic INFO 3000: Sending message <Ping:> to Peer_6:basic
Peer_4:basic INFO 3000: Sending message <Ping:> to Peer_2:basic
Peer_4:basic INFO 3000.3379139248623: Received message <Ping:> from Peer_7:basic
Peer_4:basic INFO 3000.3379139248623: Sending message <Pong:> to Peer_7:basic
Peer_4:basic INFO 3000.6450513960294: Received message <Ping:> from Peer_8:basic
Peer_4:basic INFO 3000.6450513960294: Sending message <Pong:> to Peer_8:basic
Peer_4:basic INFO 3002.364598422072: Received message <Pong:> from Peer_8:basic
Peer_4:basic INFO 3002.9690712205165: Received message <Pong:> from Peer_7:basic
Peer_4:basic INFO 3010.0000066456546: Received message <Ping:> from Peer_2:basic
Peer_4:basic INFO 3010.0000066456546: Sending message <Pong:> to Peer_2:basic
Peer_4:basic INFO 3010.000009879363: Received message <Ping:> from Peer_6:basic
Peer_4:basic INFO 3010.000009879363: Sending message <Pong:> to Peer_6:basic
Peer_4:basic INFO 3014.2630635490937: Received message <Pong:> from Peer_6:basic
Peer_4:basic INFO 3015.4065517302224: Received message <Pong:> from Peer_2:basic
Peer_4:basic WARNING 3500: Too many peers connected (4, 3)
Peer_4:basic WARNING 3500: Peer_6:basic too slow
Peer_4:basic WARNING 3500: Breaking connection with Peer_6:basic
Peer_4:basic INFO 4000: Sending message <Ping:> to Peer_8:basic
Peer_4:basic INFO 4000: Sending message <Ping:> to Peer_7:basic
Peer_4:basic INFO 4000: Sending message <Ping:> to Peer_2:basic
Peer_4:basic INFO 4000.674275634209: Received message <Ping:> from Peer_7:basic
Peer_4:basic INFO 4000.674275634209: Sending message <Pong:> to Peer_7:basic
Peer_4:basic INFO 4000.8516876482204: Received message <Pong:> from Peer_8:basic
Peer_4:basic INFO 4001.2013041444684: Received message <Pong:> from Peer_7:basic
Peer_4:basic INFO 4002.5933595484166: Received message <Ping:> from Peer_8:basic
Peer_4:basic INFO 4002.5933595484166: Sending message <Pong:> to Peer_8:basic
Peer_4:basic INFO 4010.0000066456546: Received message <Ping:> from Peer_2:basic
Peer_4:basic INFO 4010.0000066456546: Sending message <Pong:> to Peer_2:basic
Peer_4:basic INFO 4013.3558206237108: Received message <Pong:> from Peer_2:basic
Peer_4:basic INFO 5000: Sending message <Ping:> to Peer_8:basic
Peer_4:basic INFO 5000: Sending message <Ping:> to Peer_7:basic
Peer_4:basic INFO 5000: Sending message <Ping:> to Peer_2:basic
Peer_4:basic INFO 5000.599930035341: Received message <Ping:> from Peer_8:basic
Peer_4:basic INFO 5000.599930035341: Sending message <Pong:> to Peer_8:basic
Peer_4:basic INFO 5001.400940673945: Received message <Ping:> from Peer_7:basic
Peer_4:basic INFO 5001.400940673945: Sending message <Pong:> to Peer_7:basic
Peer_4:basic INFO 5001.463387829693: Received message <Pong:> from Peer_7:basic
Peer_4:basic INFO 5003.221785006712: Received message <Pong:> from Peer_8:basic
Peer_4:basic INFO 5010.000006645654: Received message <Ping:> from Peer_2:basic
Peer_4:basic INFO 5010.000006645654: Sending message <Pong:> to Peer_2:basic
Peer_4:basic INFO 5015.325124850117: Received message <Pong:> from Peer_2:basic
Peer_4:basic INFO 6000: Sending message <Ping:> to Peer_8:basic
Peer_4:basic INFO 6000: Sending message <Ping:> to Peer_7:basic
Peer_4:basic INFO 6000: Sending message <Ping:> to Peer_2:basic
Peer_4:basic INFO 6000.764179740356: Received message <Ping:> from Peer_7:basic
Peer_4:basic INFO 6000.764179740356: Sending message <Pong:> to Peer_7:basic
Peer_4:basic INFO 6000.977583438644: Received message <Ping:> from Peer_8:basic
Peer_4:basic INFO 6000.977583438644: Sending message <Pong:> to Peer_8:basic
Peer_4:basic INFO 6001.188181114666: Received message <Pong:> from Peer_7:basic
Peer_4:basic INFO 6005.707317858869: Received message <Pong:> from Peer_8:basic
Peer_4:basic INFO 6010.000006645654: Received message <Ping:> from Peer_2:basic
Peer_4:basic INFO 6010.000006645654: Sending message <Pong:> to Peer_2:basic
Peer_4:basic INFO 6017.069590697403: Received message <Pong:> from Peer_2:basic
Peer_4:basic INFO 7000: Sending message <Ping:> to Peer_8:basic
Peer_4:basic INFO 7000: Sending message <Ping:> to Peer_7:basic
Peer_4:basic INFO 7000: Sending message <Ping:> to Peer_2:basic
Peer_4:basic INFO 7000.414763380869: Received message <Ping:> from Peer_8:basic
Peer_4:basic INFO 7000.414763380869: Sending message <Pong:> to Peer_8:basic
Peer_4:basic INFO 7001.337365873505: Received message <Pong:> from Peer_7:basic
Peer_4:basic INFO 7001.390011420275: Received message <Ping:> from Peer_7:basic
Peer_4:basic INFO 7001.390011420275: Sending message <Pong:> to Peer_7:basic
Peer_4:basic INFO 7002.861063052352: Received message <Pong:> from Peer_8:basic
Peer_4:basic INFO 7010.000006645654: Received message <Ping:> from Peer_2:basic
Peer_4:basic INFO 7010.000006645654: Sending message <Pong:> to Peer_2:basic
Peer_4:basic INFO 7013.921552295191: Received message <Pong:> from Peer_2:basic
Peer_4:basic INFO 8000: Sending message <Ping:> to Peer_8:basic
Peer_4:basic INFO 8000: Sending message <Ping:> to Peer_7:basic
Peer_4:basic INFO 8000: Sending message <Ping:> to Peer_2:basic
Peer_4:basic INFO 8000.545620050565: Received message <Pong:> from Peer_8:basic
Peer_4:basic INFO 8000.67046018275: Received message <Ping:> from Peer_7:basic
Peer_4:basic INFO 8000.67046018275: Sending message <Pong:> to Peer_7:basic
Peer_4:basic INFO 8000.717360440264: Received message <Ping:> from Peer_8:basic
Peer_4:basic INFO 8000.717360440264: Sending message <Pong:> to Peer_8:basic
Peer_4:basic INFO 8000.722857140385: Received message <Pong:> from Peer_7:basic
Peer_4:basic INFO 8010.000006645654: Received message <Ping:> from Peer_2:basic
Peer_4:basic INFO 8010.000006645654: Sending message <Pong:> to Peer_2:basic
Peer_4:basic INFO 8015.3350186993675: Received message <Pong:> from Peer_2:basic
Peer_4:basic INFO 9000: Sending message <Ping:> to Peer_8:basic
Peer_4:basic INFO 9000: Sending message <Ping:> to Peer_7:basic
Peer_4:basic INFO 9000: Sending message <Ping:> to Peer_2:basic
Peer_4:basic INFO 9000.134504022102: Received message <Ping:> from Peer_7:basic
Peer_4:basic INFO 9000.134504022102: Sending message <Pong:> to Peer_7:basic
Peer_4:basic INFO 9000.959317555205: Received message <Pong:> from Peer_8:basic
Peer_4:basic INFO 9001.127456566584: Received message <Ping:> from Peer_8:basic
Peer_4:basic INFO 9001.127456566584: Sending message <Pong:> to Peer_8:basic
Peer_4:basic INFO 9001.777841983365: Received message <Pong:> from Peer_7:basic
Peer_4:basic INFO 9010.000006645654: Received message <Ping:> from Peer_2:basic
Peer_4:basic INFO 9010.000006645654: Sending message <Pong:> to Peer_2:basic
Peer_4:basic INFO 9014.969535740898: Received message <Pong:> from Peer_2:basic
Peer_4:basic INFO 10000: Sending message <Ping:> to Peer_8:basic
Peer_4:basic INFO 10000: Sending message <Ping:> to Peer_7:basic
Peer_4:basic INFO 10000: Sending message <Ping:> to Peer_2:basic
Peer_4:basic INFO 10001.245535187707: Received message <Ping:> from Peer_7:basic
Peer_4:basic INFO 10001.245535187707: Sending message <Pong:> to Peer_7:basic
Peer_4:basic INFO 10001.279635533827: Received message <Pong:> from Peer_7:basic
Peer_4:basic INFO 10002.624640455526: Received message <Ping:> from Peer_8:basic
Peer_4:basic INFO 10002.624640455526: Sending message <Pong:> to Peer_8:basic
Peer_4:basic INFO 10003.412030061656: Received message <Pong:> from Peer_8:basic
Peer_4:basic INFO 10010.000006645654: Received message <Ping:> from Peer_2:basic
Peer_4:basic INFO 10010.000006645654: Sending message <Pong:> to Peer_2:basic
Peer_4:basic INFO 10015.48020945317: Received message <Pong:> from Peer_2:basic
Peer_4:basic INFO 11000: Sending message <Ping:> to Peer_8:basic
Peer_4:basic INFO 11000: Sending message <Ping:> to Peer_7:basic
Peer_4:basic INFO 11000: Sending message <Ping:> to Peer_2:basic
Peer_4:basic INFO 11001.761171183376: Received message <Ping:> from Peer_8:basic
Peer_4:basic INFO 11001.761171183376: Sending message <Pong:> to Peer_8:basic
Peer_4:basic INFO 11002.161603537334: Received message <Pong:> from Peer_7:basic
Peer_4:basic INFO 11002.403131848758: Received message <Pong:> from Peer_8:basic
Peer_4:basic INFO 11002.66007312328: Received message <Ping:> from Peer_7:basic
Peer_4:basic INFO 11002.66007312328: Sending message <Pong:> to Peer_7:basic
Peer_4:basic INFO 11010.000006645654: Received message <Ping:> from Peer_2:basic
Peer_4:basic INFO 11010.000006645654: Sending message <Pong:> to Peer_2:basic
Peer_4:basic INFO 11013.843046196338: Received message <Pong:> from Peer_2:basic
Peer_4:basic INFO 12000: Sending message <Ping:> to Peer_8:basic
Peer_4:basic INFO 12000: Sending message <Ping:> to Peer_7:basic
Peer_4:basic INFO 12000: Sending message <Ping:> to Peer_2:basic
Peer_4:basic INFO 12000.675957773476: Received message <Ping:> from Peer_7:basic
Peer_4:basic INFO 12000.675957773476: Sending message <Pong:> to Peer_7:basic
Peer_4:basic INFO 12000.816325445248: Received message <Pong:> from Peer_8:basic
Peer_4:basic INFO 12001.813843771195: Received message <Pong:> from Peer_7:basic
Peer_4:basic INFO 12002.889438044567: Received message <Ping:> from Peer_8:basic
Peer_4:basic INFO 12002.889438044567: Sending message <Pong:> to Peer_8:basic
Peer_4:basic INFO 12010.000006645654: Received message <Ping:> from Peer_2:basic
Peer_4:basic INFO 12010.000006645654: Sending message <Pong:> to Peer_2:basic
Peer_4:basic INFO 12013.657103023554: Received message <Pong:> from Peer_2:basic
Peer_4:basic INFO 13000: Sending message <Ping:> to Peer_8:basic
Peer_4:basic INFO 13000: Sending message <Ping:> to Peer_7:basic
Peer_4:basic INFO 13000: Sending message <Ping:> to Peer_2:basic
Peer_4:basic INFO 13000.54400037392: Received message <Ping:> from Peer_8:basic
Peer_4:basic INFO 13000.54400037392: Sending message <Pong:> to Peer_8:basic
Peer_4:basic INFO 13001.090614133966: Received message <Pong:> from Peer_7:basic
Peer_4:basic INFO 13001.198580923503: Received message <Pong:> from Peer_8:basic
Peer_4:basic INFO 13001.324243654293: Received message <Ping:> from Peer_7:basic
Peer_4:basic INFO 13001.324243654293: Sending message <Pong:> to Peer_7:basic
Peer_4:basic INFO 13010.000006645654: Received message <Ping:> from Peer_2:basic
Peer_4:basic INFO 13010.000006645654: Sending message <Pong:> to Peer_2:basic
Peer_4:basic INFO 13014.50857384549: Received message <Pong:> from Peer_2:basic
Peer_4:basic INFO 14000: Sending message <Ping:> to Peer_8:basic
Peer_4:basic INFO 14000: Sending message <Ping:> to Peer_7:basic
Peer_4:basic INFO 14000: Sending message <Ping:> to Peer_2:basic
Peer_4:basic INFO 14001.036347677635: Received message <Ping:> from Peer_7:basic
Peer_4:basic INFO 14001.036347677635: Sending message <Pong:> to Peer_7:basic
Peer_4:basic INFO 14001.646932079218: Received message <Pong:> from Peer_8:basic
Peer_4:basic INFO 14001.91583081483: Received message <Ping:> from Peer_8:basic
Peer_4:basic INFO 14001.91583081483: Sending message <Pong:> to Peer_8:basic
Peer_4:basic INFO 14002.247681569064: Received message <Pong:> from Peer_7:basic
Peer_4:basic INFO 14010.000006645654: Received message <Ping:> from Peer_2:basic
Peer_4:basic INFO 14010.000006645654: Sending message <Pong:> to Peer_2:basic
Peer_4:basic INFO 14016.790443265027: Received message <Pong:> from Peer_2:basic
