Peer_5:basic WARNING 0: Not enough peers, fetching more (0, 1)
Peer_5:basic INFO 4.202886931483315: Connecting to Peer_3:basic
Peer_5:basic INFO 4.5609400045170885: Connecting to Peer_6:basic
Peer_5:basic INFO 10.000006790814844: Received message <Hello:> from Peer_3:basic
Peer_5:basic INFO 10.000010364152123: Received message <Hello:> from Peer_6:basic
Peer_5:basic INFO 14.202893722298159: Received message <Hello:> from Peer_3:basic
Peer_5:basic INFO 14.202897295635438: Received message <RequestPeers:> from Peer_3:basic
Peer_5:basic INFO 14.202897295635438: Sending message <PeerList> to Peer_3:basic
Peer_5:basic INFO 14.560947359590179: Received message <Hello:> from Peer_6:basic
Peer_5:basic INFO 14.560950932927458: Received message <RequestPeers:> from Peer_6:basic
Peer_5:basic INFO 14.560950932927458: Sending message <PeerList> to Peer_6:basic
Peer_5:basic INFO 1000: Sending message <Ping:> to Peer_3:basic
Peer_5:basic INFO 1000: Sending message <Ping:> to Peer_6:basic
Peer_5:basic INFO 1010.0000067908148: Received message <Ping:> from Peer_3:basic
Peer_5:basic INFO 1010.0000067908148: Sending message <Pong:> to Peer_3:basic
Peer_5:basic INFO 1010.0000103641521: Received message <Ping:> from Peer_6:basic
Peer_5:basic INFO 1010.0000103641521: Sending message <Pong:> to Peer_6:basic
Peer_5:basic INFO 1013.6034145788946: Received message <Pong:> from Peer_6:basic
Peer_5:basic INFO 1014.4640591353765: Received message <Pong:> from Peer_3:basic
Peer_5:basic INFO 2000: Sending message <Ping:> to Peer_3:basic
Peer_5:basic INFO 2000: Sending message <Ping:> to Peer_6:basic
Peer_5:basic INFO 2010.000006790815: Received message <Ping:> from Peer_3:basic
Peer_5:basic INFO 2010.000006790815: Sending message <Pong:> to Peer_3:basic
Peer_5:basic INFO 2010.0000103641523: Received message <Ping:> from Peer_6:basic
Peer_5:basic INFO 2010.0000103641523: Sending message <Pong:> to Peer_6:basic
Peer_5:basic INFO 2014.8263363885699: Received message <Pong:> from Peer_6:basic
Peer_5:basic INFO 2016.7776528467573: Received message <Pong:> from Peer_3:basic
Peer_5:basic INFO 3000: Sending message <Ping:> to Peer_3:basic
Peer_5:basic INFO 3000: Sending message <Ping:> to Peer_6:basic
Peer_5:basic INFO 3010.000006790815: Received message <Ping:> from Peer_3:basic
Peer_5:basic INFO 3010.000006790815: Sending message <Pong:> to Peer_3:basic
Peer_5:basic INFO 3010.0000103641523: Received message <Ping:> from Peer_6:basic
Peer_5:basic INFO 3010.0000103641523: Sending message <Pong:> to Peer_6:basic
Peer_5:basic INFO 3014.7927584201257: Received message <Pong:> from Peer_3:basic
Peer_5:basic INFO 3015.3869848976756: Received message <Pong:> from Peer_6:basic
Peer_5:basic WARNING 3500: Breaking connection with Peer_3:basic
Peer_5:basic INFO 4000: Sending message <Ping:> to Peer_6:basic
Peer_5:basic INFO 4010.000007355073: Received message <Ping:> from Peer_6:basic
Peer_5:basic INFO 4010.000007355073: Sending message <Pong:> to Peer_6:basic
Peer_5:basic INFO 4014.694722739504: Received message <Pong:> from Peer_6:basic
Peer_5:basic INFO 5000: Sending message <Ping:> to Peer_6:basic
Peer_5:basic INFO 5010.000007355073: Received message <Ping:> from Peer_6:basic
Peer_5:basic INFO 5010.000007355073: Sending message <Pong:> to Peer_6:basic
Peer_5:basic INFO 5014.905038886688: Received message <Pong:> from Peer_6:basic
Peer_5:basic INFO 6000: Sending message <Ping:> to Peer_6:basic
Peer_5:basic INFO 6010.000007355073: Received message <Ping:> from Peer_6:basic
Peer_5:basic INFO 6010.000007355073: Sending message <Pong:> to Peer_6:basic
Peer_5:basic INFO 6013.530849303278: Received message <Pong:> from Peer_6:basic
Peer_5:basic INFO 7000: Sending message <Ping:> to Peer_6:basic
Peer_5:basic INFO 7010.000007355073: Received message <Ping:> from Peer_6:basic
Peer_5:basic INFO 7010.000007355073: Sending message <Pong:> to Peer_6:basic
Peer_5:basic INFO 7014.529251911279: Received message <Pong:> from Peer_6:basic
Peer_5:basic INFO 8000: Sending message <Ping:> to Peer_6:basic
Peer_5:basic INFO 8010.000007355073: Received message <Ping:> from Peer_6:basic
Peer_5:basic INFO 8010.000007355073: Sending message <Pong:> to Peer_6:basic
Peer_5:basic INFO 8016.3078212057835: Received message <Pong:> from Peer_6:basic
Peer_5:basic INFO 9000: Sending message <Ping:> to Peer_6:basic
Peer_5:basic INFO 9010.000007355073: Received message <Ping:> from Peer_6:basic
Peer_5:basic INFO 9010.000007355073: Sending message <Pong:> to Peer_6:basic
Peer_5:basic INFO 9015.06070885185: Received message <Pong:> from Peer_6:basic
Peer_5:basic INFO 10000: Sending message <Ping:> to Peer_6:basic
Peer_5:basic INFO 10010.000007355073: Received message <Ping:> from Peer_6:basic
Peer_5:basic INFO 10010.000007355073: Sending message <Pong:> to Peer_6:basic
Peer_5:basic INFO 10014.788821570055: Received message <Pong:> from Peer_6:basic
Peer_5:basic INFO 11000: Sending message <Ping:> to Peer_6:basic
Peer_5:basic INFO 11010.000007355073: Received message <Ping:> from Peer_6:basic
Peer_5:basic INFO 11010.000007355073: Sending message <Pong:> to Peer_6:basic
Peer_5:basic INFO 11016.952681050092: Received message <Pong:> from Peer_6:basic
Peer_5:basic INFO 12000: Sending message <Ping:> to Peer_6:basic
Peer_5:basic INFO 12010.000007355073: Received message <Ping:> from Peer_6:basic
Peer_5:basic INFO 12010.000007355073: Sending message <Pong:> to Peer_6:basic
Peer_5:basic INFO 12013.269292223396: Received message <Pong:> from Peer_6:basic
Peer_5:basic INFO 13000: Sending message <Ping:> to Peer_6:basic
Peer_5:basic INFO 13010.000007355073: Received message <Ping:> from Peer_6:basic
Peer_5:basic INFO 13010.000007355073: Sending message <Pong:> to Peer_6:basic
Peer_5:basic INFO 13015.69793020048: Received message <Pong:> from Peer_6:basic
Peer_5:basic INFO 14000: Sending message <Ping:> to Peer_6:basic
Peer_5:basic INFO 14010.000007355073: Received message <Ping:> from Peer_6:basic
Peer_5:basic INFO 14010.000007355073: Sending message <Pong:> to Peer_6:basic
Peer_5:basic INFO 14014.559421192527: Received message <Pong:> from Peer_6:basic
