Peer_2:basic WARNING 0: Not enough peers, fetching more (0, 1)
Peer_2:basic WARNING 0: Not enough peers, fetching more (0, 1)
Peer_2:basic INFO 0.5000055216335537: Received message <Hello:> from Peer_9:basic
Peer_2:basic INFO 0.5000055216335537: Connecting to Peer_9:basic
Peer_2:basic INFO 0.5000055216335537: Sending message <Hello:> to Peer_9:basic
Peer_2:basic INFO 0.5000055216335537: Sending message <RequestPeers:> to Peer_9:basic
Peer_2:basic INFO 0.5000064398785881: Received message <Hello:> from Peer_9:basic
Peer_2:basic INFO 0.5000064398785881: Connecting to Peer_9:basic
Peer_2:basic INFO 0.5000064398785881: Sending message <Hello:> to Peer_9:basic
Peer_2:basic INFO 0.5000064398785881: Sending message <RequestPeers:> to Peer_9:basic
Peer_2:basic INFO 0.5000080940961311: Received message <Hello:> from Peer_3:basic
Peer_2:basic INFO 0.5000080940961311: Connecting to Peer_3:basic
Peer_2:basic INFO 0.5000080940961311: Sending message <Hello:> to Peer_3:basic
Peer_2:basic INFO 0.5000080940961311: Sending message <RequestPeers:> to Peer_3:basic
Peer_2:basic INFO 0.5000099305861998: Received message <Hello:> from Peer_3:basic
Peer_2:basic INFO 0.5000099305861998: Connecting to Peer_3:basic
Peer_2:basic INFO 0.5000099305861998: Sending message <Hello:> to Peer_3:basic
Peer_2:basic INFO 0.5000099305861998: Sending message <RequestPeers:> to Peer_3:basic
Peer_2:basic INFO 0.5000100511885706: Connecting to Peer_1:basic
Peer_2:basic INFO 0.5000106665587085: Received message <Hello:> from Peer_2:basic
Peer_2:basic INFO 0.5000106665587085: Connecting to Peer_2:basic
Peer_2:basic INFO 0.5000106665587085: Connecting to Peer_2:basic
Peer_2:basic INFO 0.5000106665587085: Sending message <Hello:> to Peer_2:basic
Peer_2:basic INFO 0.5000106665587085: Sending message <RequestPeers:> to Peer_2:basic
Peer_2:basic INFO 0.5000132390212859: Received message <Hello:> from Peer_1:basic
Peer_2:basic INFO 0.5000134212938115: Received message <Hello:> from Peer_2:basic
Peer_2:basic INFO 1.0000169814537416: Received message <Hello:> from Peer_1:basic
Peer_2:basic INFO 1.00001750234039: Received message <Hello:> from Peer_2:basic
Peer_2:basic INFO 1.000019553916319: Received message <RequestPeers:> from Peer_1:basic
Peer_2:basic INFO 1.000019553916319: Sending message <PeerList> to Peer_1:basic
Peer_2:basic INFO 1.0000209930480017: Received message <RequestPeers:> from Peer_2:basic
Peer_2:basic INFO 1.0000209930480017: Sending message <PeerList> to Peer_2:basic
Peer_2:basic INFO 1.5000235329592075: Received message <PeerList> from Peer_9:basic
Peer_2:basic INFO 1.5000289722596691: Received message <PeerList> from Peer_2:basic
Peer_2:basic INFO 1.5000324022097724: Received message <PeerList> from Peer_3:basic
Peer_2:basic INFO 1.5000388960485185: Received message <PeerList> from Peer_3:basic
Peer_2:basic INFO 1.500043550325334: Received message <PeerList> from Peer_9:basic
Peer_2:basic INFO 4.294687552733152: Received message <Hello:> from Peer_8:basic
Peer_2:basic INFO 4.294687552733152: Connecting to Peer_8:basic
Peer_2:basic INFO 4.294687552733152: Sending message <Hello:> to Peer_8:basic
Peer_2:basic INFO 4.294687552733152: Sending message <RequestPeers:> to Peer_8:basic
Peer_2:basic INFO 4.643990529964297: Received message <Hello:> from Peer_7:basic
Peer_2:basic INFO 4.643990529964297: Connecting to Peer_7:basic
Peer_2:basic INFO 4.643990529964297: Sending message <Hello:> to Peer_7:basic
Peer_2:basic INFO 4.643990529964297: Sending message <RequestPeers:> to Peer_7:basic
Peer_2:basic INFO 5.98495539808877: Received message <Hello:> from Peer_7:basic
Peer_2:basic INFO 5.98495539808877: Connecting to Peer_7:basic
Peer_2:basic INFO 5.98495539808877: Sending message <Hello:> to Peer_7:basic
Peer_2:basic INFO 5.98495539808877: Sending message <RequestPeers:> to Peer_7:basic
Peer_2:basic INFO 6.544461528699224: Received message <Hello:> from Peer_4:basic
Peer_2:basic INFO 6.544461528699224: Connecting to Peer_4:basic
Peer_2:basic INFO 6.544461528699224: Sending message <Hello:> to Peer_4:basic
Peer_2:basic INFO 6.544461528699224: Sending message <RequestPeers:> to Peer_4:basic
Peer_2:basic INFO 19.320859216088277: Received message <PeerList> from Peer_7:basic
Peer_2:basic INFO 20.15837877867779: Received message <PeerList> from Peer_8:basic
Peer_2:basic INFO 20.4739324240521: Received message <PeerList> from Peer_7:basic
Peer_2:basic INFO 21.399063433217847: Received message <PeerList> from Peer_4:basic
Peer_2:basic WARNING 500: Too many peers connected (5, 3)
Peer_2:basic WARNING 500: Too many peers connected (6, 3)
Peer_2:basic WARNING 1000: Too many peers connected (5, 3)
Peer_2:basic INFO 1000: Sending message <Ping:> to Peer_9:basic
Peer_2:basic INFO 1000: Sending message <Ping:> to Peer_3:basic
Peer_2:basic INFO 1000: Sending message <Ping:> to Peer_1:basic
Peer_2:basic INFO 1000: Sending message <Ping:> to Peer_2:basic
Peer_2:basic INFO 1000: Sending message <Ping:> to Peer_7:basic
Peer_2:basic WARNING 1000: Too many peers connected (6, 3)
Peer_2:basic INFO 1000: Sending message <Ping:> to Peer_9:basic
Peer_2:basic INFO 1000: Sending message <Ping:> to Peer_3:basic
Peer_2:basic INFO 1000: Sending message <Ping:> to Peer_2:basic
Peer_2:basic INFO 1000: Sending message <Ping:> to Peer_8:basic
Peer_2:basic INFO 1000: Sending message <Ping:> to Peer_7:basic
Peer_2:basic INFO 1000: Sending message <Ping:> to Peer_4:basic
Peer_2:basic INFO 1000.5000055216335: Received message <Ping:> from Peer_9:basic
Peer_2:basic INFO 1000.5000055216335: Sending message <Pong:> to Peer_9:basic
Peer_2:basic INFO 1000.5000064398786: Received message <Ping:> from Peer_9:basic
Peer_2:basic INFO 1000.5000064398786: Sending message <Pong:> to Peer_9:basic
Peer_2:basic INFO 1000.5000080940961: Received message <Ping:> from Peer_3:basic
Peer_2:basic INFO 1000.5000080940961: Sending message <Pong:> to Peer_3:basic
Peer_2:basic INFO 1000.5000099305862: Received message <Ping:> from Peer_3:basic
Peer_2:basic INFO 1000.5000099305862: Sending message <Pong:> to Peer_3:basic
Peer_2:basic INFO 1000.5000106665586: Received message <Ping:> from Peer_2:basic
Peer_2:basic INFO 1000.5000106665586: Sending message <Pong:> to Peer_2:basic
Peer_2:basic INFO 1000.5000132390212: Received message <Ping:> from Peer_1:basic
Peer_2:basic INFO 1000.5000132390212: Sending message <Pong:> to Peer_1:basic
Peer_2:basic INFO 1000.5000134212938: Received message <Ping:> from Peer_2:basic
Peer_2:basic INFO 1000.5000134212938: Sending message <Pong:> to Peer_2:basic
Peer_2:basic INFO 1001.0000150589997: Received message <Pong:> from Peer_3:basic
Peer_2:basic INFO 1001.0000175023404: Received message <Pong:> from Peer_2:basic
Peer_2:basic INFO 1001.0000176314622: Received message <Pong:> from Peer_9:basic
Peer_2:basic INFO 1001.0000202039248: Received message <Pong:> from Peer_1:basic
Peer_2:basic INFO 1001.000020993048: Received message <Pong:> from Peer_3:basic
Peer_2:basic INFO 1001.0000227763874: Received message <Pong:> from Peer_2:basic
Peer_2:basic INFO 1001.0000244837556: Received message <Pong:> from Peer_9:basic
Peer_2:basic INFO 1004.2786304000067: Received message <Ping:> from Peer_4:basic
Peer_2:basic INFO 1004.2786304000067: Sending message <Pong:> to Peer_4:basic
Peer_2:basic INFO 1004.4252758441173: Received message <Ping:> from Peer_7:basic
Peer_2:basic INFO 1004.4252758441173: Sending message <Pong:> to Peer_7:basic
Peer_2:basic INFO 1004.7356162035427: Received message <Ping:> from Peer_7:basic
Peer_2:basic INFO 1004.7356162035427: Sending message <Pong:> to Peer_7:basic
Peer_2:basic INFO 1007.1497826832176: Received message <Ping:> from Peer_8:basic
Peer_2:basic INFO 1007.1497826832176: Sending message <Pong:> to Peer_8:basic
Peer_2:basic INFO 1014.6324796581556: Received message <Pong:> from Peer_4:basic
Peer_2:basic INFO 1014.7796593598164: Received message <Pong:> from Peer_7:basic
Peer_2:basic INFO 1014.890778536027: Received message <Pong:> from Peer_8:basic
Peer_2:basic INFO 1015.7147648070327: Received message <Pong:> from Peer_7:basic
Peer_2:basic WARNING 1500: Too many peers connected (5, 3)
Peer_2:basic WARNING 1500: Too many peers connected (6, 3)
Peer_2:basic WARNING 2000: Too many peers connected (5, 3)
Peer_2:basic INFO 2000: Sending message <Ping:> to Peer_9:basic
Peer_2:basic INFO 2000: Sending message <Ping:> to Peer_3:basic
Peer_2:basic INFO 2000: Sending message <Ping:> to Peer_1:basic
Peer_2:basic INFO 2000: Sending message <Ping:> to Peer_2:basic
Peer_2:basic INFO 2000: Sending message <Ping:> to Peer_7:basic
Peer_2:basic WARNING 2000: Too many peers connected (6, 3)
Peer_2:basic INFO 2000: Sending message <Ping:> to Peer_9:basic
Peer_2:basic INFO 2000: Sending message <Ping:> to Peer_3:basic
Peer_2:basic INFO 2000: Sending message <Ping:> to Peer_2:basic
Peer_2:basic INFO 2000: Sending message <Ping:> to Peer_8:basic
Peer_2:basic INFO 2000: Sending message <Ping:> to Peer_7:basic
Peer_2:basic INFO 2000: Sending message <Ping:> to Peer_4:basic
Peer_2:basic INFO 2000.5000055216335: Received message <Ping:> from Peer_9:basic
Peer_2:basic INFO 2000.5000055216335: Sending message <Pong:> to Peer_9:basic
Peer_2:basic INFO 2000.5000064398785: Received message <Ping:> from Peer_9:basic
Peer_2:basic INFO 2000.5000064398785: Sending message <Pong:> to Peer_9:basic
Peer_2:basic INFO 2000.500008094096: Received message <Ping:> from Peer_3:basic
Peer_2:basic INFO 2000.500008094096: Sending message <Pong:> to Peer_3:basic
Peer_2:basic INFO 2000.500009930586: Received message <Ping:> from Peer_3:basic
Peer_2:basic INFO 2000.500009930586: Sending message <Pong:> to Peer_3:basic
Peer_2:basic INFO 2000.5000106665586: Received message <Ping:> from Peer_2:basic
Peer_2:basic INFO 2000.5000106665586: Sending message <Pong:> to Peer_2:basic
Peer_2:basic INFO 2000.5000132390212: Received message <Ping:> from Peer_1:basic
Peer_2:basic INFO 2000.5000132390212: Sending message <Pong:> to Peer_1:basic
Peer_2:basic INFO 2000.5000134212935: Received message <Ping:> from Peer_2:basic
Peer_2:basic INFO 2000.5000134212935: Sending message <Pong:> to Peer_2:basic
Peer_2:basic INFO 2001.0000150589997: Received message <Pong:> from Peer_3:basic
Peer_2:basic INFO 2001.0000175023401: Received message <Pong:> from Peer_2:basic
Peer_2:basic INFO 2001.0000176314622: Received message <Pong:> from Peer_9:basic
Peer_2:basic INFO 2001.0000202039248: Received message <Pong:> from Peer_1:basic
Peer_2:basic INFO 2001.0000209930477: Received message <Pong:> from Peer_3:basic
Peer_2:basic INFO 2001.0000227763874: Received message <Pong:> from Peer_2:basic
Peer_2:basic INFO 2001.0000244837552: Received message <Pong:> from Peer_9:basic
Peer_2:basic INFO 2003.470346677671: Received message <Ping:> from Peer_8:basic
Peer_2:basic INFO 2003.470346677671: Sending message <Pong:> to Peer_8:basic
Peer_2:basic INFO 2003.5650671646486: Received message <Ping:> from Peer_7:basic
Peer_2:basic INFO 2003.5650671646486: Sending message <Pong:> to Peer_7:basic
Peer_2:basic INFO 2004.043162857974: Received message <Ping:> from Peer_7:basic
Peer_2:basic INFO 2004.043162857974: Sending message <Pong:> to Peer_7:basic
Peer_2:basic INFO 2004.8571542171403: Received message <Ping:> from Peer_4:basic
Peer_2:basic INFO 2004.8571542171403: Sending message <Pong:> to Peer_4:basic
Peer_2:basic INFO 2014.1746865856674: Received message <Pong:> from Peer_7:basic
Peer_2:basic INFO 2014.2908233229293: Received message <Pong:> from Peer_7:basic
Peer_2:basic INFO 2014.5484758883294: Received message <Pong:> from Peer_4:basic
Peer_2:basic INFO 2015.965929086918: Received message <Pong:> from Peer_8:basic
Peer_2:basic WARNING 2500: Too many peers connected (5, 3)
Peer_2:basic WARNING 2500: Too many peers connected (6, 3)
Peer_2:basic WARNING 3000: Too many peers connected (5, 3)
Peer_2:basic INFO 3000: Sending message <Ping:> to Peer_9:basic
Peer_2:basic INFO 3000: Sending message <Ping:> to Peer_3:basic
Peer_2:basic INFO 3000: Sending message <Ping:> to Peer_1:basic
Peer_2:basic INFO 3000: Sending message <Ping:> to Peer_2:basic
Peer_2:basic INFO 3000: Sending message <Ping:> to Peer_7:basic
Peer_2:basic WARNING 3000: Too many peers connected (6, 3)
Peer_2:basic INFO 3000: Sending message <Ping:> to Peer_9:basic
Peer_2:basic INFO 3000: Sending message <Ping:> to Peer_3:basic
Peer_2:basic INFO 3000: Sending message <Ping:> to Peer_2:basic
Peer_2:basic INFO 3000: Sending message <Ping:> to Peer_8:basic
Peer_2:basic INFO 3000: Sending message <Ping:> to Peer_7:basic
Peer_2:basic INFO 3000: Sending message <Ping:> to Peer_4:basic
Peer_2:basic INFO 3000.5000055216337: Received message <Ping:> from Peer_9:basic
Peer_2:basic INFO 3000.5000055216337: Sending message <Pong:> to Peer_9:basic
Peer_2:basic INFO 3000.5000064398787: Received message <Ping:> from Peer_9:basic
Peer_2:basic INFO 3000.5000064398787: Sending message <Pong:> to Peer_9:basic
Peer_2:basic INFO 3000.5000080940963: Received message <Ping:> from Peer_3:basic
Peer_2:basic INFO 3000.5000080940963: Sending message <Pong:> to Peer_3:basic
Peer_2:basic INFO 3000.500009930586: Received message <Ping:> from Peer_3:basic
Peer_2:basic INFO 3000.500009930586: Sending message <Pong:> to Peer_3:basic
Peer_2:basic INFO 3000.500010666559: Received message <Ping:> from Peer_2:basic
Peer_2:basic INFO 3000.500010666559: Sending message <Pong:> to Peer_2:basic
Peer_2:basic INFO 3000.5000132390214: Received message <Ping:> from Peer_1:basic
Peer_2:basic INFO 3000.5000132390214: Sending message <Pong:> to Peer_1:basic
Peer_2:basic INFO 3000.5000134212937: Received message <Ping:> from Peer_2:basic
Peer_2:basic INFO 3000.5000134212937: Sending message <Pong:> to Peer_2:basic
Peer_2:basic INFO 3001.000015059: Received message <Pong:> from Peer_3:basic
Peer_2:basic INFO 3001.0000175023406: Received message <Pong:> from Peer_2:basic
Peer_2:basic INFO 3001.0000176314625: Received message <Pong:> from Peer_9:basic
Peer_2:basic INFO 3001.000020203925: Received message <Pong:> from Peer_1:basic
Peer_2:basic INFO 3001.000020993048: Received message <Pong:> from Peer_3:basic
Peer_2:basic INFO 3001.0000227763876: Received message <Pong:> from Peer_2:basic
Peer_2:basic INFO 3001.0000244837556: Received message <Pong:> from Peer_9:basic
Peer_2:basic INFO 3005.406545084568: Received message <Ping:> from Peer_4:basic
Peer_2:basic INFO 3005.406545084568: Sending message <Pong:> to Peer_4:basic
Peer_2:basic INFO 3005.4516567916053: Received message <Ping:> from Peer_7:basic
Peer_2:basic INFO 3005.4516567916053: Sending message <Pong:> to Peer_7:basic
Peer_2:basic INFO 3005.7522106242754: Received message <Ping:> from Peer_8:basic
Peer_2:basic INFO 3005.7522106242754: Sending message <Pong:> to Peer_8:basic
Peer_2:basic INFO 3005.91385799089: Received message <Ping:> from Peer_7:basic
Peer_2:basic INFO 3005.91385799089: Sending message <Pong:> to Peer_7:basic
Peer_2:basic INFO 3013.4670444978346: Received message <Pong:> from Peer_7:basic
Peer_2:basic INFO 3014.6657934081536: Received message <Pong:> from Peer_4:basic
Peer_2:basic INFO 3014.912438964553: Received message <Pong:> from Peer_8:basic
Peer_2:basic INFO 3015.563323087072: Received message <Pong:> from Peer_7:basic
Peer_2:basic WARNING 3500: Too many peers connected (5, 3)
Peer_2:basic WARNING 3500: Peer_9:basic too slow
Peer_2:basic WARNING 3500: Breaking connection with Peer_9:basic
Peer_2:basic WARNING 3500: Peer_2:basic too slow
Peer_2:basic WARNING 3500: Breaking connection with Peer_2:basic
Peer_2:basic WARNING 3500: Breaking connection with Peer_2:basic
Peer_2:basic WARNING 3500: Breaking connection with Peer_1:basic
Peer_2:basic WARNING 3500: Too many peers connected (5, 3)
Peer_2:basic WARNING 3500: Peer_8:basic too slow
Peer_2:basic WARNING 3500: Breaking connection with Peer_8:basic
Peer_2:basic WARNING 3500: Peer_9:basic too slow
Peer_2:basic WARNING 3500: Breaking connection with Peer_9:basic
Peer_2:basic WARNING 3500: Breaking connection with Peer_7:basic
Peer_2:basic WARNING 3500: Breaking connection with Peer_7:basic
Peer_2:basic INFO 4000: Sending message <Ping:> to Peer_3:basic
Peer_2:basic INFO 4000: Sending message <Ping:> to Peer_3:basic
Peer_2:basic INFO 4000: Sending message <Ping:> to Peer_4:basic
Peer_2:basic INFO 4000.50000578994: Received message <Ping:> from Peer_3:basic
Peer_2:basic INFO 4000.50000578994: Sending message <Pong:> to Peer_3:basic
Peer_2:basic INFO 4000.500006708185: Received message <Ping:> from Peer_3:basic
Peer_2:basic INFO 4000.500006708185: Sending message <Pong:> to Peer_3:basic
Peer_2:basic INFO 4001.0000122949587: Received message <Pong:> from Peer_3:basic
Peer_2:basic INFO 4001.000016373148: Received message <Pong:> from Peer_3:basic
Peer_2:basic INFO 4003.355813978056: Received message <Ping:> from Peer_4:basic
Peer_2:basic INFO 4003.355813978056: Sending message <Pong:> to Peer_4:basic
Peer_2:basic INFO 4016.2728496258496: Received message <Pong:> from Peer_4:basic
Peer_2:basic INFO 5000: Sending message <Ping:> to Peer_3:basic
Peer_2:basic INFO 5000: Sending message <Ping:> to Peer_3:basic
Peer_2:basic INFO 5000: Sending message <Ping:> to Peer_4:basic
Peer_2:basic INFO 5000.500005789941: Received message <Ping:> from Peer_3:basic
Peer_2:basic INFO 5000.500005789941: Sending message <Pong:> to Peer_3:basic
Peer_2:basic INFO 5000.5000067081855: Received message <Ping:> from Peer_3:basic
Peer_2:basic INFO 5000.5000067081855: Sending message <Pong:> to Peer_3:basic
Peer_2:basic INFO 5001.00001229496: Received message <Pong:> from Peer_3:basic
Peer_2:basic INFO 5001.000016373149: Received message <Pong:> from Peer_3:basic
Peer_2:basic INFO 5005.325118204463: Received message <Ping:> from Peer_4:basic
Peer_2:basic INFO 5005.325118204463: Sending message <Pong:> to Peer_4:basic
Peer_2:basic INFO 5012.599066041057: Received message <Pong:> from Peer_4:basic
Peer_2:basic INFO 6000: Sending message <Ping:> to Peer_3:basic
Peer_2:basic INFO 6000: Sending message <Ping:> to Peer_3:basic
Peer_2:basic INFO 6000: Sending message <Ping:> to Peer_4:basic
Peer_2:basic INFO 6000.500005789941: Received message <Ping:> from Peer_3:basic
Peer_2:basic INFO 6000.500005789941: Sending message <Pong:> to Peer_3:basic
Peer_2:basic INFO 6000.5000067081855: Received message <Ping:> from Peer_3:basic
Peer_2:basic INFO 6000.5000067081855: Sending message <Pong:> to Peer_3:basic
Peer_2:basic INFO 6001.00001229496: Received message <Pong:> from Peer_3:basic
Peer_2:basic INFO 6001.000016373149: Received message <Pong:> from Peer_3:basic
Peer_2:basic INFO 6007.069584051749: Received message <Ping:> from Peer_4:basic
Peer_2:basic INFO 6007.069584051749: Sending message <Pong:> to Peer_4:basic
Peer_2:basic INFO 6014.296310976909: Received message <Pong:> from Peer_4:basic
Peer_2:basic INFO 7000: Sending message <Ping:> to Peer_3:basic
Peer_2:basic INFO 7000: Sending message <Ping:> to Peer_3:basic
Peer_2:basic INFO 7000: Sending message <Ping:> to Peer_4:basic
Peer_2:basic INFO 7000.500005789941: Received message <Ping:> from Peer_3:basic
Peer_2:basic INFO 7000.500005789941: Sending message <Pong:> to Peer_3:basic
Peer_2:basic INFO 7000.5000067081855: Received message <Ping:> from Peer_3:basic
Peer_2:basic INFO 7000.5000067081855: Sending message <Pong:> to Peer_3:basic
Peer_2:basic INFO 7001.00001229496: Received message <Pong:> from Peer_3:basic
Peer_2:basic INFO 7001.000016373149: Received message <Pong:> from Peer_3:basic
Peer_2:basic INFO 7003.921545649537: Received message <Ping:> from Peer_4:basic
Peer_2:basic INFO 7003.921545649537: Sending message <Pong:> to Peer_4:basic
Peer_2:basic INFO 7013.751107600356: Received message <Pong:> from Peer_4:basic
Peer_2:basic INFO 8000: Sending message <Ping:> to Peer_3:basic
Peer_2:basic INFO 8000: Sending message <Ping:> to Peer_3:basic
Peer_2:basic INFO 8000: Sending message <Ping:> to Peer_4:basic
Peer_2:basic INFO 8000.500005789941: Received message <Ping:> from Peer_3:basic
Peer_2:basic INFO 8000.500005789941: Sending message <Pong:> to Peer_3:basic
Peer_2:basic INFO 8000.5000067081855: Received message <Ping:> from Peer_3:basic
Peer_2:basic INFO 8000.5000067081855: Sending message <Pong:> to Peer_3:basic
Peer_2:basic INFO 8001.00001229496: Received message <Pong:> from Peer_3:basic
Peer_2:basic INFO 8001.000016373149: Received message <Pong:> from Peer_3:basic
Peer_2:basic INFO 8005.335012053713: Received message <Ping:> from Peer_4:basic
Peer_2:basic INFO 8005.335012053713: Sending message <Pong:> to Peer_4:basic
Peer_2:basic INFO 8015.171280930336: Received message <Pong:> from Peer_4:basic
Peer_2:basic INFO 9000: Sending message <Ping:> to Peer_3:basic
Peer_2:basic INFO 9000: Sending message <Ping:> to Peer_3:basic
Peer_2:basic INFO 9000: Sending message <Ping:> to Peer_4:basic
Peer_2:basic INFO 9000.50000578994: Received message <Ping:> from Peer_3:basic
Peer_2:basic INFO 9000.50000578994: Sending message <Pong:> to Peer_3:basic
Peer_2:basic INFO 9000.500006708186: Received message <Ping:> from Peer_3:basic
Peer_2:basic INFO 9000.500006708186: Sending message <Pong:> to Peer_3:basic
Peer_2:basic INFO 9001.000012294959: Received message <Pong:> from Peer_3:basic
Peer_2:basic INFO 9001.00001637315: Received message <Pong:> from Peer_3:basic
Peer_2:basic INFO 9004.969529095244: Received message <Ping:> from Peer_4:basic
Peer_2:basic INFO 9004.969529095244: Sending message <Pong:> to Peer_4:basic
Peer_2:basic INFO 9014.948907957556: Received message <Pong:> from Peer_4:basic
Peer_2:basic INFO 10000: Sending message <Ping:> to Peer_3:basic
Peer_2:basic INFO 10000: Sending message <Ping:> to Peer_3:basic
Peer_2:basic INFO 10000: Sending message <Ping:> to Peer_4:basic
Peer_2:basic INFO 10000.50000578994: Received message <Ping:> from Peer_3:basic
Peer_2:basic INFO 10000.50000578994: Sending message <Pong:> to Peer_3:basic
Peer_2:basic INFO 10000.500006708186: Received message <Ping:> from Peer_3:basic
Peer_2:basic INFO 10000.500006708186: Sending message <Pong:> to Peer_3:basic
Peer_2:basic INFO 10001.000012294959: Received message <Pong:> from Peer_3:basic
Peer_2:basic INFO 10001.00001637315: Received message <Pong:> from Peer_3:basic
Peer_2:basic INFO 10005.480202807516: Received message <Ping:> from Peer_4:basic
Peer_2:basic INFO 10005.480202807516: Sending message <Pong:> to Peer_4:basic
Peer_2:basic INFO 10014.1754896684: Received message <Pong:> from Peer_4:basic
Peer_2:basic INFO 11000: Sending message <Ping:> to Peer_3:basic
Peer_2:basic INFO 11000: Sending message <Ping:> to Peer_3:basic
Peer_2:basic INFO 11000: Sending message <Ping:> to Peer_4:basic
Peer_2:basic INFO 11000.50000578994: Received message <Ping:> from Peer_3:basic
Peer_2:basic INFO 11000.50000578994: Sending message <Pong:> to Peer_3:basic
Peer_2:basic INFO 11000.500006708186: Received message <Ping:> from Peer_3:basic
Peer_2:basic INFO 11000.500006708186: Sending message <Pong:> to Peer_3:basic
Peer_2:basic INFO 11001.000012294959: Received message <Pong:> from Peer_3:basic
Peer_2:basic INFO 11001.00001637315: Received message <Pong:> from Peer_3:basic
Peer_2:basic INFO 11003.843039550684: Received message <Ping:> from Peer_4:basic
Peer_2:basic INFO 11003.843039550684: Sending message <Pong:> to Peer_4:basic
Peer_2:basic INFO 11014.299019821645: Received message <Pong:> from Peer_4:basic
Peer_2:basic INFO 12000: Sending message <Ping:> to Peer_3:basic
Peer_2:basic INFO 12000: Sending message <Ping:> to Peer_3:basic
Peer_2:basic INFO 12000: Sending message <Ping:> to Peer_4:basic
Peer_2:basic INFO 12000.50000578994: Received message <Ping:> from Peer_3:basic
Peer_2:basic INFO 12000.50000578994: Sending message <Pong:> to Peer_3:basic
Peer_2:basic INFO 12000.500006708186: Received message <Ping:> from Peer_3:basic
Peer_2:basic INFO 12000.500006708186: Sending message <Pong:> to Peer_3:basic
Peer_2:basic INFO 12001.000012294959: Received message <Pong:> from Peer_3:basic
Peer_2:basic INFO 12001.00001637315: Received message <Pong:> from Peer_3:basic
Peer_2:basic INFO 12003.6570963779: Received message <Ping:> from Peer_4:basic
Peer_2:basic INFO 12003.6570963779: Sending message <Pong:> to Peer_4:basic
Peer_2:basic INFO 12015.830865202839: Received message <Pong:> from Peer_4:basic
Peer_2:basic INFO 13000: Sending message <Ping:> to Peer_3:basic
Peer_2:basic INFO 13000: Sending message <Ping:> to Peer_3:basic
Peer_2:basic INFO 13000: Sending message <Ping:> to Peer_4:basic
Peer_2:basic INFO 13000.50000578994: Received message <Ping:> from Peer_3:basic
Peer_2:basic INFO 13000.50000578994: Sending message <Pong:> to Peer_3:basic
Peer_2:basic INFO 13000.500006708186: Received message <Ping:> from Peer_3:basic
Peer_2:basic INFO 13000.500006708186: Sending message <Pong:> to Peer_3:basic
Peer_2:basic INFO 13001.000012294959: Received message <Pong:> from Peer_3:basic
Peer_2:basic INFO 13001.00001637315: Received message <Pong:> from Peer_3:basic
Peer_2:basic INFO 13004.508567199837: Received message <Ping:> from Peer_4:basic
Peer_2:basic INFO 13004.508567199837: Sending message <Pong:> to Peer_4:basic
Peer_2:basic INFO 13015.187884008521: Received message <Pong:> from Peer_4:basic
Peer_2:basic INFO 14000: Sending message <Ping:> to Peer_3:basic
Peer_2:basic INFO 14000: Sending message <Ping:> to Peer_3:basic
Peer_2:basic INFO 14000: Sending message <Ping:> to Peer_4:basic
Peer_2:basic INFO 14000.50000578994: Received message <Ping:> from Peer_3:basic
Peer_2:basic INFO 14000.50000578994: Sending message <Pong:> to Peer_3:basic
Peer_2:basic INFO 14000.500006708186: Received message <Ping:> from Peer_3:basic
Peer_2:basic INFO 14000.500006708186: Sending message <Pong:> to Peer_3:basic
Peer_2:basic INFO 14001.000012294959: Received message <Pong:> from Peer_3:basic
Peer_2:basic INFO 14001.00001637315: Received message <Pong:> from Peer_3:basic
Peer_2:basic INFO 14006.790436619372: Received message <Ping:> from Peer_4:basic
Peer_2:basic INFO 14006.790436619372: Sending message <Pong:> to Peer_4:basic
Peer_2:basic INFO 14013.89963578825: Received message <Pong:> from Peer_4:basic
