Peer_3:basic WARNING 0: Not enough peers, fetching more (0, 1)
Peer_3:basic INFO 0.5000061091153024: Received message <Hello:> from Peer_9:basic
Peer_3:basic INFO 0.5000061091153024: Connecting to Peer_9:basic
Peer_3:basic INFO 0.5000061091153024: Sending message <Hello:> to Peer_9:basic
Peer_3:basic INFO 0.5000061091153024: Sending message <RequestPeers:> to Peer_9:basic
Peer_3:basic INFO 0.5000066343330675: Connecting to Peer_1:basic
Peer_3:basic INFO 0.5000080940961311: Connecting to Peer_2:basic
Peer_3:basic INFO 0.5000092690596285: Received message <Hello:> from Peer_2:basic
Peer_3:basic INFO 0.5000099305861998: Connecting to Peer_2:basic
Peer_3:basic INFO 0.5000124290039546: Received message <Hello:> from Peer_2:basic
Peer_3:basic INFO 0.5000155889482807: Received message <Hello:> from Peer_1:basic
Peer_3:basic INFO 1.0000141520799872: Received message <Hello:> from Peer_1:basic
Peer_3:basic INFO 1.0000173120243132: Received message <RequestPeers:> from Peer_1:basic
Peer_3:basic INFO 1.0000173120243132: Sending message <PeerList> to Peer_1:basic
Peer_3:basic INFO 1.0000204719686392: Received message <Hello:> from Peer_2:basic
Peer_3:basic INFO 1.0000236319129652: Received message <RequestPeers:> from Peer_2:basic
Peer_3:basic INFO 1.0000236319129652: Sending message <PeerList> to Peer_2:basic
Peer_3:basic INFO 1.0000267918572912: Received message <Hello:> from Peer_2:basic
Peer_3:basic INFO 1.0000299518016171: Received message <RequestPeers:> from Peer_2:basic
Peer_3:basic INFO 1.0000299518016171: Sending message <PeerList> to Peer_2:basic
Peer_3:basic INFO 1.5000316203417179: Received message <PeerList> from Peer_9:basic
Peer_3:basic INFO 4.202886931483315: Received message <Hello:> from Peer_5:basic
Peer_3:basic INFO 4.202886931483315: Connecting to Peer_5:basic
Peer_3:basic INFO 4.202886931483315: Sending message <Hello:> to Peer_5:basic
Peer_3:basic INFO 4.202886931483315: Sending message <RequestPeers:> to Peer_5:basic
Peer_3:basic INFO 19.598926164428565: Received message <PeerList> from Peer_5:basic
Peer_3:basic WARNING 500: Too many peers connected (5, 3)
Peer_3:basic WARNING 1000: Too many peers connected (5, 3)
Peer_3:basic INFO 1000: Sending message <Ping:> to Peer_9:basic
Peer_3:basic INFO 1000: Sending message <Ping:> to Peer_1:basic
Peer_3:basic INFO 1000: Sending message <Ping:> to Peer_2:basic
Peer_3:basic INFO 1000: Sending message <Ping:> to Peer_2:basic
Peer_3:basic INFO 1000: Sending message <Ping:> to Peer_5:basic
Peer_3:basic INFO 1000.5000061091152: Received message <Ping:> from Peer_9:basic
Peer_3:basic INFO 1000.5000061091152: Sending message <Pong:> to Peer_9:basic
Peer_3:basic INFO 1000.5000092690595: Received message <Ping:> from Peer_2:basic
Peer_3:basic INFO 1000.5000092690595: Sending message <Pong:> to Peer_2:basic
Peer_3:basic INFO 1000.5000124290038: Received message <Ping:> from Peer_2:basic
Peer_3:basic INFO 1000.5000124290038: Sending message <Pong:> to Peer_2:basic
Peer_3:basic INFO 1000.5000155889481: Received message <Ping:> from Peer_1:basic
Peer_3:basic INFO 1000.5000155889481: Sending message <Pong:> to Peer_1:basic
Peer_3:basic INFO 1001.0000129786296: Received message <Pong:> from Peer_9:basic
Peer_3:basic INFO 1001.0000161385739: Received message <Pong:> from Peer_1:basic
Peer_3:basic INFO 1001.0000192985182: Received message <Pong:> from Peer_2:basic
Peer_3:basic INFO 1001.0000224584625: Received message <Pong:> from Peer_2:basic
Peer_3:basic INFO 1004.4640523445617: Received message <Ping:> from Peer_5:basic
Peer_3:basic INFO 1004.4640523445617: Sending message <Pong:> to Peer_5:basic
Peer_3:basic INFO 1014.6698950132449: Received message <Pong:> from Peer_5:basic
Peer_3:basic WARNING 1500: Too many peers connected (5, 3)
Peer_3:basic WARNING 2000: Too many peers connected (5, 3)
Peer_3:basic INFO 2000: Sending message <Ping:> to Peer_9:basic
Peer_3:basic INFO 2000: Sending message <Ping:> to Peer_1:basic
Peer_3:basic INFO 2000: Sending message <Ping:> to Peer_2:basic
Peer_3:basic INFO 2000: Sending message <Ping:> to Peer_2:basic
Peer_3:basic INFO 2000: Sending message <Ping:> to Peer_5:basic
Peer_3:basic INFO 2000.5000061091152: Received message <Ping:> from Peer_9:basic
Peer_3:basic INFO 2000.5000061091152: Sending message <Pong:> to Peer_9:basic
Peer_3:basic INFO 2000.5000092690595: Received message <Ping:> from Peer_2:basic
Peer_3:basic INFO 2000.5000092690595: Sending message <Pong:> to Peer_2:basic
Peer_3:basic INFO 2000.5000124290038: Received message <Ping:> from Peer_2:basic
Peer_3:basic INFO 2000.5000124290038: Sending message <Pong:> to Peer_2:basic
Peer_3:basic INFO 2000.5000155889481: Received message <Ping:> from Peer_1:basic
Peer_3:basic INFO 2000.5000155889481: Sending message <Pong:> to Peer_1:basic
Peer_3:basic INFO 2001.0000129786297: Received message <Pong:> from Peer_9:basic
Peer_3:basic INFO 2001.000016138574: Received message <Pong:> from Peer_1:basic
Peer_3:basic INFO 2001.0000192985183: Received message <Pong:> from Peer_2:basic
Peer_3:basic INFO 2001.0000224584626: Received message <Pong:> from Peer_2:basic
Peer_3:basic INFO 2006.7776460559423: Received message <Ping:> from Peer_5:basic
Peer_3:basic INFO 2006.7776460559423: Sending message <Pong:> to Peer_5:basic
Peer_3:basic INFO 2013.5161243264745: Received message <Pong:> from Peer_5:basic
Peer_3:basic WARNING 2500: Too many peers connected (5, 3)
Peer_3:basic WARNING 3000: Too many peers connected (5, 3)
Peer_3:basic INFO 3000: Sending message <Ping:> to Peer_9:basic
Peer_3:basic INFO 3000: Sending message <Ping:> to Peer_1:basic
Peer_3:basic INFO 3000: Sending message <Ping:> to Peer_2:basic
Peer_3:basic INFO 3000: Sending message <Ping:> to Peer_2:basic
Peer_3:basic INFO 3000: Sending message <Ping:> to Peer_5:basic
Peer_3:basic INFO 3000.5000061091155: Received message <Ping:> from Peer_9:basic
Peer_3:basic INFO 3000.5000061091155: Sending message <Pong:> to Peer_9:basic
Peer_3:basic INFO 3000.50000926906: Received message <Ping:> from Peer_2:basic
Peer_3:basic INFO 3000.50000926906: Sending message <Pong:> to Peer_2:basic
Peer_3:basic INFO 3000.500012429004: Received message <Ping:> from Peer_2:basic
Peer_3:basic INFO 3000.500012429004: Sending message <Pong:> to Peer_2:basic
Peer_3:basic INFO 3000.5000155889484: Received message <Ping:> from Peer_1:basic
Peer_3:basic INFO 3000.5000155889484: Sending message <Pong:> to Peer_1:basic
Peer_3:basic INFO 3001.00001297863: Received message <Pong:> from Peer_9:basic
Peer_3:basic INFO 3001.000016138574: Received message <Pong:> from Peer_1:basic
Peer_3:basic INFO 3001.0000192985185: Received message <Pong:> from Peer_2:basic
Peer_3:basic INFO 3001.000022458463: Received message <Pong:> from Peer_2:basic
Peer_3:basic INFO 3004.7927516293107: Received message <Ping:> from Peer_5:basic
Peer_3:basic INFO 3004.7927516293107: Sending message <Pong:> to Peer_5:basic
Peer_3:basic INFO 3015.469954282839: Received message <Pong:> from Peer_5:basic
Peer_3:basic WARNING 3500: Too many peers connected (5, 3)
Peer_3:basic WARNING 3500: Peer_9:basic too slow
Peer_3:basic WARNING 3500: Breaking connection with Peer_9:basic
Peer_3:basic WARNING 3500: Peer_5:basic too slow
Peer_3:basic WARNING 3500: Breaking connection with Peer_5:basic
Peer_3:basic INFO 4000: Sending message <Ping:> to Peer_1:basic
Peer_3:basic INFO 4000: Sending message <Ping:> to Peer_2:basic
Peer_3:basic INFO 4000: Sending message <Ping:> to Peer_2:basic
Peer_3:basic INFO 4000.5000065050185: Received message <Ping:> from Peer_2:basic
Peer_3:basic INFO 4000.5000065050185: Sending message <Pong:> to Peer_2:basic
Peer_3:basic INFO 4000.500009664963: Received message <Ping:> from Peer_2:basic
Peer_3:basic INFO 4000.500009664963: Sending message <Pong:> to Peer_2:basic
Peer_3:basic INFO 4000.500012824907: Received message <Ping:> from Peer_1:basic
Peer_3:basic INFO 4000.500012824907: Sending message <Pong:> to Peer_1:basic
Peer_3:basic INFO 4001.0000122949587: Received message <Pong:> from Peer_2:basic
Peer_3:basic INFO 4001.000015454903: Received message <Pong:> from Peer_2:basic
Peer_3:basic INFO 4001.0000186148472: Received message <Pong:> from Peer_1:basic
Peer_3:basic INFO 5000: Sending message <Ping:> to Peer_1:basic
Peer_3:basic INFO 5000: Sending message <Ping:> to Peer_2:basic
Peer_3:basic INFO 5000: Sending message <Ping:> to Peer_2:basic
Peer_3:basic INFO 5000.500006505019: Received message <Ping:> from Peer_2:basic
Peer_3:basic INFO 5000.500006505019: Sending message <Pong:> to Peer_2:basic
Peer_3:basic INFO 5000.500009664964: Received message <Ping:> from Peer_2:basic
Peer_3:basic INFO 5000.500009664964: Sending message <Pong:> to Peer_2:basic
Peer_3:basic INFO 5000.5000128249085: Received message <Ping:> from Peer_1:basic
Peer_3:basic INFO 5000.5000128249085: Sending message <Pong:> to Peer_1:basic
Peer_3:basic INFO 5001.00001229496: Received message <Pong:> from Peer_2:basic
Peer_3:basic INFO 5001.000015454904: Received message <Pong:> from Peer_2:basic
Peer_3:basic INFO 5001.000018614849: Received message <Pong:> from Peer_1:basic
Peer_3:basic INFO 6000: Sending message <Ping:> to Peer_1:basic
Peer_3:basic INFO 6000: Sending message <Ping:> to Peer_2:basic
Peer_3:basic INFO 6000: Sending message <Ping:> to Peer_2:basic
Peer_3:basic INFO 6000.500006505019: Received message <Ping:> from Peer_2:basic
Peer_3:basic INFO 6000.500006505019: Sending message <Pong:> to Peer_2:basic
Peer_3:basic INFO 6000.500009664964: Received message <Ping:> from Peer_2:basic
Peer_3:basic INFO 6000.500009664964: Sending message <Pong:> to Peer_2:basic
Peer_3:basic INFO 6000.5000128249085: Received message <Ping:> from Peer_1:basic
Peer_3:basic INFO 6000.5000128249085: Sending message <Pong:> to Peer_1:basic
Peer_3:basic INFO 6001.00001229496: Received message <Pong:> from Peer_2:basic
Peer_3:basic INFO 6001.000015454904: Received message <Pong:> from Peer_2:basic
Peer_3:basic INFO 6001.000018614849: Received message <Pong:> from Peer_1:basic
Peer_3:basic INFO 7000: Sending message <Ping:> to Peer_1:basic
Peer_3:basic INFO 7000: Sending message <Ping:> to Peer_2:basic
Peer_3:basic INFO 7000: Sending message <Ping:> to Peer_2:basic
Peer_3:basic INFO 7000.500006505019: Received message <Ping:> from Peer_2:basic
Peer_3:basic INFO 7000.500006505019: Sending message <Pong:> to Peer_2:basic
Peer_3:basic INFO 7000.500009664964: Received message <Ping:> from Peer_2:basic
Peer_3:basic INFO 7000.500009664964: Sending message <Pong:> to Peer_2:basic
Peer_3:basic INFO 7000.5000128249085: Received message <Ping:> from Peer_1:basic
Peer_3:basic INFO 7000.5000128249085: Sending message <Pong:> to Peer_1:basic
Peer_3:basic INFO 7001.00001229496: Received message <Pong:> from Peer_2:basic
Peer_3:basic INFO 7001.000015454904: Received message <Pong:> from Peer_2:basic
Peer_3:basic INFO 7001.000018614849: Received message <Pong:> from Peer_1:basic
Peer_3:basic INFO 8000: Sending message <Ping:> to Peer_1:basic
Peer_3:basic INFO 8000: Sending message <Ping:> to Peer_2:basic
Peer_3:basic INFO 8000: Sending message <Ping:> to Peer_2:basic
Peer_3:basic INFO 8000.500006505019: Received message <Ping:> from Peer_2:basic
Peer_3:basic INFO 8000.500006505019: Sending message <Pong:> to Peer_2:basic
Peer_3:basic INFO 8000.500009664964: Received message <Ping:> from Peer_2:basic
Peer_3:basic INFO 8000.500009664964: Sending message <Pong:> to Peer_2:basic
Peer_3:basic INFO 8000.5000128249085: Received message <Ping:> from Peer_1:basic
Peer_3:basic INFO 8000.5000128249085: Sending message <Pong:> to Peer_1:basic
Peer_3:basic INFO 8001.00001229496: Received message <Pong:> from Peer_2:basic
Peer_3:basic INFO 8001.000015454904: Received message <Pong:> from Peer_2:basic
Peer_3:basic INFO 8001.000018614849: Received message <Pong:> from Peer_1:basic
Peer_3:basic INFO 9000: Sending message <Ping:> to Peer_1:basic
Peer_3:basic INFO 9000: Sending message <Ping:> to Peer_2:basic
Peer_3:basic INFO 9000: Sending message <Ping:> to Peer_2:basic
Peer_3:basic INFO 9000.500006505019: Received message <Ping:> from Peer_2:basic
Peer_3:basic INFO 9000.500006505019: Sending message <Pong:> to Peer_2:basic
Peer_3:basic INFO 9000.500009664964: Received message <Ping:> from Peer_2:basic
Peer_3:basic INFO 9000.500009664964: Sending message <Pong:> to Peer_2:basic
Peer_3:basic INFO 9000.500012824908: Received message <Ping:> from Peer_1:basic
Peer_3:basic INFO 9000.500012824908: Sending message <Pong:> to Peer_1:basic
Peer_3:basic INFO 9001.000012294959: Received message <Pong:> from Peer_2:basic
Peer_3:basic INFO 9001.000015454903: Received message <Pong:> from Peer_2:basic
Peer_3:basic INFO 9001.000018614848: Received message <Pong:> from Peer_1:basic
Peer_3:basic INFO 10000: Sending message <Ping:> to Peer_1:basic
Peer_3:basic INFO 10000: Sending message <Ping:> to Peer_2:basic
Peer_3:basic INFO 10000: Sending message <Ping:> to Peer_2:basic
Peer_3:basic INFO 10000.500006505019: Received message <Ping:> from Peer_2:basic
Peer_3:basic INFO 10000.500006505019: Sending message <Pong:> to Peer_2:basic
Peer_3:basic INFO 10000.500009664964: Received message <Ping:> from Peer_2:basic
Peer_3:basic INFO 10000.500009664964: Sending message <Pong:> to Peer_2:basic
Peer_3:basic INFO 10000.500012824908: Received message <Ping:> from Peer_1:basic
Peer_3:basic INFO 10000.500012824908: Sending message <Pong:> to Peer_1:basic
Peer_3:basic INFO 10001.000012294959: Received message <Pong:> from Peer_2:basic
Peer_3:basic INFO 10001.000015454903: Received message <Pong:> from Peer_2:basic
Peer_3:basic INFO 10001.000018614848: Received message <Pong:> from Peer_1:basic
Peer_3:basic INFO 11000: Sending message <Ping:> to Peer_1:basic
Peer_3:basic INFO 11000: Sending message <Ping:> to Peer_2:basic
Peer_3:basic INFO 11000: Sending message <Ping:> to Peer_2:basic
Peer_3:basic INFO 11000.500006505019: Received message <Ping:> from Peer_2:basic
Peer_3:basic INFO 11000.500006505019: Sending message <Pong:> to Peer_2:basic
Peer_3:basic INFO 11000.500009664964: Received message <Ping:> from Peer_2:basic
Peer_3:basic INFO 11000.500009664964: Sending message <Pong:> to Peer_2:basic
Peer_3:basic INFO 11000.500012824908: Received message <Ping:> from Peer_1:basic
Peer_3:basic INFO 11000.500012824908: Sending message <Pong:> to Peer_1:basic
Peer_3:basic INFO 11001.000012294959: Received message <Pong:> from Peer_2:basic
Peer_3:basic INFO 11001.000015454903: Received message <Pong:> from Peer_2:basic
Peer_3:basic INFO 11001.000018614848: Received message <Pong:> from Peer_1:basic
Peer_3:basic INFO 12000: Sending message <Ping:> to Peer_1:basic
Peer_3:basic INFO 12000: Sending message <Ping:> to Peer_2:basic
Peer_3:basic INFO 12000: Sending message <Ping:> to Peer_2:basic
Peer_3:basic INFO 12000.500006505019: Received message <Ping:> from Peer_2:basic
Peer_3:basic INFO 12000.500006505019: Sending message <Pong:> to Peer_2:basic
Peer_3:basic INFO 12000.500009664964: Received message <Ping:> from Peer_2:basic
Peer_3:basic INFO 12000.500009664964: Sending message <Pong:> to Peer_2:basic
Peer_3:basic INFO 12000.500012824908: Received message <Ping:> from Peer_1:basic
Peer_3:basic INFO 12000.500012824908: Sending message <Pong:> to Peer_1:basic
Peer_3:basic INFO 12001.000012294959: Received message <Pong:> from Peer_2:basic
Peer_3:basic INFO 12001.000015454903: Received message <Pong:> from Peer_2:basic
Peer_3:basic INFO 12001.000018614848: Received message <Pong:> from Peer_1:basic
Peer_3:basic INFO 13000: Sending message <Ping:> to Peer_1:basic
Peer_3:basic INFO 13000: Sending message <Ping:> to Peer_2:basic
Peer_3:basic INFO 13000: Sending message <Ping:> to Peer_2:basic
Peer_3:basic INFO 13000.500006505019: Received message <Ping:> from Peer_2:basic
Peer_3:basic INFO 13000.500006505019: Sending message <Pong:> to Peer_2:basic
Peer_3:basic INFO 13000.500009664964: Received message <Ping:> from Peer_2:basic
Peer_3:basic INFO 13000.500009664964: Sending message <Pong:> to Peer_2:basic
Peer_3:basic INFO 13000.500012824908: Received message <Ping:> from Peer_1:basic
Peer_3:basic INFO 13000.500012824908: Sending message <Pong:> to Peer_1:basic
Peer_3:basic INFO 13001.000012294959: Received message <Pong:> from Peer_2:basic
Peer_3:basic INFO 13001.000015454903: Received message <Pong:> from Peer_2:basic
Peer_3:basic INFO 13001.000018614848: Received message <Pong:> from Peer_1:basic
Peer_3:basic INFO 14000: Sending message <Ping:> to Peer_1:basic
Peer_3:basic INFO 14000: Sending message <Ping:> to Peer_2:basic
Peer_3:basic INFO 14000: Sending message <Ping:> to Peer_2:basic
Peer_3:basic INFO 14000.500006505019: Received message <Ping:> from Peer_2:basic
Peer_3:basic INFO 14000.500006505019: Sending message <Pong:> to Peer_2:basic
Peer_3:basic INFO 14000.500009664964: Received message <Ping:> from Peer_2:basic
Peer_3:basic INFO 14000.500009664964: Sending message <Pong:> to Peer_2:basic
Peer_3:basic INFO 14000.500012824908: Received message <Ping:> from Peer_1:basic
Peer_3:basic INFO 14000.500012824908: Sending message <Pong:> to Peer_1:basic
Peer_3:basic INFO 14001.000012294959: Received message <Pong:> from Peer_2:basic
Peer_3:basic INFO 14001.000015454903: Received message <Pong:> from Peer_2:basic
Peer_3:basic INFO 14001.000018614848: Received message <Pong:> from Peer_1:basic
