Peer_7:basic WARNING 0: Not enough peers, fetching more (0, 1)
Peer_7:basic INFO 0.12646619252475017: Connecting to Peer_8:basic
Peer_7:basic INFO 0.49025235076613716: Received message <Hello:> from Peer_8:basic
Peer_7:basic INFO 0.5416242902446673: Received message <Hello:> from Peer_8:basic
Peer_7:basic INFO 0.8836962122572587: Connecting to Peer_4:basic
Peer_7:basic INFO 1.0926768050390498: Received message <RequestPeers:> from Peer_4:basic
Peer_7:basic INFO 1.0926768050390498: Sending message <PeerList> to Peer_4:basic
Peer_7:basic INFO 1.3483069554576252: Received message <Hello:> from Peer_4:basic
Peer_7:basic INFO 1.938743214069558: Received message <RequestPeers:> from Peer_8:basic
Peer_7:basic INFO 1.938743214069558: Sending message <PeerList> to Peer_8:basic
Peer_7:basic INFO 2.235094656171555: Received message <Hello:> from Peer_4:basic
Peer_7:basic INFO 3.5974026102770376: Connecting to Peer_1:basic
Peer_7:basic INFO 4.643990529964297: Connecting to Peer_2:basic
Peer_7:basic INFO 5.98495539808877: Connecting to Peer_2:basic
Peer_7:basic INFO 6.879093921561552: Connecting to Peer_9:basic
Peer_7:basic INFO 10.000006300031037: Received message <Hello:> from Peer_9:basic
Peer_7:basic INFO 10.000009650891098: Received message <Hello:> from Peer_2:basic
Peer_7:basic INFO 10.000013001751158: Received message <Hello:> from Peer_2:basic
Peer_7:basic INFO 10.000016352611219: Received message <Hello:> from Peer_1:basic
Peer_7:basic INFO 13.597410318939692: Received message <Hello:> from Peer_1:basic
Peer_7:basic INFO 13.597413669799753: Received message <RequestPeers:> from Peer_1:basic
Peer_7:basic INFO 13.597413669799753: Sending message <PeerList> to Peer_1:basic
Peer_7:basic INFO 14.643997225898428: Received message <Hello:> from Peer_2:basic
Peer_7:basic INFO 14.644000576758488: Received message <RequestPeers:> from Peer_2:basic
Peer_7:basic INFO 14.644000576758488: Sending message <PeerList> to Peer_2:basic
Peer_7:basic INFO 15.984962160895003: Received message <Hello:> from Peer_2:basic
Peer_7:basic INFO 15.984965511755064: Received message <RequestPeers:> from Peer_2:basic
Peer_7:basic INFO 15.984965511755064: Sending message <PeerList> to Peer_2:basic
Peer_7:basic INFO 16.87910022159259: Received message <Hello:> from Peer_9:basic
Peer_7:basic INFO 16.879103572452653: Received message <RequestPeers:> from Peer_9:basic
Peer_7:basic INFO 16.879103572452653: Sending message <PeerList> to Peer_9:basic
Peer_7:basic WARNING 500: Too many peers connected (6, 3)
Peer_7:basic WARNING 1000: Too many peers connected (6, 3)
Peer_7:basic INFO 1000: Sending message <Ping:> to Peer_8:basic
Peer_7:basic INFO 1000: Sending message <Ping:> to Peer_4:basic
Peer_7:basic INFO 1000: Sending message <Ping:> to Peer_1:basic
Peer_7:basic INFO 1000: Sending message <Ping:> to Peer_2:basic
Peer_7:basic INFO 1000: Sending message <Ping:> to Peer_2:basic
Peer_7:basic INFO 1000: Sending message <Ping:> to Peer_9:basic
Peer_7:basic INFO 1000.1206562753821: Received message <Ping:> from Peer_8:basic
Peer_7:basic INFO 1000.1206562753821: Sending message <Pong:> to Peer_8:basic
Peer_7:basic INFO 1001.1409052698954: Received message <Ping:> from Peer_4:basic
Peer_7:basic INFO 1001.1409052698954: Sending message <Pong:> to Peer_4:basic
Peer_7:basic INFO 1001.9190396762203: Received message <Pong:> from Peer_8:basic
Peer_7:basic INFO 1002.9061092099228: Received message <Pong:> from Peer_4:basic
Peer_7:basic INFO 1010.000006300031: Received message <Ping:> from Peer_9:basic
Peer_7:basic INFO 1010.000006300031: Sending message <Pong:> to Peer_9:basic
Peer_7:basic INFO 1010.0000096508911: Received message <Ping:> from Peer_2:basic
Peer_7:basic INFO 1010.0000096508911: Sending message <Pong:> to Peer_2:basic
Peer_7:basic INFO 1010.0000130017512: Received message <Ping:> from Peer_2:basic
Peer_7:basic INFO 1010.0000130017512: Sending message <Pong:> to Peer_2:basic
Peer_7:basic INFO 1010.0000163526113: Received message <Ping:> from Peer_1:basic
Peer_7:basic INFO 1010.0000163526113: Sending message <Pong:> to Peer_1:basic
Peer_7:basic INFO 1012.5384127447508: Received message <Pong:> from Peer_9:basic
Peer_7:basic INFO 1014.4252825400515: Received message <Pong:> from Peer_2:basic
Peer_7:basic INFO 1014.735622966349: Received message <Pong:> from Peer_2:basic
Peer_7:basic INFO 1015.560135607255: Received message <Pong:> from Peer_1:basic
Peer_7:basic WARNING 1500: Too many peers connected (6, 3)
Peer_7:basic WARNING 2000: Too many peers connected (6, 3)
Peer_7:basic INFO 2000: Sending message <Ping:> to Peer_8:basic
Peer_7:basic INFO 2000: Sending message <Ping:> to Peer_4:basic
Peer_7:basic INFO 2000: Sending message <Ping:> to Peer_1:basic
Peer_7:basic INFO 2000: Sending message <Ping:> to Peer_2:basic
Peer_7:basic INFO 2000: Sending message <Ping:> to Peer_2:basic
Peer_7:basic INFO 2000: Sending message <Ping:> to Peer_9:basic
Peer_7:basic INFO 2001.0340787387584: Received message <Ping:> from Peer_8:basic
Peer_7:basic INFO 2001.0340787387584: Sending message <Pong:> to Peer_8:basic
Peer_7:basic INFO 2001.1462858657846: Received message <Ping:> from Peer_4:basic
Peer_7:basic INFO 2001.1462858657846: Sending message <Pong:> to Peer_4:basic
Peer_7:basic INFO 2001.8292592683806: Received message <Pong:> from Peer_4:basic
Peer_7:basic INFO 2002.7807215388948: Received message <Pong:> from Peer_8:basic
Peer_7:basic INFO 2010.000006300031: Received message <Ping:> from Peer_9:basic
Peer_7:basic INFO 2010.000006300031: Sending message <Pong:> to Peer_9:basic
Peer_7:basic INFO 2010.000009650891: Received message <Ping:> from Peer_2:basic
Peer_7:basic INFO 2010.000009650891: Sending message <Pong:> to Peer_2:basic
Peer_7:basic INFO 2010.0000130017509: Received message <Ping:> from Peer_2:basic
Peer_7:basic INFO 2010.0000130017509: Sending message <Pong:> to Peer_2:basic
Peer_7:basic INFO 2010.0000163526108: Received message <Ping:> from Peer_1:basic
Peer_7:basic INFO 2010.0000163526108: Sending message <Pong:> to Peer_1:basic
Peer_7:basic INFO 2013.5650738605825: Received message <Pong:> from Peer_2:basic
Peer_7:basic INFO 2013.5837648447784: Received message <Pong:> from Peer_1:basic
Peer_7:basic INFO 2014.0431696207802: Received message <Pong:> from Peer_2:basic
Peer_7:basic INFO 2014.8930030515828: Received message <Pong:> from Peer_9:basic
Peer_7:basic WARNING 2500: Too many peers connected (6, 3)
Peer_7:basic WARNING 3000: Too many peers connected (6, 3)
Peer_7:basic INFO 3000: Sending message <Ping:> to Peer_8:basic
Peer_7:basic INFO 3000: Sending message <Ping:> to Peer_4:basic
Peer_7:basic INFO 3000: Sending message <Ping:> to Peer_1:basic
Peer_7:basic INFO 3000: Sending message <Ping:> to Peer_2:basic
Peer_7:basic INFO 3000: Sending message <Ping:> to Peer_2:basic
Peer_7:basic INFO 3000: Sending message <Ping:> to Peer_9:basic
Peer_7:basic INFO 3000.7691332212435: Received message <Pong:> from Peer_4:basic
Peer_7:basic INFO 3000.9141974881454: Received message <Ping:> from Peer_8:basic
Peer_7:basic INFO 3000.9141974881454: Sending message <Pong:> to Peer_8:basic
Peer_7:basic INFO 3001.773189448577: Received message <Pong:> from Peer_8:basic
Peer_7:basic INFO 3001.8965207117276: Received message <Ping:> from Peer_4:basic
Peer_7:basic INFO 3001.8965207117276: Sending message <Pong:> to Peer_4:basic
Peer_7:basic INFO 3010.000006300031: Received message <Ping:> from Peer_9:basic
Peer_7:basic INFO 3010.000006300031: Sending message <Pong:> to Peer_9:basic
Peer_7:basic INFO 3010.000009650891: Received message <Ping:> from Peer_2:basic
Peer_7:basic INFO 3010.000009650891: Sending message <Pong:> to Peer_2:basic
Peer_7:basic INFO 3010.000013001751: Received message <Ping:> from Peer_2:basic
Peer_7:basic INFO 3010.000013001751: Sending message <Pong:> to Peer_2:basic
Peer_7:basic INFO 3010.000016352611: Received message <Ping:> from Peer_1:basic
Peer_7:basic INFO 3010.000016352611: Sending message <Pong:> to Peer_1:basic
Peer_7:basic INFO 3014.2236101975727: Received message <Pong:> from Peer_9:basic
Peer_7:basic INFO 3015.4516634875395: Received message <Pong:> from Peer_2:basic
Peer_7:basic INFO 3015.7920967942314: Received message <Pong:> from Peer_1:basic
Peer_7:basic INFO 3015.913864753696: Received message <Pong:> from Peer_2:basic
Peer_7:basic WARNING 3500: Too many peers connected (6, 3)
Peer_7:basic WARNING 3500: Peer_1:basic too slow
Peer_7:basic WARNING 3500: Breaking connection with Peer_1:basic
Peer_7:basic WARNING 3500: Peer_2:basic too slow
Peer_7:basic WARNING 3500: Breaking connection with Peer_2:basic
Peer_7:basic WARNING 3500: Peer_2:basic too slow
Peer_7:basic WARNING 3500: Breaking connection with Peer_2:basic
Peer_7:basic INFO 4000: Sending message <Ping:> to Peer_8:basic
Peer_7:basic INFO 4000: Sending message <Ping:> to Peer_4:basic
Peer_7:basic INFO 4000: Sending message <Ping:> to Peer_9:basic
Peer_7:basic INFO 4000.2748916624155: Received message <Ping:> from Peer_8:basic
Peer_7:basic INFO 4000.2748916624155: Sending message <Pong:> to Peer_8:basic
Peer_7:basic INFO 4001.0535222083286: Received message <Ping:> from Peer_4:basic
Peer_7:basic INFO 4001.0535222083286: Sending message <Pong:> to Peer_4:basic
Peer_7:basic INFO 4001.2563448168175: Received message <Pong:> from Peer_8:basic
Peer_7:basic INFO 4001.612393978896: Received message <Pong:> from Peer_4:basic
Peer_7:basic INFO 4010.000006300031: Received message <Ping:> from Peer_9:basic
Peer_7:basic INFO 4010.000006300031: Sending message <Pong:> to Peer_9:basic
Peer_7:basic INFO 4014.8496261479777: Received message <Pong:> from Peer_9:basic
Peer_7:basic INFO 5000: Sending message <Ping:> to Peer_8:basic
Peer_7:basic INFO 5000: Sending message <Ping:> to Peer_4:basic
Peer_7:basic INFO 5000: Sending message <Ping:> to Peer_9:basic
Peer_7:basic INFO 5000.8723486315375: Received message <Ping:> from Peer_8:basic
Peer_7:basic INFO 5000.8723486315375: Sending message <Pong:> to Peer_8:basic
Peer_7:basic INFO 5000.898536697273: Received message <Ping:> from Peer_4:basic
Peer_7:basic INFO 5000.898536697273: Sending message <Pong:> to Peer_4:basic
Peer_7:basic INFO 5002.6772077714: Received message <Pong:> from Peer_8:basic
Peer_7:basic INFO 5003.695318483726: Received message <Pong:> from Peer_4:basic
Peer_7:basic INFO 5010.000006300032: Received message <Ping:> from Peer_9:basic
Peer_7:basic INFO 5010.000006300032: Sending message <Pong:> to Peer_9:basic
Peer_7:basic INFO 5012.817650283571: Received message <Pong:> from Peer_9:basic
Peer_7:basic INFO 6000: Sending message <Ping:> to Peer_8:basic
Peer_7:basic INFO 6000: Sending message <Ping:> to Peer_4:basic
Peer_7:basic INFO 6000: Sending message <Ping:> to Peer_9:basic
Peer_7:basic INFO 6000.391858607187: Received message <Ping:> from Peer_4:basic
Peer_7:basic INFO 6000.391858607187: Sending message <Pong:> to Peer_4:basic
Peer_7:basic INFO 6001.26995151886: Received message <Ping:> from Peer_8:basic
Peer_7:basic INFO 6001.26995151886: Sending message <Pong:> to Peer_8:basic
Peer_7:basic INFO 6001.615806096308: Received message <Pong:> from Peer_8:basic
Peer_7:basic INFO 6002.107229244318: Received message <Pong:> from Peer_4:basic
Peer_7:basic INFO 6010.000006300032: Received message <Ping:> from Peer_9:basic
Peer_7:basic INFO 6010.000006300032: Sending message <Pong:> to Peer_9:basic
Peer_7:basic INFO 6013.768469898854: Received message <Pong:> from Peer_9:basic
Peer_7:basic INFO 7000: Sending message <Ping:> to Peer_8:basic
Peer_7:basic INFO 7000: Sending message <Ping:> to Peer_4:basic
Peer_7:basic INFO 7000: Sending message <Ping:> to Peer_9:basic
Peer_7:basic INFO 7000.077923440718: Received message <Ping:> from Peer_4:basic
Peer_7:basic INFO 7000.077923440718: Sending message <Pong:> to Peer_4:basic
Peer_7:basic INFO 7000.891807008033: Received message <Pong:> from Peer_8:basic
Peer_7:basic INFO 7002.032790509408: Received message <Ping:> from Peer_8:basic
Peer_7:basic INFO 7002.032790509408: Sending message <Pong:> to Peer_8:basic
Peer_7:basic INFO 7002.254608287603: Received message <Pong:> from Peer_4:basic
Peer_7:basic INFO 7010.000006300032: Received message <Ping:> from Peer_9:basic
Peer_7:basic INFO 7010.000006300032: Sending message <Pong:> to Peer_9:basic
Peer_7:basic INFO 7015.193302619731: Received message <Pong:> from Peer_9:basic
Peer_7:basic INFO 8000: Sending message <Ping:> to Peer_8:basic
Peer_7:basic INFO 8000: Sending message <Ping:> to Peer_4:basic
Peer_7:basic INFO 8000: Sending message <Ping:> to Peer_9:basic
Peer_7:basic INFO 8000.356765201991: Received message <Ping:> from Peer_4:basic
Peer_7:basic INFO 8000.356765201991: Sending message <Pong:> to Peer_4:basic
Peer_7:basic INFO 8001.333749221967: Received message <Pong:> from Peer_8:basic
Peer_7:basic INFO 8001.881298958043: Received message <Pong:> from Peer_4:basic
Peer_7:basic INFO 8002.036256143546: Received message <Ping:> from Peer_8:basic
Peer_7:basic INFO 8002.036256143546: Sending message <Pong:> to Peer_8:basic
Peer_7:basic INFO 8010.000006300032: Received message <Ping:> from Peer_9:basic
Peer_7:basic INFO 8010.000006300032: Sending message <Pong:> to Peer_9:basic
Peer_7:basic INFO 8017.247127862111: Received message <Pong:> from Peer_9:basic
Peer_7:basic INFO 9000: Sending message <Ping:> to Peer_8:basic
Peer_7:basic INFO 9000: Sending message <Ping:> to Peer_4:basic
Peer_7:basic INFO 9000: Sending message <Ping:> to Peer_9:basic
Peer_7:basic INFO 9000.12830447287: Received message <Ping:> from Peer_8:basic
Peer_7:basic INFO 9000.12830447287: Sending message <Pong:> to Peer_8:basic
Peer_7:basic INFO 9000.610805228296: Received message <Ping:> from Peer_4:basic
Peer_7:basic INFO 9000.610805228296: Sending message <Pong:> to Peer_4:basic
Peer_7:basic INFO 9001.055384251693: Received message <Pong:> from Peer_8:basic
Peer_7:basic INFO 9001.40872677849: Received message <Pong:> from Peer_4:basic
Peer_7:basic INFO 9010.000006300032: Received message <Ping:> from Peer_9:basic
Peer_7:basic INFO 9010.000006300032: Sending message <Pong:> to Peer_9:basic
Peer_7:basic INFO 9013.576314748912: Received message <Pong:> from Peer_9:basic
Peer_7:basic INFO 10000: Sending message <Ping:> to Peer_8:basic
Peer_7:basic INFO 10000: Sending message <Ping:> to Peer_4:basic
Peer_7:basic INFO 10000: Sending message <Ping:> to Peer_9:basic
Peer_7:basic INFO 10000.165348492825: Received message <Ping:> from Peer_4:basic
Peer_7:basic INFO 10000.165348492825: Sending message <Pong:> to Peer_4:basic
Peer_7:basic INFO 10001.568596295932: Received message <Ping:> from Peer_8:basic
Peer_7:basic INFO 10001.568596295932: Sending message <Pong:> to Peer_8:basic
Peer_7:basic INFO 10001.746691725377: Received message <Pong:> from Peer_4:basic
Peer_7:basic INFO 10003.403728474252: Received message <Pong:> from Peer_8:basic
Peer_7:basic INFO 10010.000006300032: Received message <Ping:> from Peer_9:basic
Peer_7:basic INFO 10010.000006300032: Sending message <Pong:> to Peer_9:basic
Peer_7:basic INFO 10015.957256711741: Received message <Pong:> from Peer_9:basic
Peer_7:basic INFO 11000: Sending message <Ping:> to Peer_8:basic
Peer_7:basic INFO 11000: Sending message <Ping:> to Peer_4:basic
Peer_7:basic INFO 11000: Sending message <Ping:> to Peer_9:basic
Peer_7:basic INFO 11000.086383429121: Received message <Ping:> from Peer_8:basic
Peer_7:basic INFO 11000.086383429121: Sending message <Pong:> to Peer_8:basic
Peer_7:basic INFO 11001.048503012404: Received message <Ping:> from Peer_4:basic
Peer_7:basic INFO 11001.048503012404: Sending message <Pong:> to Peer_4:basic
Peer_7:basic INFO 11001.15818722671: Received message <Pong:> from Peer_8:basic
Peer_7:basic INFO 11003.99458051709: Received message <Pong:> from Peer_4:basic
Peer_7:basic INFO 11010.000006300032: Received message <Ping:> from Peer_9:basic
Peer_7:basic INFO 11010.000006300032: Sending message <Pong:> to Peer_9:basic
Peer_7:basic INFO 11014.906678231113: Received message <Pong:> from Peer_9:basic
Peer_7:basic INFO 12000: Sending message <Ping:> to Peer_8:basic
Peer_7:basic INFO 12000: Sending message <Ping:> to Peer_4:basic
Peer_7:basic INFO 12000: Sending message <Ping:> to Peer_9:basic
Peer_7:basic INFO 12000.329269334083: Received message <Ping:> from Peer_4:basic
Peer_7:basic INFO 12000.329269334083: Sending message <Pong:> to Peer_4:basic
Peer_7:basic INFO 12000.627086798313: Received message <Ping:> from Peer_8:basic
Peer_7:basic INFO 12000.627086798313: Sending message <Pong:> to Peer_8:basic
Peer_7:basic INFO 12001.55323101163: Received message <Pong:> from Peer_8:basic
Peer_7:basic INFO 12001.651761825538: Received message <Pong:> from Peer_4:basic
Peer_7:basic INFO 12010.000006300032: Received message <Ping:> from Peer_9:basic
Peer_7:basic INFO 12010.000006300032: Sending message <Pong:> to Peer_9:basic
Peer_7:basic INFO 12015.337205443468: Received message <Pong:> from Peer_9:basic
Peer_7:basic INFO 13000: Sending message <Ping:> to Peer_8:basic
Peer_7:basic INFO 13000: Sending message <Ping:> to Peer_4:basic
Peer_7:basic INFO 13000: Sending message <Ping:> to Peer_9:basic
Peer_7:basic INFO 13000.61516241752: Received message <Ping:> from Peer_8:basic
Peer_7:basic INFO 13000.61516241752: Sending message <Pong:> to Peer_8:basic
Peer_7:basic INFO 13000.69639755998: Received message <Ping:> from Peer_4:basic
Peer_7:basic INFO 13000.69639755998: Sending message <Pong:> to Peer_4:basic
Peer_7:basic INFO 13001.452734735556: Received message <Pong:> from Peer_4:basic
Peer_7:basic INFO 13001.54293585362: Received message <Pong:> from Peer_8:basic
Peer_7:basic INFO 13010.000006300032: Received message <Ping:> from Peer_9:basic
Peer_7:basic INFO 13010.000006300032: Sending message <Pong:> to Peer_9:basic
Peer_7:basic INFO 13013.975623530323: Received message <Pong:> from Peer_9:basic
Peer_7:basic INFO 14000: Sending message <Ping:> to Peer_8:basic
Peer_7:basic INFO 14000: Sending message <Ping:> to Peer_4:basic
Peer_7:basic INFO 14000: Sending message <Ping:> to Peer_9:basic
Peer_7:basic INFO 14000.354872870965: Received message <Ping:> from Peer_8:basic
Peer_7:basic INFO 14000.354872870965: Sending message <Pong:> to Peer_8:basic
Peer_7:basic INFO 14000.790136891865: Received message <Ping:> from Peer_4:basic
Peer_7:basic INFO 14000.790136891865: Sending message <Pong:> to Peer_4:basic
Peer_7:basic INFO 14002.262099556256: Received message <Pong:> from Peer_4:basic
Peer_7:basic INFO 14004.092148515385: Received message <Pong:> from Peer_8:basic
Peer_7:basic INFO 14010.000006300032: Received message <Ping:> from Peer_9:basic
Peer_7:basic INFO 14010.000006300032: Sending message <Pong:> to Peer_9:basic
Peer_7:basic INFO 14015.06210658441: Received message <Pong:> from Peer_9:basic
