Peer_9:basic WARNING 0: Not enough peers, fetching more (0, 1)
Peer_9:basic INFO 0.5000055216335537: Connecting to Peer_2:basic
Peer_9:basic INFO 0.5000061091153024: Connecting to Peer_3:basic
Peer_9:basic INFO 0.5000064398785881: Connecting to Peer_2:basic
Peer_9:basic INFO 0.5000068695143205: Received message <Hello:> from Peer_3:basic
Peer_9:basic INFO 0.5000073625706429: Connecting to Peer_6:basic
Peer_9:basic INFO 0.5000105215510766: Received message <Hello:> from Peer_2:basic
Peer_9:basic INFO 0.5000141735878327: Received message <Hello:> from Peer_2:basic
Peer_9:basic INFO 0.5000178256245889: Received message <Hello:> from Peer_6:basic
Peer_9:basic INFO 1.0000125187443798: Received message <Hello:> from Peer_2:basic
Peer_9:basic INFO 1.000016170781136: Received message <RequestPeers:> from Peer_2:basic
Peer_9:basic INFO 1.000016170781136: Sending message <PeerList> to Peer_2:basic
Peer_9:basic INFO 1.000019822817892: Received message <Hello:> from Peer_3:basic
Peer_9:basic INFO 1.0000234748546482: Received message <RequestPeers:> from Peer_3:basic
Peer_9:basic INFO 1.0000234748546482: Sending message <PeerList> to Peer_3:basic
Peer_9:basic INFO 1.0000271268914043: Received message <Hello:> from Peer_2:basic
Peer_9:basic INFO 1.0000307789281604: Received message <RequestPeers:> from Peer_2:basic
Peer_9:basic INFO 1.0000307789281604: Sending message <PeerList> to Peer_2:basic
Peer_9:basic INFO 1.0000344309649165: Received message <Hello:> from Peer_6:basic
Peer_9:basic INFO 1.0000380830016726: Received message <RequestPeers:> from Peer_6:basic
Peer_9:basic INFO 1.0000380830016726: Sending message <PeerList> to Peer_6:basic
Peer_9:basic INFO 6.879093921561552: Received message <Hello:> from Peer_7:basic
Peer_9:basic INFO 6.879093921561552: Connecting to Peer_7:basic
Peer_9:basic INFO 6.879093921561552: Sending message <Hello:> to Peer_7:basic
Peer_9:basic INFO 6.879093921561552: Sending message <RequestPeers:> to Peer_7:basic
Peer_9:basic INFO 22.200454385956334: Received message <PeerList> from Peer_7:basic
Peer_9:basic WARNING 500: Too many peers connected (5, 3)
Peer_9:basic WARNING 1000: Too many peers connected (5, 3)
Peer_9:basic INFO 1000: Sending message <Ping:> to Peer_2:basic
Peer_9:basic INFO 1000: Sending message <Ping:> to Peer_3:basic
Peer_9:basic INFO 1000: Sending message <Ping:> to Peer_2:basic
Peer_9:basic INFO 1000: Sending message <Ping:> to Peer_6:basic
Peer_9:basic INFO 1000: Sending message <Ping:> to Peer_7:basic
Peer_9:basic INFO 1000.5000068695143: Received message <Ping:> from Peer_3:basic
Peer_9:basic INFO 1000.5000068695143: Sending message <Pong:> to Peer_3:basic
Peer_9:basic INFO 1000.5000105215511: Received message <Ping:> from Peer_2:basic
Peer_9:basic INFO 1000.5000105215511: Sending message <Pong:> to Peer_2:basic
Peer_9:basic INFO 1000.5000141735878: Received message <Ping:> from Peer_2:basic
Peer_9:basic INFO 1000.5000141735878: Sending message <Pong:> to Peer_2:basic
Peer_9:basic INFO 1000.5000178256246: Received message <Ping:> from Peer_6:basic
Peer_9:basic INFO 1000.5000178256246: Sending message <Pong:> to Peer_6:basic
Peer_9:basic INFO 1001.0000125187444: Received message <Pong:> from Peer_2:basic
Peer_9:basic INFO 1001.0000161707811: Received message <Pong:> from Peer_3:basic
Peer_9:basic INFO 1001.0000198228179: Received message <Pong:> from Peer_2:basic
Peer_9:basic INFO 1001.0000234748546: Received message <Pong:> from Peer_6:basic
Peer_9:basic INFO 1002.5384064447197: Received message <Ping:> from Peer_7:basic
Peer_9:basic INFO 1002.5384064447197: Sending message <Pong:> to Peer_7:basic
Peer_9:basic INFO 1017.6331587846847: Received message <Pong:> from Peer_7:basic
Peer_9:basic WARNING 1500: Too many peers connected (5, 3)
Peer_9:basic WARNING 2000: Too many peers connected (5, 3)
Peer_9:basic INFO 2000: Sending message <Ping:> to Peer_2:basic
Peer_9:basic INFO 2000: Sending message <Ping:> to Peer_3:basic
Peer_9:basic INFO 2000: Sending message <Ping:> to Peer_2:basic
Peer_9:basic INFO 2000: Sending message <Ping:> to Peer_6:basic
Peer_9:basic INFO 2000: Sending message <Ping:> to Peer_7:basic
Peer_9:basic INFO 2000.5000068695144: Received message <Ping:> from Peer_3:basic
Peer_9:basic INFO 2000.5000068695144: Sending message <Pong:> to Peer_3:basic
Peer_9:basic INFO 2000.5000105215513: Received message <Ping:> from Peer_2:basic
Peer_9:basic INFO 2000.5000105215513: Sending message <Pong:> to Peer_2:basic
Peer_9:basic INFO 2000.5000141735882: Received message <Ping:> from Peer_2:basic
Peer_9:basic INFO 2000.5000141735882: Sending message <Pong:> to Peer_2:basic
Peer_9:basic INFO 2000.500017825625: Received message <Ping:> from Peer_6:basic
Peer_9:basic INFO 2000.500017825625: Sending message <Pong:> to Peer_6:basic
Peer_9:basic INFO 2001.0000125187444: Received message <Pong:> from Peer_2:basic
Peer_9:basic INFO 2001.0000161707812: Received message <Pong:> from Peer_3:basic
Peer_9:basic INFO 2001.000019822818: Received message <Pong:> from Peer_2:basic
Peer_9:basic INFO 2001.000023474855: Received message <Pong:> from Peer_6:basic
Peer_9:basic INFO 2004.892996751552: Received message <Ping:> from Peer_7:basic
Peer_9:basic INFO 2004.892996751552: Sending message <Pong:> to Peer_7:basic
Peer_9:basic INFO 2014.2696395443277: Received message <Pong:> from Peer_7:basic
Peer_9:basic WARNING 2500: Too many peers connected (5, 3)
Peer_9:basic WARNING 3000: Too many peers connected (5, 3)
Peer_9:basic INFO 3000: Sending message <Ping:> to Peer_2:basic
Peer_9:basic INFO 3000: Sending message <Ping:> to Peer_3:basic
Peer_9:basic INFO 3000: Sending message <Ping:> to Peer_2:basic
Peer_9:basic INFO 3000: Sending message <Ping:> to Peer_6:basic
Peer_9:basic INFO 3000: Sending message <Ping:> to Peer_7:basic
Peer_9:basic INFO 3000.5000068695144: Received message <Ping:> from Peer_3:basic
Peer_9:basic INFO 3000.5000068695144: Sending message <Pong:> to Peer_3:basic
Peer_9:basic INFO 3000.5000105215513: Received message <Ping:> from Peer_2:basic
Peer_9:basic INFO 3000.5000105215513: Sending message <Pong:> to Peer_2:basic
Peer_9:basic INFO 3000.500014173588: Received message <Ping:> from Peer_2:basic
Peer_9:basic INFO 3000.500014173588: Sending message <Pong:> to Peer_2:basic
Peer_9:basic INFO 3000.500017825625: Received message <Ping:> from Peer_6:basic
Peer_9:basic INFO 3000.500017825625: Sending message <Pong:> to Peer_6:basic
Peer_9:basic INFO 3001.000012518745: Received message <Pong:> from Peer_2:basic
Peer_9:basic INFO 3001.0000161707817: Received message <Pong:> from Peer_3:basic
Peer_9:basic INFO 3001.0000198228186: Received message <Pong:> from Peer_2:basic
Peer_9:basic INFO 3001.0000234748554: Received message <Pong:> from Peer_6:basic
Peer_9:basic INFO 3004.2236038975416: Received message <Ping:> from Peer_7:basic
Peer_9:basic INFO 3004.2236038975416: Sending message <Pong:> to Peer_7:basic
Peer_9:basic INFO 3013.283119152115: Received message <Pong:> from Peer_7:basic
Peer_9:basic WARNING 3500: Breaking connection with Peer_2:basic
Peer_9:basic WARNING 3500: Breaking connection with Peer_2:basic
Peer_9:basic WARNING 3500: Breaking connection with Peer_3:basic
Peer_9:basic INFO 4000: Sending message <Ping:> to Peer_6:basic
Peer_9:basic INFO 4000: Sending message <Ping:> to Peer_7:basic
Peer_9:basic INFO 4000.5000074337727: Received message <Ping:> from Peer_6:basic
Peer_9:basic INFO 4000.5000074337727: Sending message <Pong:> to Peer_6:basic
Peer_9:basic INFO 4001.0000147963437: Received message <Pong:> from Peer_6:basic
Peer_9:basic INFO 4004.8496198479465: Received message <Ping:> from Peer_7:basic
Peer_9:basic INFO 4004.8496198479465: Sending message <Pong:> to Peer_7:basic
Peer_9:basic INFO 4015.0571273312785: Received message <Pong:> from Peer_7:basic
Peer_9:basic INFO 5000: Sending message <Ping:> to Peer_6:basic
Peer_9:basic INFO 5000: Sending message <Ping:> to Peer_7:basic
Peer_9:basic INFO 5000.500007433772: Received message <Ping:> from Peer_6:basic
Peer_9:basic INFO 5000.500007433772: Sending message <Pong:> to Peer_6:basic
Peer_9:basic INFO 5001.000014796343: Received message <Pong:> from Peer_6:basic
Peer_9:basic INFO 5002.81764398354: Received message <Ping:> from Peer_7:basic
Peer_9:basic INFO 5002.81764398354: Sending message <Pong:> to Peer_7:basic
Peer_9:basic INFO 5015.383237799151: Received message <Pong:> from Peer_7:basic
Peer_9:basic INFO 6000: Sending message <Ping:> to Peer_6:basic
Peer_9:basic INFO 6000: Sending message <Ping:> to Peer_7:basic
Peer_9:basic INFO 6000.500007433772: Received message <Ping:> from Peer_6:basic
Peer_9:basic INFO 6000.500007433772: Sending message <Pong:> to Peer_6:basic
Peer_9:basic INFO 6001.000014796343: Received message <Pong:> from Peer_6:basic
Peer_9:basic INFO 6003.768463598823: Received message <Ping:> from Peer_7:basic
Peer_9:basic INFO 6003.768463598823: Sending message <Pong:> to Peer_7:basic
Peer_9:basic INFO 6013.642853819648: Received message <Pong:> from Peer_7:basic
Peer_9:basic INFO 7000: Sending message <Ping:> to Peer_6:basic
Peer_9:basic INFO 7000: Sending message <Ping:> to Peer_7:basic
Peer_9:basic INFO 7000.500007433772: Received message <Ping:> from Peer_6:basic
Peer_9:basic INFO 7000.500007433772: Sending message <Pong:> to Peer_6:basic
Peer_9:basic INFO 7001.000014796343: Received message <Pong:> from Peer_6:basic
Peer_9:basic INFO 7005.1932963197: Received message <Ping:> from Peer_7:basic
Peer_9:basic INFO 7005.1932963197: Sending message <Pong:> to Peer_7:basic
Peer_9:basic INFO 7016.127055887439: Received message <Pong:> from Peer_7:basic
Peer_9:basic INFO 8000: Sending message <Ping:> to Peer_6:basic
Peer_9:basic INFO 8000: Sending message <Ping:> to Peer_7:basic
Peer_9:basic INFO 8000.500007433772: Received message <Ping:> from Peer_6:basic
Peer_9:basic INFO 8000.500007433772: Sending message <Pong:> to Peer_6:basic
Peer_9:basic INFO 8001.000014796343: Received message <Pong:> from Peer_6:basic
Peer_9:basic INFO 8007.247121562079: Received message <Ping:> from Peer_7:basic
Peer_9:basic INFO 8007.247121562079: Sending message <Pong:> to Peer_7:basic
Peer_9:basic INFO 8015.137518789128: Received message <Pong:> from Peer_7:basic
Peer_9:basic INFO 9000: Sending message <Ping:> to Peer_6:basic
Peer_9:basic INFO 9000: Sending message <Ping:> to Peer_7:basic
Peer_9:basic INFO 9000.500007433771: Received message <Ping:> from Peer_6:basic
Peer_9:basic INFO 9000.500007433771: Sending message <Pong:> to Peer_6:basic
Peer_9:basic INFO 9001.000014796342: Received message <Pong:> from Peer_6:basic
Peer_9:basic INFO 9003.57630844888: Received message <Ping:> from Peer_7:basic
Peer_9:basic INFO 9003.57630844888: Sending message <Pong:> to Peer_7:basic
Peer_9:basic INFO 9016.09548402337: Received message <Pong:> from Peer_7:basic
Peer_9:basic INFO 10000: Sending message <Ping:> to Peer_6:basic
Peer_9:basic INFO 10000: Sending message <Ping:> to Peer_7:basic
Peer_9:basic INFO 10000.500007433771: Received message <Ping:> from Peer_6:basic
Peer_9:basic INFO 10000.500007433771: Sending message <Pong:> to Peer_6:basic
Peer_9:basic INFO 10001.000014796342: Received message <Pong:> from Peer_6:basic
Peer_9:basic INFO 10005.95725041171: Received message <Ping:> from Peer_7:basic
Peer_9:basic INFO 10005.95725041171: Sending message <Pong:> to Peer_7:basic
Peer_9:basic INFO 10014.70628404095: Received message <Pong:> from Peer_7:basic
Peer_9:basic INFO 11000: Sending message <Ping:> to Peer_6:basic
Peer_9:basic INFO 11000: Sending message <Ping:> to Peer_7:basic
Peer_9:basic INFO 11000.500007433771: Received message <Ping:> from Peer_6:basic
Peer_9:basic INFO 11000.500007433771: Sending message <Pong:> to Peer_6:basic
Peer_9:basic INFO 11001.000014796342: Received message <Pong:> from Peer_6:basic
Peer_9:basic INFO 11004.906671931081: Received message <Ping:> from Peer_7:basic
Peer_9:basic INFO 11004.906671931081: Sending message <Pong:> to Peer_7:basic
Peer_9:basic INFO 11015.014484236277: Received message <Pong:> from Peer_7:basic
Peer_9:basic INFO 12000: Sending message <Ping:> to Peer_6:basic
Peer_9:basic INFO 12000: Sending message <Ping:> to Peer_7:basic
Peer_9:basic INFO 12000.500007433771: Received message <Ping:> from Peer_6:basic
Peer_9:basic INFO 12000.500007433771: Sending message <Pong:> to Peer_6:basic
Peer_9:basic INFO 12001.000014796342: Received message <Pong:> from Peer_6:basic
Peer_9:basic INFO 12005.337199143436: Received message <Ping:> from Peer_7:basic
Peer_9:basic INFO 12005.337199143436: Sending message <Pong:> to Peer_7:basic
Peer_9:basic INFO 12014.848252202128: Received message <Pong:> from Peer_7:basic
Peer_9:basic INFO 13000: Sending message <Ping:> to Peer_6:basic
Peer_9:basic INFO 13000: Sending message <Ping:> to Peer_7:basic
Peer_9:basic INFO 13000.500007433771: Received message <Ping:> from Peer_6:basic
Peer_9:basic INFO 13000.500007433771: Sending message <Pong:> to Peer_6:basic
Peer_9:basic INFO 13001.000014796342: Received message <Pong:> from Peer_6:basic
Peer_9:basic INFO 13003.975617230291: Received message <Ping:> from Peer_7:basic
Peer_9:basic INFO 13003.975617230291: Sending message <Pong:> to Peer_7:basic
Peer_9:basic INFO 13016.075258794657: Received message <Pong:> from Peer_7:basic
Peer_9:basic INFO 14000: Sending message <Ping:> to Peer_6:basic
Peer_9:basic INFO 14000: Sending message <Ping:> to Peer_7:basic
Peer_9:basic INFO 14000.500007433771: Received message <Ping:> from Peer_6:basic
Peer_9:basic INFO 14000.500007433771: Sending message <Pong:> to Peer_6:basic
Peer_9:basic INFO 14001.000014796342: Received message <Pong:> from Peer_6:basic
Peer_9:basic INFO 14005.062100284378: Received message <Ping:> from Peer_7:basic
Peer_9:basic INFO 14005.062100284378: Sending message <Pong:> to Peer_7:basic
Peer_9:basic INFO 14015.5645757571: Received message <Pong:> from Peer_7:basic
