Peer_7:basic WARNING 0: Not enough peers, fetching more (0, 1)
Peer_7:basic INFO 0.5831005221782727: Received message <Hello:> from Peer_2:basic
Peer_7:basic INFO 0.5831005221782727: Connecting to Peer_2:basic
Peer_7:basic INFO 0.5831005221782727: Sending message <Hello:> to Peer_2:basic
Peer_7:basic INFO 0.5831005221782727: Sending message <RequestPeers:> to Peer_2:basic
Peer_7:basic INFO 1.0524514495561075: Received message <Hello:> from Peer_4:basic
Peer_7:basic INFO 1.0524514495561075: Connecting to Peer_4:basic
Peer_7:basic INFO 1.0524514495561075: Sending message <Hello:> to Peer_4:basic
Peer_7:basic INFO 1.0524514495561075: Sending message <RequestPeers:> to Peer_4:basic
Peer_7:basic INFO 1.8818076987306058: Received message <PeerList> from Peer_2:basic
Peer_7:basic INFO 3.311191987202666: Received message <PeerList> from Peer_4:basic
Peer_7:basic INFO 4.119094502312278: Connecting to Peer_2:basic
Peer_7:basic INFO 4.241113195962195: Connecting to Peer_8:basic
Peer_7:basic INFO 5.774421177083113: Connecting to Peer_9:basic
Peer_7:basic INFO 6.329518723089455: Connecting to Peer_1:basic
Peer_7:basic INFO 10.000006542335107: Received message <Hello:> from Peer_9:basic
Peer_7:basic INFO 10.000009133227683: Received message <Hello:> from Peer_8:basic
Peer_7:basic INFO 10.00001172412026: Received message <Hello:> from Peer_2:basic
Peer_7:basic INFO 10.000014315012836: Received message <Hello:> from Peer_1:basic
Peer_7:basic INFO 14.119101197317868: Received message <Hello:> from Peer_2:basic
Peer_7:basic INFO 14.119103788210444: Received message <RequestPeers:> from Peer_2:basic
Peer_7:basic INFO 14.119103788210444: Sending message <PeerList> to Peer_2:basic
Peer_7:basic INFO 14.241119744070668: Received message <Hello:> from Peer_8:basic
Peer_7:basic INFO 14.241122334963244: Received message <RequestPeers:> from Peer_8:basic
Peer_7:basic INFO 14.241122334963244: Sending message <PeerList> to Peer_8:basic
Peer_7:basic INFO 15.77442771941822: Received message <Hello:> from Peer_9:basic
Peer_7:basic INFO 15.774430310310796: Received message <RequestPeers:> from Peer_9:basic
Peer_7:basic INFO 15.774430310310796: Sending message <PeerList> to Peer_9:basic
Peer_7:basic INFO 16.32952572261822: Received message <Hello:> from Peer_1:basic
Peer_7:basic INFO 16.329528313510796: Received message <RequestPeers:> from Peer_1:basic
Peer_7:basic INFO 16.329528313510796: Sending message <PeerList> to Peer_1:basic
Peer_7:basic WARNING 500: Too many peers connected (6, 3)
Peer_7:basic WARNING 1000: Too many peers connected (6, 3)
Peer_7:basic INFO 1000: Sending message <Ping:> to Peer_2:basic
Peer_7:basic INFO 1000: Sending message <Ping:> to Peer_4:basic
Peer_7:basic INFO 1000: Sending message <Ping:> to Peer_2:basic
Peer_7:basic INFO 1000: Sending message <Ping:> to Peer_8:basic
Peer_7:basic INFO 1000: Sending message <Ping:> to Peer_9:basic
Peer_7:basic INFO 1000: Sending message <Ping:> to Peer_1:basic
Peer_7:basic INFO 1001.0288812890624: Received message <Pong:> from Peer_4:basic
Peer_7:basic INFO 1001.0936793562286: Received message <Ping:> from Peer_4:basic
Peer_7:basic INFO 1001.0936793562286: Sending message <Pong:> to Peer_4:basic
Peer_7:basic INFO 1001.7808141305431: Received message <Pong:> from Peer_2:basic
Peer_7:basic INFO 1002.7494485109005: Received message <Ping:> from Peer_2:basic
Peer_7:basic INFO 1002.7494485109005: Sending message <Pong:> to Peer_2:basic
Peer_7:basic INFO 1010.0000065423351: Received message <Ping:> from Peer_9:basic
Peer_7:basic INFO 1010.0000065423351: Sending message <Pong:> to Peer_9:basic
Peer_7:basic INFO 1010.0000091332276: Received message <Ping:> from Peer_8:basic
Peer_7:basic INFO 1010.0000091332276: Sending message <Pong:> to Peer_8:basic
Peer_7:basic INFO 1010.0000117241202: Received message <Ping:> from Peer_2:basic
Peer_7:basic INFO 1010.0000117241202: Sending message <Pong:> to Peer_2:basic
Peer_7:basic INFO 1010.0000143150128: Received message <Ping:> from Peer_1:basic
Peer_7:basic INFO 1010.0000143150128: Sending message <Pong:> to Peer_1:basic
Peer_7:basic INFO 1013.9691772928222: Received message <Pong:> from Peer_8:basic
Peer_7:basic INFO 1014.4915479929871: Received message <Pong:> from Peer_1:basic
Peer_7:basic INFO 1015.4285210288538: Received message <Pong:> from Peer_2:basic
Peer_7:basic INFO 1016.7561746232683: Received message <Pong:> from Peer_9:basic
Peer_7:basic WARNING 1500: Too many peers connected (6, 3)
Peer_7:basic WARNING 2000: Too many peers connected (6, 3)
Peer_7:basic INFO 2000: Sending message <Ping:> to Peer_2:basic
Peer_7:basic INFO 2000: Sending message <Ping:> to Peer_4:basic
Peer_7:basic INFO 2000: Sending message <Ping:> to Peer_2:basic
Peer_7:basic INFO 2000: Sending message <Ping:> to Peer_8:basic
Peer_7:basic INFO 2000: Sending message <Ping:> to Peer_9:basic
Peer_7:basic INFO 2000: Sending message <Ping:> to Peer_1:basic
Peer_7:basic INFO 2000.9448926811122: Received message <Pong:> from Peer_2:basic
Peer_7:basic INFO 2001.3350501074879: Received message <Ping:> from Peer_4:basic
Peer_7:basic INFO 2001.3350501074879: Sending message <Pong:> to Peer_4:basic
Peer_7:basic INFO 2002.095858234445: Received message <Pong:> from Peer_4:basic
Peer_7:basic INFO 2003.1013683239255: Received message <Ping:> from Peer_2:basic
Peer_7:basic INFO 2003.1013683239255: Sending message <Pong:> to Peer_2:basic
Peer_7:basic INFO 2010.000006542335: Received message <Ping:> from Peer_9:basic
Peer_7:basic INFO 2010.000006542335: Sending message <Pong:> to Peer_9:basic
Peer_7:basic INFO 2010.0000091332276: Received message <Ping:> from Peer_8:basic
Peer_7:basic INFO 2010.0000091332276: Sending message <Pong:> to Peer_8:basic
Peer_7:basic INFO 2010.0000117241202: Received message <Ping:> from Peer_2:basic
Peer_7:basic INFO 2010.0000117241202: Sending message <Pong:> to Peer_2:basic
Peer_7:basic INFO 2010.0000143150128: Received message <Ping:> from Peer_1:basic
Peer_7:basic INFO 2010.0000143150128: Sending message <Pong:> to Peer_1:basic
Peer_7:basic INFO 2015.2237500426454: Received message <Pong:> from Peer_8:basic
Peer_7:basic INFO 2015.3032759478042: Received message <Pong:> from Peer_9:basic
Peer_7:basic INFO 2016.1062338531888: Received message <Pong:> from Peer_1:basic
Peer_7:basic INFO 2016.675736983158: Received message <Pong:> from Peer_2:basic
Peer_7:basic WARNING 2500: Too many peers connected (6, 3)
Peer_7:basic WARNING 3000: Too many peers connected (6, 3)
Peer_7:basic INFO 3000: Sending message <Ping:> to Peer_2:basic
Peer_7:basic INFO 3000: Sending message <Ping:> to Peer_4:basic
Peer_7:basic INFO 3000: Sending message <Ping:> to Peer_2:basic
Peer_7:basic INFO 3000: Sending message <Ping:> to Peer_8:basic
Peer_7:basic INFO 3000: Sending message <Ping:> to Peer_9:basic
Peer_7:basic INFO 3000: Sending message <Ping:> to Peer_1:basic
Peer_7:basic INFO 3000.8335889604637: Received message <Ping:> from Peer_2:basic
Peer_7:basic INFO 3000.8335889604637: Sending message <Pong:> to Peer_2:basic
Peer_7:basic INFO 3002.0588549522595: Received message <Ping:> from Peer_4:basic
Peer_7:basic INFO 3002.0588549522595: Sending message <Pong:> to Peer_4:basic
Peer_7:basic INFO 3002.972525320139: Received message <Pong:> from Peer_2:basic
Peer_7:basic INFO 3003.56373713638: Received message <Pong:> from Peer_4:basic
Peer_7:basic INFO 3010.000006542335: Received message <Ping:> from Peer_9:basic
Peer_7:basic INFO 3010.000006542335: Sending message <Pong:> to Peer_9:basic
Peer_7:basic INFO 3010.0000091332276: Received message <Ping:> from Peer_8:basic
Peer_7:basic INFO 3010.0000091332276: Sending message <Pong:> to Peer_8:basic
Peer_7:basic INFO 3010.00001172412: Received message <Ping:> from Peer_2:basic
Peer_7:basic INFO 3010.00001172412: Sending message <Pong:> to Peer_2:basic
Peer_7:basic INFO 3010.000014315013: Received message <Ping:> from Peer_1:basic
Peer_7:basic INFO 3010.000014315013: Sending message <Pong:> to Peer_1:basic
Peer_7:basic INFO 3012.742423373388: Received message <Pong:> from Peer_1:basic
Peer_7:basic INFO 3015.7336917359985: Received message <Pong:> from Peer_9:basic
Peer_7:basic INFO 3016.038214228929: Received message <Pong:> from Peer_2:basic
Peer_7:basic INFO 3016.1687810349395: Received message <Pong:> from Peer_8:basic
Peer_7:basic WARNING 3500: Too many peers connected (6, 3)
Peer_7:basic WARNING 3500: Peer_2:basic too slow
Peer_7:basic WARNING 3500: Breaking connection with Peer_2:basic
Peer_7:basic WARNING 3500: Peer_1:basic too slow
Peer_7:basic WARNING 3500: Breaking connection with Peer_1:basic
Peer_7:basic WARNING 3500: Peer_2:basic too slow
Peer_7:basic WARNING 3500: Breaking connection with Peer_2:basic
Peer_7:basic INFO 4000: Sending message <Ping:> to Peer_4:basic
Peer_7:basic INFO 4000: Sending message <Ping:> to Peer_8:basic
Peer_7:basic INFO 4000: Sending message <Ping:> to Peer_9:basic
Peer_7:basic INFO 4001.565311682412: Received message <Ping:> from Peer_4:basic
Peer_7:basic INFO 4001.565311682412: Sending message <Pong:> to Peer_4:basic
Peer_7:basic INFO 4001.891507105786: Received message <Pong:> from Peer_4:basic
Peer_7:basic INFO 4010.000006542335: Received message <Ping:> from Peer_9:basic
Peer_7:basic INFO 4010.000006542335: Sending message <Pong:> to Peer_9:basic
Peer_7:basic INFO 4010.0000091332276: Received message <Ping:> from Peer_8:basic
Peer_7:basic INFO 4010.0000091332276: Sending message <Pong:> to Peer_8:basic
Peer_7:basic INFO 4013.7848945646665: Received message <Pong:> from Peer_8:basic
Peer_7:basic INFO 4017.292060763807: Received message <Pong:> from Peer_9:basic
