Peer_9:peer WARNING 0: Not enough peers, fetching more (0, 4)
Peer_9:peer INFO 65.42595024234039: Connecting to Peer_27:bootstrap
Peer_9:peer INFO 131.01701970892051: Received message <Hello:> from Peer_27:bootstrap
Peer_9:peer INFO 131.10469002569096: Received message <RequestPeers:> from Peer_27:bootstrap
Peer_9:peer INFO 131.10469002569096: Sending message <PeerList> to Peer_27:bootstrap
Peer_9:peer WARNING 500: Not enough peers, fetching more (1, 4)
Peer_9:peer INFO 500: Sending message <RequestPeers:> to Peer_27:bootstrap
Peer_9:peer INFO 631.0411408652368: Received message <PeerList> from Peer_27:bootstrap
Peer_9:peer WARNING 1000: Not enough peers, fetching more (1, 4)
Peer_9:peer INFO 1000: Sending message <RequestPeers:> to Peer_27:bootstrap
Peer_9:peer INFO 1000.3386349971892: Received message <Hello:> from Peer_24:peer
Peer_9:peer INFO 1000.3386349971892: Connecting to Peer_24:peer
Peer_9:peer INFO 1000.3386349971892: Sending message <Hello:> to Peer_24:peer
Peer_9:peer INFO 1000.3386349971892: Sending message <RequestPeers:> to Peer_24:peer
Peer_9:peer INFO 1000.8948652465485: Received message <PeerList> from Peer_24:peer
Peer_9:peer INFO 1065.522148745218: Connecting to Peer_7:peer
Peer_9:peer INFO 1131.091071569968: Received message <Hello:> from Peer_7:peer
Peer_9:peer INFO 1131.1315068009046: Received message <RequestPeers:> from Peer_7:peer
Peer_9:peer INFO 1131.1315068009046: Sending message <PeerList> to Peer_7:peer
Peer_9:peer INFO 1131.1808425556208: Received message <PeerList> from Peer_27:bootstrap
Peer_9:peer WARNING 1500: Not enough peers, fetching more (3, 4)
Peer_9:peer INFO 1565.667113501026: Connecting to Peer_17:peer
Peer_9:peer INFO 1631.2416277852176: Received message <RequestPeers:> from Peer_17:peer
Peer_9:peer INFO 1631.2416277852176: Sending message <PeerList> to Peer_17:peer
Peer_9:peer INFO 1631.4692258770394: Received message <Hello:> from Peer_17:peer
Peer_9:peer INFO 2000: Sending message <Ping:> to Peer_27:bootstrap
Peer_9:peer INFO 2000: Sending message <Ping:> to Peer_24:peer
Peer_9:peer INFO 2000: Sending message <Ping:> to Peer_7:peer
Peer_9:peer INFO 2000.2900571475534: Received message <Ping:> from Peer_24:peer
Peer_9:peer INFO 2000.2900571475534: Sending message <Pong:> to Peer_24:peer
Peer_9:peer INFO 2000.5568899241632: Received message <Pong:> from Peer_24:peer
Peer_9:peer INFO 2065.4129057901096: Received message <Ping:> from Peer_27:bootstrap
Peer_9:peer INFO 2065.4129057901096: Sending message <Pong:> to Peer_27:bootstrap
Peer_9:peer INFO 2065.651028963951: Received message <Ping:> from Peer_7:peer
Peer_9:peer INFO 2065.651028963951: Sending message <Pong:> to Peer_7:peer
Peer_9:peer INFO 2130.7857727365968: Received message <Pong:> from Peer_7:peer
Peer_9:peer INFO 2131.0673903920674: Received message <Pong:> from Peer_27:bootstrap
Peer_9:peer INFO 2500: Sending message <Ping:> to Peer_17:peer
Peer_9:peer INFO 2565.5587513593614: Received message <Ping:> from Peer_17:peer
Peer_9:peer INFO 2565.5587513593614: Sending message <Pong:> to Peer_17:peer
Peer_9:peer INFO 2630.7931193425197: Received message <Pong:> from Peer_17:peer
Peer_9:peer INFO 3000: Sending message <Ping:> to Peer_27:bootstrap
Peer_9:peer INFO 3000: Sending message <Ping:> to Peer_24:peer
Peer_9:peer INFO 3000: Sending message <Ping:> to Peer_7:peer
Peer_9:peer INFO 3000.2576097939873: Received message <Ping:> from Peer_24:peer
Peer_9:peer INFO 3000.2576097939873: Sending message <Pong:> to Peer_24:peer
Peer_9:peer INFO 3000.4822384988124: Received message <Pong:> from Peer_24:peer
Peer_9:peer INFO 3065.3295308347215: Received message <Ping:> from Peer_27:bootstrap
Peer_9:peer INFO 3065.3295308347215: Sending message <Pong:> to Peer_27:bootstrap
Peer_9:peer INFO 3065.554365260785: Received message <Ping:> from Peer_7:peer
Peer_9:peer INFO 3065.554365260785: Sending message <Pong:> to Peer_7:peer
Peer_9:peer INFO 3130.697424260087: Received message <Pong:> from Peer_7:peer
Peer_9:peer INFO 3130.9504641954272: Received message <Pong:> from Peer_27:bootstrap
Peer_9:peer INFO 3500: Sending message <Ping:> to Peer_17:peer
Peer_9:peer INFO 3565.6831469788945: Received message <Ping:> from Peer_17:peer
Peer_9:peer INFO 3565.6831469788945: Sending message <Pong:> to Peer_17:peer
Peer_9:peer INFO 3630.7023347852437: Received message <Pong:> from Peer_17:peer
Peer_9:peer INFO 4000: Sending message <Ping:> to Peer_27:bootstrap
Peer_9:peer INFO 4000: Sending message <Ping:> to Peer_24:peer
Peer_9:peer INFO 4000: Sending message <Ping:> to Peer_7:peer
Peer_9:peer INFO 4000.2620485917128: Received message <Ping:> from Peer_24:peer
Peer_9:peer INFO 4000.2620485917128: Sending message <Pong:> to Peer_24:peer
Peer_9:peer INFO 4000.5170219211013: Received message <Pong:> from Peer_24:peer
Peer_9:peer INFO 4065.468022561702: Received message <Ping:> from Peer_7:peer
Peer_9:peer INFO 4065.468022561702: Sending message <Pong:> to Peer_7:peer
Peer_9:peer INFO 4065.4741091061696: Received message <Ping:> from Peer_27:bootstrap
Peer_9:peer INFO 4065.4741091061696: Sending message <Pong:> to Peer_27:bootstrap
Peer_9:peer INFO 4130.7467942125795: Received message <Pong:> from Peer_7:peer
Peer_9:peer INFO 4131.062523182219: Received message <Pong:> from Peer_27:bootstrap
Peer_9:peer INFO 4500: Sending message <Ping:> to Peer_17:peer
Peer_9:peer INFO 4565.640166419328: Received message <Ping:> from Peer_17:peer
Peer_9:peer INFO 4565.640166419328: Sending message <Pong:> to Peer_17:peer
Peer_9:peer INFO 4630.700475335467: Received message <Pong:> from Peer_17:peer
Peer_9:peer INFO 5000: Sending message <Ping:> to Peer_27:bootstrap
Peer_9:peer INFO 5000: Sending message <Ping:> to Peer_24:peer
Peer_9:peer INFO 5000: Sending message <Ping:> to Peer_7:peer
Peer_9:peer INFO 5000.251348108067: Received message <Ping:> from Peer_24:peer
Peer_9:peer INFO 5000.251348108067: Sending message <Pong:> to Peer_24:peer
Peer_9:peer INFO 5000.533243873916: Received message <Pong:> from Peer_24:peer
Peer_9:peer INFO 5065.428194599445: Received message <Ping:> from Peer_27:bootstrap
Peer_9:peer INFO 5065.428194599445: Sending message <Pong:> to Peer_27:bootstrap
Peer_9:peer INFO 5065.544542083104: Received message <Ping:> from Peer_7:peer
Peer_9:peer INFO 5065.544542083104: Sending message <Pong:> to Peer_7:peer
Peer_9:peer INFO 5130.948573767795: Received message <Pong:> from Peer_27:bootstrap
Peer_9:peer INFO 5131.3037992680465: Received message <Pong:> from Peer_7:peer
Peer_9:peer INFO 5500: Sending message <Ping:> to Peer_17:peer
Peer_9:peer INFO 5565.5620645840445: Received message <Ping:> from Peer_17:peer
Peer_9:peer INFO 5565.5620645840445: Sending message <Pong:> to Peer_17:peer
Peer_9:peer INFO 5631.081582690042: Received message <Pong:> from Peer_17:peer
Peer_9:peer INFO 6000: Sending message <Ping:> to Peer_27:bootstrap
Peer_9:peer INFO 6000: Sending message <Ping:> to Peer_24:peer
Peer_9:peer INFO 6000: Sending message <Ping:> to Peer_7:peer
Peer_9:peer INFO 6000.250263356585: Received message <Ping:> from Peer_24:peer
Peer_9:peer INFO 6000.250263356585: Sending message <Pong:> to Peer_24:peer
Peer_9:peer INFO 6000.462817718272: Received message <Pong:> from Peer_24:peer
Peer_9:peer INFO 6065.623358687692: Received message <Ping:> from Peer_7:peer
Peer_9:peer INFO 6065.623358687692: Sending message <Pong:> to Peer_7:peer
Peer_9:peer INFO 6065.647930292451: Received message <Ping:> from Peer_27:bootstrap
Peer_9:peer INFO 6065.647930292451: Sending message <Pong:> to Peer_27:bootstrap
Peer_9:peer INFO 6130.852889097466: Received message <Pong:> from Peer_7:peer
Peer_9:peer INFO 6131.277820462531: Received message <Pong:> from Peer_27:bootstrap
Peer_9:peer INFO 6500: Sending message <Ping:> to Peer_17:peer
Peer_9:peer INFO 6565.44104604412: Received message <Ping:> from Peer_17:peer
Peer_9:peer INFO 6565.44104604412: Sending message <Pong:> to Peer_17:peer
Peer_9:peer INFO 6631.28679754299: Received message <Pong:> from Peer_17:peer
Peer_9:peer INFO 7000: Sending message <Ping:> to Peer_27:bootstrap
Peer_9:peer INFO 7000: Sending message <Ping:> to Peer_24:peer
Peer_9:peer INFO 7000: Sending message <Ping:> to Peer_7:peer
Peer_9:peer INFO 7000.23627068746: Received message <Ping:> from Peer_24:peer
Peer_9:peer INFO 7000.23627068746: Sending message <Pong:> to Peer_24:peer
Peer_9:peer INFO 7000.4979496577: Received message <Pong:> from Peer_24:peer
Peer_9:peer INFO 7065.522986731358: Received message <Ping:> from Peer_7:peer
Peer_9:peer INFO 7065.522986731358: Sending message <Pong:> to Peer_7:peer
Peer_9:peer INFO 7065.601367249513: Received message <Ping:> from Peer_27:bootstrap
Peer_9:peer INFO 7065.601367249513: Sending message <Pong:> to Peer_27:bootstrap
Peer_9:peer INFO 7131.094801148169: Received message <Pong:> from Peer_27:bootstrap
Peer_9:peer INFO 7131.239109442762: Received message <Pong:> from Peer_7:peer
Peer_9:peer INFO 7500: Sending message <Ping:> to Peer_17:peer
Peer_9:peer INFO 7565.43072945891: Received message <Ping:> from Peer_17:peer
Peer_9:peer INFO 7565.43072945891: Sending message <Pong:> to Peer_17:peer
Peer_9:peer INFO 7631.0866423287425: Received message <Pong:> from Peer_17:peer
Peer_9:peer INFO 8000: Sending message <Ping:> to Peer_27:bootstrap
Peer_9:peer INFO 8000: Sending message <Ping:> to Peer_24:peer
Peer_9:peer INFO 8000: Sending message <Ping:> to Peer_7:peer
Peer_9:peer INFO 8000.24573281829: Received message <Ping:> from Peer_24:peer
Peer_9:peer INFO 8000.24573281829: Sending message <Pong:> to Peer_24:peer
Peer_9:peer INFO 8000.510053109595: Received message <Pong:> from Peer_24:peer
Peer_9:peer INFO 8065.425722969435: Received message <Ping:> from Peer_7:peer
Peer_9:peer INFO 8065.425722969435: Sending message <Pong:> to Peer_7:peer
Peer_9:peer INFO 8065.502952708721: Received message <Ping:> from Peer_27:bootstrap
Peer_9:peer INFO 8065.502952708721: Sending message <Pong:> to Peer_27:bootstrap
Peer_9:peer INFO 8131.037853710406: Received message <Pong:> from Peer_27:bootstrap
Peer_9:peer INFO 8131.354117696358: Received message <Pong:> from Peer_7:peer
Peer_9:peer INFO 8500: Sending message <Ping:> to Peer_17:peer
Peer_9:peer INFO 8565.347314704113: Received message <Ping:> from Peer_17:peer
Peer_9:peer INFO 8565.347314704113: Sending message <Pong:> to Peer_17:peer
Peer_9:peer INFO 8631.167453493841: Received message <Pong:> from Peer_17:peer
Peer_9:peer INFO 9000: Sending message <Ping:> to Peer_27:bootstrap
Peer_9:peer INFO 9000: Sending message <Ping:> to Peer_24:peer
Peer_9:peer INFO 9000: Sending message <Ping:> to Peer_7:peer
Peer_9:peer INFO 9000.225918719349: Received message <Ping:> from Peer_24:peer
Peer_9:peer INFO 9000.225918719349: Sending message <Pong:> to Peer_24:peer
Peer_9:peer INFO 9000.545161281105: Received message <Pong:> from Peer_24:peer
Peer_9:peer INFO 9065.563101273408: Received message <Ping:> from Peer_27:bootstrap
Peer_9:peer INFO 9065.563101273408: Sending message <Pong:> to Peer_27:bootstrap
Peer_9:peer INFO 9065.575119107769: Received message <Ping:> from Peer_7:peer
Peer_9:peer INFO 9065.575119107769: Sending message <Pong:> to Peer_7:peer
Peer_9:peer INFO 9131.235993851396: Received message <Pong:> from Peer_27:bootstrap
Peer_9:peer INFO 9131.527198997199: Received message <Pong:> from Peer_7:peer
Peer_9:peer INFO 9500: Sending message <Ping:> to Peer_17:peer
Peer_9:peer INFO 9565.58765367364: Received message <Ping:> from Peer_17:peer
Peer_9:peer INFO 9565.58765367364: Sending message <Pong:> to Peer_17:peer
Peer_9:peer INFO 9631.161776405159: Received message <Pong:> from Peer_17:peer
Peer_9:peer INFO 10000: Sending message <Ping:> to Peer_27:bootstrap
Peer_9:peer INFO 10000: Sending message <Ping:> to Peer_24:peer
Peer_9:peer INFO 10000: Sending message <Ping:> to Peer_7:peer
Peer_9:peer INFO 10000.237837740646: Received message <Ping:> from Peer_24:peer
Peer_9:peer INFO 10000.237837740646: Sending message <Pong:> to Peer_24:peer
Peer_9:peer INFO 10000.609704222408: Received message <Pong:> from Peer_24:peer
Peer_9:peer INFO 10065.486467400357: Received message <Ping:> from Peer_27:bootstrap
Peer_9:peer INFO 10065.486467400357: Sending message <Pong:> to Peer_27:bootstrap
Peer_9:peer INFO 10065.64869637055: Received message <Ping:> from Peer_7:peer
Peer_9:peer INFO 10065.64869637055: Sending message <Pong:> to Peer_7:peer
Peer_9:peer INFO 10131.010847995352: Received message <Pong:> from Peer_27:bootstrap
Peer_9:peer INFO 10131.529849113182: Received message <Pong:> from Peer_7:peer
Peer_9:peer INFO 10331.945668973482: Received message <GossipMessage:2_26> from Peer_17:peer
Peer_9:peer INFO 10531.88974830284: Received message <GossipMessage:3_26> from Peer_17:peer
Peer_9:peer INFO 10565.472312791328: Received message <Ping:> from Peer_17:peer
Peer_9:peer INFO 10565.472312791328: Sending message <Pong:> to Peer_17:peer
Peer_9:peer INFO 10732.274658380438: Received message <GossipMessage:4_26> from Peer_17:peer
Peer_9:peer INFO 10932.333520160311: Received message <GossipMessage:5_26> from Peer_17:peer
Peer_9:peer INFO 11000: Sending message <Ping:> to Peer_27:bootstrap
Peer_9:peer INFO 11000: Sending message <Ping:> to Peer_24:peer
Peer_9:peer INFO 11000: Sending message <Ping:> to Peer_7:peer
Peer_9:peer INFO 11000.37346637671: Received message <Ping:> from Peer_24:peer
Peer_9:peer INFO 11000.37346637671: Sending message <Pong:> to Peer_24:peer
Peer_9:peer INFO 11000.563356832188: Received message <Pong:> from Peer_24:peer
Peer_9:peer INFO 11065.365859649313: Received message <Ping:> from Peer_27:bootstrap
Peer_9:peer INFO 11065.365859649313: Sending message <Pong:> to Peer_27:bootstrap
Peer_9:peer INFO 11065.591323452076: Received message <Ping:> from Peer_7:peer
Peer_9:peer INFO 11065.591323452076: Sending message <Pong:> to Peer_7:peer
Peer_9:peer INFO 11131.170566199648: Received message <Pong:> from Peer_7:peer
Peer_9:peer INFO 11131.30531200673: Received message <Pong:> from Peer_27:bootstrap
Peer_9:peer INFO 11131.953389197552: Received message <GossipMessage:6_26> from Peer_17:peer
Peer_9:peer INFO 11332.27787061719: Received message <GossipMessage:7_26> from Peer_17:peer
Peer_9:peer INFO 11531.890610835859: Received message <GossipMessage:8_26> from Peer_17:peer
Peer_9:peer INFO 11565.425163018941: Received message <Ping:> from Peer_17:peer
Peer_9:peer INFO 11565.425163018941: Sending message <Pong:> to Peer_17:peer
Peer_9:peer INFO 12000: Sending message <Ping:> to Peer_27:bootstrap
Peer_9:peer INFO 12000: Sending message <Ping:> to Peer_24:peer
Peer_9:peer INFO 12000: Sending message <Ping:> to Peer_7:peer
Peer_9:peer INFO 12000.270653970172: Received message <Ping:> from Peer_24:peer
Peer_9:peer INFO 12000.270653970172: Sending message <Pong:> to Peer_24:peer
Peer_9:peer INFO 12000.475162001896: Received message <Pong:> from Peer_24:peer
Peer_9:peer INFO 12065.35038359322: Received message <Ping:> from Peer_7:peer
Peer_9:peer INFO 12065.35038359322: Sending message <Pong:> to Peer_7:peer
Peer_9:peer INFO 12065.608219755157: Received message <Ping:> from Peer_27:bootstrap
Peer_9:peer INFO 12065.608219755157: Sending message <Pong:> to Peer_27:bootstrap
Peer_9:peer INFO 12130.822786310062: Received message <Pong:> from Peer_27:bootstrap
Peer_9:peer INFO 12131.087792606224: Received message <Pong:> from Peer_7:peer
Peer_9:peer INFO 12131.582281410829: Received message <GossipMessage:11_26> from Peer_17:peer
Peer_9:peer INFO 12331.99319938273: Received message <GossipMessage:12_26> from Peer_17:peer
Peer_9:peer INFO 12531.704715360995: Received message <GossipMessage:13_26> from Peer_17:peer
Peer_9:peer INFO 12565.59241011227: Received message <Ping:> from Peer_17:peer
Peer_9:peer INFO 12565.59241011227: Sending message <Pong:> to Peer_17:peer
Peer_9:peer INFO 12732.110593894873: Received message <GossipMessage:14_26> from Peer_17:peer
Peer_9:peer INFO 12931.919358709005: Received message <GossipMessage:15_26> from Peer_17:peer
Peer_9:peer INFO 13000: Sending message <Ping:> to Peer_27:bootstrap
Peer_9:peer INFO 13000: Sending message <Ping:> to Peer_24:peer
Peer_9:peer INFO 13000: Sending message <Ping:> to Peer_7:peer
Peer_9:peer INFO 13000.224035159858: Received message <Ping:> from Peer_24:peer
Peer_9:peer INFO 13000.224035159858: Sending message <Pong:> to Peer_24:peer
Peer_9:peer INFO 13000.547453109488: Received message <Pong:> from Peer_24:peer
Peer_9:peer INFO 13065.500367852139: Received message <Ping:> from Peer_27:bootstrap
Peer_9:peer INFO 13065.500367852139: Sending message <Pong:> to Peer_27:bootstrap
Peer_9:peer INFO 13065.599526936667: Received message <Ping:> from Peer_7:peer
Peer_9:peer INFO 13065.599526936667: Sending message <Pong:> to Peer_7:peer
Peer_9:peer INFO 13130.842009517488: Received message <Pong:> from Peer_7:peer
Peer_9:peer INFO 13130.91344761647: Received message <Pong:> from Peer_27:bootstrap
Peer_9:peer INFO 13131.834117829383: Received message <GossipMessage:16_26> from Peer_17:peer
Peer_9:peer INFO 13331.991745461652: Received message <GossipMessage:17_26> from Peer_17:peer
Peer_9:peer INFO 13531.980754928409: Received message <GossipMessage:18_26> from Peer_17:peer
Peer_9:peer INFO 13565.35965988818: Received message <Ping:> from Peer_17:peer
Peer_9:peer INFO 13565.35965988818: Sending message <Pong:> to Peer_17:peer
Peer_9:peer INFO 14000: Sending message <Ping:> to Peer_27:bootstrap
Peer_9:peer INFO 14000: Sending message <Ping:> to Peer_24:peer
Peer_9:peer INFO 14000: Sending message <Ping:> to Peer_7:peer
Peer_9:peer INFO 14000.268835510955: Received message <Ping:> from Peer_24:peer
Peer_9:peer INFO 14000.268835510955: Sending message <Pong:> to Peer_24:peer
Peer_9:peer INFO 14000.502810737747: Received message <Pong:> from Peer_24:peer
Peer_9:peer INFO 14065.305311118715: Received message <Ping:> from Peer_7:peer
Peer_9:peer INFO 14065.305311118715: Sending message <Pong:> to Peer_7:peer
Peer_9:peer INFO 14065.452098727232: Received message <Ping:> from Peer_27:bootstrap
Peer_9:peer INFO 14065.452098727232: Sending message <Pong:> to Peer_27:bootstrap
Peer_9:peer INFO 14130.644580651691: Received message <Pong:> from Peer_27:bootstrap
Peer_9:peer INFO 14130.798903964074: Received message <Pong:> from Peer_7:peer
Peer_9:peer INFO 14500: Sending message <Ping:> to Peer_17:peer
Peer_9:peer INFO 14565.57802701043: Received message <Ping:> from Peer_17:peer
Peer_9:peer INFO 14565.57802701043: Sending message <Pong:> to Peer_17:peer
Peer_9:peer INFO 14630.895899020372: Received message <Pong:> from Peer_17:peer
