Peer_21:peer WARNING 0: Not enough peers, fetching more (0, 4)
Peer_21:peer INFO 35.96822957810932: Connecting to Peer_27:bootstrap
Peer_21:peer INFO 73.35543553289834: Received message <Hello:> from Peer_27:bootstrap
Peer_21:peer INFO 73.46319865582696: Received message <RequestPeers:> from Peer_27:bootstrap
Peer_21:peer INFO 73.46319865582696: Sending message <PeerList> to Peer_27:bootstrap
Peer_21:peer WARNING 500: Not enough peers, fetching more (1, 4)
Peer_21:peer INFO 500: Sending message <RequestPeers:> to Peer_27:bootstrap
Peer_21:peer INFO 573.3167309564459: Received message <PeerList> from Peer_27:bootstrap
Peer_21:peer WARNING 1000: Not enough peers, fetching more (1, 4)
Peer_21:peer INFO 1000: Sending message <RequestPeers:> to Peer_27:bootstrap
Peer_21:peer INFO 1072.588406876785: Received message <PeerList> from Peer_27:bootstrap
Peer_21:peer INFO 1078.0019654180328: Connecting to Peer_13:peer
Peer_21:peer INFO 1155.9483831577306: Received message <RequestPeers:> from Peer_13:peer
Peer_21:peer INFO 1155.9483831577306: Sending message <PeerList> to Peer_13:peer
Peer_21:peer INFO 1156.0309167471753: Received message <Hello:> from Peer_13:peer
Peer_21:peer WARNING 1500: Not enough peers, fetching more (2, 4)
Peer_21:peer INFO 1500: Sending message <RequestPeers:> to Peer_13:peer
Peer_21:peer INFO 1500: Sending message <RequestPeers:> to Peer_27:bootstrap
Peer_21:peer INFO 1500.3001048333983: Connecting to Peer_5:peer
Peer_21:peer INFO 1500.5486902638618: Received message <Hello:> from Peer_5:peer
Peer_21:peer INFO 1500.6264234409095: Received message <RequestPeers:> from Peer_5:peer
Peer_21:peer INFO 1500.6264234409095: Sending message <PeerList> to Peer_5:peer
Peer_21:peer INFO 1573.8971225355433: Received message <PeerList> from Peer_27:bootstrap
Peer_21:peer INFO 1577.987442135661: Received message <Hello:> from Peer_10:peer
Peer_21:peer INFO 1577.987442135661: Connecting to Peer_10:peer
Peer_21:peer INFO 1577.987442135661: Sending message <Hello:> to Peer_10:peer
Peer_21:peer INFO 1577.987442135661: Sending message <RequestPeers:> to Peer_10:peer
Peer_21:peer INFO 1655.9952217059458: Received message <PeerList> from Peer_13:peer
Peer_21:peer INFO 1733.9787991195185: Received message <PeerList> from Peer_10:peer
Peer_21:peer INFO 2077.9932162759505: Received message <Hello:> from Peer_4:peer
Peer_21:peer INFO 2077.9932162759505: Connecting to Peer_4:peer
Peer_21:peer INFO 2077.9932162759505: Sending message <Hello:> to Peer_4:peer
Peer_21:peer INFO 2077.9932162759505: Sending message <RequestPeers:> to Peer_4:peer
Peer_21:peer INFO 2234.118130328939: Received message <PeerList> from Peer_4:peer
Peer_21:peer INFO 2500: Sending message <Ping:> to Peer_27:bootstrap
Peer_21:peer INFO 2500: Sending message <Ping:> to Peer_13:peer
Peer_21:peer INFO 2500: Sending message <Ping:> to Peer_5:peer
Peer_21:peer INFO 2500: Sending message <Ping:> to Peer_10:peer
Peer_21:peer INFO 2500.3248380600235: Received message <Ping:> from Peer_5:peer
Peer_21:peer INFO 2500.3248380600235: Sending message <Pong:> to Peer_5:peer
Peer_21:peer INFO 2500.506906096515: Received message <Pong:> from Peer_5:peer
Peer_21:peer INFO 2536.846695809464: Received message <Ping:> from Peer_27:bootstrap
Peer_21:peer INFO 2536.846695809464: Sending message <Pong:> to Peer_27:bootstrap
Peer_21:peer INFO 2573.5154461875227: Received message <Pong:> from Peer_27:bootstrap
Peer_21:peer INFO 2577.968519291016: Received message <Ping:> from Peer_10:peer
Peer_21:peer INFO 2577.968519291016: Sending message <Pong:> to Peer_10:peer
Peer_21:peer INFO 2578.038345237329: Received message <Ping:> from Peer_13:peer
Peer_21:peer INFO 2578.038345237329: Sending message <Pong:> to Peer_13:peer
Peer_21:peer INFO 2656.0338335506403: Received message <Pong:> from Peer_10:peer
Peer_21:peer INFO 2656.1579374081766: Received message <Pong:> from Peer_13:peer
Peer_21:peer INFO 3000: Sending message <Ping:> to Peer_4:peer
Peer_21:peer INFO 3078.0017585047635: Received message <Ping:> from Peer_4:peer
Peer_21:peer INFO 3078.0017585047635: Sending message <Pong:> to Peer_4:peer
Peer_21:peer INFO 3156.0603459126023: Received message <Pong:> from Peer_4:peer
Peer_21:peer INFO 3500: Sending message <Ping:> to Peer_27:bootstrap
Peer_21:peer INFO 3500: Sending message <Ping:> to Peer_13:peer
Peer_21:peer INFO 3500: Sending message <Ping:> to Peer_5:peer
Peer_21:peer INFO 3500: Sending message <Ping:> to Peer_10:peer
Peer_21:peer INFO 3500.279525260867: Received message <Ping:> from Peer_5:peer
Peer_21:peer INFO 3500.279525260867: Sending message <Pong:> to Peer_5:peer
Peer_21:peer INFO 3500.7688254716627: Received message <Pong:> from Peer_5:peer
Peer_21:peer INFO 3536.779586786259: Received message <Ping:> from Peer_27:bootstrap
Peer_21:peer INFO 3536.779586786259: Sending message <Pong:> to Peer_27:bootstrap
Peer_21:peer INFO 3572.985864369305: Received message <Pong:> from Peer_27:bootstrap
Peer_21:peer INFO 3578.0266606375794: Received message <Ping:> from Peer_10:peer
Peer_21:peer INFO 3578.0266606375794: Sending message <Pong:> to Peer_10:peer
Peer_21:peer INFO 3578.036587360141: Received message <Ping:> from Peer_13:peer
Peer_21:peer INFO 3578.036587360141: Sending message <Pong:> to Peer_13:peer
Peer_21:peer INFO 3655.905087523271: Received message <Pong:> from Peer_13:peer
Peer_21:peer INFO 3655.9880168081563: Received message <Pong:> from Peer_10:peer
Peer_21:peer INFO 4000: Sending message <Ping:> to Peer_4:peer
Peer_21:peer INFO 4078.0165163068914: Received message <Ping:> from Peer_4:peer
Peer_21:peer INFO 4078.0165163068914: Sending message <Pong:> to Peer_4:peer
Peer_21:peer INFO 4156.131198303995: Received message <Pong:> from Peer_4:peer
Peer_21:peer INFO 4500: Sending message <Ping:> to Peer_27:bootstrap
Peer_21:peer INFO 4500: Sending message <Ping:> to Peer_13:peer
Peer_21:peer INFO 4500: Sending message <Ping:> to Peer_5:peer
Peer_21:peer INFO 4500: Sending message <Ping:> to Peer_10:peer
Peer_21:peer INFO 4500.25607404184: Received message <Ping:> from Peer_5:peer
Peer_21:peer INFO 4500.25607404184: Sending message <Pong:> to Peer_5:peer
Peer_21:peer INFO 4500.588685823861: Received message <Pong:> from Peer_5:peer
Peer_21:peer INFO 4536.747029772348: Received message <Ping:> from Peer_27:bootstrap
Peer_21:peer INFO 4536.747029772348: Sending message <Pong:> to Peer_27:bootstrap
Peer_21:peer INFO 4573.693479803424: Received message <Pong:> from Peer_27:bootstrap
Peer_21:peer INFO 4578.009647269737: Received message <Ping:> from Peer_13:peer
Peer_21:peer INFO 4578.009647269737: Sending message <Pong:> to Peer_13:peer
Peer_21:peer INFO 4578.037343540217: Received message <Ping:> from Peer_10:peer
Peer_21:peer INFO 4578.037343540217: Sending message <Pong:> to Peer_10:peer
Peer_21:peer INFO 4655.954470506878: Received message <Pong:> from Peer_13:peer
Peer_21:peer INFO 4655.9635478513665: Received message <Pong:> from Peer_10:peer
Peer_21:peer INFO 5000: Sending message <Ping:> to Peer_4:peer
Peer_21:peer INFO 5077.9890442986625: Received message <Ping:> from Peer_4:peer
Peer_21:peer INFO 5077.9890442986625: Sending message <Pong:> to Peer_4:peer
Peer_21:peer INFO 5156.115451824504: Received message <Pong:> from Peer_4:peer
Peer_21:peer INFO 5500: Sending message <Ping:> to Peer_27:bootstrap
Peer_21:peer INFO 5500: Sending message <Ping:> to Peer_13:peer
Peer_21:peer INFO 5500: Sending message <Ping:> to Peer_5:peer
Peer_21:peer INFO 5500: Sending message <Ping:> to Peer_10:peer
Peer_21:peer INFO 5500.2523138556935: Received message <Ping:> from Peer_5:peer
Peer_21:peer INFO 5500.2523138556935: Sending message <Pong:> to Peer_5:peer
Peer_21:peer INFO 5500.606579196742: Received message <Pong:> from Peer_5:peer
Peer_21:peer INFO 5536.373732910336: Received message <Ping:> from Peer_27:bootstrap
Peer_21:peer INFO 5536.373732910336: Sending message <Pong:> to Peer_27:bootstrap
Peer_21:peer INFO 5574.229986812886: Received message <Pong:> from Peer_27:bootstrap
Peer_21:peer INFO 5577.978149893384: Received message <Ping:> from Peer_13:peer
Peer_21:peer INFO 5577.978149893384: Sending message <Pong:> to Peer_13:peer
Peer_21:peer INFO 5578.034408605309: Received message <Ping:> from Peer_10:peer
Peer_21:peer INFO 5578.034408605309: Sending message <Pong:> to Peer_10:peer
Peer_21:peer INFO 5656.0447971575495: Received message <Pong:> from Peer_10:peer
Peer_21:peer INFO 5656.052025041044: Received message <Pong:> from Peer_13:peer
Peer_21:peer INFO 6000: Sending message <Ping:> to Peer_4:peer
Peer_21:peer INFO 6077.924961979625: Received message <Ping:> from Peer_4:peer
Peer_21:peer INFO 6077.924961979625: Sending message <Pong:> to Peer_4:peer
Peer_21:peer INFO 6155.929723937206: Received message <Pong:> from Peer_4:peer
Peer_21:peer INFO 6500: Sending message <Ping:> to Peer_27:bootstrap
Peer_21:peer INFO 6500: Sending message <Ping:> to Peer_13:peer
Peer_21:peer INFO 6500: Sending message <Ping:> to Peer_5:peer
Peer_21:peer INFO 6500: Sending message <Ping:> to Peer_10:peer
Peer_21:peer INFO 6500.315235457952: Received message <Ping:> from Peer_5:peer
Peer_21:peer INFO 6500.315235457952: Sending message <Pong:> to Peer_5:peer
Peer_21:peer INFO 6500.597487664499: Received message <Pong:> from Peer_5:peer
Peer_21:peer INFO 6536.27054586787: Received message <Ping:> from Peer_27:bootstrap
Peer_21:peer INFO 6536.27054586787: Sending message <Pong:> to Peer_27:bootstrap
Peer_21:peer INFO 6573.136371987961: Received message <Pong:> from Peer_27:bootstrap
Peer_21:peer INFO 6577.986105919869: Received message <Ping:> from Peer_10:peer
Peer_21:peer INFO 6577.986105919869: Sending message <Pong:> to Peer_10:peer
Peer_21:peer INFO 6577.992046301581: Received message <Ping:> from Peer_13:peer
Peer_21:peer INFO 6577.992046301581: Sending message <Pong:> to Peer_13:peer
Peer_21:peer INFO 6655.952744943051: Received message <Pong:> from Peer_13:peer
Peer_21:peer INFO 6656.101454710641: Received message <Pong:> from Peer_10:peer
Peer_21:peer INFO 7000: Sending message <Ping:> to Peer_4:peer
Peer_21:peer INFO 7078.011367585536: Received message <Ping:> from Peer_4:peer
Peer_21:peer INFO 7078.011367585536: Sending message <Pong:> to Peer_4:peer
Peer_21:peer INFO 7155.9910952162145: Received message <Pong:> from Peer_4:peer
Peer_21:peer INFO 7500: Sending message <Ping:> to Peer_27:bootstrap
Peer_21:peer INFO 7500: Sending message <Ping:> to Peer_13:peer
Peer_21:peer INFO 7500: Sending message <Ping:> to Peer_5:peer
Peer_21:peer INFO 7500: Sending message <Ping:> to Peer_10:peer
Peer_21:peer INFO 7500.267116413197: Received message <Ping:> from Peer_5:peer
Peer_21:peer INFO 7500.267116413197: Sending message <Pong:> to Peer_5:peer
Peer_21:peer INFO 7500.682581627309: Received message <Pong:> from Peer_5:peer
Peer_21:peer INFO 7536.476421153064: Received message <Ping:> from Peer_27:bootstrap
Peer_21:peer INFO 7536.476421153064: Sending message <Pong:> to Peer_27:bootstrap
Peer_21:peer INFO 7574.000884466084: Received message <Pong:> from Peer_27:bootstrap
Peer_21:peer INFO 7577.937002836561: Received message <Ping:> from Peer_10:peer
Peer_21:peer INFO 7577.937002836561: Sending message <Pong:> to Peer_10:peer
Peer_21:peer INFO 7578.032016333256: Received message <Ping:> from Peer_13:peer
Peer_21:peer INFO 7578.032016333256: Sending message <Pong:> to Peer_13:peer
Peer_21:peer INFO 7656.056597555313: Received message <Pong:> from Peer_13:peer
Peer_21:peer INFO 7656.0576381524: Received message <Pong:> from Peer_10:peer
Peer_21:peer INFO 8000: Sending message <Ping:> to Peer_4:peer
Peer_21:peer INFO 8078.048196030226: Received message <Ping:> from Peer_4:peer
Peer_21:peer INFO 8078.048196030226: Sending message <Pong:> to Peer_4:peer
Peer_21:peer INFO 8156.043905731172: Received message <Pong:> from Peer_4:peer
Peer_21:peer INFO 8500: Sending message <Ping:> to Peer_27:bootstrap
Peer_21:peer INFO 8500: Sending message <Ping:> to Peer_13:peer
Peer_21:peer INFO 8500: Sending message <Ping:> to Peer_5:peer
Peer_21:peer INFO 8500: Sending message <Ping:> to Peer_10:peer
Peer_21:peer INFO 8500.289122323833: Received message <Ping:> from Peer_5:peer
Peer_21:peer INFO 8500.289122323833: Sending message <Pong:> to Peer_5:peer
Peer_21:peer INFO 8500.44120518907: Received message <Pong:> from Peer_5:peer
Peer_21:peer INFO 8536.750050336119: Received message <Ping:> from Peer_27:bootstrap
Peer_21:peer INFO 8536.750050336119: Sending message <Pong:> to Peer_27:bootstrap
Peer_21:peer INFO 8572.96736405424: Received message <Pong:> from Peer_27:bootstrap
Peer_21:peer INFO 8577.915198506442: Received message <Ping:> from Peer_13:peer
Peer_21:peer INFO 8577.915198506442: Sending message <Pong:> to Peer_13:peer
Peer_21:peer INFO 8578.03131114897: Received message <Ping:> from Peer_10:peer
Peer_21:peer INFO 8578.03131114897: Sending message <Pong:> to Peer_10:peer
Peer_21:peer INFO 8656.064508527634: Received message <Pong:> from Peer_10:peer
Peer_21:peer INFO 8656.126946190168: Received message <Pong:> from Peer_13:peer
Peer_21:peer INFO 9000: Sending message <Ping:> to Peer_4:peer
Peer_21:peer INFO 9078.044298311373: Received message <Ping:> from Peer_4:peer
Peer_21:peer INFO 9078.044298311373: Sending message <Pong:> to Peer_4:peer
Peer_21:peer INFO 9155.98967574353: Received message <Pong:> from Peer_4:peer
Peer_21:peer INFO 9500: Sending message <Ping:> to Peer_27:bootstrap
Peer_21:peer INFO 9500: Sending message <Ping:> to Peer_13:peer
Peer_21:peer INFO 9500: Sending message <Ping:> to Peer_5:peer
Peer_21:peer INFO 9500: Sending message <Ping:> to Peer_10:peer
Peer_21:peer INFO 9500.229250050252: Received message <Ping:> from Peer_5:peer
Peer_21:peer INFO 9500.229250050252: Sending message <Pong:> to Peer_5:peer
Peer_21:peer INFO 9500.465285699023: Received message <Pong:> from Peer_5:peer
Peer_21:peer INFO 9537.311905909795: Received message <Ping:> from Peer_27:bootstrap
Peer_21:peer INFO 9537.311905909795: Sending message <Pong:> to Peer_27:bootstrap
Peer_21:peer INFO 9572.143776946612: Received message <Pong:> from Peer_27:bootstrap
Peer_21:peer INFO 9577.907157428068: Received message <Ping:> from Peer_13:peer
Peer_21:peer INFO 9577.907157428068: Sending message <Pong:> to Peer_13:peer
Peer_21:peer INFO 9578.017719977777: Received message <Ping:> from Peer_10:peer
Peer_21:peer INFO 9578.017719977777: Sending message <Pong:> to Peer_10:peer
Peer_21:peer INFO 9655.974585698115: Received message <Pong:> from Peer_10:peer
Peer_21:peer INFO 9656.001786893497: Received message <Pong:> from Peer_13:peer
Peer_21:peer INFO 10000: Sending message <Ping:> to Peer_4:peer
Peer_21:peer INFO 10078.048447606287: Received message <Ping:> from Peer_4:peer
Peer_21:peer INFO 10078.048447606287: Sending message <Pong:> to Peer_4:peer
Peer_21:peer INFO 10156.037128957087: Received message <Pong:> from Peer_4:peer
Peer_21:peer INFO 10209.555609296185: Received message <GossipMessage:1_26> from Peer_4:peer
Peer_21:peer INFO 10409.341357270188: Received message <GossipMessage:2_26> from Peer_4:peer
Peer_21:peer INFO 10500: Sending message <Ping:> to Peer_27:bootstrap
Peer_21:peer INFO 10500: Sending message <Ping:> to Peer_13:peer
Peer_21:peer INFO 10500: Sending message <Ping:> to Peer_5:peer
Peer_21:peer INFO 10500: Sending message <Ping:> to Peer_10:peer
Peer_21:peer INFO 10500.207163867217: Received message <Ping:> from Peer_5:peer
Peer_21:peer INFO 10500.207163867217: Sending message <Pong:> to Peer_5:peer
Peer_21:peer INFO 10500.557519623293: Received message <Pong:> from Peer_5:peer
Peer_21:peer INFO 10535.40791559: Received message <Ping:> from Peer_27:bootstrap
Peer_21:peer INFO 10535.40791559: Sending message <Pong:> to Peer_27:bootstrap
Peer_21:peer INFO 10574.24761440615: Received message <Pong:> from Peer_27:bootstrap
Peer_21:peer INFO 10577.969385424818: Received message <Ping:> from Peer_10:peer
Peer_21:peer INFO 10577.969385424818: Sending message <Pong:> to Peer_10:peer
Peer_21:peer INFO 10578.056766914648: Received message <Ping:> from Peer_13:peer
Peer_21:peer INFO 10578.056766914648: Sending message <Pong:> to Peer_13:peer
Peer_21:peer INFO 10609.37208961476: Received message <GossipMessage:3_26> from Peer_5:peer
Peer_21:peer INFO 10609.372899443519: Received message <GossipMessage:3_26> from Peer_4:peer
Peer_21:peer INFO 10655.863124356447: Received message <Pong:> from Peer_10:peer
Peer_21:peer INFO 10656.130208025244: Received message <Pong:> from Peer_13:peer
Peer_21:peer INFO 10809.272520000146: Received message <GossipMessage:4_26> from Peer_5:peer
Peer_21:peer INFO 10809.394320676867: Received message <GossipMessage:4_26> from Peer_4:peer
Peer_21:peer INFO 11009.46915945759: Received message <GossipMessage:5_26> from Peer_4:peer
Peer_21:peer INFO 11078.11253188529: Received message <Ping:> from Peer_4:peer
Peer_21:peer INFO 11078.11253188529: Sending message <Pong:> to Peer_4:peer
Peer_21:peer INFO 11209.63089081772: Received message <GossipMessage:6_26> from Peer_4:peer
Peer_21:peer INFO 11209.643488594735: Received message <GossipMessage:6_26> from Peer_5:peer
Peer_21:peer INFO 11409.329633247622: Received message <GossipMessage:7_26> from Peer_4:peer
Peer_21:peer INFO 11500: Sending message <Ping:> to Peer_27:bootstrap
Peer_21:peer INFO 11500: Sending message <Ping:> to Peer_13:peer
Peer_21:peer INFO 11500: Sending message <Ping:> to Peer_10:peer
Peer_21:peer INFO 11500.242281482248: Received message <Ping:> from Peer_5:peer
Peer_21:peer INFO 11500.242281482248: Sending message <Pong:> to Peer_5:peer
Peer_21:peer INFO 11537.036326426376: Received message <Ping:> from Peer_27:bootstrap
Peer_21:peer INFO 11537.036326426376: Sending message <Pong:> to Peer_27:bootstrap
Peer_21:peer INFO 11574.908541109779: Received message <Pong:> from Peer_27:bootstrap
Peer_21:peer INFO 11578.04772404524: Received message <Ping:> from Peer_10:peer
Peer_21:peer INFO 11578.04772404524: Sending message <Pong:> to Peer_10:peer
Peer_21:peer INFO 11578.04929933727: Received message <Ping:> from Peer_13:peer
Peer_21:peer INFO 11578.04929933727: Sending message <Pong:> to Peer_13:peer
Peer_21:peer INFO 11608.976490828643: Received message <GossipMessage:8_26> from Peer_4:peer
Peer_21:peer INFO 11655.88469237694: Received message <Pong:> from Peer_13:peer
Peer_21:peer INFO 11656.04382157615: Received message <Pong:> from Peer_10:peer
Peer_21:peer INFO 11809.586811553147: Received message <GossipMessage:9_26> from Peer_4:peer
Peer_21:peer INFO 11809.721080179539: Received message <GossipMessage:9_26> from Peer_5:peer
Peer_21:peer INFO 12009.569690356764: Received message <GossipMessage:10_26> from Peer_5:peer
Peer_21:peer INFO 12009.581739372046: Received message <GossipMessage:10_26> from Peer_4:peer
Peer_21:peer INFO 12078.007509211408: Received message <Ping:> from Peer_4:peer
Peer_21:peer INFO 12078.007509211408: Sending message <Pong:> to Peer_4:peer
Peer_21:peer INFO 12209.08387263268: Received message <GossipMessage:11_26> from Peer_4:peer
Peer_21:peer INFO 12409.355212868584: Received message <GossipMessage:12_26> from Peer_4:peer
Peer_21:peer INFO 12409.403116760868: Received message <GossipMessage:12_26> from Peer_5:peer
Peer_21:peer INFO 12500: Sending message <Ping:> to Peer_27:bootstrap
Peer_21:peer INFO 12500: Sending message <Ping:> to Peer_13:peer
Peer_21:peer INFO 12500: Sending message <Ping:> to Peer_10:peer
Peer_21:peer INFO 12500.264739450558: Received message <Ping:> from Peer_5:peer
Peer_21:peer INFO 12500.264739450558: Sending message <Pong:> to Peer_5:peer
Peer_21:peer INFO 12536.292890359151: Received message <Ping:> from Peer_27:bootstrap
Peer_21:peer INFO 12536.292890359151: Sending message <Pong:> to Peer_27:bootstrap
Peer_21:peer INFO 12574.08349416848: Received message <Pong:> from Peer_27:bootstrap
Peer_21:peer INFO 12577.95638536718: Received message <Ping:> from Peer_10:peer
Peer_21:peer INFO 12577.95638536718: Sending message <Pong:> to Peer_10:peer
Peer_21:peer INFO 12578.1566048764: Received message <Ping:> from Peer_13:peer
Peer_21:peer INFO 12578.1566048764: Sending message <Pong:> to Peer_13:peer
Peer_21:peer INFO 12609.028829746552: Received message <GossipMessage:13_26> from Peer_4:peer
Peer_21:peer INFO 12609.077506612626: Received message <GossipMessage:13_26> from Peer_5:peer
Peer_21:peer INFO 12656.011428160748: Received message <Pong:> from Peer_13:peer
Peer_21:peer INFO 12656.075358618962: Received message <Pong:> from Peer_10:peer
Peer_21:peer INFO 12809.323403798015: Received message <GossipMessage:14_26> from Peer_4:peer
Peer_21:peer INFO 13009.262367464702: Received message <GossipMessage:15_26> from Peer_4:peer
Peer_21:peer INFO 13078.079815616307: Received message <Ping:> from Peer_4:peer
Peer_21:peer INFO 13078.079815616307: Sending message <Pong:> to Peer_4:peer
Peer_21:peer INFO 13209.305462536688: Received message <GossipMessage:16_26> from Peer_4:peer
Peer_21:peer INFO 13209.360381126591: Received message <GossipMessage:16_26> from Peer_5:peer
Peer_21:peer INFO 13409.205116577008: Received message <GossipMessage:17_26> from Peer_4:peer
Peer_21:peer INFO 13500: Sending message <Ping:> to Peer_27:bootstrap
Peer_21:peer INFO 13500: Sending message <Ping:> to Peer_13:peer
Peer_21:peer INFO 13500: Sending message <Ping:> to Peer_10:peer
Peer_21:peer INFO 13500.2718043247: Received message <Ping:> from Peer_5:peer
Peer_21:peer INFO 13500.2718043247: Sending message <Pong:> to Peer_5:peer
Peer_21:peer INFO 13537.207234021169: Received message <Ping:> from Peer_27:bootstrap
Peer_21:peer INFO 13537.207234021169: Sending message <Pong:> to Peer_27:bootstrap
Peer_21:peer INFO 13574.506136090098: Received message <Pong:> from Peer_27:bootstrap
Peer_21:peer INFO 13577.971925698745: Received message <Ping:> from Peer_10:peer
Peer_21:peer INFO 13577.971925698745: Sending message <Pong:> to Peer_10:peer
Peer_21:peer INFO 13578.032698031351: Received message <Ping:> from Peer_13:peer
Peer_21:peer INFO 13578.032698031351: Sending message <Pong:> to Peer_13:peer
Peer_21:peer INFO 13609.174498098168: Received message <GossipMessage:18_26> from Peer_5:peer
Peer_21:peer INFO 13609.216302809551: Received message <GossipMessage:18_26> from Peer_4:peer
Peer_21:peer INFO 13655.89265886553: Received message <Pong:> from Peer_13:peer
Peer_21:peer INFO 13656.012366566347: Received message <Pong:> from Peer_10:peer
Peer_21:peer INFO 13809.306360210494: Received message <GossipMessage:19_26> from Peer_4:peer
Peer_21:peer INFO 14009.205664446534: Received message <GossipMessage:20_26> from Peer_4:peer
Peer_21:peer INFO 14009.293161952484: Received message <GossipMessage:20_26> from Peer_5:peer
Peer_21:peer INFO 14078.046265096149: Received message <Ping:> from Peer_4:peer
Peer_21:peer INFO 14078.046265096149: Sending message <Pong:> to Peer_4:peer
Peer_21:peer INFO 14500: Sending message <Ping:> to Peer_27:bootstrap
Peer_21:peer INFO 14500: Sending message <Ping:> to Peer_13:peer
Peer_21:peer INFO 14500: Sending message <Ping:> to Peer_10:peer
Peer_21:peer INFO 14500.239471369161: Received message <Ping:> from Peer_5:peer
Peer_21:peer INFO 14500.239471369161: Sending message <Pong:> to Peer_5:peer
Peer_21:peer INFO 14536.4568649201: Received message <Ping:> from Peer_27:bootstrap
Peer_21:peer INFO 14536.4568649201: Sending message <Pong:> to Peer_27:bootstrap
Peer_21:peer INFO 14574.095369410168: Received message <Pong:> from Peer_27:bootstrap
Peer_21:peer INFO 14577.953883426924: Received message <Ping:> from Peer_10:peer
Peer_21:peer INFO 14577.953883426924: Sending message <Pong:> to Peer_10:peer
Peer_21:peer INFO 14577.985834626077: Received message <Ping:> from Peer_13:peer
Peer_21:peer INFO 14577.985834626077: Sending message <Pong:> to Peer_13:peer
Peer_21:peer INFO 14656.04544350434: Received message <Pong:> from Peer_10:peer
Peer_21:peer INFO 14656.090820483247: Received message <Pong:> from Peer_13:peer
