Peer_22:peer WARNING 0: Not enough peers, fetching more (0, 4)
Peer_22:peer INFO 36.473760938400225: Connecting to Peer_27:bootstrap
Peer_22:peer INFO 72.93817163675673: Received message <Hello:> from Peer_27:bootstrap
Peer_22:peer INFO 72.968129040798: Received message <RequestPeers:> from Peer_27:bootstrap
Peer_22:peer INFO 72.968129040798: Sending message <PeerList> to Peer_27:bootstrap
Peer_22:peer WARNING 500: Not enough peers, fetching more (1, 4)
Peer_22:peer INFO 500: Sending message <RequestPeers:> to Peer_27:bootstrap
Peer_22:peer INFO 573.3726682651914: Received message <PeerList> from Peer_27:bootstrap
Peer_22:peer WARNING 1000: Not enough peers, fetching more (1, 4)
Peer_22:peer INFO 1000: Sending message <RequestPeers:> to Peer_27:bootstrap
Peer_22:peer INFO 1038.1294352261561: Connecting to Peer_17:peer
Peer_22:peer INFO 1074.3831629767603: Received message <Hello:> from Peer_17:peer
Peer_22:peer INFO 1074.4622336652856: Received message <RequestPeers:> from Peer_17:peer
Peer_22:peer INFO 1074.4622336652856: Sending message <PeerList> to Peer_17:peer
Peer_22:peer INFO 1075.2482668817936: Received message <PeerList> from Peer_27:bootstrap
Peer_22:peer WARNING 1500: Not enough peers, fetching more (2, 4)
Peer_22:peer INFO 1500: Sending message <RequestPeers:> to Peer_27:bootstrap
Peer_22:peer INFO 1500: Sending message <RequestPeers:> to Peer_17:peer
Peer_22:peer INFO 1536.4022368984738: Received message <Hello:> from Peer_20:peer
Peer_22:peer INFO 1536.4022368984738: Connecting to Peer_20:peer
Peer_22:peer INFO 1536.4022368984738: Sending message <Hello:> to Peer_20:peer
Peer_22:peer INFO 1536.4022368984738: Sending message <RequestPeers:> to Peer_20:peer
Peer_22:peer INFO 1574.0205923585243: Received message <PeerList> from Peer_17:peer
Peer_22:peer INFO 1574.2529822351075: Received message <PeerList> from Peer_27:bootstrap
Peer_22:peer INFO 1577.967829187174: Connecting to Peer_10:peer
Peer_22:peer INFO 1610.4369133560804: Received message <PeerList> from Peer_20:peer
Peer_22:peer INFO 1655.9298711147947: Received message <Hello:> from Peer_10:peer
Peer_22:peer INFO 1655.9599154652174: Received message <RequestPeers:> from Peer_10:peer
Peer_22:peer INFO 1655.9599154652174: Sending message <PeerList> to Peer_10:peer
Peer_22:peer INFO 2500: Sending message <Ping:> to Peer_27:bootstrap
Peer_22:peer INFO 2500: Sending message <Ping:> to Peer_17:peer
Peer_22:peer INFO 2500: Sending message <Ping:> to Peer_20:peer
Peer_22:peer INFO 2500: Sending message <Ping:> to Peer_10:peer
Peer_22:peer INFO 2536.6424761539433: Received message <Ping:> from Peer_27:bootstrap
Peer_22:peer INFO 2536.6424761539433: Sending message <Pong:> to Peer_27:bootstrap
Peer_22:peer INFO 2536.9459027804223: Received message <Ping:> from Peer_17:peer
Peer_22:peer INFO 2536.9459027804223: Sending message <Pong:> to Peer_17:peer
Peer_22:peer INFO 2536.9639273764064: Received message <Ping:> from Peer_20:peer
Peer_22:peer INFO 2536.9639273764064: Sending message <Pong:> to Peer_20:peer
Peer_22:peer INFO 2572.8754950350526: Received message <Pong:> from Peer_27:bootstrap
Peer_22:peer INFO 2572.902015891013: Received message <Pong:> from Peer_20:peer
Peer_22:peer INFO 2573.6802324355535: Received message <Pong:> from Peer_17:peer
Peer_22:peer INFO 2577.9914427216813: Received message <Ping:> from Peer_10:peer
Peer_22:peer INFO 2577.9914427216813: Sending message <Pong:> to Peer_10:peer
Peer_22:peer INFO 2655.96907399501: Received message <Pong:> from Peer_10:peer
Peer_22:peer INFO 3500: Sending message <Ping:> to Peer_27:bootstrap
Peer_22:peer INFO 3500: Sending message <Ping:> to Peer_17:peer
Peer_22:peer INFO 3500: Sending message <Ping:> to Peer_20:peer
Peer_22:peer INFO 3500: Sending message <Ping:> to Peer_10:peer
Peer_22:peer INFO 3536.78680204877: Received message <Ping:> from Peer_20:peer
Peer_22:peer INFO 3536.78680204877: Sending message <Pong:> to Peer_20:peer
Peer_22:peer INFO 3537.1295769266007: Received message <Ping:> from Peer_17:peer
Peer_22:peer INFO 3537.1295769266007: Sending message <Pong:> to Peer_17:peer
Peer_22:peer INFO 3537.4767307458415: Received message <Ping:> from Peer_27:bootstrap
Peer_22:peer INFO 3537.4767307458415: Sending message <Pong:> to Peer_27:bootstrap
Peer_22:peer INFO 3573.7865675969965: Received message <Pong:> from Peer_17:peer
Peer_22:peer INFO 3574.270527618477: Received message <Pong:> from Peer_27:bootstrap
Peer_22:peer INFO 3574.3193620663283: Received message <Pong:> from Peer_20:peer
Peer_22:peer INFO 3578.0459821135178: Received message <Ping:> from Peer_10:peer
Peer_22:peer INFO 3578.0459821135178: Sending message <Pong:> to Peer_10:peer
Peer_22:peer INFO 3656.0029671801726: Received message <Pong:> from Peer_10:peer
Peer_22:peer INFO 4500: Sending message <Ping:> to Peer_27:bootstrap
Peer_22:peer INFO 4500: Sending message <Ping:> to Peer_17:peer
Peer_22:peer INFO 4500: Sending message <Ping:> to Peer_20:peer
Peer_22:peer INFO 4500: Sending message <Ping:> to Peer_10:peer
Peer_22:peer INFO 4535.581694801957: Received message <Ping:> from Peer_17:peer
Peer_22:peer INFO 4535.581694801957: Sending message <Pong:> to Peer_17:peer
Peer_22:peer INFO 4536.413005535069: Received message <Ping:> from Peer_20:peer
Peer_22:peer INFO 4536.413005535069: Sending message <Pong:> to Peer_20:peer
Peer_22:peer INFO 4537.3425020794375: Received message <Ping:> from Peer_27:bootstrap
Peer_22:peer INFO 4537.3425020794375: Sending message <Pong:> to Peer_27:bootstrap
Peer_22:peer INFO 4573.854145712611: Received message <Pong:> from Peer_27:bootstrap
Peer_22:peer INFO 4574.783178857293: Received message <Pong:> from Peer_20:peer
Peer_22:peer INFO 4575.180256010057: Received message <Pong:> from Peer_17:peer
Peer_22:peer INFO 4578.026263160699: Received message <Ping:> from Peer_10:peer
Peer_22:peer INFO 4578.026263160699: Sending message <Pong:> to Peer_10:peer
Peer_22:peer INFO 4656.100490525116: Received message <Pong:> from Peer_10:peer
Peer_22:peer INFO 5037.517037286311: Received message <RequestPeers:> from Peer_20:peer
Peer_22:peer INFO 5037.517037286311: Sending message <PeerList> to Peer_20:peer
Peer_22:peer INFO 5500: Sending message <Ping:> to Peer_27:bootstrap
Peer_22:peer INFO 5500: Sending message <Ping:> to Peer_17:peer
Peer_22:peer INFO 5500: Sending message <Ping:> to Peer_10:peer
Peer_22:peer INFO 5536.613039596338: Received message <Ping:> from Peer_17:peer
Peer_22:peer INFO 5536.613039596338: Sending message <Pong:> to Peer_17:peer
Peer_22:peer INFO 5536.714245950113: Received message <Ping:> from Peer_27:bootstrap
Peer_22:peer INFO 5536.714245950113: Sending message <Pong:> to Peer_27:bootstrap
Peer_22:peer INFO 5574.140246934274: Received message <Pong:> from Peer_27:bootstrap
Peer_22:peer INFO 5575.166411186101: Received message <Pong:> from Peer_17:peer
Peer_22:peer INFO 5578.034162088911: Received message <Ping:> from Peer_10:peer
Peer_22:peer INFO 5578.034162088911: Sending message <Pong:> to Peer_10:peer
Peer_22:peer INFO 5655.95240918098: Received message <Pong:> from Peer_10:peer
Peer_22:peer INFO 6000: Sending message <Ping:> to Peer_20:peer
Peer_22:peer INFO 6037.785049914158: Received message <Ping:> from Peer_20:peer
Peer_22:peer INFO 6037.785049914158: Sending message <Pong:> to Peer_20:peer
Peer_22:peer INFO 6073.452435107887: Received message <Pong:> from Peer_20:peer
Peer_22:peer INFO 6500: Sending message <Ping:> to Peer_27:bootstrap
Peer_22:peer INFO 6500: Sending message <Ping:> to Peer_17:peer
Peer_22:peer INFO 6500: Sending message <Ping:> to Peer_10:peer
Peer_22:peer INFO 6537.014885130964: Received message <Ping:> from Peer_17:peer
Peer_22:peer INFO 6537.014885130964: Sending message <Pong:> to Peer_17:peer
Peer_22:peer INFO 6537.34395748318: Received message <Ping:> from Peer_27:bootstrap
Peer_22:peer INFO 6537.34395748318: Sending message <Pong:> to Peer_27:bootstrap
Peer_22:peer INFO 6572.389778043025: Received message <Pong:> from Peer_17:peer
Peer_22:peer INFO 6573.207505618129: Received message <Pong:> from Peer_27:bootstrap
Peer_22:peer INFO 6577.972238433042: Received message <Ping:> from Peer_10:peer
Peer_22:peer INFO 6577.972238433042: Sending message <Pong:> to Peer_10:peer
Peer_22:peer INFO 6656.11339974924: Received message <Pong:> from Peer_10:peer
Peer_22:peer INFO 7000: Sending message <Ping:> to Peer_20:peer
Peer_22:peer INFO 7036.093026478796: Received message <Ping:> from Peer_20:peer
Peer_22:peer INFO 7036.093026478796: Sending message <Pong:> to Peer_20:peer
Peer_22:peer INFO 7074.264421690085: Received message <Pong:> from Peer_20:peer
Peer_22:peer INFO 7500: Sending message <Ping:> to Peer_27:bootstrap
Peer_22:peer INFO 7500: Sending message <Ping:> to Peer_17:peer
Peer_22:peer INFO 7500: Sending message <Ping:> to Peer_10:peer
Peer_22:peer INFO 7537.149024145509: Received message <Ping:> from Peer_27:bootstrap
Peer_22:peer INFO 7537.149024145509: Sending message <Pong:> to Peer_27:bootstrap
Peer_22:peer INFO 7537.850475020529: Received message <Ping:> from Peer_17:peer
Peer_22:peer INFO 7537.850475020529: Sending message <Pong:> to Peer_17:peer
Peer_22:peer INFO 7573.2422014089125: Received message <Pong:> from Peer_17:peer
Peer_22:peer INFO 7573.349356570121: Received message <Pong:> from Peer_27:bootstrap
Peer_22:peer INFO 7578.0538615628875: Received message <Ping:> from Peer_10:peer
Peer_22:peer INFO 7578.0538615628875: Sending message <Pong:> to Peer_10:peer
Peer_22:peer INFO 7656.069598829652: Received message <Pong:> from Peer_10:peer
Peer_22:peer INFO 8000: Sending message <Ping:> to Peer_20:peer
Peer_22:peer INFO 8036.277712490733: Received message <Ping:> from Peer_20:peer
Peer_22:peer INFO 8036.277712490733: Sending message <Pong:> to Peer_20:peer
Peer_22:peer INFO 8072.568283697402: Received message <Pong:> from Peer_20:peer
Peer_22:peer INFO 8500: Sending message <Ping:> to Peer_27:bootstrap
Peer_22:peer INFO 8500: Sending message <Ping:> to Peer_17:peer
Peer_22:peer INFO 8500: Sending message <Ping:> to Peer_10:peer
Peer_22:peer INFO 8536.013769484878: Received message <Ping:> from Peer_17:peer
Peer_22:peer INFO 8536.013769484878: Sending message <Pong:> to Peer_17:peer
Peer_22:peer INFO 8537.798467461178: Received message <Ping:> from Peer_27:bootstrap
Peer_22:peer INFO 8537.798467461178: Sending message <Pong:> to Peer_27:bootstrap
Peer_22:peer INFO 8572.955886277441: Received message <Pong:> from Peer_27:bootstrap
Peer_22:peer INFO 8574.150637823699: Received message <Pong:> from Peer_17:peer
Peer_22:peer INFO 8578.010223734338: Received message <Ping:> from Peer_10:peer
Peer_22:peer INFO 8578.010223734338: Sending message <Pong:> to Peer_10:peer
Peer_22:peer INFO 8656.062885540874: Received message <Pong:> from Peer_10:peer
Peer_22:peer INFO 9000: Sending message <Ping:> to Peer_20:peer
Peer_22:peer INFO 9036.315276516607: Received message <Ping:> from Peer_20:peer
Peer_22:peer INFO 9036.315276516607: Sending message <Pong:> to Peer_20:peer
Peer_22:peer INFO 9074.94099502148: Received message <Pong:> from Peer_20:peer
Peer_22:peer INFO 9500: Sending message <Ping:> to Peer_27:bootstrap
Peer_22:peer INFO 9500: Sending message <Ping:> to Peer_17:peer
Peer_22:peer INFO 9500: Sending message <Ping:> to Peer_10:peer
Peer_22:peer INFO 9536.013302297839: Received message <Ping:> from Peer_17:peer
Peer_22:peer INFO 9536.013302297839: Sending message <Pong:> to Peer_17:peer
Peer_22:peer INFO 9536.610256323906: Received message <Ping:> from Peer_27:bootstrap
Peer_22:peer INFO 9536.610256323906: Sending message <Pong:> to Peer_27:bootstrap
Peer_22:peer INFO 9572.448991291769: Received message <Pong:> from Peer_27:bootstrap
Peer_22:peer INFO 9574.126886277832: Received message <Pong:> from Peer_17:peer
Peer_22:peer INFO 9578.013818848043: Received message <Ping:> from Peer_10:peer
Peer_22:peer INFO 9578.013818848043: Sending message <Pong:> to Peer_10:peer
Peer_22:peer INFO 9655.98879555024: Received message <Pong:> from Peer_10:peer
Peer_22:peer INFO 10000: Sending message <Ping:> to Peer_20:peer
Peer_22:peer INFO 10036.176709559726: Received message <Ping:> from Peer_20:peer
Peer_22:peer INFO 10036.176709559726: Sending message <Pong:> to Peer_20:peer
Peer_22:peer INFO 10074.192367619702: Received message <Pong:> from Peer_20:peer
Peer_22:peer INFO 10103.177281083954: Received message <GossipMessage:1_26> from Peer_17:peer
Peer_22:peer INFO 10234.085885774984: Received message <GossipMessage:1_26> from Peer_20:peer
Peer_22:peer INFO 10301.95316041647: Received message <GossipMessage:2_26> from Peer_17:peer
Peer_22:peer INFO 10433.407968939944: Received message <GossipMessage:2_26> from Peer_20:peer
Peer_22:peer INFO 10500: Sending message <Ping:> to Peer_27:bootstrap
Peer_22:peer INFO 10500: Sending message <Ping:> to Peer_10:peer
Peer_22:peer INFO 10503.776528877188: Received message <GossipMessage:3_26> from Peer_17:peer
Peer_22:peer INFO 10537.515278295261: Received message <Ping:> from Peer_27:bootstrap
Peer_22:peer INFO 10537.515278295261: Sending message <Pong:> to Peer_27:bootstrap
Peer_22:peer INFO 10537.606268823465: Received message <Ping:> from Peer_17:peer
Peer_22:peer INFO 10537.606268823465: Sending message <Pong:> to Peer_17:peer
Peer_22:peer INFO 10573.791470546405: Received message <Pong:> from Peer_27:bootstrap
Peer_22:peer INFO 10577.96458446919: Received message <Ping:> from Peer_10:peer
Peer_22:peer INFO 10577.96458446919: Sending message <Pong:> to Peer_10:peer
Peer_22:peer INFO 10632.502520477663: Received message <GossipMessage:3_26> from Peer_20:peer
Peer_22:peer INFO 10655.874863310451: Received message <Pong:> from Peer_10:peer
Peer_22:peer INFO 10703.613448886641: Received message <GossipMessage:4_26> from Peer_17:peer
Peer_22:peer INFO 10834.014489622994: Received message <GossipMessage:4_26> from Peer_20:peer
Peer_22:peer INFO 10903.10546718096: Received message <GossipMessage:5_26> from Peer_17:peer
Peer_22:peer INFO 11033.322243815577: Received message <GossipMessage:5_26> from Peer_20:peer
Peer_22:peer INFO 11037.66213462969: Received message <Ping:> from Peer_20:peer
Peer_22:peer INFO 11037.66213462969: Sending message <Pong:> to Peer_20:peer
Peer_22:peer INFO 11103.711077565647: Received message <GossipMessage:6_26> from Peer_17:peer
Peer_22:peer INFO 11232.736654929064: Received message <GossipMessage:6_26> from Peer_20:peer
Peer_22:peer INFO 11303.087174326194: Received message <GossipMessage:7_26> from Peer_17:peer
Peer_22:peer INFO 11433.711861385578: Received message <GossipMessage:7_26> from Peer_20:peer
Peer_22:peer INFO 11500: Sending message <Ping:> to Peer_27:bootstrap
Peer_22:peer INFO 11500: Sending message <Ping:> to Peer_10:peer
Peer_22:peer INFO 11503.704502379054: Received message <GossipMessage:8_26> from Peer_17:peer
Peer_22:peer INFO 11536.074554910507: Received message <Ping:> from Peer_17:peer
Peer_22:peer INFO 11536.074554910507: Sending message <Pong:> to Peer_17:peer
Peer_22:peer INFO 11536.60445342436: Received message <Ping:> from Peer_27:bootstrap
Peer_22:peer INFO 11536.60445342436: Sending message <Pong:> to Peer_27:bootstrap
Peer_22:peer INFO 11572.541631762953: Received message <Pong:> from Peer_27:bootstrap
Peer_22:peer INFO 11578.04559419024: Received message <Ping:> from Peer_10:peer
Peer_22:peer INFO 11578.04559419024: Sending message <Pong:> to Peer_10:peer
Peer_22:peer INFO 11633.239026411422: Received message <GossipMessage:8_26> from Peer_20:peer
Peer_22:peer INFO 11656.124008263438: Received message <Pong:> from Peer_10:peer
Peer_22:peer INFO 11704.01750891946: Received message <GossipMessage:9_26> from Peer_17:peer
Peer_22:peer INFO 11832.943662509942: Received message <GossipMessage:9_26> from Peer_20:peer
Peer_22:peer INFO 11903.444565313212: Received message <GossipMessage:10_26> from Peer_17:peer
Peer_22:peer INFO 12034.188733430932: Received message <GossipMessage:10_26> from Peer_20:peer
Peer_22:peer INFO 12035.93414811109: Received message <Ping:> from Peer_20:peer
Peer_22:peer INFO 12035.93414811109: Sending message <Pong:> to Peer_20:peer
Peer_22:peer INFO 12103.730194531083: Received message <GossipMessage:11_26> from Peer_17:peer
Peer_22:peer INFO 12232.359802103052: Received message <GossipMessage:11_26> from Peer_20:peer
Peer_22:peer INFO 12302.958225096745: Received message <GossipMessage:12_26> from Peer_17:peer
Peer_22:peer INFO 12433.985500717556: Received message <GossipMessage:12_26> from Peer_20:peer
Peer_22:peer INFO 12500: Sending message <Ping:> to Peer_27:bootstrap
Peer_22:peer INFO 12500: Sending message <Ping:> to Peer_10:peer
Peer_22:peer INFO 12537.256497058524: Received message <Ping:> from Peer_27:bootstrap
Peer_22:peer INFO 12537.256497058524: Sending message <Pong:> to Peer_27:bootstrap
Peer_22:peer INFO 12537.672050166673: Received message <Ping:> from Peer_17:peer
Peer_22:peer INFO 12537.672050166673: Sending message <Pong:> to Peer_17:peer
Peer_22:peer INFO 12572.559598613605: Received message <Pong:> from Peer_27:bootstrap
Peer_22:peer INFO 12578.039019734217: Received message <Ping:> from Peer_10:peer
Peer_22:peer INFO 12578.039019734217: Sending message <Pong:> to Peer_10:peer
Peer_22:peer INFO 12632.27623645372: Received message <GossipMessage:13_26> from Peer_20:peer
Peer_22:peer INFO 12655.93467171372: Received message <Pong:> from Peer_10:peer
Peer_22:peer INFO 12833.58669265556: Received message <GossipMessage:14_26> from Peer_20:peer
Peer_22:peer INFO 12902.72729592302: Received message <GossipMessage:15_26> from Peer_17:peer
Peer_22:peer INFO 13033.714343662003: Received message <GossipMessage:15_26> from Peer_20:peer
Peer_22:peer INFO 13036.459903005745: Received message <Ping:> from Peer_20:peer
Peer_22:peer INFO 13036.459903005745: Sending message <Pong:> to Peer_20:peer
Peer_22:peer INFO 13233.146799034057: Received message <GossipMessage:16_26> from Peer_20:peer
Peer_22:peer INFO 13433.06722046446: Received message <GossipMessage:17_26> from Peer_20:peer
Peer_22:peer INFO 13500: Sending message <Ping:> to Peer_27:bootstrap
Peer_22:peer INFO 13500: Sending message <Ping:> to Peer_17:peer
Peer_22:peer INFO 13500: Sending message <Ping:> to Peer_10:peer
Peer_22:peer INFO 13503.646424778177: Received message <GossipMessage:18_26> from Peer_17:peer
Peer_22:peer INFO 13536.573926675079: Received message <Ping:> from Peer_27:bootstrap
Peer_22:peer INFO 13536.573926675079: Sending message <Pong:> to Peer_27:bootstrap
Peer_22:peer INFO 13537.528698590297: Received message <Ping:> from Peer_17:peer
Peer_22:peer INFO 13537.528698590297: Sending message <Pong:> to Peer_17:peer
Peer_22:peer INFO 13574.689306581227: Received message <Pong:> from Peer_27:bootstrap
Peer_22:peer INFO 13574.748016982601: Received message <Pong:> from Peer_17:peer
Peer_22:peer INFO 13577.921229721425: Received message <Ping:> from Peer_10:peer
Peer_22:peer INFO 13577.921229721425: Sending message <Pong:> to Peer_10:peer
Peer_22:peer INFO 13632.821928949532: Received message <GossipMessage:18_26> from Peer_20:peer
Peer_22:peer INFO 13656.14432019903: Received message <Pong:> from Peer_10:peer
Peer_22:peer INFO 13703.159712985062: Received message <GossipMessage:19_26> from Peer_17:peer
Peer_22:peer INFO 13832.849636900542: Received message <GossipMessage:19_26> from Peer_20:peer
Peer_22:peer INFO 13903.615797205464: Received message <GossipMessage:20_26> from Peer_17:peer
Peer_22:peer INFO 14032.96757283218: Received message <GossipMessage:20_26> from Peer_20:peer
Peer_22:peer INFO 14037.785842248248: Received message <Ping:> from Peer_20:peer
Peer_22:peer INFO 14037.785842248248: Sending message <Pong:> to Peer_20:peer
Peer_22:peer INFO 14500: Sending message <Ping:> to Peer_27:bootstrap
Peer_22:peer INFO 14500: Sending message <Ping:> to Peer_17:peer
Peer_22:peer INFO 14500: Sending message <Ping:> to Peer_10:peer
Peer_22:peer INFO 14536.34094947545: Received message <Ping:> from Peer_17:peer
Peer_22:peer INFO 14536.34094947545: Sending message <Pong:> to Peer_17:peer
Peer_22:peer INFO 14536.587575120973: Received message <Ping:> from Peer_27:bootstrap
Peer_22:peer INFO 14536.587575120973: Sending message <Pong:> to Peer_27:bootstrap
Peer_22:peer INFO 14573.893052849662: Received message <Pong:> from Peer_27:bootstrap
Peer_22:peer INFO 14575.14405554874: Received message <Pong:> from Peer_17:peer
Peer_22:peer INFO 14577.971837297655: Received message <Ping:> from Peer_10:peer
Peer_22:peer INFO 14577.971837297655: Sending message <Pong:> to Peer_10:peer
Peer_22:peer INFO 14656.070745814553: Received message <Pong:> from Peer_10:peer
