Peer_5:basic WARNING 0: Not enough peers, fetching more (0, 4)
Peer_5:basic INFO 5.193253589276083: Connecting to Peer_11:bootstrap
Peer_5:basic INFO 10.42396808285417: Received message <Hello:> from Peer_11:bootstrap
Peer_5:basic INFO 11.692718787441937: Received message <RequestPeers:> from Peer_11:bootstrap
Peer_5:basic INFO 11.692718787441937: Sending message <PeerList> to Peer_11:bootstrap
Peer_5:basic WARNING 500: Not enough peers, fetching more (1, 4)
Peer_5:basic INFO 500: Sending message <RequestPeers:> to Peer_11:bootstrap
Peer_5:basic INFO 505.7103601340296: Received message <RequestPeers:> from Peer_11:bootstrap
Peer_5:basic INFO 505.7103601340296: Sending message <PeerList> to Peer_11:bootstrap
Peer_5:basic INFO 511.2421402286575: Received message <PeerList> from Peer_11:bootstrap
Peer_5:basic WARNING 1000: Not enough peers, fetching more (1, 4)
Peer_5:basic INFO 1000: Sending message <RequestPeers:> to Peer_11:bootstrap
Peer_5:basic INFO 1000.8007741322895: Received message <Hello:> from Peer_1:basic
Peer_5:basic INFO 1000.8007741322895: Connecting to Peer_1:basic
Peer_5:basic INFO 1000.8007741322895: Sending message <Hello:> to Peer_1:basic
Peer_5:basic INFO 1000.8007741322895: Sending message <RequestPeers:> to Peer_1:basic
Peer_5:basic INFO 1003.1657414993126: Received message <PeerList> from Peer_1:basic
Peer_5:basic INFO 1006.1580479205197: Received message <Hello:> from Peer_7:basic
Peer_5:basic INFO 1006.1580479205197: Connecting to Peer_7:basic
Peer_5:basic INFO 1006.1580479205197: Sending message <Hello:> to Peer_7:basic
Peer_5:basic INFO 1006.1580479205197: Sending message <RequestPeers:> to Peer_7:basic
Peer_5:basic INFO 1007.4156159164462: Connecting to Peer_2:basic
Peer_5:basic INFO 1011.6083557055707: Received message <PeerList> from Peer_11:bootstrap
Peer_5:basic INFO 1012.1328832987793: Received message <Hello:> from Peer_2:basic
Peer_5:basic INFO 1013.0615933164968: Received message <RequestPeers:> from Peer_2:basic
Peer_5:basic INFO 1013.0615933164968: Sending message <PeerList> to Peer_2:basic
Peer_5:basic INFO 1018.7573735656382: Received message <PeerList> from Peer_7:basic
Peer_5:basic INFO 1500.50794534009: Received message <RequestPeers:> from Peer_1:basic
Peer_5:basic INFO 1500.50794534009: Sending message <PeerList> to Peer_1:basic
Peer_5:basic INFO 1504.8612472806826: Received message <RequestPeers:> from Peer_11:bootstrap
Peer_5:basic INFO 1504.8612472806826: Sending message <PeerList> to Peer_11:bootstrap
Peer_5:basic INFO 2000: Sending message <Ping:> to Peer_7:basic
Peer_5:basic INFO 2000: Sending message <Ping:> to Peer_2:basic
Peer_5:basic INFO 2004.5823935628353: Received message <RequestPeers:> from Peer_11:bootstrap
Peer_5:basic INFO 2004.5823935628353: Sending message <PeerList> to Peer_11:bootstrap
Peer_5:basic INFO 2005.3799822793696: Received message <Ping:> from Peer_7:basic
Peer_5:basic INFO 2005.3799822793696: Sending message <Pong:> to Peer_7:basic
Peer_5:basic INFO 2006.319908404573: Received message <Ping:> from Peer_2:basic
Peer_5:basic INFO 2006.319908404573: Sending message <Pong:> to Peer_2:basic
Peer_5:basic INFO 2011.8012320949535: Received message <Pong:> from Peer_2:basic
Peer_5:basic INFO 2011.9213924689363: Received message <Pong:> from Peer_7:basic
Peer_5:basic INFO 2500: Sending message <Ping:> to Peer_1:basic
Peer_5:basic INFO 2501.2737893367653: Received message <Ping:> from Peer_1:basic
Peer_5:basic INFO 2501.2737893367653: Sending message <Pong:> to Peer_1:basic
Peer_5:basic INFO 2502.4367342688083: Received message <Pong:> from Peer_1:basic
Peer_5:basic INFO 3000: Sending message <Ping:> to Peer_11:bootstrap
Peer_5:basic INFO 3000: Sending message <Ping:> to Peer_7:basic
Peer_5:basic INFO 3000: Sending message <Ping:> to Peer_2:basic
Peer_5:basic INFO 3004.555007803316: Received message <Ping:> from Peer_2:basic
Peer_5:basic INFO 3004.555007803316: Sending message <Pong:> to Peer_2:basic
Peer_5:basic INFO 3005.6694968484335: Received message <Ping:> from Peer_7:basic
Peer_5:basic INFO 3005.6694968484335: Sending message <Pong:> to Peer_7:basic
Peer_5:basic INFO 3007.395692121679: Received message <Ping:> from Peer_11:bootstrap
Peer_5:basic INFO 3007.395692121679: Sending message <Pong:> to Peer_11:bootstrap
Peer_5:basic INFO 3010.1463005895125: Received message <Pong:> from Peer_11:bootstrap
Peer_5:basic INFO 3012.115420446388: Received message <Pong:> from Peer_2:basic
Peer_5:basic INFO 3014.269577159869: Received message <Pong:> from Peer_7:basic
Peer_5:basic INFO 3500: Sending message <Ping:> to Peer_1:basic
Peer_5:basic INFO 3500.9026917183487: Received message <Ping:> from Peer_1:basic
Peer_5:basic INFO 3500.9026917183487: Sending message <Pong:> to Peer_1:basic
Peer_5:basic INFO 3503.1386889198648: Received message <Pong:> from Peer_1:basic
Peer_5:basic INFO 3503.7604758214766: Received message <RequestPeers:> from Peer_11:bootstrap
Peer_5:basic INFO 3503.7604758214766: Sending message <PeerList> to Peer_11:bootstrap
Peer_5:basic INFO 4000: Sending message <Ping:> to Peer_7:basic
Peer_5:basic INFO 4000: Sending message <Ping:> to Peer_2:basic
Peer_5:basic INFO 4004.807844814897: Received message <Ping:> from Peer_2:basic
Peer_5:basic INFO 4004.807844814897: Sending message <Pong:> to Peer_2:basic
Peer_5:basic INFO 4006.725067642553: Received message <Ping:> from Peer_7:basic
Peer_5:basic INFO 4006.725067642553: Sending message <Pong:> to Peer_7:basic
Peer_5:basic INFO 4011.263422989112: Received message <Pong:> from Peer_2:basic
Peer_5:basic INFO 4011.27985367689: Received message <Pong:> from Peer_7:basic
Peer_5:basic INFO 4500: Sending message <Ping:> to Peer_11:bootstrap
Peer_5:basic INFO 4500: Sending message <Ping:> to Peer_1:basic
Peer_5:basic INFO 4501.278023567825: Received message <Ping:> from Peer_1:basic
Peer_5:basic INFO 4501.278023567825: Sending message <Pong:> to Peer_1:basic
Peer_5:basic INFO 4501.288959609107: Received message <Pong:> from Peer_1:basic
Peer_5:basic INFO 4505.313203856091: Received message <Ping:> from Peer_11:bootstrap
Peer_5:basic INFO 4505.313203856091: Sending message <Pong:> to Peer_11:bootstrap
Peer_5:basic INFO 4510.997550887634: Received message <Pong:> from Peer_11:bootstrap
