Peer_11:peer WARNING 0: Not enough peers, fetching more (0, 4)
Peer_11:peer INFO 0.5203820139827545: Connecting to Peer_27:bootstrap
Peer_11:peer INFO 0.9898102057629057: Received message <Hello:> from Peer_27:bootstrap
Peer_11:peer INFO 1.0303197486232858: Received message <RequestPeers:> from Peer_27:bootstrap
Peer_11:peer INFO 1.0303197486232858: Sending message <PeerList> to Peer_27:bootstrap
Peer_11:peer WARNING 500: Not enough peers, fetching more (1, 4)
Peer_11:peer INFO 500: Sending message <RequestPeers:> to Peer_27:bootstrap
Peer_11:peer INFO 501.03282683631613: Received message <PeerList> from Peer_27:bootstrap
Peer_11:peer WARNING 1000: Not enough peers, fetching more (1, 4)
Peer_11:peer INFO 1000: Sending message <RequestPeers:> to Peer_27:bootstrap
Peer_11:peer INFO 1001.3203612201011: Received message <PeerList> from Peer_27:bootstrap
Peer_11:peer WARNING 1500: Not enough peers, fetching more (1, 4)
Peer_11:peer INFO 1500: Sending message <RequestPeers:> to Peer_27:bootstrap
Peer_11:peer INFO 1500.9795823884808: Received message <PeerList> from Peer_27:bootstrap
Peer_11:peer INFO 1565.4972503484041: Connecting to Peer_15:peer
Peer_11:peer INFO 1630.8877468915418: Received message <RequestPeers:> from Peer_15:peer
Peer_11:peer INFO 1630.8877468915418: Sending message <PeerList> to Peer_15:peer
Peer_11:peer INFO 1630.8935805513654: Received message <Hello:> from Peer_15:peer
Peer_11:peer WARNING 2000: Not enough peers, fetching more (2, 4)
Peer_11:peer INFO 2000: Sending message <RequestPeers:> to Peer_27:bootstrap
Peer_11:peer INFO 2000: Sending message <RequestPeers:> to Peer_15:peer
Peer_11:peer INFO 2000.547783723984: Connecting to Peer_12:peer
Peer_11:peer INFO 2001.018072617988: Received message <Hello:> from Peer_12:peer
Peer_11:peer INFO 2001.031840157449: Received message <RequestPeers:> from Peer_12:peer
Peer_11:peer INFO 2001.031840157449: Sending message <PeerList> to Peer_12:peer
Peer_11:peer INFO 2001.0489463288973: Received message <PeerList> from Peer_27:bootstrap
Peer_11:peer INFO 2131.1596601772335: Received message <PeerList> from Peer_15:peer
Peer_11:peer WARNING 2500: Not enough peers, fetching more (3, 4)
Peer_11:peer INFO 2565.6776084913017: Connecting to Peer_26:client
Peer_11:peer INFO 2630.968794339366: Received message <RequestPeers:> from Peer_26:client
Peer_11:peer INFO 2630.968794339366: Sending message <PeerList> to Peer_26:client
Peer_11:peer INFO 2631.20091538279: Received message <Hello:> from Peer_26:client
Peer_11:peer INFO 3000: Sending message <Ping:> to Peer_27:bootstrap
Peer_11:peer INFO 3000: Sending message <Ping:> to Peer_15:peer
Peer_11:peer INFO 3000: Sending message <Ping:> to Peer_12:peer
Peer_11:peer INFO 3000.514914740713: Received message <Ping:> from Peer_27:bootstrap
Peer_11:peer INFO 3000.514914740713: Sending message <Pong:> to Peer_27:bootstrap
Peer_11:peer INFO 3000.546370762112: Received message <Ping:> from Peer_12:peer
Peer_11:peer INFO 3000.546370762112: Sending message <Pong:> to Peer_12:peer
Peer_11:peer INFO 3001.004196150928: Received message <Pong:> from Peer_12:peer
Peer_11:peer INFO 3001.0523011260266: Received message <Pong:> from Peer_27:bootstrap
Peer_11:peer INFO 3065.3871922680046: Received message <Ping:> from Peer_15:peer
Peer_11:peer INFO 3065.3871922680046: Sending message <Pong:> to Peer_15:peer
Peer_11:peer INFO 3130.7934627462855: Received message <Pong:> from Peer_15:peer
Peer_11:peer INFO 3500: Sending message <Ping:> to Peer_26:client
Peer_11:peer INFO 3565.3204743751617: Received message <Ping:> from Peer_26:client
Peer_11:peer INFO 3565.3204743751617: Sending message <Pong:> to Peer_26:client
Peer_11:peer INFO 3630.6786023776685: Received message <Pong:> from Peer_26:client
Peer_11:peer INFO 4000: Sending message <Ping:> to Peer_27:bootstrap
Peer_11:peer INFO 4000: Sending message <Ping:> to Peer_15:peer
Peer_11:peer INFO 4000: Sending message <Ping:> to Peer_12:peer
Peer_11:peer INFO 4000.471961106918: Received message <Ping:> from Peer_12:peer
Peer_11:peer INFO 4000.471961106918: Sending message <Pong:> to Peer_12:peer
Peer_11:peer INFO 4000.4882757373894: Received message <Ping:> from Peer_27:bootstrap
Peer_11:peer INFO 4000.4882757373894: Sending message <Pong:> to Peer_27:bootstrap
Peer_11:peer INFO 4000.9808166926673: Received message <Pong:> from Peer_27:bootstrap
Peer_11:peer INFO 4001.101678967089: Received message <Pong:> from Peer_12:peer
Peer_11:peer INFO 4065.5292073042747: Received message <Ping:> from Peer_15:peer
Peer_11:peer INFO 4065.5292073042747: Sending message <Pong:> to Peer_15:peer
Peer_11:peer INFO 4131.0724401630205: Received message <Pong:> from Peer_15:peer
Peer_11:peer INFO 4500: Sending message <Ping:> to Peer_26:client
Peer_11:peer INFO 4565.158423293629: Received message <Ping:> from Peer_26:client
Peer_11:peer INFO 4565.158423293629: Sending message <Pong:> to Peer_26:client
Peer_11:peer INFO 4631.260944531568: Received message <Pong:> from Peer_26:client
Peer_11:peer INFO 5000: Sending message <Ping:> to Peer_27:bootstrap
Peer_11:peer INFO 5000: Sending message <Ping:> to Peer_15:peer
Peer_11:peer INFO 5000: Sending message <Ping:> to Peer_12:peer
Peer_11:peer INFO 5000.486877007479: Received message <Ping:> from Peer_12:peer
Peer_11:peer INFO 5000.486877007479: Sending message <Pong:> to Peer_12:peer
Peer_11:peer INFO 5000.494774927509: Received message <Ping:> from Peer_27:bootstrap
Peer_11:peer INFO 5000.494774927509: Sending message <Pong:> to Peer_27:bootstrap
Peer_11:peer INFO 5001.0522849023655: Received message <Pong:> from Peer_12:peer
Peer_11:peer INFO 5001.105109499539: Received message <Pong:> from Peer_27:bootstrap
Peer_11:peer INFO 5065.453110979181: Received message <Ping:> from Peer_15:peer
Peer_11:peer INFO 5065.453110979181: Sending message <Pong:> to Peer_15:peer
Peer_11:peer INFO 5130.774851827836: Received message <Pong:> from Peer_15:peer
Peer_11:peer INFO 5500: Sending message <Ping:> to Peer_26:client
Peer_11:peer INFO 5565.421046930273: Received message <Ping:> from Peer_26:client
Peer_11:peer INFO 5565.421046930273: Sending message <Pong:> to Peer_26:client
Peer_11:peer INFO 5631.0882395833405: Received message <Pong:> from Peer_26:client
Peer_11:peer INFO 6000: Sending message <Ping:> to Peer_27:bootstrap
Peer_11:peer INFO 6000: Sending message <Ping:> to Peer_15:peer
Peer_11:peer INFO 6000: Sending message <Ping:> to Peer_12:peer
Peer_11:peer INFO 6000.47251848044: Received message <Ping:> from Peer_12:peer
Peer_11:peer INFO 6000.47251848044: Sending message <Pong:> to Peer_12:peer
Peer_11:peer INFO 6000.492690206834: Received message <Ping:> from Peer_27:bootstrap
Peer_11:peer INFO 6000.492690206834: Sending message <Pong:> to Peer_27:bootstrap
Peer_11:peer INFO 6001.010340971813: Received message <Pong:> from Peer_27:bootstrap
Peer_11:peer INFO 6001.1140833004565: Received message <Pong:> from Peer_12:peer
Peer_11:peer INFO 6065.452194937485: Received message <Ping:> from Peer_15:peer
Peer_11:peer INFO 6065.452194937485: Sending message <Pong:> to Peer_15:peer
Peer_11:peer INFO 6131.28730050963: Received message <Pong:> from Peer_15:peer
Peer_11:peer INFO 6500: Sending message <Ping:> to Peer_26:client
Peer_11:peer INFO 6565.267280443292: Received message <Ping:> from Peer_26:client
Peer_11:peer INFO 6565.267280443292: Sending message <Pong:> to Peer_26:client
Peer_11:peer INFO 6631.217384925419: Received message <Pong:> from Peer_26:client
Peer_11:peer INFO 7000: Sending message <Ping:> to Peer_27:bootstrap
Peer_11:peer INFO 7000: Sending message <Ping:> to Peer_15:peer
Peer_11:peer INFO 7000: Sending message <Ping:> to Peer_12:peer
Peer_11:peer INFO 7000.464455639521: Received message <Ping:> from Peer_27:bootstrap
Peer_11:peer INFO 7000.464455639521: Sending message <Pong:> to Peer_27:bootstrap
Peer_11:peer INFO 7000.628836448895: Received message <Ping:> from Peer_12:peer
Peer_11:peer INFO 7000.628836448895: Sending message <Pong:> to Peer_12:peer
Peer_11:peer INFO 7000.96787170184: Received message <Pong:> from Peer_12:peer
Peer_11:peer INFO 7001.143004359983: Received message <Pong:> from Peer_27:bootstrap
Peer_11:peer INFO 7065.563751954517: Received message <Ping:> from Peer_15:peer
Peer_11:peer INFO 7065.563751954517: Sending message <Pong:> to Peer_15:peer
Peer_11:peer INFO 7131.148000550458: Received message <Pong:> from Peer_15:peer
Peer_11:peer INFO 7500: Sending message <Ping:> to Peer_26:client
Peer_11:peer INFO 7565.537409110427: Received message <Ping:> from Peer_26:client
Peer_11:peer INFO 7565.537409110427: Sending message <Pong:> to Peer_26:client
Peer_11:peer INFO 7631.275343841062: Received message <Pong:> from Peer_26:client
Peer_11:peer INFO 8000: Sending message <Ping:> to Peer_27:bootstrap
Peer_11:peer INFO 8000: Sending message <Ping:> to Peer_15:peer
Peer_11:peer INFO 8000: Sending message <Ping:> to Peer_12:peer
Peer_11:peer INFO 8000.523475380924: Received message <Ping:> from Peer_27:bootstrap
Peer_11:peer INFO 8000.523475380924: Sending message <Pong:> to Peer_27:bootstrap
Peer_11:peer INFO 8000.624118025556: Received message <Ping:> from Peer_12:peer
Peer_11:peer INFO 8000.624118025556: Sending message <Pong:> to Peer_12:peer
Peer_11:peer INFO 8001.026193966672: Received message <Pong:> from Peer_12:peer
Peer_11:peer INFO 8001.0950149736: Received message <Pong:> from Peer_27:bootstrap
Peer_11:peer INFO 8065.485156059501: Received message <Ping:> from Peer_15:peer
Peer_11:peer INFO 8065.485156059501: Sending message <Pong:> to Peer_15:peer
Peer_11:peer INFO 8130.896005986561: Received message <Pong:> from Peer_15:peer
Peer_11:peer INFO 8500: Sending message <Ping:> to Peer_26:client
Peer_11:peer INFO 8565.50749257151: Received message <Ping:> from Peer_26:client
Peer_11:peer INFO 8565.50749257151: Sending message <Pong:> to Peer_26:client
Peer_11:peer INFO 8630.62844803784: Received message <Pong:> from Peer_26:client
Peer_11:peer INFO 9000: Sending message <Ping:> to Peer_27:bootstrap
Peer_11:peer INFO 9000: Sending message <Ping:> to Peer_15:peer
Peer_11:peer INFO 9000: Sending message <Ping:> to Peer_12:peer
Peer_11:peer INFO 9000.506962351841: Received message <Ping:> from Peer_27:bootstrap
Peer_11:peer INFO 9000.506962351841: Sending message <Pong:> to Peer_27:bootstrap
Peer_11:peer INFO 9000.511912514698: Received message <Ping:> from Peer_12:peer
Peer_11:peer INFO 9000.511912514698: Sending message <Pong:> to Peer_12:peer
Peer_11:peer INFO 9001.036568979074: Received message <Pong:> from Peer_27:bootstrap
Peer_11:peer INFO 9001.040685546268: Received message <Pong:> from Peer_12:peer
Peer_11:peer INFO 9065.378559131683: Received message <Ping:> from Peer_15:peer
Peer_11:peer INFO 9065.378559131683: Sending message <Pong:> to Peer_15:peer
Peer_11:peer INFO 9130.957557970916: Received message <Pong:> from Peer_15:peer
Peer_11:peer INFO 9500: Sending message <Ping:> to Peer_26:client
Peer_11:peer INFO 9565.58623769985: Received message <Ping:> from Peer_26:client
Peer_11:peer INFO 9565.58623769985: Sending message <Pong:> to Peer_26:client
Peer_11:peer INFO 9631.341707029425: Received message <Pong:> from Peer_26:client
Peer_11:peer INFO 10000: Sending message <Ping:> to Peer_27:bootstrap
Peer_11:peer INFO 10000: Sending message <Ping:> to Peer_15:peer
Peer_11:peer INFO 10000: Sending message <Ping:> to Peer_12:peer
Peer_11:peer INFO 10000.493304225049: Received message <Ping:> from Peer_12:peer
Peer_11:peer INFO 10000.493304225049: Sending message <Pong:> to Peer_12:peer
Peer_11:peer INFO 10000.51124447164: Received message <Ping:> from Peer_27:bootstrap
Peer_11:peer INFO 10000.51124447164: Sending message <Pong:> to Peer_27:bootstrap
Peer_11:peer INFO 10001.002381412525: Received message <Pong:> from Peer_27:bootstrap
Peer_11:peer INFO 10001.135761641728: Received message <Pong:> from Peer_12:peer
Peer_11:peer INFO 10065.467539173302: Received message <GossipMessage:1_26> from Peer_26:client
Peer_11:peer INFO 10065.467539173302: Sending message <GossipMessage:1_26> to Peer_12:peer
Peer_11:peer INFO 10065.467539173302: Sending message <GossipMessage:1_26> to Peer_15:peer
Peer_11:peer INFO 10065.555028467077: Received message <Ping:> from Peer_15:peer
Peer_11:peer INFO 10065.555028467077: Sending message <Pong:> to Peer_15:peer
Peer_11:peer INFO 10130.837489013122: Received message <Pong:> from Peer_15:peer
Peer_11:peer INFO 10265.383201844772: Received message <GossipMessage:2_26> from Peer_26:client
Peer_11:peer INFO 10265.383201844772: Sending message <GossipMessage:2_26> to Peer_12:peer
Peer_11:peer INFO 10265.383201844772: Sending message <GossipMessage:2_26> to Peer_15:peer
Peer_11:peer INFO 10465.319776307886: Received message <GossipMessage:3_26> from Peer_26:client
Peer_11:peer INFO 10465.319776307886: Sending message <GossipMessage:3_26> to Peer_15:peer
Peer_11:peer INFO 10465.319776307886: Sending message <GossipMessage:3_26> to Peer_12:peer
Peer_11:peer INFO 10565.29159223466: Received message <Ping:> from Peer_26:client
Peer_11:peer INFO 10565.29159223466: Sending message <Pong:> to Peer_26:client
Peer_11:peer INFO 10665.507267348314: Received message <GossipMessage:4_26> from Peer_26:client
Peer_11:peer INFO 10665.507267348314: Sending message <GossipMessage:4_26> to Peer_12:peer
Peer_11:peer INFO 10665.507267348314: Sending message <GossipMessage:4_26> to Peer_15:peer
Peer_11:peer INFO 10865.576859179479: Received message <GossipMessage:5_26> from Peer_26:client
Peer_11:peer INFO 10865.576859179479: Sending message <GossipMessage:5_26> to Peer_15:peer
Peer_11:peer INFO 10865.576859179479: Sending message <GossipMessage:5_26> to Peer_12:peer
Peer_11:peer INFO 11000: Sending message <Ping:> to Peer_27:bootstrap
Peer_11:peer INFO 11000: Sending message <Ping:> to Peer_15:peer
Peer_11:peer INFO 11000: Sending message <Ping:> to Peer_12:peer
Peer_11:peer INFO 11000.53236696331: Received message <Ping:> from Peer_27:bootstrap
Peer_11:peer INFO 11000.53236696331: Sending message <Pong:> to Peer_27:bootstrap
Peer_11:peer INFO 11001.003850016965: Received message <Pong:> from Peer_27:bootstrap
Peer_11:peer INFO 11001.080112482894: Received message <Pong:> from Peer_12:peer
Peer_11:peer INFO 11065.549634910629: Received message <GossipMessage:6_26> from Peer_26:client
Peer_11:peer INFO 11065.549634910629: Sending message <GossipMessage:6_26> to Peer_12:peer
Peer_11:peer INFO 11065.549634910629: Sending message <GossipMessage:6_26> to Peer_15:peer
Peer_11:peer INFO 11130.828503332452: Received message <Pong:> from Peer_15:peer
Peer_11:peer INFO 11265.696391848094: Received message <GossipMessage:7_26> from Peer_26:client
Peer_11:peer INFO 11265.696391848094: Sending message <GossipMessage:7_26> to Peer_15:peer
Peer_11:peer INFO 11265.696391848094: Sending message <GossipMessage:7_26> to Peer_12:peer
Peer_11:peer INFO 11465.296366947006: Received message <GossipMessage:8_26> from Peer_26:client
Peer_11:peer INFO 11465.296366947006: Sending message <GossipMessage:8_26> to Peer_12:peer
Peer_11:peer INFO 11465.296366947006: Sending message <GossipMessage:8_26> to Peer_15:peer
Peer_11:peer INFO 11565.350180730868: Received message <Ping:> from Peer_26:client
Peer_11:peer INFO 11565.350180730868: Sending message <Pong:> to Peer_26:client
Peer_11:peer INFO 11665.5652024931: Received message <GossipMessage:9_26> from Peer_26:client
Peer_11:peer INFO 11665.5652024931: Sending message <GossipMessage:9_26> to Peer_12:peer
Peer_11:peer INFO 11665.5652024931: Sending message <GossipMessage:9_26> to Peer_15:peer
Peer_11:peer INFO 11865.686636038436: Received message <GossipMessage:10_26> from Peer_26:client
Peer_11:peer INFO 11865.686636038436: Sending message <GossipMessage:10_26> to Peer_12:peer
Peer_11:peer INFO 11865.686636038436: Sending message <GossipMessage:10_26> to Peer_15:peer
Peer_11:peer INFO 12000: Sending message <Ping:> to Peer_27:bootstrap
Peer_11:peer INFO 12000: Sending message <Ping:> to Peer_15:peer
Peer_11:peer INFO 12000: Sending message <Ping:> to Peer_12:peer
Peer_11:peer INFO 12000.561095295065: Received message <Ping:> from Peer_27:bootstrap
Peer_11:peer INFO 12000.561095295065: Sending message <Pong:> to Peer_27:bootstrap
Peer_11:peer INFO 12001.028830392795: Received message <Pong:> from Peer_12:peer
Peer_11:peer INFO 12001.056588961435: Received message <Pong:> from Peer_27:bootstrap
Peer_11:peer INFO 12065.170987327587: Received message <GossipMessage:11_26> from Peer_26:client
Peer_11:peer INFO 12065.170987327587: Sending message <GossipMessage:11_26> to Peer_12:peer
Peer_11:peer INFO 12065.170987327587: Sending message <GossipMessage:11_26> to Peer_15:peer
Peer_11:peer INFO 12130.7421383638: Received message <Pong:> from Peer_15:peer
Peer_11:peer INFO 12265.617480309207: Received message <GossipMessage:12_26> from Peer_26:client
Peer_11:peer INFO 12265.617480309207: Sending message <GossipMessage:12_26> to Peer_12:peer
Peer_11:peer INFO 12265.617480309207: Sending message <GossipMessage:12_26> to Peer_15:peer
Peer_11:peer INFO 12465.385087231645: Received message <GossipMessage:13_26> from Peer_26:client
Peer_11:peer INFO 12465.385087231645: Sending message <GossipMessage:13_26> to Peer_15:peer
Peer_11:peer INFO 12465.385087231645: Sending message <GossipMessage:13_26> to Peer_12:peer
Peer_11:peer INFO 12565.43403066009: Received message <Ping:> from Peer_26:client
Peer_11:peer INFO 12565.43403066009: Sending message <Pong:> to Peer_26:client
Peer_11:peer INFO 12665.55709349303: Received message <GossipMessage:14_26> from Peer_26:client
Peer_11:peer INFO 12665.55709349303: Sending message <GossipMessage:14_26> to Peer_15:peer
Peer_11:peer INFO 12665.55709349303: Sending message <GossipMessage:14_26> to Peer_12:peer
Peer_11:peer INFO 12865.682353249773: Received message <GossipMessage:15_26> from Peer_26:client
Peer_11:peer INFO 12865.682353249773: Sending message <GossipMessage:15_26> to Peer_12:peer
Peer_11:peer INFO 12865.682353249773: Sending message <GossipMessage:15_26> to Peer_15:peer
Peer_11:peer INFO 13000: Sending message <Ping:> to Peer_27:bootstrap
Peer_11:peer INFO 13000: Sending message <Ping:> to Peer_15:peer
Peer_11:peer INFO 13000: Sending message <Ping:> to Peer_12:peer
Peer_11:peer INFO 13000.49952144353: Received message <Ping:> from Peer_27:bootstrap
Peer_11:peer INFO 13000.49952144353: Sending message <Pong:> to Peer_27:bootstrap
Peer_11:peer INFO 13000.938038504175: Received message <Pong:> from Peer_12:peer
Peer_11:peer INFO 13000.99729714288: Received message <Pong:> from Peer_27:bootstrap
Peer_11:peer INFO 13065.354074616042: Received message <GossipMessage:16_26> from Peer_26:client
Peer_11:peer INFO 13065.354074616042: Sending message <GossipMessage:16_26> to Peer_12:peer
Peer_11:peer INFO 13065.354074616042: Sending message <GossipMessage:16_26> to Peer_15:peer
Peer_11:peer INFO 13131.25428433182: Received message <Pong:> from Peer_15:peer
Peer_11:peer INFO 13265.585344847319: Received message <GossipMessage:17_26> from Peer_26:client
Peer_11:peer INFO 13265.585344847319: Sending message <GossipMessage:17_26> to Peer_12:peer
Peer_11:peer INFO 13265.585344847319: Sending message <GossipMessage:17_26> to Peer_15:peer
Peer_11:peer INFO 13465.522779026363: Received message <GossipMessage:18_26> from Peer_26:client
Peer_11:peer INFO 13465.522779026363: Sending message <GossipMessage:18_26> to Peer_15:peer
Peer_11:peer INFO 13465.522779026363: Sending message <GossipMessage:18_26> to Peer_12:peer
Peer_11:peer INFO 13565.598947907934: Received message <Ping:> from Peer_26:client
Peer_11:peer INFO 13565.598947907934: Sending message <Pong:> to Peer_26:client
Peer_11:peer INFO 13665.670485452738: Received message <GossipMessage:19_26> from Peer_26:client
Peer_11:peer INFO 13665.670485452738: Sending message <GossipMessage:19_26> to Peer_15:peer
Peer_11:peer INFO 13665.670485452738: Sending message <GossipMessage:19_26> to Peer_12:peer
Peer_11:peer INFO 13865.403373060215: Received message <GossipMessage:20_26> from Peer_26:client
Peer_11:peer INFO 13865.403373060215: Sending message <GossipMessage:20_26> to Peer_15:peer
Peer_11:peer INFO 13865.403373060215: Sending message <GossipMessage:20_26> to Peer_12:peer
Peer_11:peer INFO 14000: Sending message <Ping:> to Peer_27:bootstrap
Peer_11:peer INFO 14000: Sending message <Ping:> to Peer_15:peer
Peer_11:peer INFO 14000: Sending message <Ping:> to Peer_12:peer
Peer_11:peer INFO 14000.489189282196: Received message <Ping:> from Peer_27:bootstrap
Peer_11:peer INFO 14000.489189282196: Sending message <Pong:> to Peer_27:bootstrap
Peer_11:peer INFO 14000.972211866318: Received message <Pong:> from Peer_12:peer
Peer_11:peer INFO 14000.997442985074: Received message <Pong:> from Peer_27:bootstrap
Peer_11:peer INFO 14131.089581087454: Received message <Pong:> from Peer_15:peer
Peer_11:peer INFO 14500: Sending message <Ping:> to Peer_26:client
Peer_11:peer INFO 14565.470131308726: Received message <Ping:> from Peer_26:client
Peer_11:peer INFO 14565.470131308726: Sending message <Pong:> to Peer_26:client
Peer_11:peer INFO 14631.111779507097: Received message <Pong:> from Peer_26:client
