Peer_8:peer WARNING 0: Not enough peers, fetching more (0, 4)
Peer_8:peer INFO 0.5251560816502574: Connecting to Peer_27:bootstrap
Peer_8:peer INFO 0.9951420336404527: Received message <RequestPeers:> from Peer_27:bootstrap
Peer_8:peer INFO 0.9951420336404527: Sending message <PeerList> to Peer_27:bootstrap
Peer_8:peer INFO 1.025848645522672: Received message <Hello:> from Peer_27:bootstrap
Peer_8:peer WARNING 500: Not enough peers, fetching more (1, 4)
Peer_8:peer INFO 500: Sending message <RequestPeers:> to Peer_27:bootstrap
Peer_8:peer INFO 500.97533663321093: Received message <PeerList> from Peer_27:bootstrap
Peer_8:peer WARNING 1000: Not enough peers, fetching more (1, 4)
Peer_8:peer INFO 1000: Sending message <RequestPeers:> to Peer_27:bootstrap
Peer_8:peer INFO 1000.5360078003126: Connecting to Peer_17:peer
Peer_8:peer INFO 1001.0072584364757: Received message <Hello:> from Peer_17:peer
Peer_8:peer INFO 1001.0346526317911: Received message <PeerList> from Peer_27:bootstrap
Peer_8:peer INFO 1001.0719582678754: Received message <RequestPeers:> from Peer_17:peer
Peer_8:peer INFO 1001.0719582678754: Sending message <PeerList> to Peer_17:peer
Peer_8:peer INFO 1065.5832719623484: Received message <Hello:> from Peer_19:peer
Peer_8:peer INFO 1065.5832719623484: Connecting to Peer_19:peer
Peer_8:peer INFO 1065.5832719623484: Sending message <Hello:> to Peer_19:peer
Peer_8:peer INFO 1065.5832719623484: Sending message <RequestPeers:> to Peer_19:peer
Peer_8:peer INFO 1196.8476902182208: Received message <PeerList> from Peer_19:peer
Peer_8:peer WARNING 1500: Not enough peers, fetching more (3, 4)
Peer_8:peer INFO 1537.274786329356: Connecting to Peer_25:peer
Peer_8:peer INFO 1565.6566351573276: Received message <RequestPeers:> from Peer_19:peer
Peer_8:peer INFO 1565.6566351573276: Sending message <PeerList> to Peer_19:peer
Peer_8:peer INFO 1574.2163501712378: Received message <Hello:> from Peer_25:peer
Peer_8:peer INFO 1574.4760548101447: Received message <RequestPeers:> from Peer_25:peer
Peer_8:peer INFO 1574.4760548101447: Sending message <PeerList> to Peer_25:peer
Peer_8:peer INFO 2000: Sending message <Ping:> to Peer_27:bootstrap
Peer_8:peer INFO 2000: Sending message <Ping:> to Peer_17:peer
Peer_8:peer INFO 2000.4755976167637: Received message <Ping:> from Peer_27:bootstrap
Peer_8:peer INFO 2000.4755976167637: Sending message <Pong:> to Peer_27:bootstrap
Peer_8:peer INFO 2000.479478137092: Received message <Ping:> from Peer_17:peer
Peer_8:peer INFO 2000.479478137092: Sending message <Pong:> to Peer_17:peer
Peer_8:peer INFO 2000.9731925142075: Received message <Pong:> from Peer_27:bootstrap
Peer_8:peer INFO 2000.9994603388566: Received message <Pong:> from Peer_17:peer
Peer_8:peer INFO 2500: Sending message <Ping:> to Peer_19:peer
Peer_8:peer INFO 2500: Sending message <Ping:> to Peer_25:peer
Peer_8:peer INFO 2536.3534829198034: Received message <Ping:> from Peer_25:peer
Peer_8:peer INFO 2536.3534829198034: Sending message <Pong:> to Peer_25:peer
Peer_8:peer INFO 2565.6901437632096: Received message <Ping:> from Peer_19:peer
Peer_8:peer INFO 2565.6901437632096: Sending message <Pong:> to Peer_19:peer
Peer_8:peer INFO 2573.852602655173: Received message <Pong:> from Peer_25:peer
Peer_8:peer INFO 2630.980786728384: Received message <Pong:> from Peer_19:peer
Peer_8:peer INFO 3000: Sending message <Ping:> to Peer_27:bootstrap
Peer_8:peer INFO 3000: Sending message <Ping:> to Peer_17:peer
Peer_8:peer INFO 3000.503042211078: Received message <Ping:> from Peer_27:bootstrap
Peer_8:peer INFO 3000.503042211078: Sending message <Pong:> to Peer_27:bootstrap
Peer_8:peer INFO 3000.534903360373: Received message <Ping:> from Peer_17:peer
Peer_8:peer INFO 3000.534903360373: Sending message <Pong:> to Peer_17:peer
Peer_8:peer INFO 3001.0030372987235: Received message <Pong:> from Peer_27:bootstrap
Peer_8:peer INFO 3001.023647615045: Received message <Pong:> from Peer_17:peer
Peer_8:peer INFO 3500: Sending message <Ping:> to Peer_19:peer
Peer_8:peer INFO 3500: Sending message <Ping:> to Peer_25:peer
Peer_8:peer INFO 3536.561116500682: Received message <Ping:> from Peer_25:peer
Peer_8:peer INFO 3536.561116500682: Sending message <Pong:> to Peer_25:peer
Peer_8:peer INFO 3565.592540100608: Received message <Ping:> from Peer_19:peer
Peer_8:peer INFO 3565.592540100608: Sending message <Pong:> to Peer_19:peer
Peer_8:peer INFO 3573.6634590320446: Received message <Pong:> from Peer_25:peer
Peer_8:peer INFO 3631.0310257560554: Received message <Pong:> from Peer_19:peer
Peer_8:peer INFO 4000: Sending message <Ping:> to Peer_27:bootstrap
Peer_8:peer INFO 4000: Sending message <Ping:> to Peer_17:peer
Peer_8:peer INFO 4000.4745178154812: Received message <Ping:> from Peer_27:bootstrap
Peer_8:peer INFO 4000.4745178154812: Sending message <Pong:> to Peer_27:bootstrap
Peer_8:peer INFO 4000.583322129637: Received message <Ping:> from Peer_17:peer
Peer_8:peer INFO 4000.583322129637: Sending message <Pong:> to Peer_17:peer
Peer_8:peer INFO 4000.9717726973604: Received message <Pong:> from Peer_17:peer
Peer_8:peer INFO 4001.032965315622: Received message <Pong:> from Peer_27:bootstrap
Peer_8:peer INFO 4500: Sending message <Ping:> to Peer_19:peer
Peer_8:peer INFO 4500: Sending message <Ping:> to Peer_25:peer
Peer_8:peer INFO 4537.24774515709: Received message <Ping:> from Peer_25:peer
Peer_8:peer INFO 4537.24774515709: Sending message <Pong:> to Peer_25:peer
Peer_8:peer INFO 4565.469054147075: Received message <Ping:> from Peer_19:peer
Peer_8:peer INFO 4565.469054147075: Sending message <Pong:> to Peer_19:peer
Peer_8:peer INFO 4572.744941195271: Received message <Pong:> from Peer_25:peer
Peer_8:peer INFO 4630.844980362119: Received message <Pong:> from Peer_19:peer
Peer_8:peer INFO 5000: Sending message <Ping:> to Peer_27:bootstrap
Peer_8:peer INFO 5000: Sending message <Ping:> to Peer_17:peer
Peer_8:peer INFO 5000.464201438017: Received message <Ping:> from Peer_27:bootstrap
Peer_8:peer INFO 5000.464201438017: Sending message <Pong:> to Peer_27:bootstrap
Peer_8:peer INFO 5000.537737058602: Received message <Ping:> from Peer_17:peer
Peer_8:peer INFO 5000.537737058602: Sending message <Pong:> to Peer_17:peer
Peer_8:peer INFO 5000.991797754375: Received message <Pong:> from Peer_27:bootstrap
Peer_8:peer INFO 5001.0460457058425: Received message <Pong:> from Peer_17:peer
Peer_8:peer INFO 5500: Sending message <Ping:> to Peer_19:peer
Peer_8:peer INFO 5500: Sending message <Ping:> to Peer_25:peer
Peer_8:peer INFO 5536.942393771367: Received message <Ping:> from Peer_25:peer
Peer_8:peer INFO 5536.942393771367: Sending message <Pong:> to Peer_25:peer
Peer_8:peer INFO 5565.625320872009: Received message <Ping:> from Peer_19:peer
Peer_8:peer INFO 5565.625320872009: Sending message <Pong:> to Peer_19:peer
Peer_8:peer INFO 5572.606425839054: Received message <Pong:> from Peer_25:peer
Peer_8:peer INFO 5630.978672290177: Received message <Pong:> from Peer_19:peer
Peer_8:peer INFO 6000: Sending message <Ping:> to Peer_27:bootstrap
Peer_8:peer INFO 6000: Sending message <Ping:> to Peer_17:peer
Peer_8:peer INFO 6000.476638925561: Received message <Ping:> from Peer_27:bootstrap
Peer_8:peer INFO 6000.476638925561: Sending message <Pong:> to Peer_27:bootstrap
Peer_8:peer INFO 6000.48488814478: Received message <Ping:> from Peer_17:peer
Peer_8:peer INFO 6000.48488814478: Sending message <Pong:> to Peer_17:peer
Peer_8:peer INFO 6000.943759720886: Received message <Pong:> from Peer_27:bootstrap
Peer_8:peer INFO 6000.99502002799: Received message <Pong:> from Peer_17:peer
Peer_8:peer INFO 6500: Sending message <Ping:> to Peer_19:peer
Peer_8:peer INFO 6500: Sending message <Ping:> to Peer_25:peer
Peer_8:peer INFO 6536.905720684182: Received message <Ping:> from Peer_25:peer
Peer_8:peer INFO 6536.905720684182: Sending message <Pong:> to Peer_25:peer
Peer_8:peer INFO 6565.558904583104: Received message <Ping:> from Peer_19:peer
Peer_8:peer INFO 6565.558904583104: Sending message <Pong:> to Peer_19:peer
Peer_8:peer INFO 6572.750781779204: Received message <Pong:> from Peer_25:peer
Peer_8:peer INFO 6631.058537576177: Received message <Pong:> from Peer_19:peer
Peer_8:peer INFO 7000: Sending message <Ping:> to Peer_27:bootstrap
Peer_8:peer INFO 7000: Sending message <Ping:> to Peer_17:peer
Peer_8:peer INFO 7000.493592618105: Received message <Ping:> from Peer_27:bootstrap
Peer_8:peer INFO 7000.493592618105: Sending message <Pong:> to Peer_27:bootstrap
Peer_8:peer INFO 7000.505798204978: Received message <Ping:> from Peer_17:peer
Peer_8:peer INFO 7000.505798204978: Sending message <Pong:> to Peer_17:peer
Peer_8:peer INFO 7000.9964104737555: Received message <Pong:> from Peer_17:peer
Peer_8:peer INFO 7001.114651540767: Received message <Pong:> from Peer_27:bootstrap
Peer_8:peer INFO 7500: Sending message <Ping:> to Peer_19:peer
Peer_8:peer INFO 7500: Sending message <Ping:> to Peer_25:peer
Peer_8:peer INFO 7536.724340427192: Received message <Ping:> from Peer_25:peer
Peer_8:peer INFO 7536.724340427192: Sending message <Pong:> to Peer_25:peer
Peer_8:peer INFO 7565.724242937148: Received message <Ping:> from Peer_19:peer
Peer_8:peer INFO 7565.724242937148: Sending message <Pong:> to Peer_19:peer
Peer_8:peer INFO 7573.619832156603: Received message <Pong:> from Peer_25:peer
Peer_8:peer INFO 7631.222703913629: Received message <Pong:> from Peer_19:peer
Peer_8:peer INFO 8000: Sending message <Ping:> to Peer_27:bootstrap
Peer_8:peer INFO 8000: Sending message <Ping:> to Peer_17:peer
Peer_8:peer INFO 8000.484206251727: Received message <Ping:> from Peer_27:bootstrap
Peer_8:peer INFO 8000.484206251727: Sending message <Pong:> to Peer_27:bootstrap
Peer_8:peer INFO 8000.555145486446: Received message <Ping:> from Peer_17:peer
Peer_8:peer INFO 8000.555145486446: Sending message <Pong:> to Peer_17:peer
Peer_8:peer INFO 8000.983941632348: Received message <Pong:> from Peer_17:peer
Peer_8:peer INFO 8001.1276511601245: Received message <Pong:> from Peer_27:bootstrap
Peer_8:peer INFO 8500: Sending message <Ping:> to Peer_19:peer
Peer_8:peer INFO 8500: Sending message <Ping:> to Peer_25:peer
Peer_8:peer INFO 8536.40967016075: Received message <Ping:> from Peer_25:peer
Peer_8:peer INFO 8536.40967016075: Sending message <Pong:> to Peer_25:peer
Peer_8:peer INFO 8565.690220681563: Received message <Ping:> from Peer_19:peer
Peer_8:peer INFO 8565.690220681563: Sending message <Pong:> to Peer_19:peer
Peer_8:peer INFO 8573.06907545084: Received message <Pong:> from Peer_25:peer
Peer_8:peer INFO 8631.021959446185: Received message <Pong:> from Peer_19:peer
Peer_8:peer INFO 9000: Sending message <Ping:> to Peer_27:bootstrap
Peer_8:peer INFO 9000: Sending message <Ping:> to Peer_17:peer
Peer_8:peer INFO 9000.48195873614: Received message <Ping:> from Peer_17:peer
Peer_8:peer INFO 9000.48195873614: Sending message <Pong:> to Peer_17:peer
Peer_8:peer INFO 9000.521264324478: Received message <Ping:> from Peer_27:bootstrap
Peer_8:peer INFO 9000.521264324478: Sending message <Pong:> to Peer_27:bootstrap
Peer_8:peer INFO 9000.974408199172: Received message <Pong:> from Peer_27:bootstrap
Peer_8:peer INFO 9001.005591770636: Received message <Pong:> from Peer_17:peer
Peer_8:peer INFO 9500: Sending message <Ping:> to Peer_19:peer
Peer_8:peer INFO 9500: Sending message <Ping:> to Peer_25:peer
Peer_8:peer INFO 9535.956251237587: Received message <Ping:> from Peer_25:peer
Peer_8:peer INFO 9535.956251237587: Sending message <Pong:> to Peer_25:peer
Peer_8:peer INFO 9565.634900461793: Received message <Ping:> from Peer_19:peer
Peer_8:peer INFO 9565.634900461793: Sending message <Pong:> to Peer_19:peer
Peer_8:peer INFO 9573.817565038004: Received message <Pong:> from Peer_25:peer
Peer_8:peer INFO 9631.2501003555: Received message <Pong:> from Peer_19:peer
Peer_8:peer INFO 10000: Sending message <Ping:> to Peer_27:bootstrap
Peer_8:peer INFO 10000: Sending message <Ping:> to Peer_17:peer
Peer_8:peer INFO 10000.490318163764: Received message <Ping:> from Peer_17:peer
Peer_8:peer INFO 10000.490318163764: Sending message <Pong:> to Peer_17:peer
Peer_8:peer INFO 10000.597844911328: Received message <Ping:> from Peer_27:bootstrap
Peer_8:peer INFO 10000.597844911328: Sending message <Pong:> to Peer_27:bootstrap
Peer_8:peer INFO 10000.968334131989: Received message <Pong:> from Peer_27:bootstrap
Peer_8:peer INFO 10001.010682415044: Received message <Pong:> from Peer_17:peer
Peer_8:peer INFO 10067.014650922398: Received message <GossipMessage:1_26> from Peer_17:peer
Peer_8:peer INFO 10500: Sending message <Ping:> to Peer_19:peer
Peer_8:peer INFO 10500: Sending message <Ping:> to Peer_25:peer
Peer_8:peer INFO 10536.923840752617: Received message <Ping:> from Peer_25:peer
Peer_8:peer INFO 10536.923840752617: Sending message <Pong:> to Peer_25:peer
Peer_8:peer INFO 10565.435877948654: Received message <Ping:> from Peer_19:peer
Peer_8:peer INFO 10565.435877948654: Sending message <Pong:> to Peer_19:peer
Peer_8:peer INFO 10574.005950845198: Received message <Pong:> from Peer_25:peer
Peer_8:peer INFO 10630.897002689697: Received message <Pong:> from Peer_19:peer
Peer_8:peer INFO 10667.066972419761: Received message <GossipMessage:4_26> from Peer_17:peer
Peer_8:peer INFO 10867.251563623657: Received message <GossipMessage:5_26> from Peer_17:peer
Peer_8:peer INFO 11000: Sending message <Ping:> to Peer_27:bootstrap
Peer_8:peer INFO 11000.460844809386: Received message <Ping:> from Peer_17:peer
Peer_8:peer INFO 11000.460844809386: Sending message <Pong:> to Peer_17:peer
Peer_8:peer INFO 11000.496635357746: Received message <Ping:> from Peer_27:bootstrap
Peer_8:peer INFO 11000.496635357746: Sending message <Pong:> to Peer_27:bootstrap
Peer_8:peer INFO 11001.083091819884: Received message <Pong:> from Peer_27:bootstrap
Peer_8:peer INFO 11067.089955166899: Received message <GossipMessage:6_26> from Peer_17:peer
Peer_8:peer INFO 11500: Sending message <Ping:> to Peer_19:peer
Peer_8:peer INFO 11500: Sending message <Ping:> to Peer_25:peer
Peer_8:peer INFO 11536.641538734451: Received message <Ping:> from Peer_25:peer
Peer_8:peer INFO 11536.641538734451: Sending message <Pong:> to Peer_25:peer
Peer_8:peer INFO 11565.399532855416: Received message <Ping:> from Peer_19:peer
Peer_8:peer INFO 11565.399532855416: Sending message <Pong:> to Peer_19:peer
Peer_8:peer INFO 11572.435686719617: Received message <Pong:> from Peer_25:peer
Peer_8:peer INFO 11631.217488392407: Received message <Pong:> from Peer_19:peer
Peer_8:peer INFO 11667.021905580286: Received message <GossipMessage:9_26> from Peer_17:peer
Peer_8:peer INFO 11867.245002332736: Received message <GossipMessage:10_26> from Peer_17:peer
Peer_8:peer INFO 12000: Sending message <Ping:> to Peer_27:bootstrap
Peer_8:peer INFO 12000.475135718916: Received message <Ping:> from Peer_27:bootstrap
Peer_8:peer INFO 12000.475135718916: Sending message <Pong:> to Peer_27:bootstrap
Peer_8:peer INFO 12000.493661170747: Received message <Ping:> from Peer_17:peer
Peer_8:peer INFO 12000.493661170747: Sending message <Pong:> to Peer_17:peer
Peer_8:peer INFO 12000.999071393479: Received message <Pong:> from Peer_27:bootstrap
Peer_8:peer INFO 12267.135580927457: Received message <GossipMessage:12_26> from Peer_17:peer
Peer_8:peer INFO 12466.850946029599: Received message <GossipMessage:13_26> from Peer_17:peer
Peer_8:peer INFO 12500: Sending message <Ping:> to Peer_19:peer
Peer_8:peer INFO 12500: Sending message <Ping:> to Peer_25:peer
Peer_8:peer INFO 12536.712836958422: Received message <Ping:> from Peer_25:peer
Peer_8:peer INFO 12536.712836958422: Sending message <Pong:> to Peer_25:peer
Peer_8:peer INFO 12565.5353640924: Received message <Ping:> from Peer_19:peer
Peer_8:peer INFO 12565.5353640924: Sending message <Pong:> to Peer_19:peer
Peer_8:peer INFO 12575.825429764622: Received message <Pong:> from Peer_25:peer
Peer_8:peer INFO 12631.2572323437: Received message <Pong:> from Peer_19:peer
Peer_8:peer INFO 12667.048348423723: Received message <GossipMessage:14_26> from Peer_17:peer
Peer_8:peer INFO 13000: Sending message <Ping:> to Peer_27:bootstrap
Peer_8:peer INFO 13000.46055763224: Received message <Ping:> from Peer_17:peer
Peer_8:peer INFO 13000.46055763224: Sending message <Pong:> to Peer_17:peer
Peer_8:peer INFO 13000.491490695636: Received message <Ping:> from Peer_27:bootstrap
Peer_8:peer INFO 13000.491490695636: Sending message <Pong:> to Peer_27:bootstrap
Peer_8:peer INFO 13000.927728313423: Received message <Pong:> from Peer_27:bootstrap
Peer_8:peer INFO 13066.855087819147: Received message <GossipMessage:16_26> from Peer_17:peer
Peer_8:peer INFO 13267.14949932495: Received message <GossipMessage:17_26> from Peer_17:peer
Peer_8:peer INFO 13500: Sending message <Ping:> to Peer_19:peer
Peer_8:peer INFO 13500: Sending message <Ping:> to Peer_25:peer
Peer_8:peer INFO 13537.479526051975: Received message <Ping:> from Peer_25:peer
Peer_8:peer INFO 13537.479526051975: Sending message <Pong:> to Peer_25:peer
Peer_8:peer INFO 13565.458252964983: Received message <Ping:> from Peer_19:peer
Peer_8:peer INFO 13565.458252964983: Sending message <Pong:> to Peer_19:peer
Peer_8:peer INFO 13572.190637569975: Received message <Pong:> from Peer_25:peer
Peer_8:peer INFO 13631.072560567118: Received message <Pong:> from Peer_19:peer
Peer_8:peer INFO 13667.273589607848: Received message <GossipMessage:19_26> from Peer_17:peer
Peer_8:peer INFO 13866.898533556709: Received message <GossipMessage:20_26> from Peer_17:peer
Peer_8:peer INFO 14000: Sending message <Ping:> to Peer_27:bootstrap
Peer_8:peer INFO 14000.49968734035: Received message <Ping:> from Peer_17:peer
Peer_8:peer INFO 14000.49968734035: Sending message <Pong:> to Peer_17:peer
Peer_8:peer INFO 14000.518970376801: Received message <Ping:> from Peer_27:bootstrap
Peer_8:peer INFO 14000.518970376801: Sending message <Pong:> to Peer_27:bootstrap
Peer_8:peer INFO 14000.988090589151: Received message <Pong:> from Peer_27:bootstrap
Peer_8:peer INFO 14500: Sending message <Ping:> to Peer_19:peer
Peer_8:peer INFO 14500: Sending message <Ping:> to Peer_25:peer
Peer_8:peer INFO 14537.204529117693: Received message <Ping:> from Peer_25:peer
Peer_8:peer INFO 14537.204529117693: Sending message <Pong:> to Peer_25:peer
Peer_8:peer INFO 14565.422606529688: Received message <Ping:> from Peer_19:peer
Peer_8:peer INFO 14565.422606529688: Sending message <Pong:> to Peer_19:peer
Peer_8:peer INFO 14573.199171873144: Received message <Pong:> from Peer_25:peer
Peer_8:peer INFO 14631.331976789459: Received message <Pong:> from Peer_19:peer
