Peer_2:peer WARNING 0: Not enough peers, fetching more (0, 4)
Peer_2:peer INFO 0.6631184107412055: Connecting to Peer_27:bootstrap
Peer_2:peer INFO 1.1296525114294151: Received message <Hello:> from Peer_27:bootstrap
Peer_2:peer INFO 1.1720818336198764: Received message <RequestPeers:> from Peer_27:bootstrap
Peer_2:peer INFO 1.1720818336198764: Sending message <PeerList> to Peer_27:bootstrap
Peer_2:peer WARNING 500: Not enough peers, fetching more (1, 4)
Peer_2:peer INFO 500: Sending message <RequestPeers:> to Peer_27:bootstrap
Peer_2:peer INFO 501.07627236630066: Received message <PeerList> from Peer_27:bootstrap
Peer_2:peer WARNING 1000: Not enough peers, fetching more (1, 4)
Peer_2:peer INFO 1000: Sending message <RequestPeers:> to Peer_27:bootstrap
Peer_2:peer INFO 1001.0101255736689: Received message <PeerList> from Peer_27:bootstrap
Peer_2:peer INFO 1065.4830336802383: Received message <Hello:> from Peer_6:peer
Peer_2:peer INFO 1065.4830336802383: Connecting to Peer_6:peer
Peer_2:peer INFO 1065.4830336802383: Sending message <Hello:> to Peer_6:peer
Peer_2:peer INFO 1065.4830336802383: Sending message <RequestPeers:> to Peer_6:peer
Peer_2:peer INFO 1065.5731480156692: Connecting to Peer_24:peer
Peer_2:peer INFO 1131.0273796089402: Received message <Hello:> from Peer_24:peer
Peer_2:peer INFO 1131.1967506911396: Received message <RequestPeers:> from Peer_24:peer
Peer_2:peer INFO 1131.1967506911396: Sending message <PeerList> to Peer_24:peer
Peer_2:peer INFO 1196.6688145580683: Received message <PeerList> from Peer_6:peer
Peer_2:peer WARNING 1500: Not enough peers, fetching more (3, 4)
Peer_2:peer INFO 1536.5148169179452: Connecting to Peer_5:peer
Peer_2:peer INFO 1565.4213254362892: Received message <Hello:> from Peer_1:peer
Peer_2:peer INFO 1565.4213254362892: Connecting to Peer_1:peer
Peer_2:peer INFO 1565.4213254362892: Sending message <Hello:> to Peer_1:peer
Peer_2:peer INFO 1565.4213254362892: Sending message <RequestPeers:> to Peer_1:peer
Peer_2:peer INFO 1572.622645681625: Received message <RequestPeers:> from Peer_5:peer
Peer_2:peer INFO 1572.622645681625: Sending message <PeerList> to Peer_5:peer
Peer_2:peer INFO 1573.9498954288758: Received message <Hello:> from Peer_5:peer
Peer_2:peer INFO 1696.4213836554597: Received message <PeerList> from Peer_1:peer
Peer_2:peer INFO 2000: Sending message <Ping:> to Peer_27:bootstrap
Peer_2:peer INFO 2000: Sending message <Ping:> to Peer_6:peer
Peer_2:peer INFO 2000: Sending message <Ping:> to Peer_24:peer
Peer_2:peer INFO 2000.5460542704072: Received message <Ping:> from Peer_27:bootstrap
Peer_2:peer INFO 2000.5460542704072: Sending message <Pong:> to Peer_27:bootstrap
Peer_2:peer INFO 2001.0623075523713: Received message <Pong:> from Peer_27:bootstrap
Peer_2:peer INFO 2065.387844033922: Received message <Ping:> from Peer_24:peer
Peer_2:peer INFO 2065.387844033922: Sending message <Pong:> to Peer_24:peer
Peer_2:peer INFO 2065.599793515748: Received message <Ping:> from Peer_6:peer
Peer_2:peer INFO 2065.599793515748: Sending message <Pong:> to Peer_6:peer
Peer_2:peer INFO 2130.886613027725: Received message <Pong:> from Peer_24:peer
Peer_2:peer INFO 2131.177966932825: Received message <Pong:> from Peer_6:peer
Peer_2:peer INFO 2500: Sending message <Ping:> to Peer_5:peer
Peer_2:peer INFO 2500: Sending message <Ping:> to Peer_1:peer
Peer_2:peer INFO 2537.323199479404: Received message <Ping:> from Peer_5:peer
Peer_2:peer INFO 2537.323199479404: Sending message <Pong:> to Peer_5:peer
Peer_2:peer INFO 2565.5062528232315: Received message <Ping:> from Peer_1:peer
Peer_2:peer INFO 2565.5062528232315: Sending message <Pong:> to Peer_1:peer
Peer_2:peer INFO 2574.8908445549496: Received message <Pong:> from Peer_5:peer
Peer_2:peer INFO 2631.0131811072347: Received message <Pong:> from Peer_1:peer
Peer_2:peer INFO 3000: Sending message <Ping:> to Peer_27:bootstrap
Peer_2:peer INFO 3000: Sending message <Ping:> to Peer_6:peer
Peer_2:peer INFO 3000: Sending message <Ping:> to Peer_24:peer
Peer_2:peer INFO 3000.4664223259547: Received message <Ping:> from Peer_27:bootstrap
Peer_2:peer INFO 3000.4664223259547: Sending message <Pong:> to Peer_27:bootstrap
Peer_2:peer INFO 3001.034203321731: Received message <Pong:> from Peer_27:bootstrap
Peer_2:peer INFO 3065.5208440145248: Received message <Ping:> from Peer_6:peer
Peer_2:peer INFO 3065.5208440145248: Sending message <Pong:> to Peer_6:peer
Peer_2:peer INFO 3065.5463693841425: Received message <Ping:> from Peer_24:peer
Peer_2:peer INFO 3065.5463693841425: Sending message <Pong:> to Peer_24:peer
Peer_2:peer INFO 3130.414612503788: Received message <Pong:> from Peer_24:peer
Peer_2:peer INFO 3130.705776584326: Received message <Pong:> from Peer_6:peer
Peer_2:peer INFO 3500: Sending message <Ping:> to Peer_5:peer
Peer_2:peer INFO 3500: Sending message <Ping:> to Peer_1:peer
Peer_2:peer INFO 3536.591741352177: Received message <Ping:> from Peer_5:peer
Peer_2:peer INFO 3536.591741352177: Sending message <Pong:> to Peer_5:peer
Peer_2:peer INFO 3565.586848763005: Received message <Ping:> from Peer_1:peer
Peer_2:peer INFO 3565.586848763005: Sending message <Pong:> to Peer_1:peer
Peer_2:peer INFO 3573.7068942267774: Received message <Pong:> from Peer_5:peer
Peer_2:peer INFO 3630.999649358169: Received message <Pong:> from Peer_1:peer
Peer_2:peer INFO 4000: Sending message <Ping:> to Peer_27:bootstrap
Peer_2:peer INFO 4000: Sending message <Ping:> to Peer_6:peer
Peer_2:peer INFO 4000: Sending message <Ping:> to Peer_24:peer
Peer_2:peer INFO 4000.7745629360506: Received message <Ping:> from Peer_27:bootstrap
Peer_2:peer INFO 4000.7745629360506: Sending message <Pong:> to Peer_27:bootstrap
Peer_2:peer INFO 4001.004219013325: Received message <Pong:> from Peer_27:bootstrap
Peer_2:peer INFO 4065.4911852071104: Received message <Ping:> from Peer_24:peer
Peer_2:peer INFO 4065.4911852071104: Sending message <Pong:> to Peer_24:peer
Peer_2:peer INFO 4065.514390305637: Received message <Ping:> from Peer_6:peer
Peer_2:peer INFO 4065.514390305637: Sending message <Pong:> to Peer_6:peer
Peer_2:peer INFO 4131.068021650158: Received message <Pong:> from Peer_24:peer
Peer_2:peer INFO 4131.108386094993: Received message <Pong:> from Peer_6:peer
Peer_2:peer INFO 4500: Sending message <Ping:> to Peer_5:peer
Peer_2:peer INFO 4500: Sending message <Ping:> to Peer_1:peer
Peer_2:peer INFO 4537.319021254511: Received message <Ping:> from Peer_5:peer
Peer_2:peer INFO 4537.319021254511: Sending message <Pong:> to Peer_5:peer
Peer_2:peer INFO 4565.458429034852: Received message <Ping:> from Peer_1:peer
Peer_2:peer INFO 4565.458429034852: Sending message <Pong:> to Peer_1:peer
Peer_2:peer INFO 4573.981779235399: Received message <Pong:> from Peer_5:peer
Peer_2:peer INFO 4631.004977869919: Received message <Pong:> from Peer_1:peer
Peer_2:peer INFO 5000: Sending message <Ping:> to Peer_27:bootstrap
Peer_2:peer INFO 5000: Sending message <Ping:> to Peer_6:peer
Peer_2:peer INFO 5000: Sending message <Ping:> to Peer_24:peer
Peer_2:peer INFO 5000.472055558289: Received message <Ping:> from Peer_27:bootstrap
Peer_2:peer INFO 5000.472055558289: Sending message <Pong:> to Peer_27:bootstrap
Peer_2:peer INFO 5000.934872242912: Received message <Pong:> from Peer_27:bootstrap
Peer_2:peer INFO 5065.497007968863: Received message <Ping:> from Peer_6:peer
Peer_2:peer INFO 5065.497007968863: Sending message <Pong:> to Peer_6:peer
Peer_2:peer INFO 5065.724534371831: Received message <Ping:> from Peer_24:peer
Peer_2:peer INFO 5065.724534371831: Sending message <Pong:> to Peer_24:peer
Peer_2:peer INFO 5131.006054887292: Received message <Pong:> from Peer_6:peer
Peer_2:peer INFO 5131.100785798802: Received message <Pong:> from Peer_24:peer
Peer_2:peer INFO 5500: Sending message <Ping:> to Peer_5:peer
Peer_2:peer INFO 5500: Sending message <Ping:> to Peer_1:peer
Peer_2:peer INFO 5536.854305636105: Received message <Ping:> from Peer_5:peer
Peer_2:peer INFO 5536.854305636105: Sending message <Pong:> to Peer_5:peer
Peer_2:peer INFO 5565.557670358147: Received message <Ping:> from Peer_1:peer
Peer_2:peer INFO 5565.557670358147: Sending message <Pong:> to Peer_1:peer
Peer_2:peer INFO 5572.9847856275765: Received message <Pong:> from Peer_5:peer
Peer_2:peer INFO 5630.988977704389: Received message <Pong:> from Peer_1:peer
Peer_2:peer INFO 6000: Sending message <Ping:> to Peer_27:bootstrap
Peer_2:peer INFO 6000: Sending message <Ping:> to Peer_6:peer
Peer_2:peer INFO 6000: Sending message <Ping:> to Peer_24:peer
Peer_2:peer INFO 6000.569930463712: Received message <Ping:> from Peer_27:bootstrap
Peer_2:peer INFO 6000.569930463712: Sending message <Pong:> to Peer_27:bootstrap
Peer_2:peer INFO 6001.023277300904: Received message <Pong:> from Peer_27:bootstrap
Peer_2:peer INFO 6065.512688356921: Received message <Ping:> from Peer_24:peer
Peer_2:peer INFO 6065.512688356921: Sending message <Pong:> to Peer_24:peer
Peer_2:peer INFO 6065.6043186136285: Received message <Ping:> from Peer_6:peer
Peer_2:peer INFO 6065.6043186136285: Sending message <Pong:> to Peer_6:peer
Peer_2:peer INFO 6131.066096571136: Received message <Pong:> from Peer_6:peer
Peer_2:peer INFO 6131.069679165268: Received message <Pong:> from Peer_24:peer
Peer_2:peer INFO 6500: Sending message <Ping:> to Peer_5:peer
Peer_2:peer INFO 6500: Sending message <Ping:> to Peer_1:peer
Peer_2:peer INFO 6537.427084036607: Received message <Ping:> from Peer_5:peer
Peer_2:peer INFO 6537.427084036607: Sending message <Pong:> to Peer_5:peer
Peer_2:peer INFO 6565.707614625493: Received message <Ping:> from Peer_1:peer
Peer_2:peer INFO 6565.707614625493: Sending message <Pong:> to Peer_1:peer
Peer_2:peer INFO 6572.1176148003915: Received message <Pong:> from Peer_5:peer
Peer_2:peer INFO 6631.05818140108: Received message <Pong:> from Peer_1:peer
Peer_2:peer INFO 7000: Sending message <Ping:> to Peer_27:bootstrap
Peer_2:peer INFO 7000: Sending message <Ping:> to Peer_6:peer
Peer_2:peer INFO 7000: Sending message <Ping:> to Peer_24:peer
Peer_2:peer INFO 7000.522631382579: Received message <Ping:> from Peer_27:bootstrap
Peer_2:peer INFO 7000.522631382579: Sending message <Pong:> to Peer_27:bootstrap
Peer_2:peer INFO 7001.211061812112: Received message <Pong:> from Peer_27:bootstrap
Peer_2:peer INFO 7065.480281644614: Received message <Ping:> from Peer_6:peer
Peer_2:peer INFO 7065.480281644614: Sending message <Pong:> to Peer_6:peer
Peer_2:peer INFO 7065.72743621035: Received message <Ping:> from Peer_24:peer
Peer_2:peer INFO 7065.72743621035: Sending message <Pong:> to Peer_24:peer
Peer_2:peer INFO 7130.9646940870225: Received message <Pong:> from Peer_6:peer
Peer_2:peer INFO 7130.980633615015: Received message <Pong:> from Peer_24:peer
Peer_2:peer INFO 7500: Sending message <Ping:> to Peer_5:peer
Peer_2:peer INFO 7500: Sending message <Ping:> to Peer_1:peer
Peer_2:peer INFO 7536.991621020528: Received message <Ping:> from Peer_5:peer
Peer_2:peer INFO 7536.991621020528: Sending message <Pong:> to Peer_5:peer
Peer_2:peer INFO 7565.277634841521: Received message <Ping:> from Peer_1:peer
Peer_2:peer INFO 7565.277634841521: Sending message <Pong:> to Peer_1:peer
Peer_2:peer INFO 7574.18205807914: Received message <Pong:> from Peer_5:peer
Peer_2:peer INFO 7631.233979311322: Received message <Pong:> from Peer_1:peer
Peer_2:peer INFO 8000: Sending message <Ping:> to Peer_27:bootstrap
Peer_2:peer INFO 8000: Sending message <Ping:> to Peer_6:peer
Peer_2:peer INFO 8000: Sending message <Ping:> to Peer_24:peer
Peer_2:peer INFO 8000.498950704156: Received message <Ping:> from Peer_27:bootstrap
Peer_2:peer INFO 8000.498950704156: Sending message <Pong:> to Peer_27:bootstrap
Peer_2:peer INFO 8001.064154679655: Received message <Pong:> from Peer_27:bootstrap
Peer_2:peer INFO 8065.444978690999: Received message <Ping:> from Peer_6:peer
Peer_2:peer INFO 8065.444978690999: Sending message <Pong:> to Peer_6:peer
Peer_2:peer INFO 8065.561540429959: Received message <Ping:> from Peer_24:peer
Peer_2:peer INFO 8065.561540429959: Sending message <Pong:> to Peer_24:peer
Peer_2:peer INFO 8130.904304419943: Received message <Pong:> from Peer_6:peer
Peer_2:peer INFO 8130.987683214758: Received message <Pong:> from Peer_24:peer
Peer_2:peer INFO 8500: Sending message <Ping:> to Peer_5:peer
Peer_2:peer INFO 8500: Sending message <Ping:> to Peer_1:peer
Peer_2:peer INFO 8536.11502625563: Received message <Ping:> from Peer_5:peer
Peer_2:peer INFO 8536.11502625563: Sending message <Pong:> to Peer_5:peer
Peer_2:peer INFO 8565.699450014727: Received message <Ping:> from Peer_1:peer
Peer_2:peer INFO 8565.699450014727: Sending message <Pong:> to Peer_1:peer
Peer_2:peer INFO 8574.782515832008: Received message <Pong:> from Peer_5:peer
Peer_2:peer INFO 8631.038220117654: Received message <Pong:> from Peer_1:peer
Peer_2:peer INFO 9000: Sending message <Ping:> to Peer_27:bootstrap
Peer_2:peer INFO 9000: Sending message <Ping:> to Peer_6:peer
Peer_2:peer INFO 9000: Sending message <Ping:> to Peer_24:peer
Peer_2:peer INFO 9000.471618421961: Received message <Ping:> from Peer_27:bootstrap
Peer_2:peer INFO 9000.471618421961: Sending message <Pong:> to Peer_27:bootstrap
Peer_2:peer INFO 9001.02372251688: Received message <Pong:> from Peer_27:bootstrap
Peer_2:peer INFO 9065.403629619663: Received message <Ping:> from Peer_24:peer
Peer_2:peer INFO 9065.403629619663: Sending message <Pong:> to Peer_24:peer
Peer_2:peer INFO 9065.527527029803: Received message <Ping:> from Peer_6:peer
Peer_2:peer INFO 9065.527527029803: Sending message <Pong:> to Peer_6:peer
Peer_2:peer INFO 9131.011680970316: Received message <Pong:> from Peer_6:peer
Peer_2:peer INFO 9131.024257831958: Received message <Pong:> from Peer_24:peer
Peer_2:peer INFO 9500: Sending message <Ping:> to Peer_5:peer
Peer_2:peer INFO 9500: Sending message <Ping:> to Peer_1:peer
Peer_2:peer INFO 9536.367240956186: Received message <Ping:> from Peer_5:peer
Peer_2:peer INFO 9536.367240956186: Sending message <Pong:> to Peer_5:peer
Peer_2:peer INFO 9565.676840858801: Received message <Ping:> from Peer_1:peer
Peer_2:peer INFO 9565.676840858801: Sending message <Pong:> to Peer_1:peer
Peer_2:peer INFO 9574.13068237564: Received message <Pong:> from Peer_5:peer
Peer_2:peer INFO 9630.989894716968: Received message <Pong:> from Peer_1:peer
Peer_2:peer INFO 10000: Sending message <Ping:> to Peer_27:bootstrap
Peer_2:peer INFO 10000: Sending message <Ping:> to Peer_6:peer
Peer_2:peer INFO 10000: Sending message <Ping:> to Peer_24:peer
Peer_2:peer INFO 10000.465823224224: Received message <Ping:> from Peer_27:bootstrap
Peer_2:peer INFO 10000.465823224224: Sending message <Pong:> to Peer_27:bootstrap
Peer_2:peer INFO 10001.026354747155: Received message <Pong:> from Peer_27:bootstrap
Peer_2:peer INFO 10065.494410599546: Received message <Ping:> from Peer_6:peer
Peer_2:peer INFO 10065.494410599546: Sending message <Pong:> to Peer_6:peer
Peer_2:peer INFO 10065.565756823085: Received message <Ping:> from Peer_24:peer
Peer_2:peer INFO 10065.565756823085: Sending message <Pong:> to Peer_24:peer
Peer_2:peer INFO 10130.997371775224: Received message <Pong:> from Peer_6:peer
Peer_2:peer INFO 10131.178487101579: Received message <Pong:> from Peer_24:peer
Peer_2:peer INFO 10196.909751234438: Received message <GossipMessage:1_26> from Peer_6:peer
Peer_2:peer INFO 10197.09371319108: Received message <GossipMessage:1_26> from Peer_1:peer
Peer_2:peer INFO 10246.281917625023: Received message <GossipMessage:1_26> from Peer_5:peer
Peer_2:peer INFO 10396.61384672413: Received message <GossipMessage:2_26> from Peer_6:peer
Peer_2:peer INFO 10396.953116787095: Received message <GossipMessage:2_26> from Peer_1:peer
Peer_2:peer INFO 10445.552399889903: Received message <GossipMessage:2_26> from Peer_5:peer
Peer_2:peer INFO 10536.96746488525: Received message <Ping:> from Peer_5:peer
Peer_2:peer INFO 10536.96746488525: Sending message <Pong:> to Peer_5:peer
Peer_2:peer INFO 10565.548224273387: Received message <Ping:> from Peer_1:peer
Peer_2:peer INFO 10565.548224273387: Sending message <Pong:> to Peer_1:peer
Peer_2:peer INFO 10597.159388119155: Received message <GossipMessage:3_26> from Peer_6:peer
Peer_2:peer INFO 10597.447235666568: Received message <GossipMessage:3_26> from Peer_1:peer
Peer_2:peer INFO 10796.87795724247: Received message <GossipMessage:4_26> from Peer_1:peer
Peer_2:peer INFO 10797.22956482685: Received message <GossipMessage:4_26> from Peer_6:peer
Peer_2:peer INFO 10846.312570198448: Received message <GossipMessage:4_26> from Peer_5:peer
Peer_2:peer INFO 10997.052783400733: Received message <GossipMessage:5_26> from Peer_6:peer
Peer_2:peer INFO 10997.15917380848: Received message <GossipMessage:5_26> from Peer_1:peer
Peer_2:peer INFO 11000: Sending message <Ping:> to Peer_27:bootstrap
Peer_2:peer INFO 11000: Sending message <Ping:> to Peer_24:peer
Peer_2:peer INFO 11000.514328658823: Received message <Ping:> from Peer_27:bootstrap
Peer_2:peer INFO 11000.514328658823: Sending message <Pong:> to Peer_27:bootstrap
Peer_2:peer INFO 11001.126316494881: Received message <Pong:> from Peer_27:bootstrap
Peer_2:peer INFO 11046.637102086308: Received message <GossipMessage:5_26> from Peer_5:peer
Peer_2:peer INFO 11065.110832386465: Received message <Ping:> from Peer_6:peer
Peer_2:peer INFO 11065.110832386465: Sending message <Pong:> to Peer_6:peer
Peer_2:peer INFO 11065.755881442852: Received message <Ping:> from Peer_24:peer
Peer_2:peer INFO 11065.755881442852: Sending message <Pong:> to Peer_24:peer
Peer_2:peer INFO 11131.206691551131: Received message <Pong:> from Peer_24:peer
Peer_2:peer INFO 11197.17341205343: Received message <GossipMessage:6_26> from Peer_1:peer
Peer_2:peer INFO 11197.355226918075: Received message <GossipMessage:6_26> from Peer_6:peer
Peer_2:peer INFO 11244.857878352537: Received message <GossipMessage:6_26> from Peer_5:peer
Peer_2:peer INFO 11397.008447784028: Received message <GossipMessage:7_26> from Peer_1:peer
Peer_2:peer INFO 11397.46676461518: Received message <GossipMessage:7_26> from Peer_6:peer
Peer_2:peer INFO 11536.32249138106: Received message <Ping:> from Peer_5:peer
Peer_2:peer INFO 11536.32249138106: Sending message <Pong:> to Peer_5:peer
Peer_2:peer INFO 11565.395169762887: Received message <Ping:> from Peer_1:peer
Peer_2:peer INFO 11565.395169762887: Sending message <Pong:> to Peer_1:peer
Peer_2:peer INFO 11596.630517048941: Received message <GossipMessage:8_26> from Peer_1:peer
Peer_2:peer INFO 11596.89007150384: Received message <GossipMessage:8_26> from Peer_6:peer
Peer_2:peer INFO 11644.833403859213: Received message <GossipMessage:8_26> from Peer_5:peer
Peer_2:peer INFO 11797.053554014074: Received message <GossipMessage:9_26> from Peer_6:peer
Peer_2:peer INFO 11797.378477276321: Received message <GossipMessage:9_26> from Peer_1:peer
Peer_2:peer INFO 11845.464271420597: Received message <GossipMessage:9_26> from Peer_5:peer
Peer_2:peer INFO 11996.971968772974: Received message <GossipMessage:10_26> from Peer_1:peer
Peer_2:peer INFO 11997.188927702138: Received message <GossipMessage:10_26> from Peer_6:peer
Peer_2:peer INFO 12000: Sending message <Ping:> to Peer_27:bootstrap
Peer_2:peer INFO 12000: Sending message <Ping:> to Peer_24:peer
Peer_2:peer INFO 12000.461793948794: Received message <Ping:> from Peer_27:bootstrap
Peer_2:peer INFO 12000.461793948794: Sending message <Pong:> to Peer_27:bootstrap
Peer_2:peer INFO 12001.048047368655: Received message <Pong:> from Peer_27:bootstrap
Peer_2:peer INFO 12065.395238749094: Received message <Ping:> from Peer_24:peer
Peer_2:peer INFO 12065.395238749094: Sending message <Pong:> to Peer_24:peer
Peer_2:peer INFO 12065.711545896167: Received message <Ping:> from Peer_6:peer
Peer_2:peer INFO 12065.711545896167: Sending message <Pong:> to Peer_6:peer
Peer_2:peer INFO 12130.783945898884: Received message <Pong:> from Peer_24:peer
Peer_2:peer INFO 12196.687757767013: Received message <GossipMessage:11_26> from Peer_1:peer
Peer_2:peer INFO 12197.004733684042: Received message <GossipMessage:11_26> from Peer_6:peer
Peer_2:peer INFO 12244.58459187632: Received message <GossipMessage:11_26> from Peer_5:peer
Peer_2:peer INFO 12396.91464269733: Received message <GossipMessage:12_26> from Peer_6:peer
Peer_2:peer INFO 12397.086626133603: Received message <GossipMessage:12_26> from Peer_1:peer
Peer_2:peer INFO 12536.57970277415: Received message <Ping:> from Peer_5:peer
Peer_2:peer INFO 12536.57970277415: Sending message <Pong:> to Peer_5:peer
Peer_2:peer INFO 12565.467616938882: Received message <Ping:> from Peer_1:peer
Peer_2:peer INFO 12565.467616938882: Sending message <Pong:> to Peer_1:peer
Peer_2:peer INFO 12596.744750338235: Received message <GossipMessage:13_26> from Peer_6:peer
Peer_2:peer INFO 12597.174738202122: Received message <GossipMessage:13_26> from Peer_1:peer
Peer_2:peer INFO 12645.640864761435: Received message <GossipMessage:13_26> from Peer_5:peer
Peer_2:peer INFO 12796.902379081488: Received message <GossipMessage:14_26> from Peer_1:peer
Peer_2:peer INFO 12797.370856600077: Received message <GossipMessage:14_26> from Peer_6:peer
Peer_2:peer INFO 12997.058881675312: Received message <GossipMessage:15_26> from Peer_1:peer
Peer_2:peer INFO 12997.133466691552: Received message <GossipMessage:15_26> from Peer_6:peer
Peer_2:peer INFO 13000: Sending message <Ping:> to Peer_27:bootstrap
Peer_2:peer INFO 13000: Sending message <Ping:> to Peer_24:peer
Peer_2:peer INFO 13000.507750171431: Received message <Ping:> from Peer_27:bootstrap
Peer_2:peer INFO 13000.507750171431: Sending message <Pong:> to Peer_27:bootstrap
Peer_2:peer INFO 13001.004722344182: Received message <Pong:> from Peer_27:bootstrap
Peer_2:peer INFO 13045.901107907774: Received message <GossipMessage:15_26> from Peer_5:peer
Peer_2:peer INFO 13065.553727018176: Received message <Ping:> from Peer_24:peer
Peer_2:peer INFO 13065.553727018176: Sending message <Pong:> to Peer_24:peer
Peer_2:peer INFO 13065.58913693383: Received message <Ping:> from Peer_6:peer
Peer_2:peer INFO 13065.58913693383: Sending message <Pong:> to Peer_6:peer
Peer_2:peer INFO 13131.057144937737: Received message <Pong:> from Peer_24:peer
Peer_2:peer INFO 13196.71267631393: Received message <GossipMessage:16_26> from Peer_1:peer
Peer_2:peer INFO 13196.94578928731: Received message <GossipMessage:16_26> from Peer_6:peer
Peer_2:peer INFO 13396.922016303855: Received message <GossipMessage:17_26> from Peer_1:peer
Peer_2:peer INFO 13397.124149032352: Received message <GossipMessage:17_26> from Peer_6:peer
Peer_2:peer INFO 13445.9434755075: Received message <GossipMessage:17_26> from Peer_5:peer
Peer_2:peer INFO 13537.164392525929: Received message <Ping:> from Peer_5:peer
Peer_2:peer INFO 13537.164392525929: Sending message <Pong:> to Peer_5:peer
Peer_2:peer INFO 13565.544675203646: Received message <Ping:> from Peer_1:peer
Peer_2:peer INFO 13565.544675203646: Sending message <Pong:> to Peer_1:peer
Peer_2:peer INFO 13596.888231698795: Received message <GossipMessage:18_26> from Peer_1:peer
Peer_2:peer INFO 13597.067373141734: Received message <GossipMessage:18_26> from Peer_6:peer
Peer_2:peer INFO 13645.957061163705: Received message <GossipMessage:18_26> from Peer_5:peer
Peer_2:peer INFO 13796.909461796002: Received message <GossipMessage:19_26> from Peer_1:peer
Peer_2:peer INFO 13797.225143564523: Received message <GossipMessage:19_26> from Peer_6:peer
Peer_2:peer INFO 13997.104307392461: Received message <GossipMessage:20_26> from Peer_6:peer
Peer_2:peer INFO 13997.141224138057: Received message <GossipMessage:20_26> from Peer_1:peer
Peer_2:peer INFO 14000: Sending message <Ping:> to Peer_27:bootstrap
Peer_2:peer INFO 14000: Sending message <Ping:> to Peer_24:peer
Peer_2:peer INFO 14000.466324336552: Received message <Ping:> from Peer_27:bootstrap
Peer_2:peer INFO 14000.466324336552: Sending message <Pong:> to Peer_27:bootstrap
Peer_2:peer INFO 14000.939584200192: Received message <Pong:> from Peer_27:bootstrap
Peer_2:peer INFO 14065.37270040903: Received message <Ping:> from Peer_6:peer
Peer_2:peer INFO 14065.37270040903: Sending message <Pong:> to Peer_6:peer
Peer_2:peer INFO 14065.725776258334: Received message <Ping:> from Peer_24:peer
Peer_2:peer INFO 14065.725776258334: Sending message <Pong:> to Peer_24:peer
Peer_2:peer INFO 14130.672128081631: Received message <Pong:> from Peer_24:peer
Peer_2:peer INFO 14500: Sending message <Ping:> to Peer_5:peer
Peer_2:peer INFO 14500: Sending message <Ping:> to Peer_1:peer
Peer_2:peer INFO 14536.408982648674: Received message <Ping:> from Peer_5:peer
Peer_2:peer INFO 14536.408982648674: Sending message <Pong:> to Peer_5:peer
Peer_2:peer INFO 14565.547112446624: Received message <Ping:> from Peer_1:peer
Peer_2:peer INFO 14565.547112446624: Sending message <Pong:> to Peer_1:peer
Peer_2:peer INFO 14572.20153037993: Received message <Pong:> from Peer_5:peer
Peer_2:peer INFO 14631.097058459667: Received message <Pong:> from Peer_1:peer
