Peer_18:peer WARNING 0: Not enough peers, fetching more (0, 4)
Peer_18:peer INFO 0.465476946016325: Connecting to Peer_27:bootstrap
Peer_18:peer INFO 0.9490393656804331: Received message <RequestPeers:> from Peer_27:bootstrap
Peer_18:peer INFO 0.9490393656804331: Sending message <PeerList> to Peer_27:bootstrap
Peer_18:peer INFO 0.9708720654171324: Received message <Hello:> from Peer_27:bootstrap
Peer_18:peer WARNING 500: Not enough peers, fetching more (1, 4)
Peer_18:peer INFO 500: Sending message <RequestPeers:> to Peer_27:bootstrap
Peer_18:peer INFO 501.046634389021: Received message <PeerList> from Peer_27:bootstrap
Peer_18:peer WARNING 1000: Not enough peers, fetching more (1, 4)
Peer_18:peer INFO 1000: Sending message <RequestPeers:> to Peer_27:bootstrap
Peer_18:peer INFO 1000.4992711038909: Connecting to Peer_14:peer
Peer_18:peer INFO 1000.9919235473421: Received message <Hello:> from Peer_14:peer
Peer_18:peer INFO 1001.0413567197241: Received message <RequestPeers:> from Peer_14:peer
Peer_18:peer INFO 1001.0413567197241: Sending message <PeerList> to Peer_14:peer
Peer_18:peer INFO 1001.065164714394: Received message <PeerList> from Peer_27:bootstrap
Peer_18:peer INFO 1035.57456162212: Received message <Hello:> from Peer_25:peer
Peer_18:peer INFO 1035.57456162212: Connecting to Peer_25:peer
Peer_18:peer INFO 1035.57456162212: Sending message <Hello:> to Peer_25:peer
Peer_18:peer INFO 1035.57456162212: Sending message <RequestPeers:> to Peer_25:peer
Peer_18:peer INFO 1035.7935286968977: Received message <Hello:> from Peer_23:peer
Peer_18:peer INFO 1035.7935286968977: Connecting to Peer_23:peer
Peer_18:peer INFO 1035.7935286968977: Sending message <Hello:> to Peer_23:peer
Peer_18:peer INFO 1035.7935286968977: Sending message <RequestPeers:> to Peer_23:peer
Peer_18:peer INFO 1065.6084035927759: Received message <Hello:> from Peer_4:peer
Peer_18:peer INFO 1065.6084035927759: Connecting to Peer_4:peer
Peer_18:peer INFO 1065.6084035927759: Sending message <Hello:> to Peer_4:peer
Peer_18:peer INFO 1065.6084035927759: Sending message <RequestPeers:> to Peer_4:peer
Peer_18:peer INFO 1109.2534143599655: Received message <PeerList> from Peer_23:peer
Peer_18:peer INFO 1109.856700940229: Received message <PeerList> from Peer_25:peer
Peer_18:peer INFO 1196.4951788954793: Received message <PeerList> from Peer_4:peer
Peer_18:peer INFO 1565.4679542490028: Received message <RequestPeers:> from Peer_4:peer
Peer_18:peer INFO 1565.4679542490028: Sending message <PeerList> to Peer_4:peer
Peer_18:peer INFO 2000: Sending message <Ping:> to Peer_27:bootstrap
Peer_18:peer INFO 2000: Sending message <Ping:> to Peer_14:peer
Peer_18:peer INFO 2000: Sending message <Ping:> to Peer_25:peer
Peer_18:peer INFO 2000: Sending message <Ping:> to Peer_23:peer
Peer_18:peer INFO 2000.509965221695: Received message <Ping:> from Peer_14:peer
Peer_18:peer INFO 2000.509965221695: Sending message <Pong:> to Peer_14:peer
Peer_18:peer INFO 2000.5469444351659: Received message <Ping:> from Peer_27:bootstrap
Peer_18:peer INFO 2000.5469444351659: Sending message <Pong:> to Peer_27:bootstrap
Peer_18:peer INFO 2000.9928745189695: Received message <Pong:> from Peer_14:peer
Peer_18:peer INFO 2001.0941360830016: Received message <Pong:> from Peer_27:bootstrap
Peer_18:peer INFO 2036.5048678314736: Received message <Ping:> from Peer_25:peer
Peer_18:peer INFO 2036.5048678314736: Sending message <Pong:> to Peer_25:peer
Peer_18:peer INFO 2036.9526653561206: Received message <Hello:> from Peer_16:peer
Peer_18:peer INFO 2036.9526653561206: Connecting to Peer_16:peer
Peer_18:peer INFO 2036.9526653561206: Sending message <Hello:> to Peer_16:peer
Peer_18:peer INFO 2036.9526653561206: Sending message <RequestPeers:> to Peer_16:peer
Peer_18:peer INFO 2037.4217714822232: Received message <Ping:> from Peer_23:peer
Peer_18:peer INFO 2037.4217714822232: Sending message <Pong:> to Peer_23:peer
Peer_18:peer INFO 2074.043386159641: Received message <Pong:> from Peer_25:peer
Peer_18:peer INFO 2074.677133999708: Received message <Pong:> from Peer_23:peer
Peer_18:peer INFO 2111.6520371097868: Received message <PeerList> from Peer_16:peer
Peer_18:peer INFO 2500: Sending message <Ping:> to Peer_4:peer
Peer_18:peer INFO 2565.5164355317747: Received message <Ping:> from Peer_4:peer
Peer_18:peer INFO 2565.5164355317747: Sending message <Pong:> to Peer_4:peer
Peer_18:peer INFO 2631.229190219396: Received message <Pong:> from Peer_4:peer
Peer_18:peer INFO 3000: Sending message <Ping:> to Peer_27:bootstrap
Peer_18:peer INFO 3000: Sending message <Ping:> to Peer_14:peer
Peer_18:peer INFO 3000: Sending message <Ping:> to Peer_25:peer
Peer_18:peer INFO 3000: Sending message <Ping:> to Peer_23:peer
Peer_18:peer INFO 3000: Sending message <Ping:> to Peer_16:peer
Peer_18:peer INFO 3000.4708641691254: Received message <Ping:> from Peer_14:peer
Peer_18:peer INFO 3000.4708641691254: Sending message <Pong:> to Peer_14:peer
Peer_18:peer INFO 3000.628351338031: Received message <Ping:> from Peer_27:bootstrap
Peer_18:peer INFO 3000.628351338031: Sending message <Pong:> to Peer_27:bootstrap
Peer_18:peer INFO 3001.113325290573: Received message <Pong:> from Peer_14:peer
Peer_18:peer INFO 3001.120510071939: Received message <Pong:> from Peer_27:bootstrap
Peer_18:peer INFO 3036.3755759212313: Received message <Ping:> from Peer_16:peer
Peer_18:peer INFO 3036.3755759212313: Sending message <Pong:> to Peer_16:peer
Peer_18:peer INFO 3036.643648735828: Received message <Ping:> from Peer_23:peer
Peer_18:peer INFO 3036.643648735828: Sending message <Pong:> to Peer_23:peer
Peer_18:peer INFO 3036.747820151079: Received message <Ping:> from Peer_25:peer
Peer_18:peer INFO 3036.747820151079: Sending message <Pong:> to Peer_25:peer
Peer_18:peer INFO 3073.0284795208827: Received message <Pong:> from Peer_16:peer
Peer_18:peer INFO 3073.470703808008: Received message <Pong:> from Peer_25:peer
Peer_18:peer INFO 3074.4567215616803: Received message <Pong:> from Peer_23:peer
Peer_18:peer INFO 3500: Sending message <Ping:> to Peer_4:peer
Peer_18:peer INFO 3565.577618847189: Received message <Ping:> from Peer_4:peer
Peer_18:peer INFO 3565.577618847189: Sending message <Pong:> to Peer_4:peer
Peer_18:peer INFO 3631.1782473081976: Received message <Pong:> from Peer_4:peer
Peer_18:peer INFO 4000: Sending message <Ping:> to Peer_27:bootstrap
Peer_18:peer INFO 4000: Sending message <Ping:> to Peer_14:peer
Peer_18:peer INFO 4000: Sending message <Ping:> to Peer_25:peer
Peer_18:peer INFO 4000: Sending message <Ping:> to Peer_23:peer
Peer_18:peer INFO 4000: Sending message <Ping:> to Peer_16:peer
Peer_18:peer INFO 4000.473236123343: Received message <Ping:> from Peer_27:bootstrap
Peer_18:peer INFO 4000.473236123343: Sending message <Pong:> to Peer_27:bootstrap
Peer_18:peer INFO 4000.541806789957: Received message <Ping:> from Peer_14:peer
Peer_18:peer INFO 4000.541806789957: Sending message <Pong:> to Peer_14:peer
Peer_18:peer INFO 4000.945085533138: Received message <Pong:> from Peer_14:peer
Peer_18:peer INFO 4000.9977229516835: Received message <Pong:> from Peer_27:bootstrap
Peer_18:peer INFO 4035.7353741835955: Received message <Ping:> from Peer_25:peer
Peer_18:peer INFO 4035.7353741835955: Sending message <Pong:> to Peer_25:peer
Peer_18:peer INFO 4036.969824044452: Received message <Ping:> from Peer_23:peer
Peer_18:peer INFO 4036.969824044452: Sending message <Pong:> to Peer_23:peer
Peer_18:peer INFO 4037.0551419984563: Received message <Ping:> from Peer_16:peer
Peer_18:peer INFO 4037.0551419984563: Sending message <Pong:> to Peer_16:peer
Peer_18:peer INFO 4074.188013595506: Received message <Pong:> from Peer_23:peer
Peer_18:peer INFO 4074.36081515538: Received message <Pong:> from Peer_16:peer
Peer_18:peer INFO 4074.5829636590356: Received message <Pong:> from Peer_25:peer
Peer_18:peer INFO 4500: Sending message <Ping:> to Peer_4:peer
Peer_18:peer INFO 4565.588697144692: Received message <Ping:> from Peer_4:peer
Peer_18:peer INFO 4565.588697144692: Sending message <Pong:> to Peer_4:peer
Peer_18:peer INFO 4630.970352281857: Received message <Pong:> from Peer_4:peer
Peer_18:peer INFO 5000: Sending message <Ping:> to Peer_27:bootstrap
Peer_18:peer INFO 5000: Sending message <Ping:> to Peer_14:peer
Peer_18:peer INFO 5000: Sending message <Ping:> to Peer_25:peer
Peer_18:peer INFO 5000: Sending message <Ping:> to Peer_23:peer
Peer_18:peer INFO 5000: Sending message <Ping:> to Peer_16:peer
Peer_18:peer INFO 5000.509658627146: Received message <RequestPeers:> from Peer_14:peer
Peer_18:peer INFO 5000.509658627146: Sending message <PeerList> to Peer_14:peer
Peer_18:peer INFO 5000.539135905664: Received message <Ping:> from Peer_27:bootstrap
Peer_18:peer INFO 5000.539135905664: Sending message <Pong:> to Peer_27:bootstrap
Peer_18:peer INFO 5000.572496321729: Received message <Ping:> from Peer_14:peer
Peer_18:peer INFO 5000.572496321729: Sending message <Pong:> to Peer_14:peer
Peer_18:peer INFO 5000.985967312229: Received message <Pong:> from Peer_14:peer
Peer_18:peer INFO 5001.011244771859: Received message <Pong:> from Peer_27:bootstrap
Peer_18:peer INFO 5036.7288008776395: Received message <Ping:> from Peer_25:peer
Peer_18:peer INFO 5036.7288008776395: Sending message <Pong:> to Peer_25:peer
Peer_18:peer INFO 5036.875856658938: Received message <Ping:> from Peer_16:peer
Peer_18:peer INFO 5036.875856658938: Sending message <Pong:> to Peer_16:peer
Peer_18:peer INFO 5037.062427048218: Received message <Ping:> from Peer_23:peer
Peer_18:peer INFO 5037.062427048218: Sending message <Pong:> to Peer_23:peer
Peer_18:peer INFO 5072.840669424692: Received message <Pong:> from Peer_23:peer
Peer_18:peer INFO 5074.244993395655: Received message <Pong:> from Peer_16:peer
Peer_18:peer INFO 5074.608864769689: Received message <Pong:> from Peer_25:peer
Peer_18:peer INFO 5500: Sending message <Ping:> to Peer_4:peer
Peer_18:peer INFO 5565.455916179695: Received message <Ping:> from Peer_4:peer
Peer_18:peer INFO 5565.455916179695: Sending message <Pong:> to Peer_4:peer
Peer_18:peer INFO 5630.683965736382: Received message <Pong:> from Peer_4:peer
Peer_18:peer INFO 6000: Sending message <Ping:> to Peer_27:bootstrap
Peer_18:peer INFO 6000: Sending message <Ping:> to Peer_14:peer
Peer_18:peer INFO 6000: Sending message <Ping:> to Peer_25:peer
Peer_18:peer INFO 6000: Sending message <Ping:> to Peer_23:peer
Peer_18:peer INFO 6000: Sending message <Ping:> to Peer_16:peer
Peer_18:peer INFO 6000.502356424664: Received message <Ping:> from Peer_27:bootstrap
Peer_18:peer INFO 6000.502356424664: Sending message <Pong:> to Peer_27:bootstrap
Peer_18:peer INFO 6000.520499164838: Received message <Ping:> from Peer_14:peer
Peer_18:peer INFO 6000.520499164838: Sending message <Pong:> to Peer_14:peer
Peer_18:peer INFO 6001.04964852423: Received message <Pong:> from Peer_14:peer
Peer_18:peer INFO 6001.2097197269095: Received message <Pong:> from Peer_27:bootstrap
Peer_18:peer INFO 6035.800781816698: Received message <Ping:> from Peer_25:peer
Peer_18:peer INFO 6035.800781816698: Sending message <Pong:> to Peer_25:peer
Peer_18:peer INFO 6036.592337772963: Received message <Ping:> from Peer_16:peer
Peer_18:peer INFO 6036.592337772963: Sending message <Pong:> to Peer_16:peer
Peer_18:peer INFO 6037.181903970932: Received message <Ping:> from Peer_23:peer
Peer_18:peer INFO 6037.181903970932: Sending message <Pong:> to Peer_23:peer
Peer_18:peer INFO 6072.788481646034: Received message <Pong:> from Peer_25:peer
Peer_18:peer INFO 6072.961572934417: Received message <Pong:> from Peer_16:peer
Peer_18:peer INFO 6073.729656341958: Received message <Pong:> from Peer_23:peer
Peer_18:peer INFO 6500: Sending message <Ping:> to Peer_4:peer
Peer_18:peer INFO 6565.493062174973: Received message <Ping:> from Peer_4:peer
Peer_18:peer INFO 6565.493062174973: Sending message <Pong:> to Peer_4:peer
Peer_18:peer INFO 6630.940480179721: Received message <Pong:> from Peer_4:peer
Peer_18:peer INFO 7000: Sending message <Ping:> to Peer_27:bootstrap
Peer_18:peer INFO 7000: Sending message <Ping:> to Peer_14:peer
Peer_18:peer INFO 7000: Sending message <Ping:> to Peer_25:peer
Peer_18:peer INFO 7000: Sending message <Ping:> to Peer_23:peer
Peer_18:peer INFO 7000: Sending message <Ping:> to Peer_16:peer
Peer_18:peer INFO 7000.484370648115: Received message <Ping:> from Peer_27:bootstrap
Peer_18:peer INFO 7000.484370648115: Sending message <Pong:> to Peer_27:bootstrap
Peer_18:peer INFO 7000.5206159482605: Received message <Ping:> from Peer_14:peer
Peer_18:peer INFO 7000.5206159482605: Sending message <Pong:> to Peer_14:peer
Peer_18:peer INFO 7000.990428992622: Received message <Pong:> from Peer_27:bootstrap
Peer_18:peer INFO 7001.071083746895: Received message <Pong:> from Peer_14:peer
Peer_18:peer INFO 7036.151196118333: Received message <Ping:> from Peer_25:peer
Peer_18:peer INFO 7036.151196118333: Sending message <Pong:> to Peer_25:peer
Peer_18:peer INFO 7036.970574337339: Received message <Ping:> from Peer_23:peer
Peer_18:peer INFO 7036.970574337339: Sending message <Pong:> to Peer_23:peer
Peer_18:peer INFO 7037.971744682231: Received message <Ping:> from Peer_16:peer
Peer_18:peer INFO 7037.971744682231: Sending message <Pong:> to Peer_16:peer
Peer_18:peer INFO 7072.549602358619: Received message <Pong:> from Peer_16:peer
Peer_18:peer INFO 7073.240203310674: Received message <Pong:> from Peer_23:peer
Peer_18:peer INFO 7073.8577391415065: Received message <Pong:> from Peer_25:peer
Peer_18:peer INFO 7500: Sending message <Ping:> to Peer_4:peer
Peer_18:peer INFO 7565.557564501026: Received message <Ping:> from Peer_4:peer
Peer_18:peer INFO 7565.557564501026: Sending message <Pong:> to Peer_4:peer
Peer_18:peer INFO 7631.155590273812: Received message <Pong:> from Peer_4:peer
Peer_18:peer INFO 8000: Sending message <Ping:> to Peer_27:bootstrap
Peer_18:peer INFO 8000: Sending message <Ping:> to Peer_14:peer
Peer_18:peer INFO 8000: Sending message <Ping:> to Peer_25:peer
Peer_18:peer INFO 8000: Sending message <Ping:> to Peer_23:peer
Peer_18:peer INFO 8000: Sending message <Ping:> to Peer_16:peer
Peer_18:peer INFO 8000.49938898136: Received message <Ping:> from Peer_27:bootstrap
Peer_18:peer INFO 8000.49938898136: Sending message <Pong:> to Peer_27:bootstrap
Peer_18:peer INFO 8000.504755588737: Received message <Ping:> from Peer_14:peer
Peer_18:peer INFO 8000.504755588737: Sending message <Pong:> to Peer_14:peer
Peer_18:peer INFO 8001.021949613093: Received message <Pong:> from Peer_27:bootstrap
Peer_18:peer INFO 8001.045606182217: Received message <Pong:> from Peer_14:peer
Peer_18:peer INFO 8036.671429697257: Received message <Ping:> from Peer_23:peer
Peer_18:peer INFO 8036.671429697257: Sending message <Pong:> to Peer_23:peer
Peer_18:peer INFO 8036.844790539426: Received message <Ping:> from Peer_25:peer
Peer_18:peer INFO 8036.844790539426: Sending message <Pong:> to Peer_25:peer
Peer_18:peer INFO 8037.434724208012: Received message <Ping:> from Peer_16:peer
Peer_18:peer INFO 8037.434724208012: Sending message <Pong:> to Peer_16:peer
Peer_18:peer INFO 8072.569863605886: Received message <Pong:> from Peer_25:peer
Peer_18:peer INFO 8073.58465055962: Received message <Pong:> from Peer_16:peer
Peer_18:peer INFO 8073.742957787347: Received message <Pong:> from Peer_23:peer
Peer_18:peer INFO 8500: Sending message <Ping:> to Peer_4:peer
Peer_18:peer INFO 8565.479260634946: Received message <Ping:> from Peer_4:peer
Peer_18:peer INFO 8565.479260634946: Sending message <Pong:> to Peer_4:peer
Peer_18:peer INFO 8631.339368624633: Received message <Pong:> from Peer_4:peer
Peer_18:peer INFO 9000: Sending message <Ping:> to Peer_27:bootstrap
Peer_18:peer INFO 9000: Sending message <Ping:> to Peer_14:peer
Peer_18:peer INFO 9000: Sending message <Ping:> to Peer_25:peer
Peer_18:peer INFO 9000: Sending message <Ping:> to Peer_23:peer
Peer_18:peer INFO 9000: Sending message <Ping:> to Peer_16:peer
Peer_18:peer INFO 9000.515661586933: Received message <Ping:> from Peer_14:peer
Peer_18:peer INFO 9000.515661586933: Sending message <Pong:> to Peer_14:peer
Peer_18:peer INFO 9000.530447201818: Received message <Ping:> from Peer_27:bootstrap
Peer_18:peer INFO 9000.530447201818: Sending message <Pong:> to Peer_27:bootstrap
Peer_18:peer INFO 9000.974802507575: Received message <Pong:> from Peer_27:bootstrap
Peer_18:peer INFO 9001.06519422032: Received message <Pong:> from Peer_14:peer
Peer_18:peer INFO 9036.495138502323: Received message <Ping:> from Peer_23:peer
Peer_18:peer INFO 9036.495138502323: Sending message <Pong:> to Peer_23:peer
Peer_18:peer INFO 9036.668735531177: Received message <Ping:> from Peer_25:peer
Peer_18:peer INFO 9036.668735531177: Sending message <Pong:> to Peer_25:peer
Peer_18:peer INFO 9037.484328906472: Received message <Ping:> from Peer_16:peer
Peer_18:peer INFO 9037.484328906472: Sending message <Pong:> to Peer_16:peer
Peer_18:peer INFO 9072.09227011703: Received message <Pong:> from Peer_23:peer
Peer_18:peer INFO 9074.195884894589: Received message <Pong:> from Peer_16:peer
Peer_18:peer INFO 9074.275064349753: Received message <Pong:> from Peer_25:peer
Peer_18:peer INFO 9500: Sending message <Ping:> to Peer_4:peer
Peer_18:peer INFO 9565.469971709774: Received message <Ping:> from Peer_4:peer
Peer_18:peer INFO 9565.469971709774: Sending message <Pong:> to Peer_4:peer
Peer_18:peer INFO 9631.165451785311: Received message <Pong:> from Peer_4:peer
Peer_18:peer INFO 10000: Sending message <Ping:> to Peer_27:bootstrap
Peer_18:peer INFO 10000: Sending message <Ping:> to Peer_14:peer
Peer_18:peer INFO 10000: Sending message <Ping:> to Peer_25:peer
Peer_18:peer INFO 10000: Sending message <Ping:> to Peer_23:peer
Peer_18:peer INFO 10000: Sending message <Ping:> to Peer_16:peer
Peer_18:peer INFO 10000.50878661096: Received message <Ping:> from Peer_14:peer
Peer_18:peer INFO 10000.50878661096: Sending message <Pong:> to Peer_14:peer
Peer_18:peer INFO 10000.54308017562: Received message <Ping:> from Peer_27:bootstrap
Peer_18:peer INFO 10000.54308017562: Sending message <Pong:> to Peer_27:bootstrap
Peer_18:peer INFO 10000.992674752943: Received message <Pong:> from Peer_14:peer
Peer_18:peer INFO 10001.02498690851: Received message <Pong:> from Peer_27:bootstrap
Peer_18:peer INFO 10036.537293709463: Received message <Ping:> from Peer_25:peer
Peer_18:peer INFO 10036.537293709463: Sending message <Pong:> to Peer_25:peer
Peer_18:peer INFO 10036.658902730673: Received message <Ping:> from Peer_23:peer
Peer_18:peer INFO 10036.658902730673: Sending message <Pong:> to Peer_23:peer
Peer_18:peer INFO 10036.919117348789: Received message <Ping:> from Peer_16:peer
Peer_18:peer INFO 10036.919117348789: Sending message <Pong:> to Peer_16:peer
Peer_18:peer INFO 10073.773994785157: Received message <Pong:> from Peer_23:peer
Peer_18:peer INFO 10073.800512430913: Received message <Pong:> from Peer_25:peer
Peer_18:peer INFO 10075.344386168057: Received message <Pong:> from Peer_16:peer
Peer_18:peer INFO 10197.0320840435: Received message <GossipMessage:1_26> from Peer_4:peer
Peer_18:peer INFO 10396.913628374628: Received message <GossipMessage:2_26> from Peer_4:peer
Peer_18:peer INFO 10565.494321132957: Received message <Ping:> from Peer_4:peer
Peer_18:peer INFO 10565.494321132957: Sending message <Pong:> to Peer_4:peer
Peer_18:peer INFO 10596.979202856157: Received message <GossipMessage:3_26> from Peer_4:peer
Peer_18:peer INFO 10796.650966852389: Received message <GossipMessage:4_26> from Peer_4:peer
Peer_18:peer INFO 10997.161826254058: Received message <GossipMessage:5_26> from Peer_4:peer
Peer_18:peer INFO 11000: Sending message <Ping:> to Peer_27:bootstrap
Peer_18:peer INFO 11000: Sending message <Ping:> to Peer_14:peer
Peer_18:peer INFO 11000: Sending message <Ping:> to Peer_25:peer
Peer_18:peer INFO 11000: Sending message <Ping:> to Peer_23:peer
Peer_18:peer INFO 11000: Sending message <Ping:> to Peer_16:peer
Peer_18:peer INFO 11000.48024455802: Received message <Ping:> from Peer_14:peer
Peer_18:peer INFO 11000.48024455802: Sending message <Pong:> to Peer_14:peer
Peer_18:peer INFO 11000.583329995272: Received message <Ping:> from Peer_27:bootstrap
Peer_18:peer INFO 11000.583329995272: Sending message <Pong:> to Peer_27:bootstrap
Peer_18:peer INFO 11000.981540849247: Received message <Pong:> from Peer_14:peer
Peer_18:peer INFO 11001.012647090462: Received message <Pong:> from Peer_27:bootstrap
Peer_18:peer INFO 11036.751349736996: Received message <Ping:> from Peer_25:peer
Peer_18:peer INFO 11036.751349736996: Sending message <Pong:> to Peer_25:peer
Peer_18:peer INFO 11037.129764761263: Received message <Ping:> from Peer_16:peer
Peer_18:peer INFO 11037.129764761263: Sending message <Pong:> to Peer_16:peer
Peer_18:peer INFO 11037.27692186455: Received message <Ping:> from Peer_23:peer
Peer_18:peer INFO 11037.27692186455: Sending message <Pong:> to Peer_23:peer
Peer_18:peer INFO 11072.042092328533: Received message <Pong:> from Peer_25:peer
Peer_18:peer INFO 11072.574060588027: Received message <Pong:> from Peer_16:peer
Peer_18:peer INFO 11074.885142141715: Received message <Pong:> from Peer_23:peer
Peer_18:peer INFO 11197.084142316637: Received message <GossipMessage:6_26> from Peer_4:peer
Peer_18:peer INFO 11396.93671878961: Received message <GossipMessage:7_26> from Peer_4:peer
Peer_18:peer INFO 11565.512219685257: Received message <Ping:> from Peer_4:peer
Peer_18:peer INFO 11565.512219685257: Sending message <Pong:> to Peer_4:peer
Peer_18:peer INFO 11596.54323021109: Received message <GossipMessage:8_26> from Peer_4:peer
Peer_18:peer INFO 11797.165668007816: Received message <GossipMessage:9_26> from Peer_4:peer
Peer_18:peer INFO 11997.37793019875: Received message <GossipMessage:10_26> from Peer_4:peer
Peer_18:peer INFO 12000: Sending message <Ping:> to Peer_27:bootstrap
Peer_18:peer INFO 12000: Sending message <Ping:> to Peer_14:peer
Peer_18:peer INFO 12000: Sending message <Ping:> to Peer_25:peer
Peer_18:peer INFO 12000: Sending message <Ping:> to Peer_23:peer
Peer_18:peer INFO 12000: Sending message <Ping:> to Peer_16:peer
Peer_18:peer INFO 12000.461617074716: Received message <Ping:> from Peer_27:bootstrap
Peer_18:peer INFO 12000.461617074716: Sending message <Pong:> to Peer_27:bootstrap
Peer_18:peer INFO 12000.540529549342: Received message <Ping:> from Peer_14:peer
Peer_18:peer INFO 12000.540529549342: Sending message <Pong:> to Peer_14:peer
Peer_18:peer INFO 12000.961449614484: Received message <Pong:> from Peer_14:peer
Peer_18:peer INFO 12001.122441978881: Received message <Pong:> from Peer_27:bootstrap
Peer_18:peer INFO 12036.762819793263: Received message <Ping:> from Peer_23:peer
Peer_18:peer INFO 12036.762819793263: Sending message <Pong:> to Peer_23:peer
Peer_18:peer INFO 12036.980131817363: Received message <Ping:> from Peer_25:peer
Peer_18:peer INFO 12036.980131817363: Sending message <Pong:> to Peer_25:peer
Peer_18:peer INFO 12037.704902182046: Received message <Ping:> from Peer_16:peer
Peer_18:peer INFO 12037.704902182046: Sending message <Pong:> to Peer_16:peer
Peer_18:peer INFO 12073.640240490988: Received message <Pong:> from Peer_23:peer
Peer_18:peer INFO 12073.670653712858: Received message <Pong:> from Peer_16:peer
Peer_18:peer INFO 12074.644774345317: Received message <Pong:> from Peer_25:peer
Peer_18:peer INFO 12196.659934526913: Received message <GossipMessage:11_26> from Peer_4:peer
Peer_18:peer INFO 12396.855646622396: Received message <GossipMessage:12_26> from Peer_4:peer
Peer_18:peer INFO 12565.305996242128: Received message <Ping:> from Peer_4:peer
Peer_18:peer INFO 12565.305996242128: Sending message <Pong:> to Peer_4:peer
Peer_18:peer INFO 12596.705947396393: Received message <GossipMessage:13_26> from Peer_4:peer
Peer_18:peer INFO 12796.65366165791: Received message <GossipMessage:14_26> from Peer_4:peer
Peer_18:peer INFO 12996.765571232885: Received message <GossipMessage:15_26> from Peer_4:peer
Peer_18:peer INFO 13000: Sending message <Ping:> to Peer_27:bootstrap
Peer_18:peer INFO 13000: Sending message <Ping:> to Peer_14:peer
Peer_18:peer INFO 13000: Sending message <Ping:> to Peer_25:peer
Peer_18:peer INFO 13000: Sending message <Ping:> to Peer_23:peer
Peer_18:peer INFO 13000: Sending message <Ping:> to Peer_16:peer
Peer_18:peer INFO 13000.48553573559: Received message <Ping:> from Peer_14:peer
Peer_18:peer INFO 13000.48553573559: Sending message <Pong:> to Peer_14:peer
Peer_18:peer INFO 13000.520629088503: Received message <Ping:> from Peer_27:bootstrap
Peer_18:peer INFO 13000.520629088503: Sending message <Pong:> to Peer_27:bootstrap
Peer_18:peer INFO 13000.957043284421: Received message <Pong:> from Peer_27:bootstrap
Peer_18:peer INFO 13001.183679374424: Received message <Pong:> from Peer_14:peer
Peer_18:peer INFO 13036.451218832: Received message <Ping:> from Peer_23:peer
Peer_18:peer INFO 13036.451218832: Sending message <Pong:> to Peer_23:peer
Peer_18:peer INFO 13037.074763638204: Received message <Ping:> from Peer_16:peer
Peer_18:peer INFO 13037.074763638204: Sending message <Pong:> to Peer_16:peer
Peer_18:peer INFO 13037.52686719664: Received message <Ping:> from Peer_25:peer
Peer_18:peer INFO 13037.52686719664: Sending message <Pong:> to Peer_25:peer
Peer_18:peer INFO 13075.06078210087: Received message <Pong:> from Peer_23:peer
Peer_18:peer INFO 13075.283083362689: Received message <Pong:> from Peer_16:peer
Peer_18:peer INFO 13075.936026869163: Received message <Pong:> from Peer_25:peer
Peer_18:peer INFO 13196.900850915416: Received message <GossipMessage:16_26> from Peer_4:peer
Peer_18:peer INFO 13396.588022079892: Received message <GossipMessage:17_26> from Peer_4:peer
Peer_18:peer INFO 13565.562288989191: Received message <Ping:> from Peer_4:peer
Peer_18:peer INFO 13565.562288989191: Sending message <Pong:> to Peer_4:peer
Peer_18:peer INFO 13596.86975099466: Received message <GossipMessage:18_26> from Peer_4:peer
Peer_18:peer INFO 13796.947120065628: Received message <GossipMessage:19_26> from Peer_4:peer
Peer_18:peer INFO 13996.747238065258: Received message <GossipMessage:20_26> from Peer_4:peer
Peer_18:peer INFO 14000: Sending message <Ping:> to Peer_27:bootstrap
Peer_18:peer INFO 14000: Sending message <Ping:> to Peer_14:peer
Peer_18:peer INFO 14000: Sending message <Ping:> to Peer_25:peer
Peer_18:peer INFO 14000: Sending message <Ping:> to Peer_23:peer
Peer_18:peer INFO 14000: Sending message <Ping:> to Peer_16:peer
Peer_18:peer INFO 14000.517415051121: Received message <Ping:> from Peer_27:bootstrap
Peer_18:peer INFO 14000.517415051121: Sending message <Pong:> to Peer_27:bootstrap
Peer_18:peer INFO 14000.615646633767: Received message <Ping:> from Peer_14:peer
Peer_18:peer INFO 14000.615646633767: Sending message <Pong:> to Peer_14:peer
Peer_18:peer INFO 14001.008519848363: Received message <Pong:> from Peer_27:bootstrap
Peer_18:peer INFO 14001.12934075598: Received message <Pong:> from Peer_14:peer
Peer_18:peer INFO 14036.662346271221: Received message <Ping:> from Peer_25:peer
Peer_18:peer INFO 14036.662346271221: Sending message <Pong:> to Peer_25:peer
Peer_18:peer INFO 14036.714495438582: Received message <Ping:> from Peer_16:peer
Peer_18:peer INFO 14036.714495438582: Sending message <Pong:> to Peer_16:peer
Peer_18:peer INFO 14037.311433316803: Received message <Ping:> from Peer_23:peer
Peer_18:peer INFO 14037.311433316803: Sending message <Pong:> to Peer_23:peer
Peer_18:peer INFO 14074.074062369335: Received message <Pong:> from Peer_25:peer
Peer_18:peer INFO 14074.181498207186: Received message <Pong:> from Peer_23:peer
Peer_18:peer INFO 14074.25662122593: Received message <Pong:> from Peer_16:peer
Peer_18:peer INFO 14500: Sending message <Ping:> to Peer_4:peer
Peer_18:peer INFO 14565.557526104158: Received message <Ping:> from Peer_4:peer
Peer_18:peer INFO 14565.557526104158: Sending message <Pong:> to Peer_4:peer
Peer_18:peer INFO 14631.145903459557: Received message <Pong:> from Peer_4:peer
