Peer_13:peer WARNING 0: Not enough peers, fetching more (0, 4)
Peer_13:peer INFO 65.42119483110946: Connecting to Peer_27:bootstrap
Peer_13:peer INFO 130.8949302643716: Received message <Hello:> from Peer_27:bootstrap
Peer_13:peer INFO 130.95670004190825: Received message <RequestPeers:> from Peer_27:bootstrap
Peer_13:peer INFO 130.95670004190825: Sending message <PeerList> to Peer_27:bootstrap
Peer_13:peer WARNING 500: Not enough peers, fetching more (1, 4)
Peer_13:peer INFO 500: Sending message <RequestPeers:> to Peer_27:bootstrap
Peer_13:peer INFO 630.8591374285244: Received message <PeerList> from Peer_27:bootstrap
Peer_13:peer WARNING 1000: Not enough peers, fetching more (1, 4)
Peer_13:peer INFO 1000: Sending message <RequestPeers:> to Peer_27:bootstrap
Peer_13:peer INFO 1000.2610752035946: Connecting to Peer_24:peer
Peer_13:peer INFO 1000.5035189273062: Received message <Hello:> from Peer_24:peer
Peer_13:peer INFO 1000.5099688239661: Received message <RequestPeers:> from Peer_24:peer
Peer_13:peer INFO 1000.5099688239661: Sending message <PeerList> to Peer_24:peer
Peer_13:peer INFO 1078.0019654180328: Received message <Hello:> from Peer_21:peer
Peer_13:peer INFO 1078.0019654180328: Connecting to Peer_21:peer
Peer_13:peer INFO 1078.0019654180328: Sending message <Hello:> to Peer_21:peer
Peer_13:peer INFO 1078.0019654180328: Sending message <RequestPeers:> to Peer_21:peer
Peer_13:peer INFO 1131.315057162618: Received message <PeerList> from Peer_27:bootstrap
Peer_13:peer INFO 1233.9720680367925: Received message <PeerList> from Peer_21:peer
Peer_13:peer WARNING 1500: Not enough peers, fetching more (3, 4)
Peer_13:peer INFO 1500.2530324093218: Connecting to Peer_3:peer
Peer_13:peer INFO 1500.5310393219581: Received message <RequestPeers:> from Peer_3:peer
Peer_13:peer INFO 1500.5310393219581: Sending message <PeerList> to Peer_3:peer
Peer_13:peer INFO 1500.5475175246627: Received message <Hello:> from Peer_3:peer
Peer_13:peer INFO 1578.0244215389403: Received message <RequestPeers:> from Peer_21:peer
Peer_13:peer INFO 1578.0244215389403: Sending message <PeerList> to Peer_21:peer
Peer_13:peer INFO 2000: Sending message <Ping:> to Peer_27:bootstrap
Peer_13:peer INFO 2000: Sending message <Ping:> to Peer_24:peer
Peer_13:peer INFO 2000.2352959910904: Received message <Ping:> from Peer_24:peer
Peer_13:peer INFO 2000.2352959910904: Sending message <Pong:> to Peer_24:peer
Peer_13:peer INFO 2000.5331720818224: Received message <Pong:> from Peer_24:peer
Peer_13:peer INFO 2065.7483216853084: Received message <Ping:> from Peer_27:bootstrap
Peer_13:peer INFO 2065.7483216853084: Sending message <Pong:> to Peer_27:bootstrap
Peer_13:peer INFO 2130.8804855780545: Received message <Pong:> from Peer_27:bootstrap
Peer_13:peer INFO 2500: Sending message <Ping:> to Peer_21:peer
Peer_13:peer INFO 2500: Sending message <Ping:> to Peer_3:peer
Peer_13:peer INFO 2500.2238739949444: Received message <Ping:> from Peer_3:peer
Peer_13:peer INFO 2500.2238739949444: Sending message <Pong:> to Peer_3:peer
Peer_13:peer INFO 2500.5135759644636: Received message <Pong:> from Peer_3:peer
Peer_13:peer INFO 2578.0815014410814: Received message <Ping:> from Peer_21:peer
Peer_13:peer INFO 2578.0815014410814: Sending message <Pong:> to Peer_21:peer
Peer_13:peer INFO 2656.046746818371: Received message <Pong:> from Peer_21:peer
Peer_13:peer INFO 3000: Sending message <Ping:> to Peer_27:bootstrap
Peer_13:peer INFO 3000: Sending message <Ping:> to Peer_24:peer
Peer_13:peer INFO 3000.2426030378087: Received message <Ping:> from Peer_24:peer
Peer_13:peer INFO 3000.2426030378087: Sending message <Pong:> to Peer_24:peer
Peer_13:peer INFO 3000.5402858096827: Received message <Pong:> from Peer_24:peer
Peer_13:peer INFO 3065.722964401005: Received message <Ping:> from Peer_27:bootstrap
Peer_13:peer INFO 3065.722964401005: Sending message <Pong:> to Peer_27:bootstrap
Peer_13:peer INFO 3131.0448847736975: Received message <Pong:> from Peer_27:bootstrap
Peer_13:peer INFO 3500: Sending message <Ping:> to Peer_21:peer
Peer_13:peer INFO 3500: Sending message <Ping:> to Peer_3:peer
Peer_13:peer INFO 3500.277302369981: Received message <Ping:> from Peer_3:peer
Peer_13:peer INFO 3500.277302369981: Sending message <Pong:> to Peer_3:peer
Peer_13:peer INFO 3500.4917722313103: Received message <Pong:> from Peer_3:peer
Peer_13:peer INFO 3577.904476565247: Received message <Ping:> from Peer_21:peer
Peer_13:peer INFO 3577.904476565247: Sending message <Pong:> to Peer_21:peer
Peer_13:peer INFO 3656.0601342053355: Received message <Pong:> from Peer_21:peer
Peer_13:peer INFO 4000: Sending message <Ping:> to Peer_27:bootstrap
Peer_13:peer INFO 4000: Sending message <Ping:> to Peer_24:peer
Peer_13:peer INFO 4000.2616030949866: Received message <Ping:> from Peer_24:peer
Peer_13:peer INFO 4000.2616030949866: Sending message <Pong:> to Peer_24:peer
Peer_13:peer INFO 4000.5541033302866: Received message <Pong:> from Peer_24:peer
Peer_13:peer INFO 4065.699541004051: Received message <Ping:> from Peer_27:bootstrap
Peer_13:peer INFO 4065.699541004051: Sending message <Pong:> to Peer_27:bootstrap
Peer_13:peer INFO 4131.025090305123: Received message <Pong:> from Peer_27:bootstrap
Peer_13:peer INFO 4500: Sending message <Ping:> to Peer_21:peer
Peer_13:peer INFO 4500: Sending message <Ping:> to Peer_3:peer
Peer_13:peer INFO 4500.260268859048: Received message <Ping:> from Peer_3:peer
Peer_13:peer INFO 4500.260268859048: Sending message <Pong:> to Peer_3:peer
Peer_13:peer INFO 4500.557281672436: Received message <Pong:> from Peer_3:peer
Peer_13:peer INFO 4577.988652567982: Received message <Ping:> from Peer_21:peer
Peer_13:peer INFO 4577.988652567982: Sending message <Pong:> to Peer_21:peer
Peer_13:peer INFO 4655.997914156306: Received message <Pong:> from Peer_21:peer
Peer_13:peer INFO 5000: Sending message <Ping:> to Peer_27:bootstrap
Peer_13:peer INFO 5000: Sending message <Ping:> to Peer_24:peer
Peer_13:peer INFO 5000.24624957103: Received message <Ping:> from Peer_24:peer
Peer_13:peer INFO 5000.24624957103: Sending message <Pong:> to Peer_24:peer
Peer_13:peer INFO 5000.5313130771265: Received message <Pong:> from Peer_24:peer
Peer_13:peer INFO 5065.705796019893: Received message <Ping:> from Peer_27:bootstrap
Peer_13:peer INFO 5065.705796019893: Sending message <Pong:> to Peer_27:bootstrap
Peer_13:peer INFO 5130.981616749447: Received message <Pong:> from Peer_27:bootstrap
Peer_13:peer INFO 5500: Sending message <Ping:> to Peer_21:peer
Peer_13:peer INFO 5500: Sending message <Ping:> to Peer_3:peer
Peer_13:peer INFO 5500.233282522172: Received message <Ping:> from Peer_3:peer
Peer_13:peer INFO 5500.233282522172: Sending message <Pong:> to Peer_3:peer
Peer_13:peer INFO 5500.51305682696: Received message <Pong:> from Peer_3:peer
Peer_13:peer INFO 5577.99229664928: Received message <Ping:> from Peer_21:peer
Peer_13:peer INFO 5577.99229664928: Sending message <Pong:> to Peer_21:peer
Peer_13:peer INFO 5655.983617955891: Received message <Pong:> from Peer_21:peer
Peer_13:peer INFO 6000: Sending message <Ping:> to Peer_27:bootstrap
Peer_13:peer INFO 6000: Sending message <Ping:> to Peer_24:peer
Peer_13:peer INFO 6000.283666296231: Received message <Ping:> from Peer_24:peer
Peer_13:peer INFO 6000.283666296231: Sending message <Pong:> to Peer_24:peer
Peer_13:peer INFO 6000.5028275759205: Received message <Pong:> from Peer_24:peer
Peer_13:peer INFO 6065.583829058239: Received message <Ping:> from Peer_27:bootstrap
Peer_13:peer INFO 6065.583829058239: Sending message <Pong:> to Peer_27:bootstrap
Peer_13:peer INFO 6130.923525656659: Received message <Pong:> from Peer_27:bootstrap
Peer_13:peer INFO 6500: Sending message <Ping:> to Peer_21:peer
Peer_13:peer INFO 6500: Sending message <Ping:> to Peer_3:peer
Peer_13:peer INFO 6500.24610423902: Received message <Ping:> from Peer_3:peer
Peer_13:peer INFO 6500.24610423902: Sending message <Pong:> to Peer_3:peer
Peer_13:peer INFO 6500.519623957507: Received message <Pong:> from Peer_3:peer
Peer_13:peer INFO 6577.979853797049: Received message <Ping:> from Peer_21:peer
Peer_13:peer INFO 6577.979853797049: Sending message <Pong:> to Peer_21:peer
Peer_13:peer INFO 6656.099403598091: Received message <Pong:> from Peer_21:peer
Peer_13:peer INFO 7000: Sending message <Ping:> to Peer_27:bootstrap
Peer_13:peer INFO 7000: Sending message <Ping:> to Peer_24:peer
Peer_13:peer INFO 7000.257159182661: Received message <Ping:> from Peer_24:peer
Peer_13:peer INFO 7000.257159182661: Sending message <Pong:> to Peer_24:peer
Peer_13:peer INFO 7000.536479341799: Received message <Pong:> from Peer_24:peer
Peer_13:peer INFO 7065.815859389965: Received message <Ping:> from Peer_27:bootstrap
Peer_13:peer INFO 7065.815859389965: Sending message <Pong:> to Peer_27:bootstrap
Peer_13:peer INFO 7130.922010934108: Received message <Pong:> from Peer_27:bootstrap
Peer_13:peer INFO 7500: Sending message <Ping:> to Peer_21:peer
Peer_13:peer INFO 7500: Sending message <Ping:> to Peer_3:peer
Peer_13:peer INFO 7500.267651886297: Received message <Ping:> from Peer_3:peer
Peer_13:peer INFO 7500.267651886297: Sending message <Pong:> to Peer_3:peer
Peer_13:peer INFO 7500.472962850617: Received message <Pong:> from Peer_3:peer
Peer_13:peer INFO 7578.001879211309: Received message <Ping:> from Peer_21:peer
Peer_13:peer INFO 7578.001879211309: Sending message <Pong:> to Peer_21:peer
Peer_13:peer INFO 7656.00818387146: Received message <Pong:> from Peer_21:peer
Peer_13:peer INFO 8000: Sending message <Ping:> to Peer_27:bootstrap
Peer_13:peer INFO 8000: Sending message <Ping:> to Peer_24:peer
Peer_13:peer INFO 8000.2242216891245: Received message <Ping:> from Peer_24:peer
Peer_13:peer INFO 8000.2242216891245: Sending message <Pong:> to Peer_24:peer
Peer_13:peer INFO 8000.555137595187: Received message <Pong:> from Peer_24:peer
Peer_13:peer INFO 8065.413693057733: Received message <Ping:> from Peer_27:bootstrap
Peer_13:peer INFO 8065.413693057733: Sending message <Pong:> to Peer_27:bootstrap
Peer_13:peer INFO 8131.227846814651: Received message <Pong:> from Peer_27:bootstrap
Peer_13:peer INFO 8500: Sending message <Ping:> to Peer_21:peer
Peer_13:peer INFO 8500: Sending message <Ping:> to Peer_3:peer
Peer_13:peer INFO 8500.26624972407: Received message <Ping:> from Peer_3:peer
Peer_13:peer INFO 8500.26624972407: Sending message <Pong:> to Peer_3:peer
Peer_13:peer INFO 8500.512177694052: Received message <Pong:> from Peer_3:peer
Peer_13:peer INFO 8578.077153238055: Received message <Ping:> from Peer_21:peer
Peer_13:peer INFO 8578.077153238055: Sending message <Pong:> to Peer_21:peer
Peer_13:peer INFO 8655.788491647862: Received message <Pong:> from Peer_21:peer
Peer_13:peer INFO 9000: Sending message <Ping:> to Peer_27:bootstrap
Peer_13:peer INFO 9000: Sending message <Ping:> to Peer_24:peer
Peer_13:peer INFO 9000.258625342633: Received message <Ping:> from Peer_24:peer
Peer_13:peer INFO 9000.258625342633: Sending message <Pong:> to Peer_24:peer
Peer_13:peer INFO 9000.577235977991: Received message <Pong:> from Peer_24:peer
Peer_13:peer INFO 9065.470410894632: Received message <Ping:> from Peer_27:bootstrap
Peer_13:peer INFO 9065.470410894632: Sending message <Pong:> to Peer_27:bootstrap
Peer_13:peer INFO 9131.000234366562: Received message <Pong:> from Peer_27:bootstrap
Peer_13:peer INFO 9500: Sending message <Ping:> to Peer_21:peer
Peer_13:peer INFO 9500: Sending message <Ping:> to Peer_3:peer
Peer_13:peer INFO 9500.296247229595: Received message <Ping:> from Peer_3:peer
Peer_13:peer INFO 9500.296247229595: Sending message <Pong:> to Peer_3:peer
Peer_13:peer INFO 9500.59371258844: Received message <Pong:> from Peer_3:peer
Peer_13:peer INFO 9578.019058603522: Received message <Ping:> from Peer_21:peer
Peer_13:peer INFO 9578.019058603522: Sending message <Pong:> to Peer_21:peer
Peer_13:peer INFO 9655.993658452539: Received message <Pong:> from Peer_21:peer
Peer_13:peer INFO 10000: Sending message <Ping:> to Peer_27:bootstrap
Peer_13:peer INFO 10000: Sending message <Ping:> to Peer_24:peer
Peer_13:peer INFO 10000.257177095025: Received message <Ping:> from Peer_24:peer
Peer_13:peer INFO 10000.257177095025: Sending message <Pong:> to Peer_24:peer
Peer_13:peer INFO 10000.573791946616: Received message <Pong:> from Peer_24:peer
Peer_13:peer INFO 10065.591838102948: Received message <Ping:> from Peer_27:bootstrap
Peer_13:peer INFO 10065.591838102948: Sending message <Pong:> to Peer_27:bootstrap
Peer_13:peer INFO 10130.77809076917: Received message <Pong:> from Peer_27:bootstrap
Peer_13:peer INFO 10500: Sending message <Ping:> to Peer_21:peer
Peer_13:peer INFO 10500: Sending message <Ping:> to Peer_3:peer
Peer_13:peer INFO 10500.365446839407: Received message <Ping:> from Peer_3:peer
Peer_13:peer INFO 10500.365446839407: Sending message <Pong:> to Peer_3:peer
Peer_13:peer INFO 10500.563282279058: Received message <Pong:> from Peer_3:peer
Peer_13:peer INFO 10578.033861197036: Received message <Ping:> from Peer_21:peer
Peer_13:peer INFO 10578.033861197036: Sending message <Pong:> to Peer_21:peer
Peer_13:peer INFO 10656.183913491606: Received message <Pong:> from Peer_21:peer
Peer_13:peer INFO 11000: Sending message <Ping:> to Peer_27:bootstrap
Peer_13:peer INFO 11000: Sending message <Ping:> to Peer_24:peer
Peer_13:peer INFO 11000.247494473082: Received message <Ping:> from Peer_24:peer
Peer_13:peer INFO 11000.247494473082: Sending message <Pong:> to Peer_24:peer
Peer_13:peer INFO 11000.570155585221: Received message <Pong:> from Peer_24:peer
Peer_13:peer INFO 11065.345760689219: Received message <Ping:> from Peer_27:bootstrap
Peer_13:peer INFO 11065.345760689219: Sending message <Pong:> to Peer_27:bootstrap
Peer_13:peer INFO 11130.758305971543: Received message <Pong:> from Peer_27:bootstrap
Peer_13:peer INFO 11500: Sending message <Ping:> to Peer_21:peer
Peer_13:peer INFO 11500: Sending message <Ping:> to Peer_3:peer
Peer_13:peer INFO 11500.255924067624: Received message <Ping:> from Peer_3:peer
Peer_13:peer INFO 11500.255924067624: Sending message <Pong:> to Peer_3:peer
Peer_13:peer INFO 11500.511464403698: Received message <Pong:> from Peer_3:peer
Peer_13:peer INFO 11577.935032161244: Received message <Ping:> from Peer_21:peer
Peer_13:peer INFO 11577.935032161244: Sending message <Pong:> to Peer_21:peer
Peer_13:peer INFO 11656.090007382252: Received message <Pong:> from Peer_21:peer
Peer_13:peer INFO 12000: Sending message <Ping:> to Peer_27:bootstrap
Peer_13:peer INFO 12000: Sending message <Ping:> to Peer_24:peer
Peer_13:peer INFO 12000.240034125458: Received message <Ping:> from Peer_24:peer
Peer_13:peer INFO 12000.240034125458: Sending message <Pong:> to Peer_24:peer
Peer_13:peer INFO 12000.487754552005: Received message <Pong:> from Peer_24:peer
Peer_13:peer INFO 12065.497326391183: Received message <Ping:> from Peer_27:bootstrap
Peer_13:peer INFO 12065.497326391183: Sending message <Pong:> to Peer_27:bootstrap
Peer_13:peer INFO 12130.915588122802: Received message <Pong:> from Peer_27:bootstrap
Peer_13:peer INFO 12500: Sending message <Ping:> to Peer_21:peer
Peer_13:peer INFO 12500: Sending message <Ping:> to Peer_3:peer
Peer_13:peer INFO 12500.23870250581: Received message <Ping:> from Peer_3:peer
Peer_13:peer INFO 12500.23870250581: Sending message <Pong:> to Peer_3:peer
Peer_13:peer INFO 12500.502727716246: Received message <Pong:> from Peer_3:peer
Peer_13:peer INFO 12578.09329342391: Received message <Ping:> from Peer_21:peer
Peer_13:peer INFO 12578.09329342391: Sending message <Pong:> to Peer_21:peer
Peer_13:peer INFO 12656.15763129117: Received message <Pong:> from Peer_21:peer
Peer_13:peer INFO 13000: Sending message <Ping:> to Peer_27:bootstrap
Peer_13:peer INFO 13000: Sending message <Ping:> to Peer_24:peer
Peer_13:peer INFO 13000.282760170796: Received message <Ping:> from Peer_24:peer
Peer_13:peer INFO 13000.282760170796: Sending message <Pong:> to Peer_24:peer
Peer_13:peer INFO 13000.535066502243: Received message <Pong:> from Peer_24:peer
Peer_13:peer INFO 13065.444696814677: Received message <Ping:> from Peer_27:bootstrap
Peer_13:peer INFO 13065.444696814677: Sending message <Pong:> to Peer_27:bootstrap
Peer_13:peer INFO 13131.14919257221: Received message <Pong:> from Peer_27:bootstrap
Peer_13:peer INFO 13500: Sending message <Ping:> to Peer_21:peer
Peer_13:peer INFO 13500: Sending message <Ping:> to Peer_3:peer
Peer_13:peer INFO 13500.285005305137: Received message <Ping:> from Peer_3:peer
Peer_13:peer INFO 13500.285005305137: Sending message <Pong:> to Peer_3:peer
Peer_13:peer INFO 13500.506370626887: Received message <Pong:> from Peer_3:peer
Peer_13:peer INFO 13577.989118760559: Received message <Ping:> from Peer_21:peer
Peer_13:peer INFO 13577.989118760559: Sending message <Pong:> to Peer_21:peer
Peer_13:peer INFO 13656.039169114669: Received message <Pong:> from Peer_21:peer
Peer_13:peer INFO 14000: Sending message <Ping:> to Peer_27:bootstrap
Peer_13:peer INFO 14000: Sending message <Ping:> to Peer_24:peer
Peer_13:peer INFO 14000.25391598128: Received message <Ping:> from Peer_24:peer
Peer_13:peer INFO 14000.25391598128: Sending message <Pong:> to Peer_24:peer
Peer_13:peer INFO 14000.526685785182: Received message <Pong:> from Peer_24:peer
Peer_13:peer INFO 14065.544307794573: Received message <Ping:> from Peer_27:bootstrap
Peer_13:peer INFO 14065.544307794573: Sending message <Pong:> to Peer_27:bootstrap
Peer_13:peer INFO 14131.12482500538: Received message <Pong:> from Peer_27:bootstrap
Peer_13:peer INFO 14500: Sending message <Ping:> to Peer_21:peer
Peer_13:peer INFO 14500: Sending message <Ping:> to Peer_3:peer
Peer_13:peer INFO 14500.273407761682: Received message <Ping:> from Peer_3:peer
Peer_13:peer INFO 14500.273407761682: Sending message <Pong:> to Peer_3:peer
Peer_13:peer INFO 14500.579506611892: Received message <Pong:> from Peer_3:peer
Peer_13:peer INFO 14578.021828977398: Received message <Ping:> from Peer_21:peer
Peer_13:peer INFO 14578.021828977398: Sending message <Pong:> to Peer_21:peer
Peer_13:peer INFO 14655.975268812837: Received message <Pong:> from Peer_21:peer
