Peer_8:basic WARNING 0: Not enough peers, fetching more (0, 4)
Peer_8:basic INFO 5.668797392771417: Connecting to Peer_11:bootstrap
Peer_8:basic INFO 11.742718396075631: Received message <RequestPeers:> from Peer_11:bootstrap
Peer_8:basic INFO 11.742718396075631: Sending message <PeerList> to Peer_11:bootstrap
Peer_8:basic INFO 13.154638840143845: Received message <Hello:> from Peer_11:bootstrap
Peer_8:basic WARNING 500: Not enough peers, fetching more (1, 4)
Peer_8:basic INFO 500: Sending message <RequestPeers:> to Peer_11:bootstrap
Peer_8:basic INFO 512.3063215946466: Received message <PeerList> from Peer_11:bootstrap
Peer_8:basic WARNING 1000: Not enough peers, fetching more (1, 4)
Peer_8:basic INFO 1000: Sending message <RequestPeers:> to Peer_11:bootstrap
Peer_8:basic INFO 1000.5280088522953: Connecting to Peer_9:basic
Peer_8:basic INFO 1001.0570766483602: Received message <Hello:> from Peer_9:basic
Peer_8:basic INFO 1001.3425924580741: Received message <RequestPeers:> from Peer_9:basic
Peer_8:basic INFO 1001.3425924580741: Sending message <PeerList> to Peer_9:basic
Peer_8:basic INFO 1004.3235937298725: Received message <RequestPeers:> from Peer_11:bootstrap
Peer_8:basic INFO 1004.3235937298725: Sending message <PeerList> to Peer_11:bootstrap
Peer_8:basic INFO 1004.5568227836342: Received message <Hello:> from Peer_6:basic
Peer_8:basic INFO 1004.5568227836342: Connecting to Peer_6:basic
Peer_8:basic INFO 1004.5568227836342: Sending message <Hello:> to Peer_6:basic
Peer_8:basic INFO 1004.5568227836342: Sending message <RequestPeers:> to Peer_6:basic
Peer_8:basic INFO 1006.6739881537063: Received message <Hello:> from Peer_3:basic
Peer_8:basic INFO 1006.6739881537063: Connecting to Peer_3:basic
Peer_8:basic INFO 1006.6739881537063: Sending message <Hello:> to Peer_3:basic
Peer_8:basic INFO 1006.6739881537063: Sending message <RequestPeers:> to Peer_3:basic
Peer_8:basic INFO 1011.8637425354142: Received message <PeerList> from Peer_11:bootstrap
Peer_8:basic INFO 1015.3008279558088: Received message <PeerList> from Peer_3:basic
Peer_8:basic INFO 1016.575571549136: Received message <PeerList> from Peer_6:basic
Peer_8:basic INFO 1505.4751517388704: Received message <RequestPeers:> from Peer_6:basic
Peer_8:basic INFO 1505.4751517388704: Sending message <PeerList> to Peer_6:basic
Peer_8:basic INFO 1506.2121217524339: Received message <RequestPeers:> from Peer_3:basic
Peer_8:basic INFO 1506.2121217524339: Sending message <PeerList> to Peer_3:basic
Peer_8:basic INFO 1507.4963678851627: Received message <RequestPeers:> from Peer_11:bootstrap
Peer_8:basic INFO 1507.4963678851627: Sending message <PeerList> to Peer_11:bootstrap
Peer_8:basic INFO 2000: Sending message <Ping:> to Peer_9:basic
Peer_8:basic INFO 2001.0512482808579: Received message <Ping:> from Peer_9:basic
Peer_8:basic INFO 2001.0512482808579: Sending message <Pong:> to Peer_9:basic
Peer_8:basic INFO 2001.587406626689: Received message <Pong:> from Peer_9:basic
Peer_8:basic INFO 2500: Sending message <Ping:> to Peer_11:bootstrap
Peer_8:basic INFO 2500: Sending message <Ping:> to Peer_6:basic
Peer_8:basic INFO 2500: Sending message <Ping:> to Peer_3:basic
Peer_8:basic INFO 2505.8051594775916: Received message <Ping:> from Peer_6:basic
Peer_8:basic INFO 2505.8051594775916: Sending message <Pong:> to Peer_6:basic
Peer_8:basic INFO 2505.835448026802: Received message <Ping:> from Peer_3:basic
Peer_8:basic INFO 2505.835448026802: Sending message <Pong:> to Peer_3:basic
Peer_8:basic INFO 2506.3198162369886: Received message <RequestPeers:> from Peer_11:bootstrap
Peer_8:basic INFO 2506.3198162369886: Sending message <PeerList> to Peer_11:bootstrap
Peer_8:basic INFO 2506.374052021234: Received message <Ping:> from Peer_11:bootstrap
Peer_8:basic INFO 2506.374052021234: Sending message <Pong:> to Peer_11:bootstrap
Peer_8:basic INFO 2508.07788199645: Received message <Pong:> from Peer_3:basic
Peer_8:basic INFO 2509.210557509063: Received message <Pong:> from Peer_6:basic
Peer_8:basic INFO 2510.763118453467: Received message <Pong:> from Peer_11:bootstrap
Peer_8:basic INFO 3000: Sending message <Ping:> to Peer_9:basic
Peer_8:basic INFO 3001.3172913040557: Received message <Ping:> from Peer_9:basic
Peer_8:basic INFO 3001.3172913040557: Sending message <Pong:> to Peer_9:basic
Peer_8:basic INFO 3005.0218722818913: Received message <Pong:> from Peer_9:basic
Peer_8:basic INFO 3005.305391010257: Received message <RequestPeers:> from Peer_11:bootstrap
Peer_8:basic INFO 3005.305391010257: Sending message <PeerList> to Peer_11:bootstrap
Peer_8:basic INFO 3500: Sending message <Ping:> to Peer_6:basic
Peer_8:basic INFO 3500: Sending message <Ping:> to Peer_3:basic
Peer_8:basic INFO 3505.2156386871557: Received message <Ping:> from Peer_3:basic
Peer_8:basic INFO 3505.2156386871557: Sending message <Pong:> to Peer_3:basic
Peer_8:basic INFO 3506.4751732961045: Received message <Ping:> from Peer_6:basic
Peer_8:basic INFO 3506.4751732961045: Sending message <Pong:> to Peer_6:basic
Peer_8:basic INFO 3512.5454035323664: Received message <Pong:> from Peer_6:basic
Peer_8:basic INFO 3512.731957915815: Received message <Pong:> from Peer_3:basic
Peer_8:basic INFO 4000: Sending message <Ping:> to Peer_11:bootstrap
Peer_8:basic INFO 4000: Sending message <Ping:> to Peer_9:basic
Peer_8:basic INFO 4002.082525744987: Received message <Pong:> from Peer_9:basic
Peer_8:basic INFO 4002.2000054043683: Received message <Ping:> from Peer_9:basic
Peer_8:basic INFO 4002.2000054043683: Sending message <Pong:> to Peer_9:basic
Peer_8:basic INFO 4006.012194502646: Received message <Ping:> from Peer_11:bootstrap
Peer_8:basic INFO 4006.012194502646: Sending message <Pong:> to Peer_11:bootstrap
Peer_8:basic INFO 4013.9300154650905: Received message <Pong:> from Peer_11:bootstrap
Peer_8:basic INFO 4500: Sending message <Ping:> to Peer_6:basic
Peer_8:basic INFO 4500: Sending message <Ping:> to Peer_3:basic
Peer_8:basic INFO 4506.446164183543: Received message <Ping:> from Peer_6:basic
Peer_8:basic INFO 4506.446164183543: Sending message <Pong:> to Peer_6:basic
Peer_8:basic INFO 4506.4691174684585: Received message <Ping:> from Peer_3:basic
Peer_8:basic INFO 4506.4691174684585: Sending message <Pong:> to Peer_3:basic
Peer_8:basic INFO 4510.065523104355: Received message <Pong:> from Peer_3:basic
Peer_8:basic INFO 4511.804287699696: Received message <Pong:> from Peer_6:basic
