Peer_14:peer WARNING 0: Not enough peers, fetching more (0, 4)
Peer_14:peer INFO 0.5087236344978276: Connecting to Peer_27:bootstrap
Peer_14:peer INFO 1.0173378501368626: Received message <RequestPeers:> from Peer_27:bootstrap
Peer_14:peer INFO 1.0173378501368626: Sending message <PeerList> to Peer_27:bootstrap
Peer_14:peer INFO 1.059199543606503: Received message <Hello:> from Peer_27:bootstrap
Peer_14:peer WARNING 500: Not enough peers, fetching more (1, 4)
Peer_14:peer INFO 500: Sending message <RequestPeers:> to Peer_27:bootstrap
Peer_14:peer INFO 501.01904753667117: Received message <PeerList> from Peer_27:bootstrap
Peer_14:peer WARNING 1000: Not enough peers, fetching more (1, 4)
Peer_14:peer INFO 1000: Sending message <RequestPeers:> to Peer_27:bootstrap
Peer_14:peer INFO 1000.4992711038909: Received message <Hello:> from Peer_18:peer
Peer_14:peer INFO 1000.4992711038909: Connecting to Peer_18:peer
Peer_14:peer INFO 1000.4992711038909: Sending message <Hello:> to Peer_18:peer
Peer_14:peer INFO 1000.4992711038909: Sending message <RequestPeers:> to Peer_18:peer
Peer_14:peer INFO 1001.039571854775: Received message <PeerList> from Peer_27:bootstrap
Peer_14:peer INFO 1001.5510919380099: Received message <PeerList> from Peer_18:peer
Peer_14:peer INFO 1065.2870901432432: Connecting to Peer_26:client
Peer_14:peer INFO 1130.7523448477586: Received message <Hello:> from Peer_26:client
Peer_14:peer INFO 1130.8415093834703: Received message <RequestPeers:> from Peer_26:client
Peer_14:peer INFO 1130.8415093834703: Sending message <PeerList> to Peer_26:client
Peer_14:peer WARNING 1500: Not enough peers, fetching more (3, 4)
Peer_14:peer INFO 1537.0473642272825: Connecting to Peer_25:peer
Peer_14:peer INFO 1574.2131200470162: Received message <RequestPeers:> from Peer_25:peer
Peer_14:peer INFO 1574.2131200470162: Sending message <PeerList> to Peer_25:peer
Peer_14:peer INFO 1574.386496122261: Received message <Hello:> from Peer_25:peer
Peer_14:peer INFO 2000: Sending message <Ping:> to Peer_27:bootstrap
Peer_14:peer INFO 2000: Sending message <Ping:> to Peer_18:peer
Peer_14:peer INFO 2000: Sending message <Ping:> to Peer_26:client
Peer_14:peer INFO 2000.5190157181783: Received message <Ping:> from Peer_18:peer
Peer_14:peer INFO 2000.5190157181783: Sending message <Pong:> to Peer_18:peer
Peer_14:peer INFO 2000.5480919864988: Received message <Ping:> from Peer_27:bootstrap
Peer_14:peer INFO 2000.5480919864988: Sending message <Pong:> to Peer_27:bootstrap
Peer_14:peer INFO 2000.9665648221048: Received message <Pong:> from Peer_27:bootstrap
Peer_14:peer INFO 2001.0010190330563: Received message <Pong:> from Peer_18:peer
Peer_14:peer INFO 2065.5274693152232: Received message <Ping:> from Peer_26:client
Peer_14:peer INFO 2065.5274693152232: Sending message <Pong:> to Peer_26:client
Peer_14:peer INFO 2131.0657330190247: Received message <Pong:> from Peer_26:client
Peer_14:peer INFO 2500: Sending message <Ping:> to Peer_25:peer
Peer_14:peer INFO 2536.5818166942613: Received message <Ping:> from Peer_25:peer
Peer_14:peer INFO 2536.5818166942613: Sending message <Pong:> to Peer_25:peer
Peer_14:peer INFO 2572.3173132305737: Received message <Pong:> from Peer_25:peer
Peer_14:peer INFO 3000: Sending message <Ping:> to Peer_27:bootstrap
Peer_14:peer INFO 3000: Sending message <Ping:> to Peer_18:peer
Peer_14:peer INFO 3000: Sending message <Ping:> to Peer_26:client
Peer_14:peer INFO 3000.4741344179365: Received message <Ping:> from Peer_27:bootstrap
Peer_14:peer INFO 3000.4741344179365: Sending message <Pong:> to Peer_27:bootstrap
Peer_14:peer INFO 3000.541512625319: Received message <Ping:> from Peer_18:peer
Peer_14:peer INFO 3000.541512625319: Sending message <Pong:> to Peer_18:peer
Peer_14:peer INFO 3001.0024540345244: Received message <Pong:> from Peer_18:peer
Peer_14:peer INFO 3001.0387682655855: Received message <Pong:> from Peer_27:bootstrap
Peer_14:peer INFO 3065.4519399753285: Received message <Ping:> from Peer_26:client
Peer_14:peer INFO 3065.4519399753285: Sending message <Pong:> to Peer_26:client
Peer_14:peer INFO 3131.274340484044: Received message <Pong:> from Peer_26:client
Peer_14:peer INFO 3500: Sending message <Ping:> to Peer_25:peer
Peer_14:peer INFO 3536.867638946659: Received message <Ping:> from Peer_25:peer
Peer_14:peer INFO 3536.867638946659: Sending message <Pong:> to Peer_25:peer
Peer_14:peer INFO 3573.1625880372135: Received message <Pong:> from Peer_25:peer
Peer_14:peer INFO 4000: Sending message <Ping:> to Peer_27:bootstrap
Peer_14:peer INFO 4000: Sending message <Ping:> to Peer_18:peer
Peer_14:peer INFO 4000: Sending message <Ping:> to Peer_26:client
Peer_14:peer INFO 4000.4583857480166: Received message <Ping:> from Peer_18:peer
Peer_14:peer INFO 4000.4583857480166: Sending message <Pong:> to Peer_18:peer
Peer_14:peer INFO 4000.4806533744636: Received message <Ping:> from Peer_27:bootstrap
Peer_14:peer INFO 4000.4806533744636: Sending message <Pong:> to Peer_27:bootstrap
Peer_14:peer INFO 4000.9499871350226: Received message <Pong:> from Peer_27:bootstrap
Peer_14:peer INFO 4001.063280405539: Received message <Pong:> from Peer_18:peer
Peer_14:peer INFO 4065.2964145317073: Received message <Ping:> from Peer_26:client
Peer_14:peer INFO 4065.2964145317073: Sending message <Pong:> to Peer_26:client
Peer_14:peer INFO 4131.357790724659: Received message <Pong:> from Peer_26:client
Peer_14:peer INFO 4500: Sending message <Ping:> to Peer_25:peer
Peer_14:peer WARNING 4500: Breaking connection with Peer_26:client
Peer_14:peer INFO 4536.918076956279: Received message <Ping:> from Peer_25:peer
Peer_14:peer INFO 4536.918076956279: Sending message <Pong:> to Peer_25:peer
Peer_14:peer INFO 4574.242042299107: Received message <Pong:> from Peer_25:peer
Peer_14:peer WARNING 5000: Not enough peers, fetching more (3, 4)
Peer_14:peer INFO 5000: Sending message <RequestPeers:> to Peer_25:peer
Peer_14:peer INFO 5000: Sending message <RequestPeers:> to Peer_27:bootstrap
Peer_14:peer INFO 5000: Sending message <RequestPeers:> to Peer_18:peer
Peer_14:peer INFO 5000: Sending message <Ping:> to Peer_27:bootstrap
Peer_14:peer INFO 5000: Sending message <Ping:> to Peer_18:peer
Peer_14:peer INFO 5000.438626440952: Received message <Ping:> from Peer_27:bootstrap
Peer_14:peer INFO 5000.438626440952: Sending message <Pong:> to Peer_27:bootstrap
Peer_14:peer INFO 5000.476490012132: Received message <Ping:> from Peer_18:peer
Peer_14:peer INFO 5000.476490012132: Sending message <Pong:> to Peer_18:peer
Peer_14:peer INFO 5000.957868383314: Received message <PeerList> from Peer_27:bootstrap
Peer_14:peer INFO 5000.992285272758: Received message <PeerList> from Peer_18:peer
Peer_14:peer INFO 5001.001166027292: Received message <Pong:> from Peer_27:bootstrap
Peer_14:peer INFO 5001.082114258414: Received message <Pong:> from Peer_18:peer
Peer_14:peer INFO 5035.223779313648: Received message <Hello:> from Peer_16:peer
Peer_14:peer INFO 5035.223779313648: Connecting to Peer_16:peer
Peer_14:peer INFO 5035.223779313648: Sending message <Hello:> to Peer_16:peer
Peer_14:peer INFO 5035.223779313648: Sending message <RequestPeers:> to Peer_16:peer
Peer_14:peer INFO 5073.691658060692: Received message <PeerList> from Peer_25:peer
Peer_14:peer INFO 5108.413130350931: Received message <PeerList> from Peer_16:peer
Peer_14:peer INFO 6000: Sending message <Ping:> to Peer_27:bootstrap
Peer_14:peer INFO 6000: Sending message <Ping:> to Peer_18:peer
Peer_14:peer INFO 6000: Sending message <Ping:> to Peer_25:peer
Peer_14:peer INFO 6000: Sending message <Ping:> to Peer_16:peer
Peer_14:peer INFO 6000.473705101149: Received message <Ping:> from Peer_27:bootstrap
Peer_14:peer INFO 6000.473705101149: Sending message <Pong:> to Peer_27:bootstrap
Peer_14:peer INFO 6000.52954346553: Received message <Ping:> from Peer_18:peer
Peer_14:peer INFO 6000.52954346553: Sending message <Pong:> to Peer_18:peer
Peer_14:peer INFO 6001.0410937415545: Received message <Pong:> from Peer_18:peer
Peer_14:peer INFO 6001.074113310363: Received message <Pong:> from Peer_27:bootstrap
Peer_14:peer INFO 6036.346681589678: Received message <Ping:> from Peer_16:peer
Peer_14:peer INFO 6036.346681589678: Sending message <Pong:> to Peer_16:peer
Peer_14:peer INFO 6037.520243665258: Received message <Ping:> from Peer_25:peer
Peer_14:peer INFO 6037.520243665258: Sending message <Pong:> to Peer_25:peer
Peer_14:peer INFO 6073.752868954454: Received message <Pong:> from Peer_25:peer
Peer_14:peer INFO 6074.69048699616: Received message <Pong:> from Peer_16:peer
Peer_14:peer INFO 7000: Sending message <Ping:> to Peer_27:bootstrap
Peer_14:peer INFO 7000: Sending message <Ping:> to Peer_18:peer
Peer_14:peer INFO 7000: Sending message <Ping:> to Peer_25:peer
Peer_14:peer INFO 7000: Sending message <Ping:> to Peer_16:peer
Peer_14:peer INFO 7000.516328993027: Received message <Ping:> from Peer_18:peer
Peer_14:peer INFO 7000.516328993027: Sending message <Pong:> to Peer_18:peer
Peer_14:peer INFO 7000.542838901355: Received message <Ping:> from Peer_27:bootstrap
Peer_14:peer INFO 7000.542838901355: Sending message <Pong:> to Peer_27:bootstrap
Peer_14:peer INFO 7000.994943782269: Received message <Pong:> from Peer_18:peer
Peer_14:peer INFO 7001.03336292759: Received message <Pong:> from Peer_27:bootstrap
Peer_14:peer INFO 7036.920203830403: Received message <Ping:> from Peer_16:peer
Peer_14:peer INFO 7036.920203830403: Sending message <Pong:> to Peer_16:peer
Peer_14:peer INFO 7038.18081028453: Received message <Ping:> from Peer_25:peer
Peer_14:peer INFO 7038.18081028453: Sending message <Pong:> to Peer_25:peer
Peer_14:peer INFO 7073.032973740646: Received message <Pong:> from Peer_25:peer
Peer_14:peer INFO 7073.908924185076: Received message <Pong:> from Peer_16:peer
Peer_14:peer INFO 8000: Sending message <Ping:> to Peer_27:bootstrap
Peer_14:peer INFO 8000: Sending message <Ping:> to Peer_18:peer
Peer_14:peer INFO 8000: Sending message <Ping:> to Peer_25:peer
Peer_14:peer INFO 8000: Sending message <Ping:> to Peer_16:peer
Peer_14:peer INFO 8000.549450375283: Received message <Ping:> from Peer_18:peer
Peer_14:peer INFO 8000.549450375283: Sending message <Pong:> to Peer_18:peer
Peer_14:peer INFO 8000.951349808529: Received message <Ping:> from Peer_27:bootstrap
Peer_14:peer INFO 8000.951349808529: Sending message <Pong:> to Peer_27:bootstrap
Peer_14:peer INFO 8000.988835154726: Received message <Pong:> from Peer_18:peer
Peer_14:peer INFO 8001.002142708339: Received message <Pong:> from Peer_27:bootstrap
Peer_14:peer INFO 8035.969321655753: Received message <Ping:> from Peer_16:peer
Peer_14:peer INFO 8035.969321655753: Sending message <Pong:> to Peer_16:peer
Peer_14:peer INFO 8037.651095332074: Received message <Ping:> from Peer_25:peer
Peer_14:peer INFO 8037.651095332074: Sending message <Pong:> to Peer_25:peer
Peer_14:peer INFO 8072.207747388701: Received message <Pong:> from Peer_25:peer
Peer_14:peer INFO 8073.014100564587: Received message <Pong:> from Peer_16:peer
Peer_14:peer INFO 9000: Sending message <Ping:> to Peer_27:bootstrap
Peer_14:peer INFO 9000: Sending message <Ping:> to Peer_18:peer
Peer_14:peer INFO 9000: Sending message <Ping:> to Peer_25:peer
Peer_14:peer INFO 9000: Sending message <Ping:> to Peer_16:peer
Peer_14:peer INFO 9000.476688059793: Received message <Ping:> from Peer_18:peer
Peer_14:peer INFO 9000.476688059793: Sending message <Pong:> to Peer_18:peer
Peer_14:peer INFO 9000.482101996704: Received message <Ping:> from Peer_27:bootstrap
Peer_14:peer INFO 9000.482101996704: Sending message <Pong:> to Peer_27:bootstrap
Peer_14:peer INFO 9001.018335568084: Received message <Pong:> from Peer_18:peer
Peer_14:peer INFO 9001.058777518363: Received message <Pong:> from Peer_27:bootstrap
Peer_14:peer INFO 9036.390649571682: Received message <Ping:> from Peer_16:peer
Peer_14:peer INFO 9036.390649571682: Sending message <Pong:> to Peer_16:peer
Peer_14:peer INFO 9036.946870053322: Received message <Ping:> from Peer_25:peer
Peer_14:peer INFO 9036.946870053322: Sending message <Pong:> to Peer_25:peer
Peer_14:peer INFO 9073.854898832664: Received message <Pong:> from Peer_16:peer
Peer_14:peer INFO 9074.376724305463: Received message <Pong:> from Peer_25:peer
Peer_14:peer INFO 10000: Sending message <Ping:> to Peer_27:bootstrap
Peer_14:peer INFO 10000: Sending message <Ping:> to Peer_18:peer
Peer_14:peer INFO 10000: Sending message <Ping:> to Peer_25:peer
Peer_14:peer INFO 10000: Sending message <Ping:> to Peer_16:peer
Peer_14:peer INFO 10000.479964289496: Received message <Ping:> from Peer_27:bootstrap
Peer_14:peer INFO 10000.479964289496: Sending message <Pong:> to Peer_27:bootstrap
Peer_14:peer INFO 10000.5183609012: Received message <Ping:> from Peer_18:peer
Peer_14:peer INFO 10000.5183609012: Sending message <Pong:> to Peer_18:peer
Peer_14:peer INFO 10000.967529210715: Received message <Pong:> from Peer_27:bootstrap
Peer_14:peer INFO 10001.006013979339: Received message <Pong:> from Peer_18:peer
Peer_14:peer INFO 10035.903026677137: Received message <Ping:> from Peer_16:peer
Peer_14:peer INFO 10035.903026677137: Sending message <Pong:> to Peer_16:peer
Peer_14:peer INFO 10036.660328123688: Received message <Ping:> from Peer_25:peer
Peer_14:peer INFO 10036.660328123688: Sending message <Pong:> to Peer_25:peer
Peer_14:peer INFO 10073.619214069307: Received message <Pong:> from Peer_25:peer
Peer_14:peer INFO 10074.317799025506: Received message <Pong:> from Peer_16:peer
Peer_14:peer INFO 11000: Sending message <Ping:> to Peer_27:bootstrap
Peer_14:peer INFO 11000: Sending message <Ping:> to Peer_18:peer
Peer_14:peer INFO 11000: Sending message <Ping:> to Peer_25:peer
Peer_14:peer INFO 11000: Sending message <Ping:> to Peer_16:peer
Peer_14:peer INFO 11000.489493842268: Received message <Ping:> from Peer_27:bootstrap
Peer_14:peer INFO 11000.489493842268: Sending message <Pong:> to Peer_27:bootstrap
Peer_14:peer INFO 11000.505556907878: Received message <Ping:> from Peer_18:peer
Peer_14:peer INFO 11000.505556907878: Sending message <Pong:> to Peer_18:peer
Peer_14:peer INFO 11000.986449447573: Received message <Pong:> from Peer_18:peer
Peer_14:peer INFO 11001.031146831432: Received message <Pong:> from Peer_27:bootstrap
Peer_14:peer INFO 11036.568662149763: Received message <Ping:> from Peer_16:peer
Peer_14:peer INFO 11036.568662149763: Sending message <Pong:> to Peer_16:peer
Peer_14:peer INFO 11037.624061796378: Received message <Ping:> from Peer_25:peer
Peer_14:peer INFO 11037.624061796378: Sending message <Pong:> to Peer_25:peer
Peer_14:peer INFO 11073.765004286315: Received message <Pong:> from Peer_25:peer
Peer_14:peer INFO 11074.304324680428: Received message <Pong:> from Peer_16:peer
Peer_14:peer INFO 12000: Sending message <Ping:> to Peer_27:bootstrap
Peer_14:peer INFO 12000: Sending message <Ping:> to Peer_18:peer
Peer_14:peer INFO 12000: Sending message <Ping:> to Peer_25:peer
Peer_14:peer INFO 12000: Sending message <Ping:> to Peer_16:peer
Peer_14:peer INFO 12000.467560054829: Received message <Ping:> from Peer_18:peer
Peer_14:peer INFO 12000.467560054829: Sending message <Pong:> to Peer_18:peer
Peer_14:peer INFO 12000.499634744803: Received message <Ping:> from Peer_27:bootstrap
Peer_14:peer INFO 12000.499634744803: Sending message <Pong:> to Peer_27:bootstrap
Peer_14:peer INFO 12000.959320134352: Received message <Pong:> from Peer_27:bootstrap
Peer_14:peer INFO 12001.062752893351: Received message <Pong:> from Peer_18:peer
Peer_14:peer INFO 12037.57175243595: Received message <Ping:> from Peer_25:peer
Peer_14:peer INFO 12037.57175243595: Sending message <Pong:> to Peer_25:peer
Peer_14:peer INFO 12037.889654688586: Received message <Ping:> from Peer_16:peer
Peer_14:peer INFO 12037.889654688586: Sending message <Pong:> to Peer_16:peer
Peer_14:peer INFO 12072.537002674524: Received message <Pong:> from Peer_25:peer
Peer_14:peer INFO 12076.014649036271: Received message <Pong:> from Peer_16:peer
Peer_14:peer INFO 13000: Sending message <Ping:> to Peer_27:bootstrap
Peer_14:peer INFO 13000: Sending message <Ping:> to Peer_18:peer
Peer_14:peer INFO 13000: Sending message <Ping:> to Peer_25:peer
Peer_14:peer INFO 13000: Sending message <Ping:> to Peer_16:peer
Peer_14:peer INFO 13000.486951162777: Received message <Ping:> from Peer_27:bootstrap
Peer_14:peer INFO 13000.486951162777: Sending message <Pong:> to Peer_27:bootstrap
Peer_14:peer INFO 13000.489986596405: Received message <Ping:> from Peer_18:peer
Peer_14:peer INFO 13000.489986596405: Sending message <Pong:> to Peer_18:peer
Peer_14:peer INFO 13000.941869004871: Received message <Pong:> from Peer_18:peer
Peer_14:peer INFO 13001.106329843478: Received message <Pong:> from Peer_27:bootstrap
Peer_14:peer INFO 13037.03501003942: Received message <Ping:> from Peer_16:peer
Peer_14:peer INFO 13037.03501003942: Sending message <Pong:> to Peer_16:peer
Peer_14:peer INFO 13037.111425571316: Received message <Ping:> from Peer_25:peer
Peer_14:peer INFO 13037.111425571316: Sending message <Pong:> to Peer_25:peer
Peer_14:peer INFO 13072.575585245417: Received message <Pong:> from Peer_16:peer
Peer_14:peer INFO 13072.934268439116: Received message <Pong:> from Peer_25:peer
Peer_14:peer INFO 14000: Sending message <Ping:> to Peer_27:bootstrap
Peer_14:peer INFO 14000: Sending message <Ping:> to Peer_18:peer
Peer_14:peer INFO 14000: Sending message <Ping:> to Peer_25:peer
Peer_14:peer INFO 14000: Sending message <Ping:> to Peer_16:peer
Peer_14:peer INFO 14000.477219539669: Received message <Ping:> from Peer_27:bootstrap
Peer_14:peer INFO 14000.477219539669: Sending message <Pong:> to Peer_27:bootstrap
Peer_14:peer INFO 14000.5356882206: Received message <Ping:> from Peer_18:peer
Peer_14:peer INFO 14000.5356882206: Sending message <Pong:> to Peer_18:peer
Peer_14:peer INFO 14001.106014043518: Received message <Pong:> from Peer_27:bootstrap
Peer_14:peer INFO 14001.117782828464: Received message <Pong:> from Peer_18:peer
Peer_14:peer INFO 14036.063951023292: Received message <Ping:> from Peer_16:peer
Peer_14:peer INFO 14036.063951023292: Sending message <Pong:> to Peer_16:peer
Peer_14:peer INFO 14036.473818488099: Received message <Ping:> from Peer_25:peer
Peer_14:peer INFO 14036.473818488099: Sending message <Pong:> to Peer_25:peer
Peer_14:peer INFO 14074.016695965289: Received message <Pong:> from Peer_16:peer
Peer_14:peer INFO 14075.423413906856: Received message <Pong:> from Peer_25:peer
