Peer_16:peer WARNING 0: Not enough peers, fetching more (0, 4)
Peer_16:peer INFO 35.32768069596145: Connecting to Peer_27:bootstrap
Peer_16:peer INFO 70.884646538392: Received message <Hello:> from Peer_27:bootstrap
Peer_16:peer INFO 72.8751428515504: Received message <RequestPeers:> from Peer_27:bootstrap
Peer_16:peer INFO 72.8751428515504: Sending message <PeerList> to Peer_27:bootstrap
Peer_16:peer WARNING 500: Not enough peers, fetching more (1, 4)
Peer_16:peer INFO 500: Sending message <RequestPeers:> to Peer_27:bootstrap
Peer_16:peer INFO 574.0002615226747: Received message <PeerList> from Peer_27:bootstrap
Peer_16:peer WARNING 1000: Not enough peers, fetching more (1, 4)
Peer_16:peer INFO 1000: Sending message <RequestPeers:> to Peer_27:bootstrap
Peer_16:peer INFO 1073.9088373794336: Received message <PeerList> from Peer_27:bootstrap
Peer_16:peer INFO 1078.042154211617: Connecting to Peer_26:client
Peer_16:peer INFO 1156.0026747263926: Received message <Hello:> from Peer_26:client
Peer_16:peer INFO 1156.055808564603: Received message <RequestPeers:> from Peer_26:client
Peer_16:peer INFO 1156.055808564603: Sending message <PeerList> to Peer_26:client
Peer_16:peer WARNING 1500: Not enough peers, fetching more (2, 4)
Peer_16:peer INFO 1500: Sending message <RequestPeers:> to Peer_26:client
Peer_16:peer INFO 1500: Sending message <RequestPeers:> to Peer_27:bootstrap
Peer_16:peer INFO 1500.4304212043523: Connecting to Peer_23:peer
Peer_16:peer INFO 1500.6809942914451: Received message <RequestPeers:> from Peer_23:peer
Peer_16:peer INFO 1500.6809942914451: Sending message <PeerList> to Peer_23:peer
Peer_16:peer INFO 1500.7862729378755: Received message <Hello:> from Peer_23:peer
Peer_16:peer INFO 1574.5306631633043: Received message <PeerList> from Peer_27:bootstrap
Peer_16:peer INFO 1656.0039182680607: Received message <PeerList> from Peer_26:client
Peer_16:peer WARNING 2000: Not enough peers, fetching more (3, 4)
Peer_16:peer INFO 2036.9526653561206: Connecting to Peer_18:peer
Peer_16:peer INFO 2073.662435333197: Received message <Hello:> from Peer_18:peer
Peer_16:peer INFO 2074.888197179053: Received message <RequestPeers:> from Peer_18:peer
Peer_16:peer INFO 2074.888197179053: Sending message <PeerList> to Peer_18:peer
Peer_16:peer INFO 2500: Sending message <Ping:> to Peer_27:bootstrap
Peer_16:peer INFO 2500: Sending message <Ping:> to Peer_26:client
Peer_16:peer INFO 2500: Sending message <Ping:> to Peer_23:peer
Peer_16:peer INFO 2500.311407734127: Received message <Ping:> from Peer_23:peer
Peer_16:peer INFO 2500.311407734127: Sending message <Pong:> to Peer_23:peer
Peer_16:peer INFO 2500.529644670208: Received message <Pong:> from Peer_23:peer
Peer_16:peer INFO 2537.4347992715607: Received message <Ping:> from Peer_27:bootstrap
Peer_16:peer INFO 2537.4347992715607: Sending message <Pong:> to Peer_27:bootstrap
Peer_16:peer INFO 2572.722795138455: Received message <Pong:> from Peer_27:bootstrap
Peer_16:peer INFO 2578.0169543191637: Received message <Ping:> from Peer_26:client
Peer_16:peer INFO 2578.0169543191637: Sending message <Pong:> to Peer_26:client
Peer_16:peer INFO 2655.9515791292047: Received message <Pong:> from Peer_26:client
Peer_16:peer INFO 3000: Sending message <Ping:> to Peer_18:peer
Peer_16:peer INFO 3036.1679905015694: Received message <Ping:> from Peer_18:peer
Peer_16:peer INFO 3036.1679905015694: Sending message <Pong:> to Peer_18:peer
Peer_16:peer INFO 3073.2026265033264: Received message <Pong:> from Peer_18:peer
Peer_16:peer INFO 3500: Sending message <Ping:> to Peer_27:bootstrap
Peer_16:peer INFO 3500: Sending message <Ping:> to Peer_26:client
Peer_16:peer INFO 3500: Sending message <Ping:> to Peer_23:peer
Peer_16:peer INFO 3500.306838668369: Received message <Ping:> from Peer_23:peer
Peer_16:peer INFO 3500.306838668369: Sending message <Pong:> to Peer_23:peer
Peer_16:peer INFO 3500.4898641525238: Received message <Pong:> from Peer_23:peer
Peer_16:peer INFO 3536.6009265089297: Received message <Ping:> from Peer_27:bootstrap
Peer_16:peer INFO 3536.6009265089297: Sending message <Pong:> to Peer_27:bootstrap
Peer_16:peer INFO 3573.3134774617424: Received message <Pong:> from Peer_27:bootstrap
Peer_16:peer INFO 3577.8633890938145: Received message <Ping:> from Peer_26:client
Peer_16:peer INFO 3577.8633890938145: Sending message <Pong:> to Peer_26:client
Peer_16:peer INFO 3656.0540541548116: Received message <Pong:> from Peer_26:client
Peer_16:peer INFO 4000: Sending message <Ping:> to Peer_18:peer
Peer_16:peer INFO 4037.276410745681: Received message <Ping:> from Peer_18:peer
Peer_16:peer INFO 4037.276410745681: Sending message <Pong:> to Peer_18:peer
Peer_16:peer INFO 4073.930418430256: Received message <Pong:> from Peer_18:peer
Peer_16:peer INFO 4500: Sending message <Ping:> to Peer_27:bootstrap
Peer_16:peer INFO 4500: Sending message <Ping:> to Peer_26:client
Peer_16:peer INFO 4500: Sending message <Ping:> to Peer_23:peer
Peer_16:peer WARNING 4500: Breaking connection with Peer_26:client
Peer_16:peer INFO 4500.252930824451: Received message <Ping:> from Peer_23:peer
Peer_16:peer INFO 4500.252930824451: Sending message <Pong:> to Peer_23:peer
Peer_16:peer INFO 4500.613353477632: Received message <Pong:> from Peer_23:peer
Peer_16:peer INFO 4536.567845370965: Received message <Ping:> from Peer_27:bootstrap
Peer_16:peer INFO 4536.567845370965: Sending message <Pong:> to Peer_27:bootstrap
Peer_16:peer INFO 4572.484871628256: Received message <Pong:> from Peer_27:bootstrap
Peer_16:peer WARNING 5000: Not enough peers, fetching more (3, 4)
Peer_16:peer INFO 5000: Sending message <Ping:> to Peer_18:peer
Peer_16:peer INFO 5035.223779313648: Connecting to Peer_14:peer
Peer_16:peer INFO 5037.649578961365: Received message <Ping:> from Peer_18:peer
Peer_16:peer INFO 5037.649578961365: Sending message <Pong:> to Peer_18:peer
Peer_16:peer INFO 5071.942410179078: Received message <RequestPeers:> from Peer_14:peer
Peer_16:peer INFO 5071.942410179078: Sending message <PeerList> to Peer_14:peer
Peer_16:peer INFO 5072.0570121588735: Received message <Hello:> from Peer_14:peer
Peer_16:peer INFO 5074.083608277877: Received message <Pong:> from Peer_18:peer
Peer_16:peer INFO 5500: Sending message <Ping:> to Peer_27:bootstrap
Peer_16:peer INFO 5500: Sending message <Ping:> to Peer_23:peer
Peer_16:peer INFO 5500.327139491016: Received message <Ping:> from Peer_23:peer
Peer_16:peer INFO 5500.327139491016: Sending message <Pong:> to Peer_23:peer
Peer_16:peer INFO 5500.456058472347: Received message <Pong:> from Peer_23:peer
Peer_16:peer INFO 5536.458694085409: Received message <Ping:> from Peer_27:bootstrap
Peer_16:peer INFO 5536.458694085409: Sending message <Pong:> to Peer_27:bootstrap
Peer_16:peer INFO 5573.719890475124: Received message <Pong:> from Peer_27:bootstrap
Peer_16:peer INFO 6000: Sending message <Ping:> to Peer_18:peer
Peer_16:peer INFO 6000: Sending message <Ping:> to Peer_14:peer
Peer_16:peer INFO 6035.7538631535535: Received message <Ping:> from Peer_18:peer
Peer_16:peer INFO 6035.7538631535535: Sending message <Pong:> to Peer_18:peer
Peer_16:peer INFO 6037.700570215949: Received message <Ping:> from Peer_14:peer
Peer_16:peer INFO 6037.700570215949: Sending message <Pong:> to Peer_14:peer
Peer_16:peer INFO 6072.074476012822: Received message <Pong:> from Peer_18:peer
Peer_16:peer INFO 6073.133863766584: Received message <Pong:> from Peer_14:peer
Peer_16:peer INFO 6500: Sending message <Ping:> to Peer_27:bootstrap
Peer_16:peer INFO 6500: Sending message <Ping:> to Peer_23:peer
Peer_16:peer INFO 6500.2084706951055: Received message <Ping:> from Peer_23:peer
Peer_16:peer INFO 6500.2084706951055: Sending message <Pong:> to Peer_23:peer
Peer_16:peer INFO 6500.5388834841915: Received message <Pong:> from Peer_23:peer
Peer_16:peer INFO 6536.809975548363: Received message <Ping:> from Peer_27:bootstrap
Peer_16:peer INFO 6536.809975548363: Sending message <Pong:> to Peer_27:bootstrap
Peer_16:peer INFO 6574.585392460436: Received message <Pong:> from Peer_27:bootstrap
Peer_16:peer INFO 7000: Sending message <Ping:> to Peer_18:peer
Peer_16:peer INFO 7000: Sending message <Ping:> to Peer_14:peer
Peer_16:peer INFO 7036.3114859408415: Received message <Ping:> from Peer_14:peer
Peer_16:peer INFO 7036.3114859408415: Sending message <Pong:> to Peer_14:peer
Peer_16:peer INFO 7037.001816648441: Received message <Ping:> from Peer_18:peer
Peer_16:peer INFO 7037.001816648441: Sending message <Pong:> to Peer_18:peer
Peer_16:peer INFO 7073.56383691146: Received message <Pong:> from Peer_14:peer
Peer_16:peer INFO 7074.787242050474: Received message <Pong:> from Peer_18:peer
Peer_16:peer INFO 7500: Sending message <Ping:> to Peer_27:bootstrap
Peer_16:peer INFO 7500: Sending message <Ping:> to Peer_23:peer
Peer_16:peer INFO 7500.242629022246: Received message <Ping:> from Peer_23:peer
Peer_16:peer INFO 7500.242629022246: Sending message <Pong:> to Peer_23:peer
Peer_16:peer INFO 7500.664720500129: Received message <Pong:> from Peer_23:peer
Peer_16:peer INFO 7536.211991013494: Received message <Ping:> from Peer_27:bootstrap
Peer_16:peer INFO 7536.211991013494: Sending message <Pong:> to Peer_27:bootstrap
Peer_16:peer INFO 7574.1113328065685: Received message <Pong:> from Peer_27:bootstrap
Peer_16:peer INFO 8000: Sending message <Ping:> to Peer_18:peer
Peer_16:peer INFO 8000: Sending message <Ping:> to Peer_14:peer
Peer_16:peer INFO 8035.991521211042: Received message <Ping:> from Peer_14:peer
Peer_16:peer INFO 8035.991521211042: Sending message <Pong:> to Peer_14:peer
Peer_16:peer INFO 8036.809869779186: Received message <Ping:> from Peer_18:peer
Peer_16:peer INFO 8036.809869779186: Sending message <Pong:> to Peer_18:peer
Peer_16:peer INFO 8073.37598124987: Received message <Pong:> from Peer_14:peer
Peer_16:peer INFO 8074.066920081427: Received message <Pong:> from Peer_18:peer
Peer_16:peer INFO 8500: Sending message <Ping:> to Peer_27:bootstrap
Peer_16:peer INFO 8500: Sending message <Ping:> to Peer_23:peer
Peer_16:peer INFO 8500.219732158523: Received message <Ping:> from Peer_23:peer
Peer_16:peer INFO 8500.219732158523: Sending message <Pong:> to Peer_23:peer
Peer_16:peer INFO 8500.44957232086: Received message <Pong:> from Peer_23:peer
Peer_16:peer INFO 8537.88443022154: Received message <Ping:> from Peer_27:bootstrap
Peer_16:peer INFO 8537.88443022154: Sending message <Pong:> to Peer_27:bootstrap
Peer_16:peer INFO 8572.623801000675: Received message <Pong:> from Peer_27:bootstrap
Peer_16:peer INFO 9000: Sending message <Ping:> to Peer_18:peer
Peer_16:peer INFO 9000: Sending message <Ping:> to Peer_14:peer
Peer_16:peer INFO 9036.948857165267: Received message <Ping:> from Peer_18:peer
Peer_16:peer INFO 9036.948857165267: Sending message <Pong:> to Peer_18:peer
Peer_16:peer INFO 9037.084036874292: Received message <Ping:> from Peer_14:peer
Peer_16:peer INFO 9037.084036874292: Sending message <Pong:> to Peer_14:peer
Peer_16:peer INFO 9074.105069256075: Received message <Pong:> from Peer_14:peer
Peer_16:peer INFO 9074.42809049734: Received message <Pong:> from Peer_18:peer
Peer_16:peer INFO 9500: Sending message <Ping:> to Peer_27:bootstrap
Peer_16:peer INFO 9500: Sending message <Ping:> to Peer_23:peer
Peer_16:peer INFO 9500.319280238407: Received message <Ping:> from Peer_23:peer
Peer_16:peer INFO 9500.319280238407: Sending message <Pong:> to Peer_23:peer
Peer_16:peer INFO 9500.534042900985: Received message <Pong:> from Peer_23:peer
Peer_16:peer INFO 9536.842169184158: Received message <Ping:> from Peer_27:bootstrap
Peer_16:peer INFO 9536.842169184158: Sending message <Pong:> to Peer_27:bootstrap
Peer_16:peer INFO 9574.09496689395: Received message <Pong:> from Peer_27:bootstrap
Peer_16:peer INFO 10000: Sending message <Ping:> to Peer_18:peer
Peer_16:peer INFO 10000: Sending message <Ping:> to Peer_14:peer
Peer_16:peer INFO 10037.179819922803: Received message <Ping:> from Peer_18:peer
Peer_16:peer INFO 10037.179819922803: Sending message <Pong:> to Peer_18:peer
Peer_16:peer INFO 10037.465443529682: Received message <Ping:> from Peer_14:peer
Peer_16:peer INFO 10037.465443529682: Sending message <Pong:> to Peer_14:peer
Peer_16:peer INFO 10074.584394863326: Received message <Pong:> from Peer_14:peer
Peer_16:peer INFO 10075.200743023468: Received message <Pong:> from Peer_18:peer
Peer_16:peer INFO 10500: Sending message <Ping:> to Peer_27:bootstrap
Peer_16:peer INFO 10500: Sending message <Ping:> to Peer_23:peer
Peer_16:peer INFO 10500.345590717101: Received message <Ping:> from Peer_23:peer
Peer_16:peer INFO 10500.345590717101: Sending message <Pong:> to Peer_23:peer
Peer_16:peer INFO 10500.49979563181: Received message <Pong:> from Peer_23:peer
Peer_16:peer INFO 10537.578357684053: Received message <Ping:> from Peer_27:bootstrap
Peer_16:peer INFO 10537.578357684053: Sending message <Pong:> to Peer_27:bootstrap
Peer_16:peer INFO 10573.12022426441: Received message <Pong:> from Peer_27:bootstrap
Peer_16:peer INFO 11000: Sending message <Ping:> to Peer_18:peer
Peer_16:peer INFO 11000: Sending message <Ping:> to Peer_14:peer
Peer_16:peer INFO 11036.109186700429: Received message <Ping:> from Peer_18:peer
Peer_16:peer INFO 11036.109186700429: Sending message <Pong:> to Peer_18:peer
Peer_16:peer INFO 11037.524438113789: Received message <Ping:> from Peer_14:peer
Peer_16:peer INFO 11037.524438113789: Sending message <Pong:> to Peer_14:peer
Peer_16:peer INFO 11074.21279721536: Received message <Pong:> from Peer_18:peer
Peer_16:peer INFO 11074.611834482399: Received message <Pong:> from Peer_14:peer
Peer_16:peer INFO 11500: Sending message <Ping:> to Peer_27:bootstrap
Peer_16:peer INFO 11500: Sending message <Ping:> to Peer_23:peer
Peer_16:peer INFO 11500.289087927187: Received message <Ping:> from Peer_23:peer
Peer_16:peer INFO 11500.289087927187: Sending message <Pong:> to Peer_23:peer
Peer_16:peer INFO 11500.578453381024: Received message <Pong:> from Peer_23:peer
Peer_16:peer INFO 11537.252259887966: Received message <Ping:> from Peer_27:bootstrap
Peer_16:peer INFO 11537.252259887966: Sending message <Pong:> to Peer_27:bootstrap
Peer_16:peer INFO 11573.01199570281: Received message <Pong:> from Peer_27:bootstrap
Peer_16:peer INFO 12000: Sending message <Ping:> to Peer_18:peer
Peer_16:peer INFO 12000: Sending message <Ping:> to Peer_14:peer
Peer_16:peer INFO 12036.62629949492: Received message <Ping:> from Peer_18:peer
Peer_16:peer INFO 12036.62629949492: Sending message <Pong:> to Peer_18:peer
Peer_16:peer INFO 12038.653469699053: Received message <Ping:> from Peer_14:peer
Peer_16:peer INFO 12038.653469699053: Sending message <Pong:> to Peer_14:peer
Peer_16:peer INFO 12074.247516773916: Received message <Pong:> from Peer_14:peer
Peer_16:peer INFO 12075.281238899692: Received message <Pong:> from Peer_18:peer
Peer_16:peer INFO 12500: Sending message <Ping:> to Peer_27:bootstrap
Peer_16:peer INFO 12500: Sending message <Ping:> to Peer_23:peer
Peer_16:peer INFO 12500.233533163648: Received message <Ping:> from Peer_23:peer
Peer_16:peer INFO 12500.233533163648: Sending message <Pong:> to Peer_23:peer
Peer_16:peer INFO 12500.519037314694: Received message <Pong:> from Peer_23:peer
Peer_16:peer INFO 12537.221964101076: Received message <Ping:> from Peer_27:bootstrap
Peer_16:peer INFO 12537.221964101076: Sending message <Pong:> to Peer_27:bootstrap
Peer_16:peer INFO 12573.697563327598: Received message <Pong:> from Peer_27:bootstrap
Peer_16:peer INFO 13000: Sending message <Ping:> to Peer_18:peer
Peer_16:peer INFO 13000: Sending message <Ping:> to Peer_14:peer
Peer_16:peer INFO 13036.954720915817: Received message <Ping:> from Peer_14:peer
Peer_16:peer INFO 13036.954720915817: Sending message <Pong:> to Peer_14:peer
Peer_16:peer INFO 13037.323399384393: Received message <Ping:> from Peer_18:peer
Peer_16:peer INFO 13037.323399384393: Sending message <Pong:> to Peer_18:peer
Peer_16:peer INFO 13073.784207066676: Received message <Pong:> from Peer_14:peer
Peer_16:peer INFO 13074.291867491364: Received message <Pong:> from Peer_18:peer
Peer_16:peer INFO 13500: Sending message <Ping:> to Peer_27:bootstrap
Peer_16:peer INFO 13500: Sending message <Ping:> to Peer_23:peer
Peer_16:peer INFO 13500.304457029617: Received message <Ping:> from Peer_23:peer
Peer_16:peer INFO 13500.304457029617: Sending message <Pong:> to Peer_23:peer
Peer_16:peer INFO 13500.510709227983: Received message <Pong:> from Peer_23:peer
Peer_16:peer INFO 13536.100037721124: Received message <Ping:> from Peer_27:bootstrap
Peer_16:peer INFO 13536.100037721124: Sending message <Pong:> to Peer_27:bootstrap
Peer_16:peer INFO 13572.901176325315: Received message <Pong:> from Peer_27:bootstrap
Peer_16:peer INFO 14000: Sending message <Ping:> to Peer_18:peer
Peer_16:peer INFO 14000: Sending message <Ping:> to Peer_14:peer
Peer_16:peer INFO 14037.080297064285: Received message <Ping:> from Peer_18:peer
Peer_16:peer INFO 14037.080297064285: Sending message <Pong:> to Peer_18:peer
Peer_16:peer INFO 14037.290615887026: Received message <Ping:> from Peer_14:peer
Peer_16:peer INFO 14037.290615887026: Sending message <Pong:> to Peer_14:peer
Peer_16:peer INFO 14072.310586606545: Received message <Pong:> from Peer_14:peer
Peer_16:peer INFO 14074.68377409998: Received message <Pong:> from Peer_18:peer
Peer_16:peer INFO 14500: Sending message <Ping:> to Peer_27:bootstrap
Peer_16:peer INFO 14500: Sending message <Ping:> to Peer_23:peer
Peer_16:peer INFO 14500.287289802096: Received message <Ping:> from Peer_23:peer
Peer_16:peer INFO 14500.287289802096: Sending message <Pong:> to Peer_23:peer
Peer_16:peer INFO 14500.52679749688: Received message <Pong:> from Peer_23:peer
Peer_16:peer INFO 14536.449052219723: Received message <Ping:> from Peer_27:bootstrap
Peer_16:peer INFO 14536.449052219723: Sending message <Pong:> to Peer_27:bootstrap
Peer_16:peer INFO 14574.530198019671: Received message <Pong:> from Peer_27:bootstrap
