Peer_2:basic WARNING 0: Not enough peers, fetching more (0, 4)
Peer_2:basic INFO 1.2502347677107704: Connecting to Peer_11:bootstrap
Peer_2:basic INFO 2.227206510675611: Received message <Hello:> from Peer_11:bootstrap
Peer_2:basic INFO 2.6975165082503048: Received message <RequestPeers:> from Peer_11:bootstrap
Peer_2:basic INFO 2.6975165082503048: Sending message <PeerList> to Peer_11:bootstrap
Peer_2:basic WARNING 500: Not enough peers, fetching more (1, 4)
Peer_2:basic INFO 500: Sending message <RequestPeers:> to Peer_11:bootstrap
Peer_2:basic INFO 501.97325285834637: Received message <PeerList> from Peer_11:bootstrap
Peer_2:basic WARNING 1000: Not enough peers, fetching more (1, 4)
Peer_2:basic INFO 1000: Sending message <RequestPeers:> to Peer_11:bootstrap
Peer_2:basic INFO 1000.908510412452: Received message <RequestPeers:> from Peer_11:bootstrap
Peer_2:basic INFO 1000.908510412452: Sending message <PeerList> to Peer_11:bootstrap
Peer_2:basic INFO 1001.3623350317969: Connecting to Peer_7:basic
Peer_2:basic INFO 1001.9608072863499: Received message <RequestPeers:> from Peer_7:basic
Peer_2:basic INFO 1001.9608072863499: Sending message <PeerList> to Peer_7:basic
Peer_2:basic INFO 1002.0790808841756: Received message <PeerList> from Peer_11:bootstrap
Peer_2:basic INFO 1002.7265204314979: Received message <Hello:> from Peer_7:basic
Peer_2:basic INFO 1007.4156159164462: Received message <Hello:> from Peer_5:basic
Peer_2:basic INFO 1007.4156159164462: Connecting to Peer_5:basic
Peer_2:basic INFO 1007.4156159164462: Sending message <Hello:> to Peer_5:basic
Peer_2:basic INFO 1007.4156159164462: Sending message <RequestPeers:> to Peer_5:basic
Peer_2:basic INFO 1018.8109847723438: Received message <PeerList> from Peer_5:basic
Peer_2:basic WARNING 1500: Not enough peers, fetching more (3, 4)
Peer_2:basic INFO 1507.4572111769028: Connecting to Peer_4:basic
Peer_2:basic INFO 1512.2278218996566: Received message <Hello:> from Peer_4:basic
Peer_2:basic INFO 1513.5105156190216: Received message <RequestPeers:> from Peer_4:basic
Peer_2:basic INFO 1513.5105156190216: Sending message <PeerList> to Peer_4:basic
Peer_2:basic INFO 2000: Sending message <Ping:> to Peer_11:bootstrap
Peer_2:basic INFO 2000: Sending message <Ping:> to Peer_7:basic
Peer_2:basic INFO 2000: Sending message <Ping:> to Peer_5:basic
Peer_2:basic INFO 2000.4928300661531: Received message <Ping:> from Peer_11:bootstrap
Peer_2:basic INFO 2000.4928300661531: Sending message <Pong:> to Peer_11:bootstrap
Peer_2:basic INFO 2001.3855384196354: Received message <Ping:> from Peer_7:basic
Peer_2:basic INFO 2001.3855384196354: Sending message <Pong:> to Peer_7:basic
Peer_2:basic INFO 2001.7717694866822: Received message <Pong:> from Peer_7:basic
Peer_2:basic INFO 2001.7743408650613: Received message <Pong:> from Peer_11:bootstrap
Peer_2:basic INFO 2005.9948701257777: Received message <Ping:> from Peer_5:basic
Peer_2:basic INFO 2005.9948701257777: Sending message <Pong:> to Peer_5:basic
Peer_2:basic INFO 2006.4935023930796: Received message <Hello:> from Peer_1:basic
Peer_2:basic INFO 2006.4935023930796: Connecting to Peer_1:basic
Peer_2:basic INFO 2006.4935023930796: Sending message <Hello:> to Peer_1:basic
Peer_2:basic INFO 2006.4935023930796: Sending message <RequestPeers:> to Peer_1:basic
Peer_2:basic INFO 2013.188590773203: Received message <Pong:> from Peer_5:basic
Peer_2:basic INFO 2019.9652554322788: Received message <PeerList> from Peer_1:basic
Peer_2:basic INFO 2500: Sending message <Ping:> to Peer_4:basic
Peer_2:basic INFO 2507.0469164196484: Received message <Ping:> from Peer_4:basic
Peer_2:basic INFO 2507.0469164196484: Sending message <Pong:> to Peer_4:basic
Peer_2:basic INFO 2512.4568639619456: Received message <Pong:> from Peer_4:basic
Peer_2:basic INFO 3000: Sending message <Ping:> to Peer_11:bootstrap
Peer_2:basic INFO 3000: Sending message <Ping:> to Peer_7:basic
Peer_2:basic INFO 3000: Sending message <Ping:> to Peer_5:basic
Peer_2:basic INFO 3000: Sending message <Ping:> to Peer_1:basic
Peer_2:basic INFO 3000.9043559556867: Received message <RequestPeers:> from Peer_11:bootstrap
Peer_2:basic INFO 3000.9043559556867: Sending message <PeerList> to Peer_11:bootstrap
Peer_2:basic INFO 3001.039087089863: Received message <Ping:> from Peer_11:bootstrap
Peer_2:basic INFO 3001.039087089863: Sending message <Pong:> to Peer_11:bootstrap
Peer_2:basic INFO 3001.1019237159567: Received message <Ping:> from Peer_7:basic
Peer_2:basic INFO 3001.1019237159567: Sending message <Pong:> to Peer_7:basic
Peer_2:basic INFO 3001.584922950009: Received message <Pong:> from Peer_11:bootstrap
Peer_2:basic INFO 3002.435632360809: Received message <Pong:> from Peer_7:basic
Peer_2:basic INFO 3006.6587171294386: Received message <Ping:> from Peer_5:basic
Peer_2:basic INFO 3006.6587171294386: Sending message <Pong:> to Peer_5:basic
Peer_2:basic INFO 3007.197171290226: Received message <Ping:> from Peer_1:basic
Peer_2:basic INFO 3007.197171290226: Sending message <Pong:> to Peer_1:basic
Peer_2:basic INFO 3010.265602468992: Received message <Pong:> from Peer_5:basic
Peer_2:basic INFO 3013.533350273069: Received message <Pong:> from Peer_1:basic
Peer_2:basic INFO 3500: Sending message <Ping:> to Peer_4:basic
Peer_2:basic INFO 3501.039667964388: Received message <RequestPeers:> from Peer_11:bootstrap
Peer_2:basic INFO 3501.039667964388: Sending message <PeerList> to Peer_11:bootstrap
Peer_2:basic INFO 3505.5325552670834: Received message <Ping:> from Peer_4:basic
Peer_2:basic INFO 3505.5325552670834: Sending message <Pong:> to Peer_4:basic
Peer_2:basic INFO 3510.7211483958445: Received message <Pong:> from Peer_4:basic
Peer_2:basic INFO 4000: Sending message <Ping:> to Peer_7:basic
Peer_2:basic INFO 4000: Sending message <Ping:> to Peer_5:basic
Peer_2:basic INFO 4000: Sending message <Ping:> to Peer_1:basic
Peer_2:basic INFO 4001.050358594238: Received message <Ping:> from Peer_7:basic
Peer_2:basic INFO 4001.050358594238: Sending message <Pong:> to Peer_7:basic
Peer_2:basic INFO 4001.737115379715: Received message <Pong:> from Peer_7:basic
Peer_2:basic INFO 4004.657113209587: Received message <Ping:> from Peer_1:basic
Peer_2:basic INFO 4004.657113209587: Sending message <Pong:> to Peer_1:basic
Peer_2:basic INFO 4005.468964418649: Received message <Ping:> from Peer_5:basic
Peer_2:basic INFO 4005.468964418649: Sending message <Pong:> to Peer_5:basic
Peer_2:basic INFO 4010.7623241732435: Received message <Pong:> from Peer_1:basic
Peer_2:basic INFO 4011.1451944207315: Received message <Pong:> from Peer_5:basic
Peer_2:basic INFO 4500: Sending message <Ping:> to Peer_11:bootstrap
Peer_2:basic INFO 4500: Sending message <Ping:> to Peer_4:basic
Peer_2:basic INFO 4500.77147350836: Received message <RequestPeers:> from Peer_11:bootstrap
Peer_2:basic INFO 4500.77147350836: Sending message <PeerList> to Peer_11:bootstrap
Peer_2:basic INFO 4501.606799267599: Received message <Ping:> from Peer_11:bootstrap
Peer_2:basic INFO 4501.606799267599: Sending message <Pong:> to Peer_11:bootstrap
Peer_2:basic INFO 4501.662260544203: Received message <Pong:> from Peer_11:bootstrap
Peer_2:basic INFO 4505.233335765953: Received message <Ping:> from Peer_4:basic
Peer_2:basic INFO 4505.233335765953: Sending message <Pong:> to Peer_4:basic
Peer_2:basic INFO 4512.851996054797: Received message <Pong:> from Peer_4:basic
