Peer_12:peer WARNING 0: Not enough peers, fetching more (0, 4)
Peer_12:peer INFO 0.5511124201713665: Connecting to Peer_27:bootstrap
Peer_12:peer INFO 1.013546372693593: Received message <Hello:> from Peer_27:bootstrap
Peer_12:peer INFO 1.0660767808938136: Received message <RequestPeers:> from Peer_27:bootstrap
Peer_12:peer INFO 1.0660767808938136: Sending message <PeerList> to Peer_27:bootstrap
Peer_12:peer WARNING 500: Not enough peers, fetching more (1, 4)
Peer_12:peer INFO 500: Sending message <RequestPeers:> to Peer_27:bootstrap
Peer_12:peer INFO 500.9956392712503: Received message <PeerList> from Peer_27:bootstrap
Peer_12:peer WARNING 1000: Not enough peers, fetching more (1, 4)
Peer_12:peer INFO 1000: Sending message <RequestPeers:> to Peer_27:bootstrap
Peer_12:peer INFO 1001.0580079707307: Received message <PeerList> from Peer_27:bootstrap
Peer_12:peer INFO 1065.4304503450833: Connecting to Peer_1:peer
Peer_12:peer INFO 1130.9166865133516: Received message <Hello:> from Peer_1:peer
Peer_12:peer INFO 1130.9635724403977: Received message <RequestPeers:> from Peer_1:peer
Peer_12:peer INFO 1130.9635724403977: Sending message <PeerList> to Peer_1:peer
Peer_12:peer WARNING 1500: Not enough peers, fetching more (2, 4)
Peer_12:peer INFO 1500: Sending message <RequestPeers:> to Peer_27:bootstrap
Peer_12:peer INFO 1500: Sending message <RequestPeers:> to Peer_1:peer
Peer_12:peer INFO 1500.951760972322: Received message <PeerList> from Peer_27:bootstrap
Peer_12:peer INFO 1565.241896450667: Connecting to Peer_6:peer
Peer_12:peer INFO 1565.5153645675264: Received message <Hello:> from Peer_6:peer
Peer_12:peer INFO 1630.5932788819186: Received message <Hello:> from Peer_6:peer
Peer_12:peer INFO 1630.7786209262554: Received message <RequestPeers:> from Peer_6:peer
Peer_12:peer INFO 1630.7786209262554: Sending message <PeerList> to Peer_6:peer
Peer_12:peer INFO 1630.8615500880433: Received message <PeerList> from Peer_1:peer
Peer_12:peer WARNING 2000: Not enough peers, fetching more (3, 4)
Peer_12:peer INFO 2000.491107743848: Connecting to Peer_17:peer
Peer_12:peer INFO 2000.547783723984: Received message <Hello:> from Peer_11:peer
Peer_12:peer INFO 2000.547783723984: Connecting to Peer_11:peer
Peer_12:peer INFO 2000.547783723984: Sending message <Hello:> to Peer_11:peer
Peer_12:peer INFO 2000.547783723984: Sending message <RequestPeers:> to Peer_11:peer
Peer_12:peer INFO 2001.0220798204984: Received message <Hello:> from Peer_17:peer
Peer_12:peer INFO 2001.060269914213: Received message <RequestPeers:> from Peer_17:peer
Peer_12:peer INFO 2001.060269914213: Sending message <PeerList> to Peer_17:peer
Peer_12:peer INFO 2001.5406025210127: Received message <PeerList> from Peer_11:peer
Peer_12:peer INFO 2500: Sending message <Ping:> to Peer_27:bootstrap
Peer_12:peer INFO 2500: Sending message <Ping:> to Peer_1:peer
Peer_12:peer INFO 2500: Sending message <Ping:> to Peer_6:peer
Peer_12:peer INFO 2500.513882566845: Received message <Ping:> from Peer_27:bootstrap
Peer_12:peer INFO 2500.513882566845: Sending message <Pong:> to Peer_27:bootstrap
Peer_12:peer INFO 2501.02928914068: Received message <Pong:> from Peer_27:bootstrap
Peer_12:peer INFO 2565.3376510616886: Received message <Ping:> from Peer_1:peer
Peer_12:peer INFO 2565.3376510616886: Sending message <Pong:> to Peer_1:peer
Peer_12:peer INFO 2565.608887049365: Received message <Ping:> from Peer_6:peer
Peer_12:peer INFO 2565.608887049365: Sending message <Pong:> to Peer_6:peer
Peer_12:peer INFO 2631.1524856571627: Received message <Pong:> from Peer_1:peer
Peer_12:peer INFO 2631.3184364511667: Received message <Pong:> from Peer_6:peer
Peer_12:peer INFO 3000: Sending message <Ping:> to Peer_17:peer
Peer_12:peer INFO 3000: Sending message <Ping:> to Peer_11:peer
Peer_12:peer INFO 3000.47030893085: Received message <Ping:> from Peer_17:peer
Peer_12:peer INFO 3000.47030893085: Sending message <Pong:> to Peer_17:peer
Peer_12:peer INFO 3000.4807861594895: Received message <Ping:> from Peer_11:peer
Peer_12:peer INFO 3000.4807861594895: Sending message <Pong:> to Peer_11:peer
Peer_12:peer INFO 3000.9470511148497: Received message <Pong:> from Peer_17:peer
Peer_12:peer INFO 3001.0487140954674: Received message <Pong:> from Peer_11:peer
Peer_12:peer INFO 3500: Sending message <Ping:> to Peer_27:bootstrap
Peer_12:peer INFO 3500: Sending message <Ping:> to Peer_1:peer
Peer_12:peer INFO 3500: Sending message <Ping:> to Peer_6:peer
Peer_12:peer INFO 3500.4874682469263: Received message <Ping:> from Peer_27:bootstrap
Peer_12:peer INFO 3500.4874682469263: Sending message <Pong:> to Peer_27:bootstrap
Peer_12:peer INFO 3501.0581849744945: Received message <Pong:> from Peer_27:bootstrap
Peer_12:peer INFO 3565.5245630513764: Received message <Ping:> from Peer_6:peer
Peer_12:peer INFO 3565.5245630513764: Sending message <Pong:> to Peer_6:peer
Peer_12:peer INFO 3565.7823597718034: Received message <Ping:> from Peer_1:peer
Peer_12:peer INFO 3565.7823597718034: Sending message <Pong:> to Peer_1:peer
Peer_12:peer INFO 3630.8703089569835: Received message <Pong:> from Peer_6:peer
Peer_12:peer INFO 3630.901831643072: Received message <Pong:> from Peer_1:peer
Peer_12:peer INFO 4000: Sending message <Ping:> to Peer_17:peer
Peer_12:peer INFO 4000: Sending message <Ping:> to Peer_11:peer
Peer_12:peer INFO 4000.4817822876525: Received message <Ping:> from Peer_17:peer
Peer_12:peer INFO 4000.4817822876525: Sending message <Pong:> to Peer_17:peer
Peer_12:peer INFO 4000.506960335789: Received message <Ping:> from Peer_11:peer
Peer_12:peer INFO 4000.506960335789: Sending message <Pong:> to Peer_11:peer
Peer_12:peer INFO 4000.96993318207: Received message <Pong:> from Peer_11:peer
Peer_12:peer INFO 4001.020725799271: Received message <Pong:> from Peer_17:peer
Peer_12:peer INFO 4500: Sending message <Ping:> to Peer_27:bootstrap
Peer_12:peer INFO 4500: Sending message <Ping:> to Peer_1:peer
Peer_12:peer INFO 4500: Sending message <Ping:> to Peer_6:peer
Peer_12:peer INFO 4500.496729568453: Received message <Ping:> from Peer_27:bootstrap
Peer_12:peer INFO 4500.496729568453: Sending message <Pong:> to Peer_27:bootstrap
Peer_12:peer INFO 4500.993757446587: Received message <Pong:> from Peer_27:bootstrap
Peer_12:peer INFO 4565.474122492592: Received message <Ping:> from Peer_1:peer
Peer_12:peer INFO 4565.474122492592: Sending message <Pong:> to Peer_1:peer
Peer_12:peer INFO 4565.479724133416: Received message <Ping:> from Peer_6:peer
Peer_12:peer INFO 4565.479724133416: Sending message <Pong:> to Peer_6:peer
Peer_12:peer INFO 4630.96501034949: Received message <Pong:> from Peer_6:peer
Peer_12:peer INFO 4630.983938156415: Received message <Pong:> from Peer_1:peer
Peer_12:peer INFO 5000: Sending message <Ping:> to Peer_17:peer
Peer_12:peer INFO 5000: Sending message <Ping:> to Peer_11:peer
Peer_12:peer INFO 5000.476450083033: Received message <Ping:> from Peer_17:peer
Peer_12:peer INFO 5000.476450083033: Sending message <Pong:> to Peer_17:peer
Peer_12:peer INFO 5000.498442882991: Received message <Ping:> from Peer_11:peer
Peer_12:peer INFO 5000.498442882991: Sending message <Pong:> to Peer_11:peer
Peer_12:peer INFO 5000.959584743735: Received message <Pong:> from Peer_11:peer
Peer_12:peer INFO 5000.9726594940375: Received message <Pong:> from Peer_17:peer
Peer_12:peer INFO 5500: Sending message <Ping:> to Peer_27:bootstrap
Peer_12:peer INFO 5500: Sending message <Ping:> to Peer_1:peer
Peer_12:peer INFO 5500: Sending message <Ping:> to Peer_6:peer
Peer_12:peer INFO 5500.495893244663: Received message <Ping:> from Peer_27:bootstrap
Peer_12:peer INFO 5500.495893244663: Sending message <Pong:> to Peer_27:bootstrap
Peer_12:peer INFO 5500.979287885824: Received message <Pong:> from Peer_27:bootstrap
Peer_12:peer INFO 5565.342955021987: Received message <Ping:> from Peer_6:peer
Peer_12:peer INFO 5565.342955021987: Sending message <Pong:> to Peer_6:peer
Peer_12:peer INFO 5565.681041135318: Received message <Ping:> from Peer_1:peer
Peer_12:peer INFO 5565.681041135318: Sending message <Pong:> to Peer_1:peer
Peer_12:peer INFO 5630.940803447566: Received message <Pong:> from Peer_6:peer
Peer_12:peer INFO 5631.101600774972: Received message <Pong:> from Peer_1:peer
Peer_12:peer INFO 6000: Sending message <Ping:> to Peer_17:peer
Peer_12:peer INFO 6000: Sending message <Ping:> to Peer_11:peer
Peer_12:peer INFO 6000.494255912792: Received message <Ping:> from Peer_17:peer
Peer_12:peer INFO 6000.494255912792: Sending message <Pong:> to Peer_17:peer
Peer_12:peer INFO 6000.603434233238: Received message <Ping:> from Peer_11:peer
Peer_12:peer INFO 6000.603434233238: Sending message <Pong:> to Peer_11:peer
Peer_12:peer INFO 6001.049594810124: Received message <Pong:> from Peer_17:peer
Peer_12:peer INFO 6001.063700441873: Received message <Pong:> from Peer_11:peer
Peer_12:peer INFO 6500: Sending message <Ping:> to Peer_27:bootstrap
Peer_12:peer INFO 6500: Sending message <Ping:> to Peer_1:peer
Peer_12:peer INFO 6500: Sending message <Ping:> to Peer_6:peer
Peer_12:peer INFO 6500.547483851734: Received message <Ping:> from Peer_27:bootstrap
Peer_12:peer INFO 6500.547483851734: Sending message <Pong:> to Peer_27:bootstrap
Peer_12:peer INFO 6501.013151820192: Received message <Pong:> from Peer_27:bootstrap
Peer_12:peer INFO 6565.524909581144: Received message <Ping:> from Peer_1:peer
Peer_12:peer INFO 6565.524909581144: Sending message <Pong:> to Peer_1:peer
Peer_12:peer INFO 6565.546579044964: Received message <Ping:> from Peer_6:peer
Peer_12:peer INFO 6565.546579044964: Sending message <Pong:> to Peer_6:peer
Peer_12:peer INFO 6631.1079893789965: Received message <Pong:> from Peer_1:peer
Peer_12:peer INFO 6631.30804103308: Received message <Pong:> from Peer_6:peer
Peer_12:peer INFO 7000: Sending message <Ping:> to Peer_17:peer
Peer_12:peer INFO 7000: Sending message <Ping:> to Peer_11:peer
Peer_12:peer INFO 7000.458547914566: Received message <Ping:> from Peer_11:peer
Peer_12:peer INFO 7000.458547914566: Sending message <Pong:> to Peer_11:peer
Peer_12:peer INFO 7000.544223327438: Received message <Ping:> from Peer_17:peer
Peer_12:peer INFO 7000.544223327438: Sending message <Pong:> to Peer_17:peer
Peer_12:peer INFO 7000.978089590368: Received message <Pong:> from Peer_17:peer
Peer_12:peer INFO 7001.265720125953: Received message <Pong:> from Peer_11:peer
Peer_12:peer INFO 7500: Sending message <Ping:> to Peer_27:bootstrap
Peer_12:peer INFO 7500: Sending message <Ping:> to Peer_1:peer
Peer_12:peer INFO 7500: Sending message <Ping:> to Peer_6:peer
Peer_12:peer INFO 7500.4993341048: Received message <Ping:> from Peer_27:bootstrap
Peer_12:peer INFO 7500.4993341048: Sending message <Pong:> to Peer_27:bootstrap
Peer_12:peer INFO 7501.145892830402: Received message <Pong:> from Peer_27:bootstrap
Peer_12:peer INFO 7565.426279026209: Received message <Ping:> from Peer_6:peer
Peer_12:peer INFO 7565.426279026209: Sending message <Pong:> to Peer_6:peer
Peer_12:peer INFO 7565.585616452181: Received message <Ping:> from Peer_1:peer
Peer_12:peer INFO 7565.585616452181: Sending message <Pong:> to Peer_1:peer
Peer_12:peer INFO 7630.945234342548: Received message <Pong:> from Peer_6:peer
Peer_12:peer INFO 7631.093485271761: Received message <Pong:> from Peer_1:peer
Peer_12:peer INFO 8000: Sending message <Ping:> to Peer_17:peer
Peer_12:peer INFO 8000: Sending message <Ping:> to Peer_11:peer
Peer_12:peer INFO 8000.536032129303: Received message <Ping:> from Peer_11:peer
Peer_12:peer INFO 8000.536032129303: Sending message <Pong:> to Peer_11:peer
Peer_12:peer INFO 8000.7192790923955: Received message <Ping:> from Peer_17:peer
Peer_12:peer INFO 8000.7192790923955: Sending message <Pong:> to Peer_17:peer
Peer_12:peer INFO 8000.938847173149: Received message <Pong:> from Peer_17:peer
Peer_12:peer INFO 8001.099488767808: Received message <Pong:> from Peer_11:peer
Peer_12:peer INFO 8500: Sending message <Ping:> to Peer_27:bootstrap
Peer_12:peer INFO 8500: Sending message <Ping:> to Peer_1:peer
Peer_12:peer INFO 8500: Sending message <Ping:> to Peer_6:peer
Peer_12:peer INFO 8500.480248809246: Received message <Ping:> from Peer_27:bootstrap
Peer_12:peer INFO 8500.480248809246: Sending message <Pong:> to Peer_27:bootstrap
Peer_12:peer INFO 8501.112630383768: Received message <Pong:> from Peer_27:bootstrap
Peer_12:peer INFO 8565.198806310258: Received message <Ping:> from Peer_1:peer
Peer_12:peer INFO 8565.198806310258: Sending message <Pong:> to Peer_1:peer
Peer_12:peer INFO 8565.721651357338: Received message <Ping:> from Peer_6:peer
Peer_12:peer INFO 8565.721651357338: Sending message <Pong:> to Peer_6:peer
Peer_12:peer INFO 8631.15134568893: Received message <Pong:> from Peer_6:peer
Peer_12:peer INFO 8631.2618883958: Received message <Pong:> from Peer_1:peer
Peer_12:peer INFO 9000: Sending message <Ping:> to Peer_17:peer
Peer_12:peer INFO 9000: Sending message <Ping:> to Peer_11:peer
Peer_12:peer INFO 9000.479468546104: Received message <Ping:> from Peer_17:peer
Peer_12:peer INFO 9000.479468546104: Sending message <Pong:> to Peer_17:peer
Peer_12:peer INFO 9000.497925471425: Received message <Ping:> from Peer_11:peer
Peer_12:peer INFO 9000.497925471425: Sending message <Pong:> to Peer_11:peer
Peer_12:peer INFO 9000.994727049045: Received message <Pong:> from Peer_11:peer
Peer_12:peer INFO 9001.002225517543: Received message <Pong:> from Peer_17:peer
Peer_12:peer INFO 9500: Sending message <Ping:> to Peer_27:bootstrap
Peer_12:peer INFO 9500: Sending message <Ping:> to Peer_1:peer
Peer_12:peer INFO 9500: Sending message <Ping:> to Peer_6:peer
Peer_12:peer INFO 9500.541140561516: Received message <Ping:> from Peer_27:bootstrap
Peer_12:peer INFO 9500.541140561516: Sending message <Pong:> to Peer_27:bootstrap
Peer_12:peer INFO 9501.02999743522: Received message <Pong:> from Peer_27:bootstrap
Peer_12:peer INFO 9565.377491063326: Received message <Ping:> from Peer_6:peer
Peer_12:peer INFO 9565.377491063326: Sending message <Pong:> to Peer_6:peer
Peer_12:peer INFO 9565.458547846438: Received message <Ping:> from Peer_1:peer
Peer_12:peer INFO 9565.458547846438: Sending message <Pong:> to Peer_1:peer
Peer_12:peer INFO 9630.786117724288: Received message <Pong:> from Peer_1:peer
Peer_12:peer INFO 9631.017973233744: Received message <Pong:> from Peer_6:peer
Peer_12:peer INFO 10000: Sending message <Ping:> to Peer_17:peer
Peer_12:peer INFO 10000: Sending message <Ping:> to Peer_11:peer
Peer_12:peer INFO 10000.50038862909: Received message <Ping:> from Peer_17:peer
Peer_12:peer INFO 10000.50038862909: Sending message <Pong:> to Peer_17:peer
Peer_12:peer INFO 10000.635066298822: Received message <Ping:> from Peer_11:peer
Peer_12:peer INFO 10000.635066298822: Sending message <Pong:> to Peer_11:peer
Peer_12:peer INFO 10001.022055360192: Received message <Pong:> from Peer_17:peer
Peer_12:peer INFO 10001.043342008137: Received message <Pong:> from Peer_11:peer
Peer_12:peer INFO 10065.975893043673: Received message <GossipMessage:1_26> from Peer_11:peer
Peer_12:peer INFO 10065.975893043673: Sending message <GossipMessage:1_26> to Peer_17:peer
Peer_12:peer INFO 10065.975893043673: Sending message <GossipMessage:1_26> to Peer_6:peer
Peer_12:peer INFO 10065.975893043673: Sending message <GossipMessage:1_26> to Peer_1:peer
Peer_12:peer INFO 10265.86720324171: Received message <GossipMessage:2_26> from Peer_11:peer
Peer_12:peer INFO 10265.86720324171: Sending message <GossipMessage:2_26> to Peer_17:peer
Peer_12:peer INFO 10265.86720324171: Sending message <GossipMessage:2_26> to Peer_6:peer
Peer_12:peer INFO 10265.86720324171: Sending message <GossipMessage:2_26> to Peer_1:peer
Peer_12:peer INFO 10465.89393471359: Received message <GossipMessage:3_26> from Peer_11:peer
Peer_12:peer INFO 10465.89393471359: Sending message <GossipMessage:3_26> to Peer_1:peer
Peer_12:peer INFO 10465.89393471359: Sending message <GossipMessage:3_26> to Peer_6:peer
Peer_12:peer INFO 10465.89393471359: Sending message <GossipMessage:3_26> to Peer_17:peer
Peer_12:peer INFO 10500: Sending message <Ping:> to Peer_27:bootstrap
Peer_12:peer INFO 10500: Sending message <Ping:> to Peer_1:peer
Peer_12:peer INFO 10500: Sending message <Ping:> to Peer_6:peer
Peer_12:peer INFO 10500.478061870504: Received message <Ping:> from Peer_27:bootstrap
Peer_12:peer INFO 10500.478061870504: Sending message <Pong:> to Peer_27:bootstrap
Peer_12:peer INFO 10501.03018393717: Received message <Pong:> from Peer_27:bootstrap
Peer_12:peer INFO 10631.114857437671: Received message <Pong:> from Peer_1:peer
Peer_12:peer INFO 10631.251794238682: Received message <Pong:> from Peer_6:peer
Peer_12:peer INFO 10666.027835852481: Received message <GossipMessage:4_26> from Peer_11:peer
Peer_12:peer INFO 10666.027835852481: Sending message <GossipMessage:4_26> to Peer_1:peer
Peer_12:peer INFO 10666.027835852481: Sending message <GossipMessage:4_26> to Peer_17:peer
Peer_12:peer INFO 10666.027835852481: Sending message <GossipMessage:4_26> to Peer_6:peer
Peer_12:peer INFO 10866.088661228583: Received message <GossipMessage:5_26> from Peer_11:peer
Peer_12:peer INFO 10866.088661228583: Sending message <GossipMessage:5_26> to Peer_17:peer
Peer_12:peer INFO 10866.088661228583: Sending message <GossipMessage:5_26> to Peer_1:peer
Peer_12:peer INFO 10866.088661228583: Sending message <GossipMessage:5_26> to Peer_6:peer
Peer_12:peer INFO 11000: Sending message <Ping:> to Peer_17:peer
Peer_12:peer INFO 11000.496215758087: Received message <Ping:> from Peer_11:peer
Peer_12:peer INFO 11000.496215758087: Sending message <Pong:> to Peer_11:peer
Peer_12:peer INFO 11001.040411751712: Received message <Pong:> from Peer_17:peer
Peer_12:peer INFO 11066.079149627927: Received message <GossipMessage:6_26> from Peer_11:peer
Peer_12:peer INFO 11066.079149627927: Sending message <GossipMessage:6_26> to Peer_17:peer
Peer_12:peer INFO 11066.079149627927: Sending message <GossipMessage:6_26> to Peer_1:peer
Peer_12:peer INFO 11066.079149627927: Sending message <GossipMessage:6_26> to Peer_6:peer
Peer_12:peer INFO 11266.195439984212: Received message <GossipMessage:7_26> from Peer_11:peer
Peer_12:peer INFO 11266.195439984212: Sending message <GossipMessage:7_26> to Peer_6:peer
Peer_12:peer INFO 11266.195439984212: Sending message <GossipMessage:7_26> to Peer_17:peer
Peer_12:peer INFO 11266.195439984212: Sending message <GossipMessage:7_26> to Peer_1:peer
Peer_12:peer INFO 11465.823991003057: Received message <GossipMessage:8_26> from Peer_11:peer
Peer_12:peer INFO 11465.823991003057: Sending message <GossipMessage:8_26> to Peer_1:peer
Peer_12:peer INFO 11465.823991003057: Sending message <GossipMessage:8_26> to Peer_17:peer
Peer_12:peer INFO 11465.823991003057: Sending message <GossipMessage:8_26> to Peer_6:peer
Peer_12:peer INFO 11500: Sending message <Ping:> to Peer_27:bootstrap
Peer_12:peer INFO 11500: Sending message <Ping:> to Peer_1:peer
Peer_12:peer INFO 11500: Sending message <Ping:> to Peer_6:peer
Peer_12:peer INFO 11500.509650369371: Received message <Ping:> from Peer_27:bootstrap
Peer_12:peer INFO 11500.509650369371: Sending message <Pong:> to Peer_27:bootstrap
Peer_12:peer INFO 11501.052764602431: Received message <Pong:> from Peer_27:bootstrap
Peer_12:peer INFO 11631.046765342298: Received message <Pong:> from Peer_6:peer
Peer_12:peer INFO 11631.159431048678: Received message <Pong:> from Peer_1:peer
Peer_12:peer INFO 11666.078629989695: Received message <GossipMessage:9_26> from Peer_11:peer
Peer_12:peer INFO 11666.078629989695: Sending message <GossipMessage:9_26> to Peer_1:peer
Peer_12:peer INFO 11666.078629989695: Sending message <GossipMessage:9_26> to Peer_17:peer
Peer_12:peer INFO 11666.078629989695: Sending message <GossipMessage:9_26> to Peer_6:peer
Peer_12:peer INFO 11866.164701638052: Received message <GossipMessage:10_26> from Peer_11:peer
Peer_12:peer INFO 11866.164701638052: Sending message <GossipMessage:10_26> to Peer_17:peer
Peer_12:peer INFO 11866.164701638052: Sending message <GossipMessage:10_26> to Peer_1:peer
Peer_12:peer INFO 11866.164701638052: Sending message <GossipMessage:10_26> to Peer_6:peer
Peer_12:peer INFO 12000: Sending message <Ping:> to Peer_17:peer
Peer_12:peer INFO 12000.499419931344: Received message <Ping:> from Peer_11:peer
Peer_12:peer INFO 12000.499419931344: Sending message <Pong:> to Peer_11:peer
Peer_12:peer INFO 12000.970586617783: Received message <Pong:> from Peer_17:peer
Peer_12:peer INFO 12065.673108621326: Received message <GossipMessage:11_26> from Peer_11:peer
Peer_12:peer INFO 12065.673108621326: Sending message <GossipMessage:11_26> to Peer_1:peer
Peer_12:peer INFO 12065.673108621326: Sending message <GossipMessage:11_26> to Peer_6:peer
Peer_12:peer INFO 12065.673108621326: Sending message <GossipMessage:11_26> to Peer_17:peer
Peer_12:peer INFO 12266.139676032255: Received message <GossipMessage:12_26> from Peer_11:peer
Peer_12:peer INFO 12266.139676032255: Sending message <GossipMessage:12_26> to Peer_6:peer
Peer_12:peer INFO 12266.139676032255: Sending message <GossipMessage:12_26> to Peer_1:peer
Peer_12:peer INFO 12266.139676032255: Sending message <GossipMessage:12_26> to Peer_17:peer
Peer_12:peer INFO 12465.879132241389: Received message <GossipMessage:13_26> from Peer_11:peer
Peer_12:peer INFO 12465.879132241389: Sending message <GossipMessage:13_26> to Peer_17:peer
Peer_12:peer INFO 12465.879132241389: Sending message <GossipMessage:13_26> to Peer_1:peer
Peer_12:peer INFO 12465.879132241389: Sending message <GossipMessage:13_26> to Peer_6:peer
Peer_12:peer INFO 12500: Sending message <Ping:> to Peer_27:bootstrap
Peer_12:peer INFO 12500: Sending message <Ping:> to Peer_1:peer
Peer_12:peer INFO 12500: Sending message <Ping:> to Peer_6:peer
Peer_12:peer INFO 12500.481528637703: Received message <Ping:> from Peer_27:bootstrap
Peer_12:peer INFO 12500.481528637703: Sending message <Pong:> to Peer_27:bootstrap
Peer_12:peer INFO 12501.0471224456: Received message <Pong:> from Peer_27:bootstrap
Peer_12:peer INFO 12631.201612876172: Received message <Pong:> from Peer_6:peer
Peer_12:peer INFO 12631.272550072295: Received message <Pong:> from Peer_1:peer
Peer_12:peer INFO 12666.0321532319: Received message <GossipMessage:14_26> from Peer_11:peer
Peer_12:peer INFO 12666.0321532319: Sending message <GossipMessage:14_26> to Peer_6:peer
Peer_12:peer INFO 12666.0321532319: Sending message <GossipMessage:14_26> to Peer_1:peer
Peer_12:peer INFO 12666.0321532319: Sending message <GossipMessage:14_26> to Peer_17:peer
Peer_12:peer INFO 12866.162893452905: Received message <GossipMessage:15_26> from Peer_11:peer
Peer_12:peer INFO 12866.162893452905: Sending message <GossipMessage:15_26> to Peer_6:peer
Peer_12:peer INFO 12866.162893452905: Sending message <GossipMessage:15_26> to Peer_17:peer
Peer_12:peer INFO 12866.162893452905: Sending message <GossipMessage:15_26> to Peer_1:peer
Peer_12:peer INFO 13000: Sending message <Ping:> to Peer_17:peer
Peer_12:peer INFO 13000.457630405583: Received message <Ping:> from Peer_11:peer
Peer_12:peer INFO 13000.457630405583: Sending message <Pong:> to Peer_11:peer
Peer_12:peer INFO 13001.04882780603: Received message <Pong:> from Peer_17:peer
Peer_12:peer INFO 13065.829663238956: Received message <GossipMessage:16_26> from Peer_11:peer
Peer_12:peer INFO 13065.829663238956: Sending message <GossipMessage:16_26> to Peer_6:peer
Peer_12:peer INFO 13065.829663238956: Sending message <GossipMessage:16_26> to Peer_1:peer
Peer_12:peer INFO 13065.829663238956: Sending message <GossipMessage:16_26> to Peer_17:peer
Peer_12:peer INFO 13266.078162301232: Received message <GossipMessage:17_26> from Peer_11:peer
Peer_12:peer INFO 13266.078162301232: Sending message <GossipMessage:17_26> to Peer_1:peer
Peer_12:peer INFO 13266.078162301232: Sending message <GossipMessage:17_26> to Peer_17:peer
Peer_12:peer INFO 13266.078162301232: Sending message <GossipMessage:17_26> to Peer_6:peer
Peer_12:peer INFO 13466.007574495892: Received message <GossipMessage:18_26> from Peer_11:peer
Peer_12:peer INFO 13466.007574495892: Sending message <GossipMessage:18_26> to Peer_1:peer
Peer_12:peer INFO 13466.007574495892: Sending message <GossipMessage:18_26> to Peer_6:peer
Peer_12:peer INFO 13466.007574495892: Sending message <GossipMessage:18_26> to Peer_17:peer
Peer_12:peer INFO 13500: Sending message <Ping:> to Peer_27:bootstrap
Peer_12:peer INFO 13500: Sending message <Ping:> to Peer_1:peer
Peer_12:peer INFO 13500: Sending message <Ping:> to Peer_6:peer
Peer_12:peer INFO 13500.493599332365: Received message <Ping:> from Peer_27:bootstrap
Peer_12:peer INFO 13500.493599332365: Sending message <Pong:> to Peer_27:bootstrap
Peer_12:peer INFO 13501.07414969845: Received message <Pong:> from Peer_27:bootstrap
Peer_12:peer INFO 13630.83175701465: Received message <Pong:> from Peer_1:peer
Peer_12:peer INFO 13630.909028202523: Received message <Pong:> from Peer_6:peer
Peer_12:peer INFO 13666.165659292437: Received message <GossipMessage:19_26> from Peer_11:peer
Peer_12:peer INFO 13666.165659292437: Sending message <GossipMessage:19_26> to Peer_1:peer
Peer_12:peer INFO 13666.165659292437: Sending message <GossipMessage:19_26> to Peer_17:peer
Peer_12:peer INFO 13666.165659292437: Sending message <GossipMessage:19_26> to Peer_6:peer
Peer_12:peer INFO 13865.931712076259: Received message <GossipMessage:20_26> from Peer_11:peer
Peer_12:peer INFO 13865.931712076259: Sending message <GossipMessage:20_26> to Peer_6:peer
Peer_12:peer INFO 13865.931712076259: Sending message <GossipMessage:20_26> to Peer_17:peer
Peer_12:peer INFO 13865.931712076259: Sending message <GossipMessage:20_26> to Peer_1:peer
Peer_12:peer INFO 14000: Sending message <Ping:> to Peer_17:peer
Peer_12:peer INFO 14000.479056810254: Received message <Ping:> from Peer_11:peer
Peer_12:peer INFO 14000.479056810254: Sending message <Pong:> to Peer_11:peer
Peer_12:peer INFO 14001.052159268287: Received message <Pong:> from Peer_17:peer
Peer_12:peer INFO 14500: Sending message <Ping:> to Peer_27:bootstrap
Peer_12:peer INFO 14500: Sending message <Ping:> to Peer_1:peer
Peer_12:peer INFO 14500: Sending message <Ping:> to Peer_6:peer
Peer_12:peer INFO 14500.504740182896: Received message <Ping:> from Peer_27:bootstrap
Peer_12:peer INFO 14500.504740182896: Sending message <Pong:> to Peer_27:bootstrap
Peer_12:peer INFO 14501.062256648149: Received message <Pong:> from Peer_27:bootstrap
Peer_12:peer INFO 14565.343846533804: Received message <Ping:> from Peer_1:peer
Peer_12:peer INFO 14565.343846533804: Sending message <Pong:> to Peer_1:peer
Peer_12:peer INFO 14565.536515862772: Received message <Ping:> from Peer_6:peer
Peer_12:peer INFO 14565.536515862772: Sending message <Pong:> to Peer_6:peer
Peer_12:peer INFO 14630.980299623525: Received message <Pong:> from Peer_6:peer
Peer_12:peer INFO 14630.992631830448: Received message <Pong:> from Peer_1:peer
