Peer_24:peer WARNING 0: Not enough peers, fetching more (0, 4)
Peer_24:peer INFO 65.52356916583405: Connecting to Peer_27:bootstrap
Peer_24:peer INFO 130.90091379814356: Received message <RequestPeers:> from Peer_27:bootstrap
Peer_24:peer INFO 130.90091379814356: Sending message <PeerList> to Peer_27:bootstrap
Peer_24:peer INFO 131.18757979682664: Received message <Hello:> from Peer_27:bootstrap
Peer_24:peer WARNING 500: Not enough peers, fetching more (1, 4)
Peer_24:peer INFO 500: Sending message <RequestPeers:> to Peer_27:bootstrap
Peer_24:peer INFO 630.8732804102422: Received message <PeerList> from Peer_27:bootstrap
Peer_24:peer WARNING 1000: Not enough peers, fetching more (1, 4)
Peer_24:peer INFO 1000: Sending message <RequestPeers:> to Peer_27:bootstrap
Peer_24:peer INFO 1000.2610752035946: Received message <Hello:> from Peer_13:peer
Peer_24:peer INFO 1000.2610752035946: Connecting to Peer_13:peer
Peer_24:peer INFO 1000.2610752035946: Sending message <Hello:> to Peer_13:peer
Peer_24:peer INFO 1000.2610752035946: Sending message <RequestPeers:> to Peer_13:peer
Peer_24:peer INFO 1000.3386349971892: Connecting to Peer_9:peer
Peer_24:peer INFO 1000.5901475388696: Received message <Hello:> from Peer_9:peer
Peer_24:peer INFO 1000.5983028478728: Received message <RequestPeers:> from Peer_9:peer
Peer_24:peer INFO 1000.5983028478728: Sending message <PeerList> to Peer_9:peer
Peer_24:peer INFO 1000.8106261333661: Received message <PeerList> from Peer_13:peer
Peer_24:peer INFO 1065.5731480156692: Received message <Hello:> from Peer_2:peer
Peer_24:peer INFO 1065.5731480156692: Connecting to Peer_2:peer
Peer_24:peer INFO 1065.5731480156692: Sending message <Hello:> to Peer_2:peer
Peer_24:peer INFO 1065.5731480156692: Sending message <RequestPeers:> to Peer_2:peer
Peer_24:peer INFO 1131.170166371967: Received message <PeerList> from Peer_27:bootstrap
Peer_24:peer INFO 1196.7879591606447: Received message <PeerList> from Peer_2:peer
Peer_24:peer INFO 2000: Sending message <Ping:> to Peer_27:bootstrap
Peer_24:peer INFO 2000: Sending message <Ping:> to Peer_13:peer
Peer_24:peer INFO 2000: Sending message <Ping:> to Peer_9:peer
Peer_24:peer INFO 2000: Sending message <Ping:> to Peer_2:peer
Peer_24:peer INFO 2000.2831069132235: Received message <Ping:> from Peer_9:peer
Peer_24:peer INFO 2000.2831069132235: Sending message <Pong:> to Peer_9:peer
Peer_24:peer INFO 2000.2929945641306: Received message <Ping:> from Peer_13:peer
Peer_24:peer INFO 2000.2929945641306: Sending message <Pong:> to Peer_13:peer
Peer_24:peer INFO 2000.4670701170503: Received message <Pong:> from Peer_13:peer
Peer_24:peer INFO 2000.537949260085: Received message <Pong:> from Peer_9:peer
Peer_24:peer INFO 2065.424226396444: Received message <Ping:> from Peer_27:bootstrap
Peer_24:peer INFO 2065.424226396444: Sending message <Pong:> to Peer_27:bootstrap
Peer_24:peer INFO 2065.441056342796: Received message <Ping:> from Peer_2:peer
Peer_24:peer INFO 2065.441056342796: Sending message <Pong:> to Peer_2:peer
Peer_24:peer INFO 2130.788655597253: Received message <Pong:> from Peer_2:peer
Peer_24:peer INFO 2131.38863516836: Received message <Pong:> from Peer_27:bootstrap
Peer_24:peer INFO 3000: Sending message <Ping:> to Peer_27:bootstrap
Peer_24:peer INFO 3000: Sending message <Ping:> to Peer_13:peer
Peer_24:peer INFO 3000: Sending message <Ping:> to Peer_9:peer
Peer_24:peer INFO 3000: Sending message <Ping:> to Peer_2:peer
Peer_24:peer INFO 3000.2512043062106: Received message <Ping:> from Peer_9:peer
Peer_24:peer INFO 3000.2512043062106: Sending message <Pong:> to Peer_9:peer
Peer_24:peer INFO 3000.2659430045633: Received message <Ping:> from Peer_13:peer
Peer_24:peer INFO 3000.2659430045633: Sending message <Pong:> to Peer_13:peer
Peer_24:peer INFO 3000.4494688729324: Received message <Pong:> from Peer_13:peer
Peer_24:peer INFO 3000.5130315553583: Received message <Pong:> from Peer_9:peer
Peer_24:peer INFO 3065.288988437472: Received message <Ping:> from Peer_2:peer
Peer_24:peer INFO 3065.288988437472: Sending message <Pong:> to Peer_2:peer
Peer_24:peer INFO 3065.612089037269: Received message <Ping:> from Peer_27:bootstrap
Peer_24:peer INFO 3065.612089037269: Sending message <Pong:> to Peer_27:bootstrap
Peer_24:peer INFO 3130.716017179284: Received message <Pong:> from Peer_27:bootstrap
Peer_24:peer INFO 3130.914334523985: Received message <Pong:> from Peer_2:peer
Peer_24:peer INFO 4000: Sending message <Ping:> to Peer_27:bootstrap
Peer_24:peer INFO 4000: Sending message <Ping:> to Peer_13:peer
Peer_24:peer INFO 4000: Sending message <Ping:> to Peer_9:peer
Peer_24:peer INFO 4000: Sending message <Ping:> to Peer_2:peer
Peer_24:peer INFO 4000.2264744049867: Received message <Ping:> from Peer_9:peer
Peer_24:peer INFO 4000.2264744049867: Sending message <Pong:> to Peer_9:peer
Peer_24:peer INFO 4000.2870051715117: Received message <Ping:> from Peer_13:peer
Peer_24:peer INFO 4000.2870051715117: Sending message <Pong:> to Peer_13:peer
Peer_24:peer INFO 4000.519991333494: Received message <Pong:> from Peer_9:peer
Peer_24:peer INFO 4000.5782298085664: Received message <Pong:> from Peer_13:peer
Peer_24:peer INFO 4065.4738882566894: Received message <Ping:> from Peer_2:peer
Peer_24:peer INFO 4065.4738882566894: Sending message <Pong:> to Peer_2:peer
Peer_24:peer INFO 4065.6351554605526: Received message <Ping:> from Peer_27:bootstrap
Peer_24:peer INFO 4065.6351554605526: Sending message <Pong:> to Peer_27:bootstrap
Peer_24:peer INFO 4130.95271520775: Received message <Pong:> from Peer_2:peer
Peer_24:peer INFO 4130.981303158028: Received message <Pong:> from Peer_27:bootstrap
Peer_24:peer INFO 5000: Sending message <Ping:> to Peer_27:bootstrap
Peer_24:peer INFO 5000: Sending message <Ping:> to Peer_13:peer
Peer_24:peer INFO 5000: Sending message <Ping:> to Peer_9:peer
Peer_24:peer INFO 5000: Sending message <Ping:> to Peer_2:peer
Peer_24:peer INFO 5000.2619901613925: Received message <Ping:> from Peer_13:peer
Peer_24:peer INFO 5000.2619901613925: Sending message <Pong:> to Peer_13:peer
Peer_24:peer INFO 5000.276544932901: Received message <Ping:> from Peer_9:peer
Peer_24:peer INFO 5000.276544932901: Sending message <Pong:> to Peer_9:peer
Peer_24:peer INFO 5000.506433891566: Received message <Pong:> from Peer_13:peer
Peer_24:peer INFO 5000.514038483753: Received message <Pong:> from Peer_9:peer
Peer_24:peer INFO 5065.537496071745: Received message <Ping:> from Peer_2:peer
Peer_24:peer INFO 5065.537496071745: Sending message <Pong:> to Peer_2:peer
Peer_24:peer INFO 5065.670413496441: Received message <Ping:> from Peer_27:bootstrap
Peer_24:peer INFO 5065.670413496441: Sending message <Pong:> to Peer_27:bootstrap
Peer_24:peer INFO 5131.179682367297: Received message <Pong:> from Peer_27:bootstrap
Peer_24:peer INFO 5131.276188844346: Received message <Pong:> from Peer_2:peer
Peer_24:peer INFO 6000: Sending message <Ping:> to Peer_27:bootstrap
Peer_24:peer INFO 6000: Sending message <Ping:> to Peer_13:peer
Peer_24:peer INFO 6000: Sending message <Ping:> to Peer_9:peer
Peer_24:peer INFO 6000: Sending message <Ping:> to Peer_2:peer
Peer_24:peer INFO 6000.210326439371: Received message <Ping:> from Peer_9:peer
Peer_24:peer INFO 6000.210326439371: Sending message <Pong:> to Peer_9:peer
Peer_24:peer INFO 6000.219946019721: Received message <Ping:> from Peer_13:peer
Peer_24:peer INFO 6000.219946019721: Sending message <Pong:> to Peer_13:peer
Peer_24:peer INFO 6000.481084641914: Received message <Pong:> from Peer_9:peer
Peer_24:peer INFO 6000.575725065553: Received message <Pong:> from Peer_13:peer
Peer_24:peer INFO 6065.465761852807: Received message <Ping:> from Peer_2:peer
Peer_24:peer INFO 6065.465761852807: Sending message <Pong:> to Peer_2:peer
Peer_24:peer INFO 6065.646932002691: Received message <Ping:> from Peer_27:bootstrap
Peer_24:peer INFO 6065.646932002691: Sending message <Pong:> to Peer_27:bootstrap
Peer_24:peer INFO 6130.762265427863: Received message <Pong:> from Peer_27:bootstrap
Peer_24:peer INFO 6131.016706097928: Received message <Pong:> from Peer_2:peer
Peer_24:peer INFO 7000: Sending message <Ping:> to Peer_27:bootstrap
Peer_24:peer INFO 7000: Sending message <Ping:> to Peer_13:peer
Peer_24:peer INFO 7000: Sending message <Ping:> to Peer_9:peer
Peer_24:peer INFO 7000: Sending message <Ping:> to Peer_2:peer
Peer_24:peer INFO 7000.2464473991895: Received message <Ping:> from Peer_13:peer
Peer_24:peer INFO 7000.2464473991895: Sending message <Pong:> to Peer_13:peer
Peer_24:peer INFO 7000.255756180158: Received message <Ping:> from Peer_9:peer
Peer_24:peer INFO 7000.255756180158: Sending message <Pong:> to Peer_9:peer
Peer_24:peer INFO 7000.472697667373: Received message <Pong:> from Peer_13:peer
Peer_24:peer INFO 7000.568090385749: Received message <Pong:> from Peer_9:peer
Peer_24:peer INFO 7065.285642342046: Received message <Ping:> from Peer_27:bootstrap
Peer_24:peer INFO 7065.285642342046: Sending message <Pong:> to Peer_27:bootstrap
Peer_24:peer INFO 7065.458420859215: Received message <Ping:> from Peer_2:peer
Peer_24:peer INFO 7065.458420859215: Sending message <Pong:> to Peer_2:peer
Peer_24:peer INFO 7131.070949324649: Received message <Pong:> from Peer_27:bootstrap
Peer_24:peer INFO 7131.224084262943: Received message <Pong:> from Peer_2:peer
Peer_24:peer INFO 8000: Sending message <Ping:> to Peer_27:bootstrap
Peer_24:peer INFO 8000: Sending message <Ping:> to Peer_13:peer
Peer_24:peer INFO 8000: Sending message <Ping:> to Peer_9:peer
Peer_24:peer INFO 8000: Sending message <Ping:> to Peer_2:peer
Peer_24:peer INFO 8000.257402659816: Received message <Ping:> from Peer_9:peer
Peer_24:peer INFO 8000.257402659816: Sending message <Pong:> to Peer_9:peer
Peer_24:peer INFO 8000.290575381295: Received message <Ping:> from Peer_13:peer
Peer_24:peer INFO 8000.290575381295: Sending message <Pong:> to Peer_13:peer
Peer_24:peer INFO 8000.496607702132: Received message <Pong:> from Peer_13:peer
Peer_24:peer INFO 8000.569077524136: Received message <Pong:> from Peer_9:peer
Peer_24:peer INFO 8065.571927263283: Received message <Ping:> from Peer_2:peer
Peer_24:peer INFO 8065.571927263283: Sending message <Pong:> to Peer_2:peer
Peer_24:peer INFO 8065.643066286992: Received message <Ping:> from Peer_27:bootstrap
Peer_24:peer INFO 8065.643066286992: Sending message <Pong:> to Peer_27:bootstrap
Peer_24:peer INFO 8131.071206824167: Received message <Pong:> from Peer_2:peer
Peer_24:peer INFO 8131.447281170699: Received message <Pong:> from Peer_27:bootstrap
Peer_24:peer INFO 9000: Sending message <Ping:> to Peer_27:bootstrap
Peer_24:peer INFO 9000: Sending message <Ping:> to Peer_13:peer
Peer_24:peer INFO 9000: Sending message <Ping:> to Peer_9:peer
Peer_24:peer INFO 9000: Sending message <Ping:> to Peer_2:peer
Peer_24:peer INFO 9000.26738307306: Received message <Ping:> from Peer_13:peer
Peer_24:peer INFO 9000.26738307306: Sending message <Pong:> to Peer_13:peer
Peer_24:peer INFO 9000.29878781868: Received message <Ping:> from Peer_9:peer
Peer_24:peer INFO 9000.29878781868: Sending message <Pong:> to Peer_9:peer
Peer_24:peer INFO 9000.47194402571: Received message <Pong:> from Peer_9:peer
Peer_24:peer INFO 9000.509136906892: Received message <Pong:> from Peer_13:peer
Peer_24:peer INFO 9065.548756016078: Received message <Ping:> from Peer_27:bootstrap
Peer_24:peer INFO 9065.548756016078: Sending message <Pong:> to Peer_27:bootstrap
Peer_24:peer INFO 9065.651407955129: Received message <Ping:> from Peer_2:peer
Peer_24:peer INFO 9065.651407955129: Sending message <Pong:> to Peer_2:peer
Peer_24:peer INFO 9131.1095965954: Received message <Pong:> from Peer_27:bootstrap
Peer_24:peer INFO 9131.20222037772: Received message <Pong:> from Peer_2:peer
Peer_24:peer INFO 10000: Sending message <Ping:> to Peer_27:bootstrap
Peer_24:peer INFO 10000: Sending message <Ping:> to Peer_13:peer
Peer_24:peer INFO 10000: Sending message <Ping:> to Peer_9:peer
Peer_24:peer INFO 10000: Sending message <Ping:> to Peer_2:peer
Peer_24:peer INFO 10000.30100767369: Received message <Ping:> from Peer_13:peer
Peer_24:peer INFO 10000.30100767369: Sending message <Pong:> to Peer_13:peer
Peer_24:peer INFO 10000.345778434643: Received message <Ping:> from Peer_9:peer
Peer_24:peer INFO 10000.345778434643: Sending message <Pong:> to Peer_9:peer
Peer_24:peer INFO 10000.521454940259: Received message <Pong:> from Peer_9:peer
Peer_24:peer INFO 10000.521823864277: Received message <Pong:> from Peer_13:peer
Peer_24:peer INFO 10065.502144521517: Received message <Ping:> from Peer_2:peer
Peer_24:peer INFO 10065.502144521517: Sending message <Pong:> to Peer_2:peer
Peer_24:peer INFO 10065.515465643002: Received message <Ping:> from Peer_27:bootstrap
Peer_24:peer INFO 10065.515465643002: Sending message <Pong:> to Peer_27:bootstrap
Peer_24:peer INFO 10130.967750269392: Received message <Pong:> from Peer_27:bootstrap
Peer_24:peer INFO 10131.266517050171: Received message <Pong:> from Peer_2:peer
Peer_24:peer INFO 11000: Sending message <Ping:> to Peer_27:bootstrap
Peer_24:peer INFO 11000: Sending message <Ping:> to Peer_13:peer
Peer_24:peer INFO 11000: Sending message <Ping:> to Peer_9:peer
Peer_24:peer INFO 11000: Sending message <Ping:> to Peer_2:peer
Peer_24:peer INFO 11000.209479564593: Received message <Ping:> from Peer_9:peer
Peer_24:peer INFO 11000.209479564593: Sending message <Pong:> to Peer_9:peer
Peer_24:peer INFO 11000.295846583169: Received message <Ping:> from Peer_13:peer
Peer_24:peer INFO 11000.295846583169: Sending message <Pong:> to Peer_13:peer
Peer_24:peer INFO 11000.527087905051: Received message <Pong:> from Peer_13:peer
Peer_24:peer INFO 11000.720634244855: Received message <Pong:> from Peer_9:peer
Peer_24:peer INFO 11065.585991838398: Received message <Ping:> from Peer_2:peer
Peer_24:peer INFO 11065.585991838398: Sending message <Pong:> to Peer_2:peer
Peer_24:peer INFO 11065.823708023563: Received message <Ping:> from Peer_27:bootstrap
Peer_24:peer INFO 11065.823708023563: Sending message <Pong:> to Peer_27:bootstrap
Peer_24:peer INFO 11131.354440126912: Received message <Pong:> from Peer_27:bootstrap
Peer_24:peer INFO 11131.354644232888: Received message <Pong:> from Peer_2:peer
Peer_24:peer INFO 12000: Sending message <Ping:> to Peer_27:bootstrap
Peer_24:peer INFO 12000: Sending message <Ping:> to Peer_13:peer
Peer_24:peer INFO 12000: Sending message <Ping:> to Peer_9:peer
Peer_24:peer INFO 12000: Sending message <Ping:> to Peer_2:peer
Peer_24:peer INFO 12000.252047659998: Received message <Ping:> from Peer_9:peer
Peer_24:peer INFO 12000.252047659998: Sending message <Pong:> to Peer_9:peer
Peer_24:peer INFO 12000.253883846259: Received message <Ping:> from Peer_13:peer
Peer_24:peer INFO 12000.253883846259: Sending message <Pong:> to Peer_13:peer
Peer_24:peer INFO 12000.498893403119: Received message <Pong:> from Peer_13:peer
Peer_24:peer INFO 12000.524061237062: Received message <Pong:> from Peer_9:peer
Peer_24:peer INFO 12065.424581401172: Received message <Ping:> from Peer_27:bootstrap
Peer_24:peer INFO 12065.424581401172: Sending message <Pong:> to Peer_27:bootstrap
Peer_24:peer INFO 12065.52800557643: Received message <Ping:> from Peer_2:peer
Peer_24:peer INFO 12065.52800557643: Sending message <Pong:> to Peer_2:peer
Peer_24:peer INFO 12130.694760593044: Received message <Pong:> from Peer_2:peer
Peer_24:peer INFO 12130.793472730917: Received message <Pong:> from Peer_27:bootstrap
Peer_24:peer INFO 13000: Sending message <Ping:> to Peer_27:bootstrap
Peer_24:peer INFO 13000: Sending message <Ping:> to Peer_13:peer
Peer_24:peer INFO 13000: Sending message <Ping:> to Peer_9:peer
Peer_24:peer INFO 13000: Sending message <Ping:> to Peer_2:peer
Peer_24:peer INFO 13000.273081937186: Received message <Ping:> from Peer_13:peer
Peer_24:peer INFO 13000.273081937186: Sending message <Pong:> to Peer_13:peer
Peer_24:peer INFO 13000.295834256498: Received message <Ping:> from Peer_9:peer
Peer_24:peer INFO 13000.295834256498: Sending message <Pong:> to Peer_9:peer
Peer_24:peer INFO 13000.454303609076: Received message <Pong:> from Peer_9:peer
Peer_24:peer INFO 13000.594670473616: Received message <Pong:> from Peer_13:peer
Peer_24:peer INFO 13065.469789696948: Received message <Ping:> from Peer_27:bootstrap
Peer_24:peer INFO 13065.469789696948: Sending message <Pong:> to Peer_27:bootstrap
Peer_24:peer INFO 13065.605219570143: Received message <Ping:> from Peer_2:peer
Peer_24:peer INFO 13065.605219570143: Sending message <Pong:> to Peer_2:peer
Peer_24:peer INFO 13130.964221653541: Received message <Pong:> from Peer_2:peer
Peer_24:peer INFO 13131.135272866131: Received message <Pong:> from Peer_27:bootstrap
Peer_24:peer INFO 14000: Sending message <Ping:> to Peer_27:bootstrap
Peer_24:peer INFO 14000: Sending message <Ping:> to Peer_13:peer
Peer_24:peer INFO 14000: Sending message <Ping:> to Peer_9:peer
Peer_24:peer INFO 14000: Sending message <Ping:> to Peer_2:peer
Peer_24:peer INFO 14000.25642789345: Received message <Ping:> from Peer_9:peer
Peer_24:peer INFO 14000.25642789345: Sending message <Pong:> to Peer_9:peer
Peer_24:peer INFO 14000.276002242055: Received message <Ping:> from Peer_13:peer
Peer_24:peer INFO 14000.276002242055: Sending message <Pong:> to Peer_13:peer
Peer_24:peer INFO 14000.498667577916: Received message <Pong:> from Peer_9:peer
Peer_24:peer INFO 14000.521553916058: Received message <Pong:> from Peer_13:peer
Peer_24:peer INFO 14065.210105396985: Received message <Ping:> from Peer_2:peer
Peer_24:peer INFO 14065.210105396985: Sending message <Pong:> to Peer_2:peer
Peer_24:peer INFO 14065.556057681502: Received message <Ping:> from Peer_27:bootstrap
Peer_24:peer INFO 14065.556057681502: Sending message <Pong:> to Peer_27:bootstrap
Peer_24:peer INFO 14130.970010424964: Received message <Pong:> from Peer_27:bootstrap
Peer_24:peer INFO 14131.3384664981: Received message <Pong:> from Peer_2:peer
