Peer_5:peer WARNING 0: Not enough peers, fetching more (0, 4)
Peer_5:peer INFO 36.343229673147995: Connecting to Peer_27:bootstrap
Peer_5:peer INFO 71.32732690308235: Received message <RequestPeers:> from Peer_27:bootstrap
Peer_5:peer INFO 71.32732690308235: Sending message <PeerList> to Peer_27:bootstrap
Peer_5:peer INFO 72.95971106001109: Received message <Hello:> from Peer_27:bootstrap
Peer_5:peer WARNING 500: Not enough peers, fetching more (1, 4)
Peer_5:peer INFO 500: Sending message <RequestPeers:> to Peer_27:bootstrap
Peer_5:peer INFO 573.8684460106969: Received message <PeerList> from Peer_27:bootstrap
Peer_5:peer WARNING 1000: Not enough peers, fetching more (1, 4)
Peer_5:peer INFO 1000: Sending message <RequestPeers:> to Peer_27:bootstrap
Peer_5:peer INFO 1074.7419535622853: Received message <PeerList> from Peer_27:bootstrap
Peer_5:peer INFO 1078.034581686847: Connecting to Peer_6:peer
Peer_5:peer INFO 1156.034920796492: Received message <Hello:> from Peer_6:peer
Peer_5:peer INFO 1156.081787065101: Received message <RequestPeers:> from Peer_6:peer
Peer_5:peer INFO 1156.081787065101: Sending message <PeerList> to Peer_6:peer
Peer_5:peer WARNING 1500: Not enough peers, fetching more (2, 4)
Peer_5:peer INFO 1500: Sending message <RequestPeers:> to Peer_27:bootstrap
Peer_5:peer INFO 1500: Sending message <RequestPeers:> to Peer_6:peer
Peer_5:peer INFO 1500.3001048333983: Received message <Hello:> from Peer_21:peer
Peer_5:peer INFO 1500.3001048333983: Connecting to Peer_21:peer
Peer_5:peer INFO 1500.3001048333983: Sending message <Hello:> to Peer_21:peer
Peer_5:peer INFO 1500.3001048333983: Sending message <RequestPeers:> to Peer_21:peer
Peer_5:peer INFO 1500.8862754748886: Received message <PeerList> from Peer_21:peer
Peer_5:peer INFO 1536.5148169179452: Received message <Hello:> from Peer_2:peer
Peer_5:peer INFO 1536.5148169179452: Connecting to Peer_2:peer
Peer_5:peer INFO 1536.5148169179452: Sending message <Hello:> to Peer_2:peer
Peer_5:peer INFO 1536.5148169179452: Sending message <RequestPeers:> to Peer_2:peer
Peer_5:peer INFO 1574.362796296108: Received message <PeerList> from Peer_27:bootstrap
Peer_5:peer INFO 1578.0396110806735: Connecting to Peer_19:peer
Peer_5:peer INFO 1578.0774683301054: Received message <Hello:> from Peer_15:peer
Peer_5:peer INFO 1578.0774683301054: Connecting to Peer_15:peer
Peer_5:peer INFO 1578.0774683301054: Sending message <Hello:> to Peer_15:peer
Peer_5:peer INFO 1578.0774683301054: Sending message <RequestPeers:> to Peer_15:peer
Peer_5:peer INFO 1608.631030488067: Received message <PeerList> from Peer_2:peer
Peer_5:peer INFO 1656.0350156591876: Received message <RequestPeers:> from Peer_19:peer
Peer_5:peer INFO 1656.0350156591876: Sending message <PeerList> to Peer_19:peer
Peer_5:peer INFO 1656.0692219864443: Received message <Hello:> from Peer_19:peer
Peer_5:peer INFO 1656.1484192165153: Received message <PeerList> from Peer_6:peer
Peer_5:peer INFO 1734.136926755741: Received message <PeerList> from Peer_15:peer
Peer_5:peer INFO 2500: Sending message <Ping:> to Peer_27:bootstrap
Peer_5:peer INFO 2500: Sending message <Ping:> to Peer_6:peer
Peer_5:peer INFO 2500: Sending message <Ping:> to Peer_21:peer
Peer_5:peer INFO 2500: Sending message <Ping:> to Peer_2:peer
Peer_5:peer INFO 2500: Sending message <Ping:> to Peer_19:peer
Peer_5:peer INFO 2500: Sending message <Ping:> to Peer_15:peer
Peer_5:peer INFO 2500.267177205957: Received message <Ping:> from Peer_21:peer
Peer_5:peer INFO 2500.267177205957: Sending message <Pong:> to Peer_21:peer
Peer_5:peer INFO 2500.6719633658863: Received message <Pong:> from Peer_21:peer
Peer_5:peer INFO 2536.9625638287375: Received message <Ping:> from Peer_2:peer
Peer_5:peer INFO 2536.9625638287375: Sending message <Pong:> to Peer_2:peer
Peer_5:peer INFO 2537.06838850419: Received message <Ping:> from Peer_27:bootstrap
Peer_5:peer INFO 2537.06838850419: Sending message <Pong:> to Peer_27:bootstrap
Peer_5:peer INFO 2573.9260065832805: Received message <Pong:> from Peer_27:bootstrap
Peer_5:peer INFO 2574.4489730921628: Received message <Pong:> from Peer_2:peer
Peer_5:peer INFO 2578.03004955779: Received message <Ping:> from Peer_19:peer
Peer_5:peer INFO 2578.03004955779: Sending message <Pong:> to Peer_19:peer
Peer_5:peer INFO 2578.0318063375967: Received message <Ping:> from Peer_6:peer
Peer_5:peer INFO 2578.0318063375967: Sending message <Pong:> to Peer_6:peer
Peer_5:peer INFO 2578.0493394396167: Received message <Ping:> from Peer_15:peer
Peer_5:peer INFO 2578.0493394396167: Sending message <Pong:> to Peer_15:peer
Peer_5:peer INFO 2656.014287636355: Received message <Pong:> from Peer_15:peer
Peer_5:peer INFO 2656.0361606028173: Received message <Pong:> from Peer_6:peer
Peer_5:peer INFO 2656.1127778451964: Received message <Pong:> from Peer_19:peer
Peer_5:peer INFO 3500: Sending message <Ping:> to Peer_27:bootstrap
Peer_5:peer INFO 3500: Sending message <Ping:> to Peer_6:peer
Peer_5:peer INFO 3500: Sending message <Ping:> to Peer_21:peer
Peer_5:peer INFO 3500: Sending message <Ping:> to Peer_2:peer
Peer_5:peer INFO 3500: Sending message <Ping:> to Peer_19:peer
Peer_5:peer INFO 3500: Sending message <Ping:> to Peer_15:peer
Peer_5:peer INFO 3500.5021056730275: Received message <Ping:> from Peer_21:peer
Peer_5:peer INFO 3500.5021056730275: Sending message <Pong:> to Peer_21:peer
Peer_5:peer INFO 3500.6262888699434: Received message <Pong:> from Peer_21:peer
Peer_5:peer INFO 3536.914272613861: Received message <Ping:> from Peer_2:peer
Peer_5:peer INFO 3536.914272613861: Sending message <Pong:> to Peer_2:peer
Peer_5:peer INFO 3537.2916409460513: Received message <Ping:> from Peer_27:bootstrap
Peer_5:peer INFO 3537.2916409460513: Sending message <Pong:> to Peer_27:bootstrap
Peer_5:peer INFO 3572.8520944721463: Received message <Pong:> from Peer_2:peer
Peer_5:peer INFO 3574.2977775008508: Received message <Pong:> from Peer_27:bootstrap
Peer_5:peer INFO 3577.981743359032: Received message <Ping:> from Peer_6:peer
Peer_5:peer INFO 3577.981743359032: Sending message <Pong:> to Peer_6:peer
Peer_5:peer INFO 3578.016289959928: Received message <Ping:> from Peer_15:peer
Peer_5:peer INFO 3578.016289959928: Sending message <Pong:> to Peer_15:peer
Peer_5:peer INFO 3578.1043348516946: Received message <Ping:> from Peer_19:peer
Peer_5:peer INFO 3578.1043348516946: Sending message <Pong:> to Peer_19:peer
Peer_5:peer INFO 3655.9109277702196: Received message <Pong:> from Peer_15:peer
Peer_5:peer INFO 3655.9142209826905: Received message <Pong:> from Peer_6:peer
Peer_5:peer INFO 3656.0088039401057: Received message <Pong:> from Peer_19:peer
Peer_5:peer INFO 4500: Sending message <Ping:> to Peer_27:bootstrap
Peer_5:peer INFO 4500: Sending message <Ping:> to Peer_6:peer
Peer_5:peer INFO 4500: Sending message <Ping:> to Peer_21:peer
Peer_5:peer INFO 4500: Sending message <Ping:> to Peer_2:peer
Peer_5:peer INFO 4500: Sending message <Ping:> to Peer_19:peer
Peer_5:peer INFO 4500: Sending message <Ping:> to Peer_15:peer
Peer_5:peer INFO 4500.3101485298885: Received message <Ping:> from Peer_21:peer
Peer_5:peer INFO 4500.3101485298885: Sending message <Pong:> to Peer_21:peer
Peer_5:peer INFO 4500.567934006331: Received message <Pong:> from Peer_21:peer
Peer_5:peer INFO 4536.440645349491: Received message <Ping:> from Peer_27:bootstrap
Peer_5:peer INFO 4536.440645349491: Sending message <Pong:> to Peer_27:bootstrap
Peer_5:peer INFO 4537.1319125392965: Received message <Ping:> from Peer_2:peer
Peer_5:peer INFO 4537.1319125392965: Sending message <Pong:> to Peer_2:peer
Peer_5:peer INFO 4573.304076662091: Received message <Pong:> from Peer_2:peer
Peer_5:peer INFO 4573.841039629709: Received message <Pong:> from Peer_27:bootstrap
Peer_5:peer INFO 4577.940627894972: Received message <Ping:> from Peer_19:peer
Peer_5:peer INFO 4577.940627894972: Sending message <Pong:> to Peer_19:peer
Peer_5:peer INFO 4578.025206374823: Received message <Ping:> from Peer_6:peer
Peer_5:peer INFO 4578.025206374823: Sending message <Pong:> to Peer_6:peer
Peer_5:peer INFO 4578.045382141145: Received message <Ping:> from Peer_15:peer
Peer_5:peer INFO 4578.045382141145: Sending message <Pong:> to Peer_15:peer
Peer_5:peer INFO 4655.982229066293: Received message <Pong:> from Peer_15:peer
Peer_5:peer INFO 4656.002671978217: Received message <Pong:> from Peer_6:peer
Peer_5:peer INFO 4656.074375148266: Received message <Pong:> from Peer_19:peer
Peer_5:peer INFO 5500: Sending message <Ping:> to Peer_27:bootstrap
Peer_5:peer INFO 5500: Sending message <Ping:> to Peer_6:peer
Peer_5:peer INFO 5500: Sending message <Ping:> to Peer_21:peer
Peer_5:peer INFO 5500: Sending message <Ping:> to Peer_2:peer
Peer_5:peer INFO 5500: Sending message <Ping:> to Peer_19:peer
Peer_5:peer INFO 5500: Sending message <Ping:> to Peer_15:peer
Peer_5:peer INFO 5500.258490854057: Received message <Ping:> from Peer_21:peer
Peer_5:peer INFO 5500.258490854057: Sending message <Pong:> to Peer_21:peer
Peer_5:peer INFO 5500.611476232193: Received message <Pong:> from Peer_21:peer
Peer_5:peer INFO 5536.5763599449465: Received message <Ping:> from Peer_2:peer
Peer_5:peer INFO 5536.5763599449465: Sending message <Pong:> to Peer_2:peer
Peer_5:peer INFO 5536.955083970263: Received message <Hello:> from Peer_20:peer
Peer_5:peer INFO 5536.955083970263: Connecting to Peer_20:peer
Peer_5:peer INFO 5536.955083970263: Sending message <Hello:> to Peer_20:peer
Peer_5:peer INFO 5536.955083970263: Sending message <RequestPeers:> to Peer_20:peer
Peer_5:peer INFO 5537.906206388955: Received message <Ping:> from Peer_27:bootstrap
Peer_5:peer INFO 5537.906206388955: Sending message <Pong:> to Peer_27:bootstrap
Peer_5:peer INFO 5573.253543881796: Received message <Pong:> from Peer_27:bootstrap
Peer_5:peer INFO 5573.654821018968: Received message <Pong:> from Peer_2:peer
Peer_5:peer INFO 5578.005477451905: Received message <Ping:> from Peer_19:peer
Peer_5:peer INFO 5578.005477451905: Sending message <Pong:> to Peer_19:peer
Peer_5:peer INFO 5578.018951579662: Received message <Ping:> from Peer_6:peer
Peer_5:peer INFO 5578.018951579662: Sending message <Pong:> to Peer_6:peer
Peer_5:peer INFO 5578.086305408672: Received message <Ping:> from Peer_15:peer
Peer_5:peer INFO 5578.086305408672: Sending message <Pong:> to Peer_15:peer
Peer_5:peer INFO 5610.490429224479: Received message <PeerList> from Peer_20:peer
Peer_5:peer INFO 5655.970220972421: Received message <Pong:> from Peer_15:peer
Peer_5:peer INFO 5656.007855371781: Received message <Pong:> from Peer_19:peer
Peer_5:peer INFO 5656.0323076942195: Received message <Pong:> from Peer_6:peer
Peer_5:peer INFO 6500: Sending message <Ping:> to Peer_27:bootstrap
Peer_5:peer INFO 6500: Sending message <Ping:> to Peer_6:peer
Peer_5:peer INFO 6500: Sending message <Ping:> to Peer_21:peer
Peer_5:peer INFO 6500: Sending message <Ping:> to Peer_2:peer
Peer_5:peer INFO 6500: Sending message <Ping:> to Peer_19:peer
Peer_5:peer INFO 6500: Sending message <Ping:> to Peer_15:peer
Peer_5:peer INFO 6500: Sending message <Ping:> to Peer_20:peer
Peer_5:peer INFO 6500.267911640411: Received message <Ping:> from Peer_21:peer
Peer_5:peer INFO 6500.267911640411: Sending message <Pong:> to Peer_21:peer
Peer_5:peer INFO 6500.544617058203: Received message <Pong:> from Peer_21:peer
Peer_5:peer INFO 6536.0109739828295: Received message <Ping:> from Peer_2:peer
Peer_5:peer INFO 6536.0109739828295: Sending message <Pong:> to Peer_2:peer
Peer_5:peer INFO 6536.291050331345: Received message <Ping:> from Peer_27:bootstrap
Peer_5:peer INFO 6536.291050331345: Sending message <Pong:> to Peer_27:bootstrap
Peer_5:peer INFO 6537.14422879776: Received message <Ping:> from Peer_20:peer
Peer_5:peer INFO 6537.14422879776: Sending message <Pong:> to Peer_20:peer
Peer_5:peer INFO 6573.8154115327225: Received message <Pong:> from Peer_27:bootstrap
Peer_5:peer INFO 6574.038839764487: Received message <Pong:> from Peer_20:peer
Peer_5:peer INFO 6574.23691746637: Received message <Pong:> from Peer_2:peer
Peer_5:peer INFO 6577.982016789877: Received message <Ping:> from Peer_15:peer
Peer_5:peer INFO 6577.982016789877: Sending message <Pong:> to Peer_15:peer
Peer_5:peer INFO 6577.983708584307: Received message <Ping:> from Peer_19:peer
Peer_5:peer INFO 6577.983708584307: Sending message <Pong:> to Peer_19:peer
Peer_5:peer INFO 6577.990851577276: Received message <Ping:> from Peer_6:peer
Peer_5:peer INFO 6577.990851577276: Sending message <Pong:> to Peer_6:peer
Peer_5:peer INFO 6655.953555644616: Received message <Pong:> from Peer_6:peer
Peer_5:peer INFO 6655.9817874315395: Received message <Pong:> from Peer_15:peer
Peer_5:peer INFO 6655.987649896873: Received message <Pong:> from Peer_19:peer
Peer_5:peer INFO 7500: Sending message <Ping:> to Peer_27:bootstrap
Peer_5:peer INFO 7500: Sending message <Ping:> to Peer_6:peer
Peer_5:peer INFO 7500: Sending message <Ping:> to Peer_21:peer
Peer_5:peer INFO 7500: Sending message <Ping:> to Peer_2:peer
Peer_5:peer INFO 7500: Sending message <Ping:> to Peer_19:peer
Peer_5:peer INFO 7500: Sending message <Ping:> to Peer_15:peer
Peer_5:peer INFO 7500: Sending message <Ping:> to Peer_20:peer
Peer_5:peer INFO 7500.368330399354: Received message <Ping:> from Peer_21:peer
Peer_5:peer INFO 7500.368330399354: Sending message <Pong:> to Peer_21:peer
Peer_5:peer INFO 7500.6134611992875: Received message <Pong:> from Peer_21:peer
Peer_5:peer INFO 7536.211224481975: Received message <Ping:> from Peer_27:bootstrap
Peer_5:peer INFO 7536.211224481975: Sending message <Pong:> to Peer_27:bootstrap
Peer_5:peer INFO 7537.313121145158: Received message <Ping:> from Peer_20:peer
Peer_5:peer INFO 7537.313121145158: Sending message <Pong:> to Peer_20:peer
Peer_5:peer INFO 7537.651272125441: Received message <Ping:> from Peer_2:peer
Peer_5:peer INFO 7537.651272125441: Sending message <Pong:> to Peer_2:peer
Peer_5:peer INFO 7573.220767625365: Received message <Pong:> from Peer_27:bootstrap
Peer_5:peer INFO 7573.730784837219: Received message <Pong:> from Peer_2:peer
Peer_5:peer INFO 7573.783346968866: Received message <Pong:> from Peer_20:peer
Peer_5:peer INFO 7577.990321903091: Received message <Ping:> from Peer_15:peer
Peer_5:peer INFO 7577.990321903091: Sending message <Pong:> to Peer_15:peer
Peer_5:peer INFO 7578.015336300532: Received message <Ping:> from Peer_6:peer
Peer_5:peer INFO 7578.015336300532: Sending message <Pong:> to Peer_6:peer
Peer_5:peer INFO 7578.015436487513: Received message <Ping:> from Peer_19:peer
Peer_5:peer INFO 7578.015436487513: Sending message <Pong:> to Peer_19:peer
Peer_5:peer INFO 7655.9296956383205: Received message <Pong:> from Peer_15:peer
Peer_5:peer INFO 7656.032635337847: Received message <Pong:> from Peer_6:peer
Peer_5:peer INFO 7656.048949735689: Received message <Pong:> from Peer_19:peer
Peer_5:peer INFO 8500: Sending message <Ping:> to Peer_27:bootstrap
Peer_5:peer INFO 8500: Sending message <Ping:> to Peer_6:peer
Peer_5:peer INFO 8500: Sending message <Ping:> to Peer_21:peer
Peer_5:peer INFO 8500: Sending message <Ping:> to Peer_2:peer
Peer_5:peer INFO 8500: Sending message <Ping:> to Peer_19:peer
Peer_5:peer INFO 8500: Sending message <Ping:> to Peer_15:peer
Peer_5:peer INFO 8500: Sending message <Ping:> to Peer_20:peer
Peer_5:peer INFO 8500.235474337438: Received message <Ping:> from Peer_21:peer
Peer_5:peer INFO 8500.235474337438: Sending message <Pong:> to Peer_21:peer
Peer_5:peer INFO 8500.548926742998: Received message <Pong:> from Peer_21:peer
Peer_5:peer INFO 8536.554588433826: Received message <Ping:> from Peer_27:bootstrap
Peer_5:peer INFO 8536.554588433826: Sending message <Pong:> to Peer_27:bootstrap
Peer_5:peer INFO 8537.174543697052: Received message <Ping:> from Peer_2:peer
Peer_5:peer INFO 8537.174543697052: Sending message <Pong:> to Peer_2:peer
Peer_5:peer INFO 8537.267132662852: Received message <Ping:> from Peer_20:peer
Peer_5:peer INFO 8537.267132662852: Sending message <Pong:> to Peer_20:peer
Peer_5:peer INFO 8573.009091097565: Received message <Pong:> from Peer_2:peer
Peer_5:peer INFO 8573.827060467043: Received message <Pong:> from Peer_27:bootstrap
Peer_5:peer INFO 8573.98597313789: Received message <Pong:> from Peer_20:peer
Peer_5:peer INFO 8577.98290297588: Received message <Ping:> from Peer_19:peer
Peer_5:peer INFO 8577.98290297588: Sending message <Pong:> to Peer_19:peer
Peer_5:peer INFO 8578.01951141345: Received message <Ping:> from Peer_15:peer
Peer_5:peer INFO 8578.01951141345: Sending message <Pong:> to Peer_15:peer
Peer_5:peer INFO 8578.067004648909: Received message <Ping:> from Peer_6:peer
Peer_5:peer INFO 8578.067004648909: Sending message <Pong:> to Peer_6:peer
Peer_5:peer INFO 8655.950091295636: Received message <Pong:> from Peer_15:peer
Peer_5:peer INFO 8655.956969278894: Received message <Pong:> from Peer_6:peer
Peer_5:peer INFO 8656.142763916643: Received message <Pong:> from Peer_19:peer
Peer_5:peer INFO 9500: Sending message <Ping:> to Peer_27:bootstrap
Peer_5:peer INFO 9500: Sending message <Ping:> to Peer_6:peer
Peer_5:peer INFO 9500: Sending message <Ping:> to Peer_21:peer
Peer_5:peer INFO 9500: Sending message <Ping:> to Peer_2:peer
Peer_5:peer INFO 9500: Sending message <Ping:> to Peer_19:peer
Peer_5:peer INFO 9500: Sending message <Ping:> to Peer_15:peer
Peer_5:peer INFO 9500: Sending message <Ping:> to Peer_20:peer
Peer_5:peer INFO 9500.235188271723: Received message <Ping:> from Peer_21:peer
Peer_5:peer INFO 9500.235188271723: Sending message <Pong:> to Peer_21:peer
Peer_5:peer INFO 9500.501524445233: Received message <Pong:> from Peer_21:peer
Peer_5:peer INFO 9535.684059654466: Received message <Ping:> from Peer_27:bootstrap
Peer_5:peer INFO 9535.684059654466: Sending message <Pong:> to Peer_27:bootstrap
Peer_5:peer INFO 9536.82589367947: Received message <Ping:> from Peer_2:peer
Peer_5:peer INFO 9536.82589367947: Sending message <Pong:> to Peer_2:peer
Peer_5:peer INFO 9537.29542179029: Received message <Ping:> from Peer_20:peer
Peer_5:peer INFO 9537.29542179029: Sending message <Pong:> to Peer_20:peer
Peer_5:peer INFO 9572.600301769411: Received message <Pong:> from Peer_20:peer
Peer_5:peer INFO 9573.368260493471: Received message <Pong:> from Peer_2:peer
Peer_5:peer INFO 9573.376607626022: Received message <Pong:> from Peer_27:bootstrap
Peer_5:peer INFO 9577.990901831072: Received message <Ping:> from Peer_6:peer
Peer_5:peer INFO 9577.990901831072: Sending message <Pong:> to Peer_6:peer
Peer_5:peer INFO 9578.014434094437: Received message <Ping:> from Peer_19:peer
Peer_5:peer INFO 9578.014434094437: Sending message <Pong:> to Peer_19:peer
Peer_5:peer INFO 9578.08586294675: Received message <Ping:> from Peer_15:peer
Peer_5:peer INFO 9578.08586294675: Sending message <Pong:> to Peer_15:peer
Peer_5:peer INFO 9655.935136281434: Received message <Pong:> from Peer_6:peer
Peer_5:peer INFO 9655.956999975326: Received message <Pong:> from Peer_15:peer
Peer_5:peer INFO 9656.095119705467: Received message <Pong:> from Peer_19:peer
Peer_5:peer INFO 10209.18862786961: Received message <GossipMessage:1_26> from Peer_15:peer
Peer_5:peer INFO 10209.18862786961: Sending message <GossipMessage:1_26> to Peer_19:peer
Peer_5:peer INFO 10209.18862786961: Sending message <GossipMessage:1_26> to Peer_20:peer
Peer_5:peer INFO 10209.18862786961: Sending message <GossipMessage:1_26> to Peer_2:peer
Peer_5:peer INFO 10209.433891702747: Received message <GossipMessage:1_26> from Peer_6:peer
Peer_5:peer INFO 10234.00322775772: Received message <GossipMessage:1_26> from Peer_20:peer
Peer_5:peer INFO 10409.145216896186: Received message <GossipMessage:2_26> from Peer_15:peer
Peer_5:peer INFO 10409.145216896186: Sending message <GossipMessage:2_26> to Peer_2:peer
Peer_5:peer INFO 10409.145216896186: Sending message <GossipMessage:2_26> to Peer_19:peer
Peer_5:peer INFO 10409.145216896186: Sending message <GossipMessage:2_26> to Peer_20:peer
Peer_5:peer INFO 10409.366156123724: Received message <GossipMessage:2_26> from Peer_6:peer
Peer_5:peer INFO 10433.277385365704: Received message <GossipMessage:2_26> from Peer_20:peer
Peer_5:peer INFO 10500: Sending message <Ping:> to Peer_27:bootstrap
Peer_5:peer INFO 10500: Sending message <Ping:> to Peer_21:peer
Peer_5:peer INFO 10500: Sending message <Ping:> to Peer_2:peer
Peer_5:peer INFO 10500: Sending message <Ping:> to Peer_19:peer
Peer_5:peer INFO 10500.264048453444: Received message <Ping:> from Peer_21:peer
Peer_5:peer INFO 10500.264048453444: Sending message <Pong:> to Peer_21:peer
Peer_5:peer INFO 10500.568232097687: Received message <Pong:> from Peer_21:peer
Peer_5:peer INFO 10536.904281115416: Received message <Ping:> from Peer_27:bootstrap
Peer_5:peer INFO 10536.904281115416: Sending message <Pong:> to Peer_27:bootstrap
Peer_5:peer INFO 10573.520526053891: Received message <Pong:> from Peer_27:bootstrap
Peer_5:peer INFO 10574.469623705492: Received message <Pong:> from Peer_2:peer
Peer_5:peer INFO 10578.048284200764: Received message <Ping:> from Peer_6:peer
Peer_5:peer INFO 10578.048284200764: Sending message <Pong:> to Peer_6:peer
Peer_5:peer INFO 10578.112946480644: Received message <Ping:> from Peer_15:peer
Peer_5:peer INFO 10578.112946480644: Sending message <Pong:> to Peer_15:peer
Peer_5:peer INFO 10609.075200359666: Received message <GossipMessage:3_26> from Peer_15:peer
Peer_5:peer INFO 10609.075200359666: Sending message <GossipMessage:3_26> to Peer_21:peer
Peer_5:peer INFO 10609.075200359666: Sending message <GossipMessage:3_26> to Peer_19:peer
Peer_5:peer INFO 10609.075200359666: Sending message <GossipMessage:3_26> to Peer_6:peer
Peer_5:peer INFO 10609.648807988735: Received message <GossipMessage:3_26> from Peer_6:peer
Peer_5:peer INFO 10633.618359800124: Received message <GossipMessage:3_26> from Peer_20:peer
Peer_5:peer INFO 10655.936184853519: Received message <Pong:> from Peer_19:peer
Peer_5:peer INFO 10808.9862687053: Received message <GossipMessage:4_26> from Peer_15:peer
Peer_5:peer INFO 10808.9862687053: Sending message <GossipMessage:4_26> to Peer_6:peer
Peer_5:peer INFO 10808.9862687053: Sending message <GossipMessage:4_26> to Peer_21:peer
Peer_5:peer INFO 10808.9862687053: Sending message <GossipMessage:4_26> to Peer_2:peer
Peer_5:peer INFO 10809.538553013197: Received message <GossipMessage:4_26> from Peer_6:peer
Peer_5:peer INFO 10832.983812736187: Received message <GossipMessage:4_26> from Peer_20:peer
Peer_5:peer INFO 11009.305175520094: Received message <GossipMessage:5_26> from Peer_15:peer
Peer_5:peer INFO 11009.305175520094: Sending message <GossipMessage:5_26> to Peer_2:peer
Peer_5:peer INFO 11009.305175520094: Sending message <GossipMessage:5_26> to Peer_6:peer
Peer_5:peer INFO 11009.305175520094: Sending message <GossipMessage:5_26> to Peer_19:peer
Peer_5:peer INFO 11009.595141501028: Received message <GossipMessage:5_26> from Peer_6:peer
Peer_5:peer INFO 11032.789677951141: Received message <GossipMessage:5_26> from Peer_20:peer
Peer_5:peer INFO 11036.943055223694: Received message <Ping:> from Peer_20:peer
Peer_5:peer INFO 11036.943055223694: Sending message <Pong:> to Peer_20:peer
Peer_5:peer INFO 11209.370952282314: Received message <GossipMessage:6_26> from Peer_15:peer
Peer_5:peer INFO 11209.370952282314: Sending message <GossipMessage:6_26> to Peer_21:peer
Peer_5:peer INFO 11209.370952282314: Sending message <GossipMessage:6_26> to Peer_2:peer
Peer_5:peer INFO 11209.370952282314: Sending message <GossipMessage:6_26> to Peer_19:peer
Peer_5:peer INFO 11209.95020428958: Received message <GossipMessage:6_26> from Peer_6:peer
Peer_5:peer INFO 11233.74256716918: Received message <GossipMessage:6_26> from Peer_20:peer
Peer_5:peer INFO 11409.06645720737: Received message <GossipMessage:7_26> from Peer_15:peer
Peer_5:peer INFO 11409.06645720737: Sending message <GossipMessage:7_26> to Peer_19:peer
Peer_5:peer INFO 11409.06645720737: Sending message <GossipMessage:7_26> to Peer_20:peer
Peer_5:peer INFO 11409.06645720737: Sending message <GossipMessage:7_26> to Peer_6:peer
Peer_5:peer INFO 11409.779888617493: Received message <GossipMessage:7_26> from Peer_6:peer
Peer_5:peer INFO 11433.889832532293: Received message <GossipMessage:7_26> from Peer_20:peer
Peer_5:peer INFO 11500: Sending message <Ping:> to Peer_27:bootstrap
Peer_5:peer INFO 11500: Sending message <Ping:> to Peer_21:peer
Peer_5:peer INFO 11500: Sending message <Ping:> to Peer_2:peer
Peer_5:peer INFO 11500: Sending message <Ping:> to Peer_19:peer
Peer_5:peer INFO 11500.532217190203: Received message <Pong:> from Peer_21:peer
Peer_5:peer INFO 11537.316621506037: Received message <Ping:> from Peer_27:bootstrap
Peer_5:peer INFO 11537.316621506037: Sending message <Pong:> to Peer_27:bootstrap
Peer_5:peer INFO 11573.169215399845: Received message <Pong:> from Peer_2:peer
Peer_5:peer INFO 11573.672626538757: Received message <Pong:> from Peer_27:bootstrap
Peer_5:peer INFO 11577.933826937706: Received message <Ping:> from Peer_15:peer
Peer_5:peer INFO 11577.933826937706: Sending message <Pong:> to Peer_15:peer
Peer_5:peer INFO 11608.611122997318: Received message <GossipMessage:8_26> from Peer_15:peer
Peer_5:peer INFO 11608.611122997318: Sending message <GossipMessage:8_26> to Peer_6:peer
Peer_5:peer INFO 11608.611122997318: Sending message <GossipMessage:8_26> to Peer_2:peer
Peer_5:peer INFO 11608.611122997318: Sending message <GossipMessage:8_26> to Peer_20:peer
Peer_5:peer INFO 11609.381165606334: Received message <GossipMessage:8_26> from Peer_6:peer
Peer_5:peer INFO 11632.961933708666: Received message <GossipMessage:8_26> from Peer_20:peer
Peer_5:peer INFO 11655.927390378843: Received message <Pong:> from Peer_19:peer
Peer_5:peer INFO 11809.475522059634: Received message <GossipMessage:9_26> from Peer_15:peer
Peer_5:peer INFO 11809.475522059634: Sending message <GossipMessage:9_26> to Peer_21:peer
Peer_5:peer INFO 11809.475522059634: Sending message <GossipMessage:9_26> to Peer_19:peer
Peer_5:peer INFO 11809.475522059634: Sending message <GossipMessage:9_26> to Peer_2:peer
Peer_5:peer INFO 11809.629630579093: Received message <GossipMessage:9_26> from Peer_6:peer
Peer_5:peer INFO 11832.932711185947: Received message <GossipMessage:9_26> from Peer_20:peer
Peer_5:peer INFO 12009.357194286944: Received message <GossipMessage:10_26> from Peer_15:peer
Peer_5:peer INFO 12009.357194286944: Sending message <GossipMessage:10_26> to Peer_19:peer
Peer_5:peer INFO 12009.357194286944: Sending message <GossipMessage:10_26> to Peer_21:peer
Peer_5:peer INFO 12009.357194286944: Sending message <GossipMessage:10_26> to Peer_20:peer
Peer_5:peer INFO 12009.60174249604: Received message <GossipMessage:10_26> from Peer_6:peer
Peer_5:peer INFO 12033.394656129803: Received message <GossipMessage:10_26> from Peer_20:peer
Peer_5:peer INFO 12208.804120542434: Received message <GossipMessage:11_26> from Peer_15:peer
Peer_5:peer INFO 12208.804120542434: Sending message <GossipMessage:11_26> to Peer_6:peer
Peer_5:peer INFO 12208.804120542434: Sending message <GossipMessage:11_26> to Peer_19:peer
Peer_5:peer INFO 12208.804120542434: Sending message <GossipMessage:11_26> to Peer_2:peer
Peer_5:peer INFO 12209.236867410043: Received message <GossipMessage:11_26> from Peer_6:peer
Peer_5:peer INFO 12233.854663753993: Received message <GossipMessage:11_26> from Peer_20:peer
Peer_5:peer INFO 12409.105363682016: Received message <GossipMessage:12_26> from Peer_15:peer
Peer_5:peer INFO 12409.105363682016: Sending message <GossipMessage:12_26> to Peer_21:peer
Peer_5:peer INFO 12409.105363682016: Sending message <GossipMessage:12_26> to Peer_6:peer
Peer_5:peer INFO 12409.105363682016: Sending message <GossipMessage:12_26> to Peer_20:peer
Peer_5:peer INFO 12409.436533576261: Received message <GossipMessage:12_26> from Peer_6:peer
Peer_5:peer INFO 12433.725227354465: Received message <GossipMessage:12_26> from Peer_20:peer
Peer_5:peer INFO 12500: Sending message <Ping:> to Peer_27:bootstrap
Peer_5:peer INFO 12500: Sending message <Ping:> to Peer_21:peer
Peer_5:peer INFO 12500: Sending message <Ping:> to Peer_2:peer
Peer_5:peer INFO 12500: Sending message <Ping:> to Peer_19:peer
Peer_5:peer INFO 12500.596868869568: Received message <Pong:> from Peer_21:peer
Peer_5:peer INFO 12537.712720081117: Received message <Ping:> from Peer_27:bootstrap
Peer_5:peer INFO 12537.712720081117: Sending message <Pong:> to Peer_27:bootstrap
Peer_5:peer INFO 12574.050926425492: Received message <Pong:> from Peer_2:peer
Peer_5:peer INFO 12574.860055902407: Received message <Pong:> from Peer_27:bootstrap
Peer_5:peer INFO 12577.922114972387: Received message <Ping:> from Peer_15:peer
Peer_5:peer INFO 12577.922114972387: Sending message <Pong:> to Peer_15:peer
Peer_5:peer INFO 12608.851686951743: Received message <GossipMessage:13_26> from Peer_15:peer
Peer_5:peer INFO 12608.851686951743: Sending message <GossipMessage:13_26> to Peer_21:peer
Peer_5:peer INFO 12608.851686951743: Sending message <GossipMessage:13_26> to Peer_19:peer
Peer_5:peer INFO 12608.851686951743: Sending message <GossipMessage:13_26> to Peer_2:peer
Peer_5:peer INFO 12609.45000283909: Received message <GossipMessage:13_26> from Peer_6:peer
Peer_5:peer INFO 12632.203749398957: Received message <GossipMessage:13_26> from Peer_20:peer
Peer_5:peer INFO 12656.093575532017: Received message <Pong:> from Peer_19:peer
Peer_5:peer INFO 12808.971439294735: Received message <GossipMessage:14_26> from Peer_15:peer
Peer_5:peer INFO 12808.971439294735: Sending message <GossipMessage:14_26> to Peer_6:peer
Peer_5:peer INFO 12808.971439294735: Sending message <GossipMessage:14_26> to Peer_20:peer
Peer_5:peer INFO 12808.971439294735: Sending message <GossipMessage:14_26> to Peer_19:peer
Peer_5:peer INFO 12809.73752211797: Received message <GossipMessage:14_26> from Peer_6:peer
Peer_5:peer INFO 12831.755895458817: Received message <GossipMessage:14_26> from Peer_20:peer
Peer_5:peer INFO 13008.963822286987: Received message <GossipMessage:15_26> from Peer_15:peer
Peer_5:peer INFO 13008.963822286987: Sending message <GossipMessage:15_26> to Peer_19:peer
Peer_5:peer INFO 13008.963822286987: Sending message <GossipMessage:15_26> to Peer_2:peer
Peer_5:peer INFO 13008.963822286987: Sending message <GossipMessage:15_26> to Peer_6:peer
Peer_5:peer INFO 13009.580964145749: Received message <GossipMessage:15_26> from Peer_6:peer
Peer_5:peer INFO 13033.599064340124: Received message <GossipMessage:15_26> from Peer_20:peer
Peer_5:peer INFO 13209.096430690031: Received message <GossipMessage:16_26> from Peer_15:peer
Peer_5:peer INFO 13209.096430690031: Sending message <GossipMessage:16_26> to Peer_20:peer
Peer_5:peer INFO 13209.096430690031: Sending message <GossipMessage:16_26> to Peer_21:peer
Peer_5:peer INFO 13209.096430690031: Sending message <GossipMessage:16_26> to Peer_6:peer
Peer_5:peer INFO 13209.281247989034: Received message <GossipMessage:16_26> from Peer_6:peer
Peer_5:peer INFO 13233.19420715914: Received message <GossipMessage:16_26> from Peer_20:peer
Peer_5:peer INFO 13408.920648695701: Received message <GossipMessage:17_26> from Peer_15:peer
Peer_5:peer INFO 13408.920648695701: Sending message <GossipMessage:17_26> to Peer_20:peer
Peer_5:peer INFO 13408.920648695701: Sending message <GossipMessage:17_26> to Peer_2:peer
Peer_5:peer INFO 13408.920648695701: Sending message <GossipMessage:17_26> to Peer_6:peer
Peer_5:peer INFO 13409.655334543286: Received message <GossipMessage:17_26> from Peer_6:peer
Peer_5:peer INFO 13432.399496115451: Received message <GossipMessage:17_26> from Peer_20:peer
Peer_5:peer INFO 13500: Sending message <Ping:> to Peer_27:bootstrap
Peer_5:peer INFO 13500: Sending message <Ping:> to Peer_21:peer
Peer_5:peer INFO 13500: Sending message <Ping:> to Peer_2:peer
Peer_5:peer INFO 13500: Sending message <Ping:> to Peer_19:peer
Peer_5:peer INFO 13500.593507114909: Received message <Pong:> from Peer_21:peer
Peer_5:peer INFO 13535.662695248378: Received message <Ping:> from Peer_27:bootstrap
Peer_5:peer INFO 13535.662695248378: Sending message <Pong:> to Peer_27:bootstrap
Peer_5:peer INFO 13573.814816305048: Received message <Pong:> from Peer_2:peer
Peer_5:peer INFO 13575.606405212719: Received message <Pong:> from Peer_27:bootstrap
Peer_5:peer INFO 13578.036083300523: Received message <Ping:> from Peer_15:peer
Peer_5:peer INFO 13578.036083300523: Sending message <Pong:> to Peer_15:peer
Peer_5:peer INFO 13608.962410787828: Received message <GossipMessage:18_26> from Peer_15:peer
Peer_5:peer INFO 13608.962410787828: Sending message <GossipMessage:18_26> to Peer_21:peer
Peer_5:peer INFO 13608.962410787828: Sending message <GossipMessage:18_26> to Peer_19:peer
Peer_5:peer INFO 13608.962410787828: Sending message <GossipMessage:18_26> to Peer_2:peer
Peer_5:peer INFO 13609.55767035433: Received message <GossipMessage:18_26> from Peer_6:peer
Peer_5:peer INFO 13633.678206769195: Received message <GossipMessage:18_26> from Peer_20:peer
Peer_5:peer INFO 13655.984309771451: Received message <Pong:> from Peer_19:peer
Peer_5:peer INFO 13808.984809925936: Received message <GossipMessage:19_26> from Peer_15:peer
Peer_5:peer INFO 13808.984809925936: Sending message <GossipMessage:19_26> to Peer_20:peer
Peer_5:peer INFO 13808.984809925936: Sending message <GossipMessage:19_26> to Peer_19:peer
Peer_5:peer INFO 13808.984809925936: Sending message <GossipMessage:19_26> to Peer_6:peer
Peer_5:peer INFO 13809.715497272371: Received message <GossipMessage:19_26> from Peer_6:peer
Peer_5:peer INFO 13834.265716530535: Received message <GossipMessage:19_26> from Peer_20:peer
Peer_5:peer INFO 14008.84851617636: Received message <GossipMessage:20_26> from Peer_15:peer
Peer_5:peer INFO 14008.84851617636: Sending message <GossipMessage:20_26> to Peer_19:peer
Peer_5:peer INFO 14008.84851617636: Sending message <GossipMessage:20_26> to Peer_21:peer
Peer_5:peer INFO 14008.84851617636: Sending message <GossipMessage:20_26> to Peer_20:peer
Peer_5:peer INFO 14009.600682599395: Received message <GossipMessage:20_26> from Peer_6:peer
Peer_5:peer INFO 14033.616143818714: Received message <GossipMessage:20_26> from Peer_20:peer
Peer_5:peer INFO 14500: Sending message <Ping:> to Peer_27:bootstrap
Peer_5:peer INFO 14500: Sending message <Ping:> to Peer_21:peer
Peer_5:peer INFO 14500: Sending message <Ping:> to Peer_2:peer
Peer_5:peer INFO 14500: Sending message <Ping:> to Peer_19:peer
Peer_5:peer INFO 14500.461400222728: Received message <Pong:> from Peer_21:peer
Peer_5:peer INFO 14535.26453403128: Received message <Ping:> from Peer_2:peer
Peer_5:peer INFO 14535.26453403128: Sending message <Pong:> to Peer_2:peer
Peer_5:peer INFO 14536.21374364521: Received message <Ping:> from Peer_27:bootstrap
Peer_5:peer INFO 14536.21374364521: Sending message <Pong:> to Peer_27:bootstrap
Peer_5:peer INFO 14573.183934865661: Received message <Pong:> from Peer_2:peer
Peer_5:peer INFO 14573.450451108429: Received message <Pong:> from Peer_27:bootstrap
Peer_5:peer INFO 14577.963608180691: Received message <Ping:> from Peer_15:peer
Peer_5:peer INFO 14577.963608180691: Sending message <Pong:> to Peer_15:peer
Peer_5:peer INFO 14577.996230819606: Received message <Ping:> from Peer_6:peer
Peer_5:peer INFO 14577.996230819606: Sending message <Pong:> to Peer_6:peer
Peer_5:peer INFO 14655.956060352542: Received message <Pong:> from Peer_19:peer
