Peer_25:peer WARNING 0: Not enough peers, fetching more (0, 4)
Peer_25:peer INFO 37.030146362345086: Connecting to Peer_27:bootstrap
Peer_25:peer INFO 72.60887289774082: Received message <RequestPeers:> from Peer_27:bootstrap
Peer_25:peer INFO 72.60887289774082: Sending message <PeerList> to Peer_27:bootstrap
Peer_25:peer INFO 74.22303796793776: Received message <Hello:> from Peer_27:bootstrap
Peer_25:peer WARNING 500: Not enough peers, fetching more (1, 4)
Peer_25:peer INFO 500: Sending message <RequestPeers:> to Peer_27:bootstrap
Peer_25:peer INFO 574.3300182438854: Received message <PeerList> from Peer_27:bootstrap
Peer_25:peer WARNING 1000: Not enough peers, fetching more (1, 4)
Peer_25:peer INFO 1000: Sending message <RequestPeers:> to Peer_27:bootstrap
Peer_25:peer INFO 1035.57456162212: Connecting to Peer_18:peer
Peer_25:peer INFO 1036.2644927138858: Received message <Hello:> from Peer_7:peer
Peer_25:peer INFO 1036.2644927138858: Connecting to Peer_7:peer
Peer_25:peer INFO 1036.2644927138858: Sending message <Hello:> to Peer_7:peer
Peer_25:peer INFO 1036.2644927138858: Sending message <RequestPeers:> to Peer_7:peer
Peer_25:peer INFO 1071.9325031858878: Received message <Hello:> from Peer_18:peer
Peer_25:peer INFO 1072.3269219176946: Received message <RequestPeers:> from Peer_18:peer
Peer_25:peer INFO 1072.3269219176946: Sending message <PeerList> to Peer_18:peer
Peer_25:peer INFO 1073.75612844059: Received message <PeerList> from Peer_27:bootstrap
Peer_25:peer INFO 1109.8919316759668: Received message <PeerList> from Peer_7:peer
Peer_25:peer WARNING 1500: Not enough peers, fetching more (3, 4)
Peer_25:peer INFO 1500.2874439120467: Received message <Hello:> from Peer_23:peer
Peer_25:peer INFO 1500.2874439120467: Connecting to Peer_23:peer
Peer_25:peer INFO 1500.2874439120467: Sending message <Hello:> to Peer_23:peer
Peer_25:peer INFO 1500.2874439120467: Sending message <RequestPeers:> to Peer_23:peer
Peer_25:peer INFO 1501.0800621335252: Received message <PeerList> from Peer_23:peer
Peer_25:peer INFO 1537.0473642272825: Received message <Hello:> from Peer_14:peer
Peer_25:peer INFO 1537.0473642272825: Connecting to Peer_14:peer
Peer_25:peer INFO 1537.0473642272825: Sending message <Hello:> to Peer_14:peer
Peer_25:peer INFO 1537.0473642272825: Sending message <RequestPeers:> to Peer_14:peer
Peer_25:peer INFO 1537.274786329356: Received message <Hello:> from Peer_8:peer
Peer_25:peer INFO 1537.274786329356: Connecting to Peer_8:peer
Peer_25:peer INFO 1537.274786329356: Sending message <Hello:> to Peer_8:peer
Peer_25:peer INFO 1537.274786329356: Sending message <RequestPeers:> to Peer_8:peer
Peer_25:peer INFO 1578.023840572973: Connecting to Peer_19:peer
Peer_25:peer INFO 1611.1831981715927: Received message <PeerList> from Peer_14:peer
Peer_25:peer INFO 1611.425102931689: Received message <PeerList> from Peer_8:peer
Peer_25:peer INFO 1656.0001006316097: Received message <RequestPeers:> from Peer_19:peer
Peer_25:peer INFO 1656.0001006316097: Sending message <PeerList> to Peer_19:peer
Peer_25:peer INFO 1656.0588892934659: Received message <Hello:> from Peer_19:peer
Peer_25:peer INFO 2000: Sending message <Ping:> to Peer_27:bootstrap
Peer_25:peer INFO 2000: Sending message <Ping:> to Peer_18:peer
Peer_25:peer INFO 2000: Sending message <Ping:> to Peer_7:peer
Peer_25:peer INFO 2035.4579930726402: Received message <Ping:> from Peer_27:bootstrap
Peer_25:peer INFO 2035.4579930726402: Sending message <Pong:> to Peer_27:bootstrap
Peer_25:peer INFO 2036.5941385231438: Received message <Ping:> from Peer_7:peer
Peer_25:peer INFO 2036.5941385231438: Sending message <Pong:> to Peer_7:peer
Peer_25:peer INFO 2036.660894165426: Received message <Ping:> from Peer_18:peer
Peer_25:peer INFO 2036.660894165426: Sending message <Pong:> to Peer_18:peer
Peer_25:peer INFO 2072.2581848104696: Received message <Pong:> from Peer_18:peer
Peer_25:peer INFO 2072.6085705436562: Received message <Pong:> from Peer_27:bootstrap
Peer_25:peer INFO 2074.319716751452: Received message <Pong:> from Peer_7:peer
Peer_25:peer INFO 2500: Sending message <Ping:> to Peer_23:peer
Peer_25:peer INFO 2500: Sending message <Ping:> to Peer_14:peer
Peer_25:peer INFO 2500: Sending message <Ping:> to Peer_8:peer
Peer_25:peer INFO 2500: Sending message <Ping:> to Peer_19:peer
Peer_25:peer INFO 2500.2727218161685: Received message <Ping:> from Peer_23:peer
Peer_25:peer INFO 2500.2727218161685: Sending message <Pong:> to Peer_23:peer
Peer_25:peer INFO 2500.8308408526486: Received message <Pong:> from Peer_23:peer
Peer_25:peer INFO 2536.132187475718: Received message <Ping:> from Peer_14:peer
Peer_25:peer INFO 2536.132187475718: Sending message <Pong:> to Peer_14:peer
Peer_25:peer INFO 2536.503178837983: Received message <Ping:> from Peer_8:peer
Peer_25:peer INFO 2536.503178837983: Sending message <Pong:> to Peer_8:peer
Peer_25:peer INFO 2572.7406539745366: Received message <Pong:> from Peer_14:peer
Peer_25:peer INFO 2573.322025415177: Received message <Pong:> from Peer_8:peer
Peer_25:peer INFO 2577.9633053359835: Received message <Ping:> from Peer_19:peer
Peer_25:peer INFO 2577.9633053359835: Sending message <Pong:> to Peer_19:peer
Peer_25:peer INFO 2656.017533778029: Received message <Pong:> from Peer_19:peer
Peer_25:peer INFO 3000: Sending message <Ping:> to Peer_27:bootstrap
Peer_25:peer INFO 3000: Sending message <Ping:> to Peer_18:peer
Peer_25:peer INFO 3000: Sending message <Ping:> to Peer_7:peer
Peer_25:peer INFO 3035.844636479628: Received message <Ping:> from Peer_7:peer
Peer_25:peer INFO 3035.844636479628: Sending message <Pong:> to Peer_7:peer
Peer_25:peer INFO 3036.037097560818: Received message <Ping:> from Peer_18:peer
Peer_25:peer INFO 3036.037097560818: Sending message <Pong:> to Peer_18:peer
Peer_25:peer INFO 3037.364287853746: Received message <Ping:> from Peer_27:bootstrap
Peer_25:peer INFO 3037.364287853746: Sending message <Pong:> to Peer_27:bootstrap
Peer_25:peer INFO 3071.3600009705488: Received message <Pong:> from Peer_27:bootstrap
Peer_25:peer INFO 3074.0195305790708: Received message <Pong:> from Peer_18:peer
Peer_25:peer INFO 3074.2629765689153: Received message <Pong:> from Peer_7:peer
Peer_25:peer INFO 3500: Sending message <Ping:> to Peer_23:peer
Peer_25:peer INFO 3500: Sending message <Ping:> to Peer_14:peer
Peer_25:peer INFO 3500: Sending message <Ping:> to Peer_8:peer
Peer_25:peer INFO 3500: Sending message <Ping:> to Peer_19:peer
Peer_25:peer INFO 3500.3340308413894: Received message <Ping:> from Peer_23:peer
Peer_25:peer INFO 3500.3340308413894: Sending message <Pong:> to Peer_23:peer
Peer_25:peer INFO 3500.4659756589763: Received message <Pong:> from Peer_23:peer
Peer_25:peer INFO 3536.2822076652515: Received message <Ping:> from Peer_8:peer
Peer_25:peer INFO 3536.2822076652515: Sending message <Pong:> to Peer_8:peer
Peer_25:peer INFO 3536.379943891924: Received message <Ping:> from Peer_14:peer
Peer_25:peer INFO 3536.379943891924: Sending message <Pong:> to Peer_14:peer
Peer_25:peer INFO 3573.8864591134043: Received message <Pong:> from Peer_8:peer
Peer_25:peer INFO 3573.9596583354682: Received message <Pong:> from Peer_14:peer
Peer_25:peer INFO 3578.06550296941: Received message <Ping:> from Peer_19:peer
Peer_25:peer INFO 3578.06550296941: Sending message <Pong:> to Peer_19:peer
Peer_25:peer INFO 3656.0674663672507: Received message <Pong:> from Peer_19:peer
Peer_25:peer INFO 4000: Sending message <Ping:> to Peer_27:bootstrap
Peer_25:peer INFO 4000: Sending message <Ping:> to Peer_18:peer
Peer_25:peer INFO 4000: Sending message <Ping:> to Peer_7:peer
Peer_25:peer INFO 4036.108138008676: Received message <Ping:> from Peer_7:peer
Peer_25:peer INFO 4036.108138008676: Sending message <Pong:> to Peer_7:peer
Peer_25:peer INFO 4036.9218034586374: Received message <Ping:> from Peer_18:peer
Peer_25:peer INFO 4036.9218034586374: Sending message <Pong:> to Peer_18:peer
Peer_25:peer INFO 4037.5878741617958: Received message <Ping:> from Peer_27:bootstrap
Peer_25:peer INFO 4037.5878741617958: Sending message <Pong:> to Peer_27:bootstrap
Peer_25:peer INFO 4072.868449104242: Received message <Pong:> from Peer_18:peer
Peer_25:peer INFO 4073.5459102203645: Received message <Pong:> from Peer_7:peer
Peer_25:peer INFO 4074.1015531786907: Received message <Pong:> from Peer_27:bootstrap
Peer_25:peer INFO 4500: Sending message <Ping:> to Peer_23:peer
Peer_25:peer INFO 4500: Sending message <Ping:> to Peer_14:peer
Peer_25:peer INFO 4500: Sending message <Ping:> to Peer_8:peer
Peer_25:peer INFO 4500: Sending message <Ping:> to Peer_19:peer
Peer_25:peer INFO 4500.218423085086: Received message <Ping:> from Peer_23:peer
Peer_25:peer INFO 4500.218423085086: Sending message <Pong:> to Peer_23:peer
Peer_25:peer INFO 4500.494677301014: Received message <Pong:> from Peer_23:peer
Peer_25:peer INFO 4536.427349656735: Received message <Ping:> from Peer_8:peer
Peer_25:peer INFO 4536.427349656735: Sending message <Pong:> to Peer_8:peer
Peer_25:peer INFO 4536.573921300551: Received message <Ping:> from Peer_14:peer
Peer_25:peer INFO 4536.573921300551: Sending message <Pong:> to Peer_14:peer
Peer_25:peer INFO 4573.669561128288: Received message <Pong:> from Peer_14:peer
Peer_25:peer INFO 4574.8851418681: Received message <Pong:> from Peer_8:peer
Peer_25:peer INFO 4577.900708892703: Received message <Ping:> from Peer_19:peer
Peer_25:peer INFO 4577.900708892703: Sending message <Pong:> to Peer_19:peer
Peer_25:peer INFO 4655.973911930236: Received message <Pong:> from Peer_19:peer
Peer_25:peer INFO 5000: Sending message <Ping:> to Peer_27:bootstrap
Peer_25:peer INFO 5000: Sending message <Ping:> to Peer_18:peer
Peer_25:peer INFO 5000: Sending message <Ping:> to Peer_7:peer
Peer_25:peer INFO 5036.806001825241: Received message <Ping:> from Peer_27:bootstrap
Peer_25:peer INFO 5036.806001825241: Sending message <Pong:> to Peer_27:bootstrap
Peer_25:peer INFO 5037.019803986553: Received message <Ping:> from Peer_7:peer
Peer_25:peer INFO 5037.019803986553: Sending message <Pong:> to Peer_7:peer
Peer_25:peer INFO 5037.262148888685: Received message <RequestPeers:> from Peer_14:peer
Peer_25:peer INFO 5037.262148888685: Sending message <PeerList> to Peer_14:peer
Peer_25:peer INFO 5037.540278612761: Received message <Ping:> from Peer_18:peer
Peer_25:peer INFO 5037.540278612761: Sending message <Pong:> to Peer_18:peer
Peer_25:peer INFO 5073.953548865336: Received message <Pong:> from Peer_7:peer
Peer_25:peer INFO 5074.395835730032: Received message <Pong:> from Peer_18:peer
Peer_25:peer INFO 5074.464505486788: Received message <Pong:> from Peer_27:bootstrap
Peer_25:peer INFO 5500: Sending message <Ping:> to Peer_23:peer
Peer_25:peer INFO 5500: Sending message <Ping:> to Peer_8:peer
Peer_25:peer INFO 5500: Sending message <Ping:> to Peer_19:peer
Peer_25:peer INFO 5500.298482563318: Received message <Ping:> from Peer_23:peer
Peer_25:peer INFO 5500.298482563318: Sending message <Pong:> to Peer_23:peer
Peer_25:peer INFO 5500.598606022357: Received message <Pong:> from Peer_23:peer
Peer_25:peer INFO 5536.872731967406: Received message <Ping:> from Peer_8:peer
Peer_25:peer INFO 5536.872731967406: Sending message <Pong:> to Peer_8:peer
Peer_25:peer INFO 5573.187501462901: Received message <Pong:> from Peer_8:peer
Peer_25:peer INFO 5577.965041286192: Received message <Ping:> from Peer_19:peer
Peer_25:peer INFO 5577.965041286192: Sending message <Pong:> to Peer_19:peer
Peer_25:peer INFO 5656.044091018009: Received message <Pong:> from Peer_19:peer
Peer_25:peer INFO 6000: Sending message <Ping:> to Peer_27:bootstrap
Peer_25:peer INFO 6000: Sending message <Ping:> to Peer_18:peer
Peer_25:peer INFO 6000: Sending message <Ping:> to Peer_7:peer
Peer_25:peer INFO 6000: Sending message <Ping:> to Peer_14:peer
Peer_25:peer INFO 6036.255506572239: Received message <Ping:> from Peer_18:peer
Peer_25:peer INFO 6036.255506572239: Sending message <Pong:> to Peer_18:peer
Peer_25:peer INFO 6036.450364782738: Received message <Ping:> from Peer_27:bootstrap
Peer_25:peer INFO 6036.450364782738: Sending message <Pong:> to Peer_27:bootstrap
Peer_25:peer INFO 6036.717441039513: Received message <Ping:> from Peer_14:peer
Peer_25:peer INFO 6036.717441039513: Sending message <Pong:> to Peer_14:peer
Peer_25:peer INFO 6036.751567841721: Received message <Ping:> from Peer_7:peer
Peer_25:peer INFO 6036.751567841721: Sending message <Pong:> to Peer_7:peer
Peer_25:peer INFO 6072.2163693041: Received message <Pong:> from Peer_18:peer
Peer_25:peer INFO 6073.171711361525: Received message <Pong:> from Peer_27:bootstrap
Peer_25:peer INFO 6073.915375953605: Received message <Pong:> from Peer_14:peer
Peer_25:peer INFO 6075.683931683098: Received message <Pong:> from Peer_7:peer
Peer_25:peer INFO 6500: Sending message <Ping:> to Peer_23:peer
Peer_25:peer INFO 6500: Sending message <Ping:> to Peer_8:peer
Peer_25:peer INFO 6500: Sending message <Ping:> to Peer_19:peer
Peer_25:peer INFO 6500.221219781509: Received message <Ping:> from Peer_23:peer
Peer_25:peer INFO 6500.221219781509: Sending message <Pong:> to Peer_23:peer
Peer_25:peer INFO 6500.507191499215: Received message <Pong:> from Peer_23:peer
Peer_25:peer INFO 6536.142030069444: Received message <Ping:> from Peer_8:peer
Peer_25:peer INFO 6536.142030069444: Sending message <Pong:> to Peer_8:peer
Peer_25:peer INFO 6574.2873257858955: Received message <Pong:> from Peer_8:peer
Peer_25:peer INFO 6577.991029498896: Received message <Ping:> from Peer_19:peer
Peer_25:peer INFO 6577.991029498896: Sending message <Pong:> to Peer_19:peer
Peer_25:peer INFO 6656.065574267571: Received message <Pong:> from Peer_19:peer
Peer_25:peer INFO 7000: Sending message <Ping:> to Peer_27:bootstrap
Peer_25:peer INFO 7000: Sending message <Ping:> to Peer_18:peer
Peer_25:peer INFO 7000: Sending message <Ping:> to Peer_7:peer
Peer_25:peer INFO 7000: Sending message <Ping:> to Peer_14:peer
Peer_25:peer INFO 7036.770279947126: Received message <Ping:> from Peer_27:bootstrap
Peer_25:peer INFO 7036.770279947126: Sending message <Pong:> to Peer_27:bootstrap
Peer_25:peer INFO 7036.846074274761: Received message <Ping:> from Peer_18:peer
Peer_25:peer INFO 7036.846074274761: Sending message <Pong:> to Peer_18:peer
Peer_25:peer INFO 7037.119236757305: Received message <Ping:> from Peer_14:peer
Peer_25:peer INFO 7037.119236757305: Sending message <Pong:> to Peer_14:peer
Peer_25:peer INFO 7037.448916079926: Received message <Ping:> from Peer_7:peer
Peer_25:peer INFO 7037.448916079926: Sending message <Pong:> to Peer_7:peer
Peer_25:peer INFO 7072.983650311995: Received message <Pong:> from Peer_18:peer
Peer_25:peer INFO 7074.200174002348: Received message <Pong:> from Peer_7:peer
Peer_25:peer INFO 7074.459719886844: Received message <Pong:> from Peer_27:bootstrap
Peer_25:peer INFO 7075.862135074085: Received message <Pong:> from Peer_14:peer
Peer_25:peer INFO 7500: Sending message <Ping:> to Peer_23:peer
Peer_25:peer INFO 7500: Sending message <Ping:> to Peer_8:peer
Peer_25:peer INFO 7500: Sending message <Ping:> to Peer_19:peer
Peer_25:peer INFO 7500.289355802635: Received message <Ping:> from Peer_23:peer
Peer_25:peer INFO 7500.289355802635: Sending message <Pong:> to Peer_23:peer
Peer_25:peer INFO 7500.555230112505: Received message <Pong:> from Peer_23:peer
Peer_25:peer INFO 7537.38358239446: Received message <Ping:> from Peer_8:peer
Peer_25:peer INFO 7537.38358239446: Sending message <Pong:> to Peer_8:peer
Peer_25:peer INFO 7573.3217871782135: Received message <Pong:> from Peer_8:peer
Peer_25:peer INFO 7577.965232418884: Received message <Ping:> from Peer_19:peer
Peer_25:peer INFO 7577.965232418884: Sending message <Pong:> to Peer_19:peer
Peer_25:peer INFO 7655.975977282931: Received message <Pong:> from Peer_19:peer
Peer_25:peer INFO 8000: Sending message <Ping:> to Peer_27:bootstrap
Peer_25:peer INFO 8000: Sending message <Ping:> to Peer_18:peer
Peer_25:peer INFO 8000: Sending message <Ping:> to Peer_7:peer
Peer_25:peer INFO 8000: Sending message <Ping:> to Peer_14:peer
Peer_25:peer INFO 8035.425984415525: Received message <Ping:> from Peer_18:peer
Peer_25:peer INFO 8035.425984415525: Sending message <Pong:> to Peer_18:peer
Peer_25:peer INFO 8035.943755886129: Received message <Ping:> from Peer_14:peer
Peer_25:peer INFO 8035.943755886129: Sending message <Pong:> to Peer_14:peer
Peer_25:peer INFO 8037.21300195267: Received message <Ping:> from Peer_27:bootstrap
Peer_25:peer INFO 8037.21300195267: Sending message <Pong:> to Peer_27:bootstrap
Peer_25:peer INFO 8037.673745780038: Received message <Ping:> from Peer_7:peer
Peer_25:peer INFO 8037.673745780038: Sending message <Pong:> to Peer_7:peer
Peer_25:peer INFO 8072.8570089831355: Received message <Pong:> from Peer_27:bootstrap
Peer_25:peer INFO 8073.6588155597365: Received message <Pong:> from Peer_7:peer
Peer_25:peer INFO 8074.489708164445: Received message <Pong:> from Peer_18:peer
Peer_25:peer INFO 8075.359878638817: Received message <Pong:> from Peer_14:peer
Peer_25:peer INFO 8500: Sending message <Ping:> to Peer_23:peer
Peer_25:peer INFO 8500: Sending message <Ping:> to Peer_8:peer
Peer_25:peer INFO 8500: Sending message <Ping:> to Peer_19:peer
Peer_25:peer INFO 8500.247353477836: Received message <Ping:> from Peer_23:peer
Peer_25:peer INFO 8500.247353477836: Sending message <Pong:> to Peer_23:peer
Peer_25:peer INFO 8500.491692620539: Received message <Pong:> from Peer_23:peer
Peer_25:peer INFO 8536.239069555386: Received message <Ping:> from Peer_8:peer
Peer_25:peer INFO 8536.239069555386: Sending message <Pong:> to Peer_8:peer
Peer_25:peer INFO 8572.873733964241: Received message <Pong:> from Peer_8:peer
Peer_25:peer INFO 8577.977358983655: Received message <Ping:> from Peer_19:peer
Peer_25:peer INFO 8577.977358983655: Sending message <Pong:> to Peer_19:peer
Peer_25:peer INFO 8656.050274797233: Received message <Pong:> from Peer_19:peer
Peer_25:peer INFO 9000: Sending message <Ping:> to Peer_27:bootstrap
Peer_25:peer INFO 9000: Sending message <Ping:> to Peer_18:peer
Peer_25:peer INFO 9000: Sending message <Ping:> to Peer_7:peer
Peer_25:peer INFO 9000: Sending message <Ping:> to Peer_14:peer
Peer_25:peer INFO 9036.532765859292: Received message <Ping:> from Peer_27:bootstrap
Peer_25:peer INFO 9036.532765859292: Sending message <Pong:> to Peer_27:bootstrap
Peer_25:peer INFO 9036.730722444705: Received message <Ping:> from Peer_18:peer
Peer_25:peer INFO 9036.730722444705: Sending message <Pong:> to Peer_18:peer
Peer_25:peer INFO 9036.945948559443: Received message <Ping:> from Peer_14:peer
Peer_25:peer INFO 9036.945948559443: Sending message <Pong:> to Peer_14:peer
Peer_25:peer INFO 9037.155876774403: Received message <Ping:> from Peer_7:peer
Peer_25:peer INFO 9037.155876774403: Sending message <Pong:> to Peer_7:peer
Peer_25:peer INFO 9073.482843796826: Received message <Pong:> from Peer_14:peer
Peer_25:peer INFO 9073.904450049879: Received message <Pong:> from Peer_7:peer
Peer_25:peer INFO 9073.942777863347: Received message <Pong:> from Peer_18:peer
Peer_25:peer INFO 9074.454534542474: Received message <Pong:> from Peer_27:bootstrap
Peer_25:peer INFO 9500: Sending message <Ping:> to Peer_23:peer
Peer_25:peer INFO 9500: Sending message <Ping:> to Peer_8:peer
Peer_25:peer INFO 9500: Sending message <Ping:> to Peer_19:peer
Peer_25:peer INFO 9500.234936234443: Received message <Ping:> from Peer_23:peer
Peer_25:peer INFO 9500.234936234443: Sending message <Pong:> to Peer_23:peer
Peer_25:peer INFO 9500.575124684026: Received message <Pong:> from Peer_23:peer
Peer_25:peer INFO 9536.339873518344: Received message <Ping:> from Peer_8:peer
Peer_25:peer INFO 9536.339873518344: Sending message <Pong:> to Peer_8:peer
Peer_25:peer INFO 9574.196604995157: Received message <Pong:> from Peer_8:peer
Peer_25:peer INFO 9577.986309253207: Received message <Ping:> from Peer_19:peer
Peer_25:peer INFO 9577.986309253207: Sending message <Pong:> to Peer_19:peer
Peer_25:peer INFO 9656.040547987535: Received message <Pong:> from Peer_19:peer
Peer_25:peer INFO 10000: Sending message <Ping:> to Peer_27:bootstrap
Peer_25:peer INFO 10000: Sending message <Ping:> to Peer_18:peer
Peer_25:peer INFO 10000: Sending message <Ping:> to Peer_7:peer
Peer_25:peer INFO 10000: Sending message <Ping:> to Peer_14:peer
Peer_25:peer INFO 10036.605288241832: Received message <Ping:> from Peer_14:peer
Peer_25:peer INFO 10036.605288241832: Sending message <Pong:> to Peer_14:peer
Peer_25:peer INFO 10036.79093735477: Received message <Ping:> from Peer_18:peer
Peer_25:peer INFO 10036.79093735477: Sending message <Pong:> to Peer_18:peer
Peer_25:peer INFO 10036.944795063178: Received message <Ping:> from Peer_27:bootstrap
Peer_25:peer INFO 10036.944795063178: Sending message <Pong:> to Peer_27:bootstrap
Peer_25:peer INFO 10036.947474683775: Received message <Ping:> from Peer_7:peer
Peer_25:peer INFO 10036.947474683775: Sending message <Pong:> to Peer_7:peer
Peer_25:peer INFO 10073.173978763154: Received message <Pong:> from Peer_27:bootstrap
Peer_25:peer INFO 10073.293657089585: Received message <Pong:> from Peer_14:peer
Peer_25:peer INFO 10073.528084686717: Received message <Pong:> from Peer_7:peer
Peer_25:peer INFO 10074.180303742878: Received message <Pong:> from Peer_18:peer
Peer_25:peer INFO 10500: Sending message <Ping:> to Peer_23:peer
Peer_25:peer INFO 10500: Sending message <Ping:> to Peer_8:peer
Peer_25:peer INFO 10500: Sending message <Ping:> to Peer_19:peer
Peer_25:peer INFO 10500.261196845853: Received message <Ping:> from Peer_23:peer
Peer_25:peer INFO 10500.261196845853: Sending message <Pong:> to Peer_23:peer
Peer_25:peer INFO 10500.728388511061: Received message <Pong:> from Peer_23:peer
Peer_25:peer INFO 10536.958129708037: Received message <Ping:> from Peer_8:peer
Peer_25:peer INFO 10536.958129708037: Sending message <Pong:> to Peer_8:peer
Peer_25:peer INFO 10572.724083280276: Received message <Pong:> from Peer_8:peer
Peer_25:peer INFO 10578.047966040749: Received message <Ping:> from Peer_19:peer
Peer_25:peer INFO 10578.047966040749: Sending message <Pong:> to Peer_19:peer
Peer_25:peer INFO 10656.127980911619: Received message <Pong:> from Peer_19:peer
Peer_25:peer INFO 11000: Sending message <Ping:> to Peer_27:bootstrap
Peer_25:peer INFO 11000: Sending message <Ping:> to Peer_18:peer
Peer_25:peer INFO 11000: Sending message <Ping:> to Peer_7:peer
Peer_25:peer INFO 11000: Sending message <Ping:> to Peer_14:peer
Peer_25:peer INFO 11035.891743630003: Received message <Ping:> from Peer_18:peer
Peer_25:peer INFO 11035.891743630003: Sending message <Pong:> to Peer_18:peer
Peer_25:peer INFO 11036.233908840917: Received message <Ping:> from Peer_27:bootstrap
Peer_25:peer INFO 11036.233908840917: Sending message <Pong:> to Peer_27:bootstrap
Peer_25:peer INFO 11036.854353712766: Received message <Ping:> from Peer_7:peer
Peer_25:peer INFO 11036.854353712766: Sending message <Pong:> to Peer_7:peer
Peer_25:peer INFO 11037.304233855997: Received message <Ping:> from Peer_14:peer
Peer_25:peer INFO 11037.304233855997: Sending message <Pong:> to Peer_14:peer
Peer_25:peer INFO 11073.210841704364: Received message <Pong:> from Peer_7:peer
Peer_25:peer INFO 11073.581311170015: Received message <Pong:> from Peer_18:peer
Peer_25:peer INFO 11074.125580915616: Received message <Pong:> from Peer_27:bootstrap
Peer_25:peer INFO 11074.35828557911: Received message <Pong:> from Peer_14:peer
Peer_25:peer INFO 11500: Sending message <Ping:> to Peer_23:peer
Peer_25:peer INFO 11500: Sending message <Ping:> to Peer_8:peer
Peer_25:peer INFO 11500: Sending message <Ping:> to Peer_19:peer
Peer_25:peer INFO 11500.278451374466: Received message <Ping:> from Peer_23:peer
Peer_25:peer INFO 11500.278451374466: Sending message <Pong:> to Peer_23:peer
Peer_25:peer INFO 11500.478299075376: Received message <Pong:> from Peer_23:peer
Peer_25:peer INFO 11535.770984679055: Received message <Ping:> from Peer_8:peer
Peer_25:peer INFO 11535.770984679055: Sending message <Pong:> to Peer_8:peer
Peer_25:peer INFO 11573.206019190393: Received message <Pong:> from Peer_8:peer
Peer_25:peer INFO 11578.034124763655: Received message <Ping:> from Peer_19:peer
Peer_25:peer INFO 11578.034124763655: Sending message <Pong:> to Peer_19:peer
Peer_25:peer INFO 11655.928648253685: Received message <Pong:> from Peer_19:peer
Peer_25:peer INFO 12000: Sending message <Ping:> to Peer_27:bootstrap
Peer_25:peer INFO 12000: Sending message <Ping:> to Peer_18:peer
Peer_25:peer INFO 12000: Sending message <Ping:> to Peer_7:peer
Peer_25:peer INFO 12000: Sending message <Ping:> to Peer_14:peer
Peer_25:peer INFO 12036.545222398394: Received message <Ping:> from Peer_14:peer
Peer_25:peer INFO 12036.545222398394: Sending message <Pong:> to Peer_14:peer
Peer_25:peer INFO 12036.8261828674: Received message <Ping:> from Peer_27:bootstrap
Peer_25:peer INFO 12036.8261828674: Sending message <Pong:> to Peer_27:bootstrap
Peer_25:peer INFO 12037.433692429122: Received message <Ping:> from Peer_18:peer
Peer_25:peer INFO 12037.433692429122: Sending message <Pong:> to Peer_18:peer
Peer_25:peer INFO 12037.464581922866: Received message <Ping:> from Peer_7:peer
Peer_25:peer INFO 12037.464581922866: Sending message <Pong:> to Peer_7:peer
Peer_25:peer INFO 12072.093027121573: Received message <Pong:> from Peer_27:bootstrap
Peer_25:peer INFO 12072.936381240026: Received message <Pong:> from Peer_18:peer
Peer_25:peer INFO 12074.143150445363: Received message <Pong:> from Peer_14:peer
Peer_25:peer INFO 12075.444065567674: Received message <Pong:> from Peer_7:peer
Peer_25:peer INFO 12500: Sending message <Ping:> to Peer_23:peer
Peer_25:peer INFO 12500: Sending message <Ping:> to Peer_8:peer
Peer_25:peer INFO 12500: Sending message <Ping:> to Peer_19:peer
Peer_25:peer INFO 12500.244715138628: Received message <Ping:> from Peer_23:peer
Peer_25:peer INFO 12500.244715138628: Sending message <Pong:> to Peer_23:peer
Peer_25:peer INFO 12500.479962918835: Received message <Pong:> from Peer_23:peer
Peer_25:peer INFO 12538.13776823032: Received message <Ping:> from Peer_8:peer
Peer_25:peer INFO 12538.13776823032: Sending message <Pong:> to Peer_8:peer
Peer_25:peer INFO 12573.41553558853: Received message <Pong:> from Peer_8:peer
Peer_25:peer INFO 12578.046106011705: Received message <Ping:> from Peer_19:peer
Peer_25:peer INFO 12578.046106011705: Sending message <Pong:> to Peer_19:peer
Peer_25:peer INFO 12656.02040196785: Received message <Pong:> from Peer_19:peer
Peer_25:peer INFO 13000: Sending message <Ping:> to Peer_27:bootstrap
Peer_25:peer INFO 13000: Sending message <Ping:> to Peer_18:peer
Peer_25:peer INFO 13000: Sending message <Ping:> to Peer_7:peer
Peer_25:peer INFO 13000: Sending message <Ping:> to Peer_14:peer
Peer_25:peer INFO 13035.565273381535: Received message <Ping:> from Peer_27:bootstrap
Peer_25:peer INFO 13035.565273381535: Sending message <Pong:> to Peer_27:bootstrap
Peer_25:peer INFO 13035.824129310868: Received message <Ping:> from Peer_14:peer
Peer_25:peer INFO 13035.824129310868: Sending message <Pong:> to Peer_14:peer
Peer_25:peer INFO 13037.639921280264: Received message <Ping:> from Peer_7:peer
Peer_25:peer INFO 13037.639921280264: Sending message <Pong:> to Peer_7:peer
Peer_25:peer INFO 13037.800706217613: Received message <Ping:> from Peer_18:peer
Peer_25:peer INFO 13037.800706217613: Sending message <Pong:> to Peer_18:peer
Peer_25:peer INFO 13072.990245540235: Received message <Pong:> from Peer_27:bootstrap
Peer_25:peer INFO 13073.09289168336: Received message <Pong:> from Peer_14:peer
Peer_25:peer INFO 13074.187149756906: Received message <Pong:> from Peer_7:peer
Peer_25:peer INFO 13074.925691208024: Received message <Pong:> from Peer_18:peer
Peer_25:peer INFO 13500: Sending message <Ping:> to Peer_23:peer
Peer_25:peer INFO 13500: Sending message <Ping:> to Peer_8:peer
Peer_25:peer INFO 13500: Sending message <Ping:> to Peer_19:peer
Peer_25:peer INFO 13500.246775543848: Received message <Ping:> from Peer_23:peer
Peer_25:peer INFO 13500.246775543848: Sending message <Pong:> to Peer_23:peer
Peer_25:peer INFO 13500.50965875224: Received message <Pong:> from Peer_23:peer
Peer_25:peer INFO 13535.593937996693: Received message <Ping:> from Peer_8:peer
Peer_25:peer INFO 13535.593937996693: Sending message <Pong:> to Peer_8:peer
Peer_25:peer INFO 13575.453256564035: Received message <Pong:> from Peer_8:peer
Peer_25:peer INFO 13577.982602981887: Received message <Ping:> from Peer_19:peer
Peer_25:peer INFO 13577.982602981887: Sending message <Pong:> to Peer_19:peer
Peer_25:peer INFO 13655.977902523684: Received message <Pong:> from Peer_19:peer
Peer_25:peer INFO 14000: Sending message <Ping:> to Peer_27:bootstrap
Peer_25:peer INFO 14000: Sending message <Ping:> to Peer_18:peer
Peer_25:peer INFO 14000: Sending message <Ping:> to Peer_7:peer
Peer_25:peer INFO 14000: Sending message <Ping:> to Peer_14:peer
Peer_25:peer INFO 14036.168081452812: Received message <Ping:> from Peer_27:bootstrap
Peer_25:peer INFO 14036.168081452812: Sending message <Pong:> to Peer_27:bootstrap
Peer_25:peer INFO 14036.711403509114: Received message <Ping:> from Peer_18:peer
Peer_25:peer INFO 14036.711403509114: Sending message <Pong:> to Peer_18:peer
Peer_25:peer INFO 14037.15858231613: Received message <Ping:> from Peer_14:peer
Peer_25:peer INFO 14037.15858231613: Sending message <Pong:> to Peer_14:peer
Peer_25:peer INFO 14037.245155014685: Received message <Ping:> from Peer_7:peer
Peer_25:peer INFO 14037.245155014685: Sending message <Pong:> to Peer_7:peer
Peer_25:peer INFO 14073.280842739066: Received message <Pong:> from Peer_7:peer
Peer_25:peer INFO 14073.637752848357: Received message <Pong:> from Peer_18:peer
Peer_25:peer INFO 14073.861616453396: Received message <Pong:> from Peer_14:peer
Peer_25:peer INFO 14074.774105849558: Received message <Pong:> from Peer_27:bootstrap
Peer_25:peer INFO 14500: Sending message <Ping:> to Peer_23:peer
Peer_25:peer INFO 14500: Sending message <Ping:> to Peer_8:peer
Peer_25:peer INFO 14500: Sending message <Ping:> to Peer_19:peer
Peer_25:peer INFO 14500.26049663096: Received message <Ping:> from Peer_23:peer
Peer_25:peer INFO 14500.26049663096: Sending message <Pong:> to Peer_23:peer
Peer_25:peer INFO 14500.551618500882: Received message <Pong:> from Peer_23:peer
Peer_25:peer INFO 14536.35366290182: Received message <Ping:> from Peer_8:peer
Peer_25:peer INFO 14536.35366290182: Sending message <Pong:> to Peer_8:peer
Peer_25:peer INFO 14572.969726771722: Received message <Pong:> from Peer_8:peer
Peer_25:peer INFO 14578.050943568935: Received message <Ping:> from Peer_19:peer
Peer_25:peer INFO 14578.050943568935: Sending message <Pong:> to Peer_19:peer
Peer_25:peer INFO 14656.010503100708: Received message <Pong:> from Peer_19:peer
