Peer_4:peer WARNING 0: Not enough peers, fetching more (0, 4)
Peer_4:peer INFO 65.75776044857294: Connecting to Peer_27:bootstrap
Peer_4:peer INFO 131.12276173273636: Received message <Hello:> from Peer_27:bootstrap
Peer_4:peer INFO 131.32418164503983: Received message <RequestPeers:> from Peer_27:bootstrap
Peer_4:peer INFO 131.32418164503983: Sending message <PeerList> to Peer_27:bootstrap
Peer_4:peer WARNING 500: Not enough peers, fetching more (1, 4)
Peer_4:peer INFO 500: Sending message <RequestPeers:> to Peer_27:bootstrap
Peer_4:peer INFO 630.6271546285828: Received message <PeerList> from Peer_27:bootstrap
Peer_4:peer WARNING 1000: Not enough peers, fetching more (1, 4)
Peer_4:peer INFO 1000: Sending message <RequestPeers:> to Peer_27:bootstrap
Peer_4:peer INFO 1065.6084035927759: Connecting to Peer_18:peer
Peer_4:peer INFO 1131.1247622258388: Received message <RequestPeers:> from Peer_18:peer
Peer_4:peer INFO 1131.1247622258388: Sending message <PeerList> to Peer_18:peer
Peer_4:peer INFO 1131.2575916712044: Received message <PeerList> from Peer_27:bootstrap
Peer_4:peer INFO 1131.3470124104924: Received message <Hello:> from Peer_18:peer
Peer_4:peer WARNING 1500: Not enough peers, fetching more (2, 4)
Peer_4:peer INFO 1500: Sending message <RequestPeers:> to Peer_27:bootstrap
Peer_4:peer INFO 1500: Sending message <RequestPeers:> to Peer_18:peer
Peer_4:peer INFO 1500.2797767012828: Connecting to Peer_15:peer
Peer_4:peer INFO 1500.549498394763: Received message <Hello:> from Peer_15:peer
Peer_4:peer INFO 1500.5599369270274: Received message <RequestPeers:> from Peer_15:peer
Peer_4:peer INFO 1500.5599369270274: Sending message <PeerList> to Peer_15:peer
Peer_4:peer INFO 1630.9746306226607: Received message <PeerList> from Peer_18:peer
Peer_4:peer INFO 1631.0612492930286: Received message <PeerList> from Peer_27:bootstrap
Peer_4:peer WARNING 2000: Not enough peers, fetching more (3, 4)
Peer_4:peer INFO 2077.9932162759505: Connecting to Peer_21:peer
Peer_4:peer INFO 2156.02845901266: Received message <Hello:> from Peer_21:peer
Peer_4:peer INFO 2156.0631922775983: Received message <RequestPeers:> from Peer_21:peer
Peer_4:peer INFO 2156.0631922775983: Sending message <PeerList> to Peer_21:peer
Peer_4:peer INFO 2500: Sending message <Ping:> to Peer_27:bootstrap
Peer_4:peer INFO 2500: Sending message <Ping:> to Peer_18:peer
Peer_4:peer INFO 2500: Sending message <Ping:> to Peer_15:peer
Peer_4:peer INFO 2500.2702679914078: Received message <Ping:> from Peer_15:peer
Peer_4:peer INFO 2500.2702679914078: Sending message <Pong:> to Peer_15:peer
Peer_4:peer INFO 2500.5695483126656: Received message <Pong:> from Peer_15:peer
Peer_4:peer INFO 2565.6083331397303: Received message <Ping:> from Peer_27:bootstrap
Peer_4:peer INFO 2565.6083331397303: Sending message <Pong:> to Peer_27:bootstrap
Peer_4:peer INFO 2565.6087163653397: Received message <Ping:> from Peer_18:peer
Peer_4:peer INFO 2565.6087163653397: Sending message <Pong:> to Peer_18:peer
Peer_4:peer INFO 2630.923521618074: Received message <Pong:> from Peer_18:peer
Peer_4:peer INFO 2631.187978240912: Received message <Pong:> from Peer_27:bootstrap
Peer_4:peer INFO 3000: Sending message <Ping:> to Peer_21:peer
Peer_4:peer INFO 3078.0131974653414: Received message <Ping:> from Peer_21:peer
Peer_4:peer INFO 3078.0131974653414: Sending message <Pong:> to Peer_21:peer
Peer_4:peer INFO 3156.000994019388: Received message <Pong:> from Peer_21:peer
Peer_4:peer INFO 3500: Sending message <Ping:> to Peer_27:bootstrap
Peer_4:peer INFO 3500: Sending message <Ping:> to Peer_18:peer
Peer_4:peer INFO 3500: Sending message <Ping:> to Peer_15:peer
Peer_4:peer INFO 3500.2884548662855: Received message <Ping:> from Peer_15:peer
Peer_4:peer INFO 3500.2884548662855: Sending message <Pong:> to Peer_15:peer
Peer_4:peer INFO 3500.632895094459: Received message <Pong:> from Peer_15:peer
Peer_4:peer INFO 3565.247547210309: Received message <Ping:> from Peer_27:bootstrap
Peer_4:peer INFO 3565.247547210309: Sending message <Pong:> to Peer_27:bootstrap
Peer_4:peer INFO 3565.733230987221: Received message <Ping:> from Peer_18:peer
Peer_4:peer INFO 3565.733230987221: Sending message <Pong:> to Peer_18:peer
Peer_4:peer INFO 3630.825633833487: Received message <Pong:> from Peer_27:bootstrap
Peer_4:peer INFO 3631.054019589794: Received message <Pong:> from Peer_18:peer
Peer_4:peer INFO 4000: Sending message <Ping:> to Peer_21:peer
Peer_4:peer INFO 4078.069488798838: Received message <Ping:> from Peer_21:peer
Peer_4:peer INFO 4078.069488798838: Sending message <Pong:> to Peer_21:peer
Peer_4:peer INFO 4155.980468460807: Received message <Pong:> from Peer_21:peer
Peer_4:peer INFO 4500: Sending message <Ping:> to Peer_27:bootstrap
Peer_4:peer INFO 4500: Sending message <Ping:> to Peer_18:peer
Peer_4:peer INFO 4500: Sending message <Ping:> to Peer_15:peer
Peer_4:peer INFO 4500.2606261147: Received message <Ping:> from Peer_15:peer
Peer_4:peer INFO 4500.2606261147: Sending message <Pong:> to Peer_15:peer
Peer_4:peer INFO 4500.498162279548: Received message <Pong:> from Peer_15:peer
Peer_4:peer INFO 4565.392288044895: Received message <Ping:> from Peer_18:peer
Peer_4:peer INFO 4565.392288044895: Sending message <Pong:> to Peer_18:peer
Peer_4:peer INFO 4565.524707103602: Received message <Ping:> from Peer_27:bootstrap
Peer_4:peer INFO 4565.524707103602: Sending message <Pong:> to Peer_27:bootstrap
Peer_4:peer INFO 4630.851408905787: Received message <Pong:> from Peer_18:peer
Peer_4:peer INFO 4630.895448218367: Received message <Pong:> from Peer_27:bootstrap
Peer_4:peer INFO 5000: Sending message <Ping:> to Peer_21:peer
Peer_4:peer INFO 5078.079637786336: Received message <Ping:> from Peer_21:peer
Peer_4:peer INFO 5078.079637786336: Sending message <Pong:> to Peer_21:peer
Peer_4:peer INFO 5156.0094106033275: Received message <Pong:> from Peer_21:peer
Peer_4:peer INFO 5500: Sending message <Ping:> to Peer_27:bootstrap
Peer_4:peer INFO 5500: Sending message <Ping:> to Peer_18:peer
Peer_4:peer INFO 5500: Sending message <Ping:> to Peer_15:peer
Peer_4:peer INFO 5500.225305050277: Received message <Ping:> from Peer_15:peer
Peer_4:peer INFO 5500.225305050277: Sending message <Pong:> to Peer_15:peer
Peer_4:peer INFO 5500.602989675221: Received message <Pong:> from Peer_15:peer
Peer_4:peer INFO 5565.2761589529555: Received message <Ping:> from Peer_27:bootstrap
Peer_4:peer INFO 5565.2761589529555: Sending message <Pong:> to Peer_27:bootstrap
Peer_4:peer INFO 5565.342414136589: Received message <Ping:> from Peer_18:peer
Peer_4:peer INFO 5565.342414136589: Sending message <Pong:> to Peer_18:peer
Peer_4:peer INFO 5630.986987453947: Received message <Pong:> from Peer_18:peer
Peer_4:peer INFO 5631.182423636168: Received message <Pong:> from Peer_27:bootstrap
Peer_4:peer INFO 6000: Sending message <Ping:> to Peer_21:peer
Peer_4:peer INFO 6077.956620523932: Received message <Ping:> from Peer_21:peer
Peer_4:peer INFO 6077.956620523932: Sending message <Pong:> to Peer_21:peer
Peer_4:peer INFO 6155.84849898392: Received message <Pong:> from Peer_21:peer
Peer_4:peer INFO 6500: Sending message <Ping:> to Peer_27:bootstrap
Peer_4:peer INFO 6500: Sending message <Ping:> to Peer_18:peer
Peer_4:peer INFO 6500: Sending message <Ping:> to Peer_15:peer
Peer_4:peer INFO 6500.259437865354: Received message <Ping:> from Peer_15:peer
Peer_4:peer INFO 6500.259437865354: Sending message <Pong:> to Peer_15:peer
Peer_4:peer INFO 6500.511863893188: Received message <Pong:> from Peer_15:peer
Peer_4:peer INFO 6565.474222547989: Received message <Ping:> from Peer_18:peer
Peer_4:peer INFO 6565.474222547989: Sending message <Pong:> to Peer_18:peer
Peer_4:peer INFO 6565.494263794103: Received message <Ping:> from Peer_27:bootstrap
Peer_4:peer INFO 6565.494263794103: Sending message <Pong:> to Peer_27:bootstrap
Peer_4:peer INFO 6630.960025416982: Received message <Pong:> from Peer_18:peer
Peer_4:peer INFO 6631.025812663295: Received message <Pong:> from Peer_27:bootstrap
Peer_4:peer INFO 7000: Sending message <Ping:> to Peer_21:peer
Peer_4:peer INFO 7078.046115560932: Received message <Ping:> from Peer_21:peer
Peer_4:peer INFO 7078.046115560932: Sending message <Pong:> to Peer_21:peer
Peer_4:peer INFO 7156.051194803183: Received message <Pong:> from Peer_21:peer
Peer_4:peer INFO 7500: Sending message <Ping:> to Peer_27:bootstrap
Peer_4:peer INFO 7500: Sending message <Ping:> to Peer_18:peer
Peer_4:peer INFO 7500: Sending message <Ping:> to Peer_15:peer
Peer_4:peer INFO 7500.239515303862: Received message <Ping:> from Peer_15:peer
Peer_4:peer INFO 7500.239515303862: Sending message <Pong:> to Peer_15:peer
Peer_4:peer INFO 7500.751960315262: Received message <Pong:> from Peer_15:peer
Peer_4:peer INFO 7565.547939557529: Received message <Ping:> from Peer_18:peer
Peer_4:peer INFO 7565.547939557529: Sending message <Pong:> to Peer_18:peer
Peer_4:peer INFO 7565.648716186391: Received message <Ping:> from Peer_27:bootstrap
Peer_4:peer INFO 7565.648716186391: Sending message <Pong:> to Peer_27:bootstrap
Peer_4:peer INFO 7630.7228948919055: Received message <Pong:> from Peer_27:bootstrap
Peer_4:peer INFO 7631.290466149579: Received message <Pong:> from Peer_18:peer
Peer_4:peer INFO 8000: Sending message <Ping:> to Peer_21:peer
Peer_4:peer INFO 8078.055804271416: Received message <Ping:> from Peer_21:peer
Peer_4:peer INFO 8078.055804271416: Sending message <Pong:> to Peer_21:peer
Peer_4:peer INFO 8156.113644110353: Received message <Pong:> from Peer_21:peer
Peer_4:peer INFO 8500: Sending message <Ping:> to Peer_27:bootstrap
Peer_4:peer INFO 8500: Sending message <Ping:> to Peer_18:peer
Peer_4:peer INFO 8500: Sending message <Ping:> to Peer_15:peer
Peer_4:peer INFO 8500.253574023694: Received message <Ping:> from Peer_15:peer
Peer_4:peer INFO 8500.253574023694: Sending message <Pong:> to Peer_15:peer
Peer_4:peer INFO 8500.5269785163: Received message <Pong:> from Peer_15:peer
Peer_4:peer INFO 8565.606358987237: Received message <Ping:> from Peer_27:bootstrap
Peer_4:peer INFO 8565.606358987237: Sending message <Pong:> to Peer_27:bootstrap
Peer_4:peer INFO 8565.768765659392: Received message <Ping:> from Peer_18:peer
Peer_4:peer INFO 8565.768765659392: Sending message <Pong:> to Peer_18:peer
Peer_4:peer INFO 8630.962372332904: Received message <Pong:> from Peer_18:peer
Peer_4:peer INFO 8631.04917527368: Received message <Pong:> from Peer_27:bootstrap
Peer_4:peer INFO 9000: Sending message <Ping:> to Peer_21:peer
Peer_4:peer INFO 9077.99797996494: Received message <Ping:> from Peer_21:peer
Peer_4:peer INFO 9077.99797996494: Sending message <Pong:> to Peer_21:peer
Peer_4:peer INFO 9156.11655345765: Received message <Pong:> from Peer_21:peer
Peer_4:peer INFO 9500: Sending message <Ping:> to Peer_27:bootstrap
Peer_4:peer INFO 9500: Sending message <Ping:> to Peer_18:peer
Peer_4:peer INFO 9500: Sending message <Ping:> to Peer_15:peer
Peer_4:peer INFO 9500.243584389525: Received message <Ping:> from Peer_15:peer
Peer_4:peer INFO 9500.243584389525: Sending message <Pong:> to Peer_15:peer
Peer_4:peer INFO 9500.528084165227: Received message <Pong:> from Peer_15:peer
Peer_4:peer INFO 9565.458589360765: Received message <Ping:> from Peer_27:bootstrap
Peer_4:peer INFO 9565.458589360765: Sending message <Pong:> to Peer_27:bootstrap
Peer_4:peer INFO 9565.567259513036: Received message <Ping:> from Peer_18:peer
Peer_4:peer INFO 9565.567259513036: Sending message <Pong:> to Peer_18:peer
Peer_4:peer INFO 9630.902714312037: Received message <Pong:> from Peer_27:bootstrap
Peer_4:peer INFO 9631.03781060406: Received message <Pong:> from Peer_18:peer
Peer_4:peer INFO 10000: Sending message <Ping:> to Peer_21:peer
Peer_4:peer INFO 10078.03608104582: Received message <Ping:> from Peer_21:peer
Peer_4:peer INFO 10078.03608104582: Sending message <Pong:> to Peer_21:peer
Peer_4:peer INFO 10131.523571560145: Received message <GossipMessage:1_26> from Peer_15:peer
Peer_4:peer INFO 10131.523571560145: Sending message <GossipMessage:1_26> to Peer_18:peer
Peer_4:peer INFO 10131.523571560145: Sending message <GossipMessage:1_26> to Peer_21:peer
Peer_4:peer INFO 10156.008672985252: Received message <Pong:> from Peer_21:peer
Peer_4:peer INFO 10331.333992569227: Received message <GossipMessage:2_26> from Peer_15:peer
Peer_4:peer INFO 10331.333992569227: Sending message <GossipMessage:2_26> to Peer_18:peer
Peer_4:peer INFO 10331.333992569227: Sending message <GossipMessage:2_26> to Peer_21:peer
Peer_4:peer INFO 10500: Sending message <Ping:> to Peer_27:bootstrap
Peer_4:peer INFO 10500: Sending message <Ping:> to Peer_18:peer
Peer_4:peer INFO 10500.265464903861: Received message <Ping:> from Peer_15:peer
Peer_4:peer INFO 10500.265464903861: Sending message <Pong:> to Peer_15:peer
Peer_4:peer INFO 10531.34074275581: Received message <GossipMessage:3_26> from Peer_15:peer
Peer_4:peer INFO 10531.34074275581: Sending message <GossipMessage:3_26> to Peer_18:peer
Peer_4:peer INFO 10531.34074275581: Sending message <GossipMessage:3_26> to Peer_21:peer
Peer_4:peer INFO 10565.586350575404: Received message <Ping:> from Peer_27:bootstrap
Peer_4:peer INFO 10565.586350575404: Sending message <Pong:> to Peer_27:bootstrap
Peer_4:peer INFO 10630.968583576741: Received message <Pong:> from Peer_18:peer
Peer_4:peer INFO 10630.999318124512: Received message <Pong:> from Peer_27:bootstrap
Peer_4:peer INFO 10731.294553416268: Received message <GossipMessage:4_26> from Peer_15:peer
Peer_4:peer INFO 10731.294553416268: Sending message <GossipMessage:4_26> to Peer_18:peer
Peer_4:peer INFO 10731.294553416268: Sending message <GossipMessage:4_26> to Peer_21:peer
Peer_4:peer INFO 10931.470108707337: Received message <GossipMessage:5_26> from Peer_15:peer
Peer_4:peer INFO 10931.470108707337: Sending message <GossipMessage:5_26> to Peer_18:peer
Peer_4:peer INFO 10931.470108707337: Sending message <GossipMessage:5_26> to Peer_21:peer
Peer_4:peer INFO 11000: Sending message <Ping:> to Peer_21:peer
Peer_4:peer INFO 11131.576469053116: Received message <GossipMessage:6_26> from Peer_15:peer
Peer_4:peer INFO 11131.576469053116: Sending message <GossipMessage:6_26> to Peer_21:peer
Peer_4:peer INFO 11131.576469053116: Sending message <GossipMessage:6_26> to Peer_18:peer
Peer_4:peer INFO 11156.142456467996: Received message <Pong:> from Peer_21:peer
Peer_4:peer INFO 11331.343966833309: Received message <GossipMessage:7_26> from Peer_15:peer
Peer_4:peer INFO 11331.343966833309: Sending message <GossipMessage:7_26> to Peer_18:peer
Peer_4:peer INFO 11331.343966833309: Sending message <GossipMessage:7_26> to Peer_21:peer
Peer_4:peer INFO 11500: Sending message <Ping:> to Peer_27:bootstrap
Peer_4:peer INFO 11500: Sending message <Ping:> to Peer_18:peer
Peer_4:peer INFO 11500.29884520157: Received message <Ping:> from Peer_15:peer
Peer_4:peer INFO 11500.29884520157: Sending message <Pong:> to Peer_15:peer
Peer_4:peer INFO 11530.99383749678: Received message <GossipMessage:8_26> from Peer_15:peer
Peer_4:peer INFO 11530.99383749678: Sending message <GossipMessage:8_26> to Peer_21:peer
Peer_4:peer INFO 11530.99383749678: Sending message <GossipMessage:8_26> to Peer_18:peer
Peer_4:peer INFO 11565.669052769867: Received message <Ping:> from Peer_27:bootstrap
Peer_4:peer INFO 11565.669052769867: Sending message <Pong:> to Peer_27:bootstrap
Peer_4:peer INFO 11631.165491822989: Received message <Pong:> from Peer_27:bootstrap
Peer_4:peer INFO 11631.192713735227: Received message <Pong:> from Peer_18:peer
Peer_4:peer INFO 11731.668881630443: Received message <GossipMessage:9_26> from Peer_15:peer
Peer_4:peer INFO 11731.668881630443: Sending message <GossipMessage:9_26> to Peer_21:peer
Peer_4:peer INFO 11731.668881630443: Sending message <GossipMessage:9_26> to Peer_18:peer
Peer_4:peer INFO 11931.599126530622: Received message <GossipMessage:10_26> from Peer_15:peer
Peer_4:peer INFO 11931.599126530622: Sending message <GossipMessage:10_26> to Peer_18:peer
Peer_4:peer INFO 11931.599126530622: Sending message <GossipMessage:10_26> to Peer_21:peer
Peer_4:peer INFO 12000: Sending message <Ping:> to Peer_21:peer
Peer_4:peer INFO 12131.114107221883: Received message <GossipMessage:11_26> from Peer_15:peer
Peer_4:peer INFO 12131.114107221883: Sending message <GossipMessage:11_26> to Peer_18:peer
Peer_4:peer INFO 12131.114107221883: Sending message <GossipMessage:11_26> to Peer_21:peer
Peer_4:peer INFO 12155.998982975143: Received message <Pong:> from Peer_21:peer
Peer_4:peer INFO 12331.318474025682: Received message <GossipMessage:12_26> from Peer_15:peer
Peer_4:peer INFO 12331.318474025682: Sending message <GossipMessage:12_26> to Peer_18:peer
Peer_4:peer INFO 12331.318474025682: Sending message <GossipMessage:12_26> to Peer_21:peer
Peer_4:peer INFO 12500: Sending message <Ping:> to Peer_27:bootstrap
Peer_4:peer INFO 12500: Sending message <Ping:> to Peer_18:peer
Peer_4:peer INFO 12500.266206584954: Received message <Ping:> from Peer_15:peer
Peer_4:peer INFO 12500.266206584954: Sending message <Pong:> to Peer_15:peer
Peer_4:peer INFO 12531.056625607374: Received message <GossipMessage:13_26> from Peer_15:peer
Peer_4:peer INFO 12531.056625607374: Sending message <GossipMessage:13_26> to Peer_18:peer
Peer_4:peer INFO 12531.056625607374: Sending message <GossipMessage:13_26> to Peer_21:peer
Peer_4:peer INFO 12565.418248378157: Received message <Ping:> from Peer_27:bootstrap
Peer_4:peer INFO 12565.418248378157: Sending message <Pong:> to Peer_27:bootstrap
Peer_4:peer INFO 12630.916278214749: Received message <Pong:> from Peer_18:peer
Peer_4:peer INFO 12631.094205455653: Received message <Pong:> from Peer_27:bootstrap
Peer_4:peer INFO 12731.291815604402: Received message <GossipMessage:14_26> from Peer_15:peer
Peer_4:peer INFO 12731.291815604402: Sending message <GossipMessage:14_26> to Peer_21:peer
Peer_4:peer INFO 12731.291815604402: Sending message <GossipMessage:14_26> to Peer_18:peer
Peer_4:peer INFO 12931.209203244785: Received message <GossipMessage:15_26> from Peer_15:peer
Peer_4:peer INFO 12931.209203244785: Sending message <GossipMessage:15_26> to Peer_21:peer
Peer_4:peer INFO 12931.209203244785: Sending message <GossipMessage:15_26> to Peer_18:peer
Peer_4:peer INFO 13000: Sending message <Ping:> to Peer_21:peer
Peer_4:peer INFO 13131.33250046905: Received message <GossipMessage:16_26> from Peer_15:peer
Peer_4:peer INFO 13131.33250046905: Sending message <GossipMessage:16_26> to Peer_18:peer
Peer_4:peer INFO 13131.33250046905: Sending message <GossipMessage:16_26> to Peer_21:peer
Peer_4:peer INFO 13156.051061475626: Received message <Pong:> from Peer_21:peer
Peer_4:peer INFO 13331.186732230442: Received message <GossipMessage:17_26> from Peer_15:peer
Peer_4:peer INFO 13331.186732230442: Sending message <GossipMessage:17_26> to Peer_21:peer
Peer_4:peer INFO 13331.186732230442: Sending message <GossipMessage:17_26> to Peer_18:peer
Peer_4:peer INFO 13500: Sending message <Ping:> to Peer_27:bootstrap
Peer_4:peer INFO 13500: Sending message <Ping:> to Peer_18:peer
Peer_4:peer INFO 13500.246018415488: Received message <Ping:> from Peer_15:peer
Peer_4:peer INFO 13500.246018415488: Sending message <Pong:> to Peer_15:peer
Peer_4:peer INFO 13531.248112030717: Received message <GossipMessage:18_26> from Peer_15:peer
Peer_4:peer INFO 13531.248112030717: Sending message <GossipMessage:18_26> to Peer_21:peer
Peer_4:peer INFO 13531.248112030717: Sending message <GossipMessage:18_26> to Peer_18:peer
Peer_4:peer INFO 13565.404231589726: Received message <Ping:> from Peer_27:bootstrap
Peer_4:peer INFO 13565.404231589726: Sending message <Pong:> to Peer_27:bootstrap
Peer_4:peer INFO 13630.72646872762: Received message <Pong:> from Peer_18:peer
Peer_4:peer INFO 13631.272396506329: Received message <Pong:> from Peer_27:bootstrap
Peer_4:peer INFO 13731.277830312189: Received message <GossipMessage:19_26> from Peer_15:peer
Peer_4:peer INFO 13731.277830312189: Sending message <GossipMessage:19_26> to Peer_21:peer
Peer_4:peer INFO 13731.277830312189: Sending message <GossipMessage:19_26> to Peer_18:peer
Peer_4:peer INFO 13931.149741776155: Received message <GossipMessage:20_26> from Peer_15:peer
Peer_4:peer INFO 13931.149741776155: Sending message <GossipMessage:20_26> to Peer_21:peer
Peer_4:peer INFO 13931.149741776155: Sending message <GossipMessage:20_26> to Peer_18:peer
Peer_4:peer INFO 14000: Sending message <Ping:> to Peer_21:peer
Peer_4:peer INFO 14156.037068709262: Received message <Pong:> from Peer_21:peer
Peer_4:peer INFO 14500: Sending message <Ping:> to Peer_27:bootstrap
Peer_4:peer INFO 14500: Sending message <Ping:> to Peer_18:peer
Peer_4:peer INFO 14500: Sending message <Ping:> to Peer_15:peer
Peer_4:peer INFO 14500.258392778105: Received message <Ping:> from Peer_15:peer
Peer_4:peer INFO 14500.258392778105: Sending message <Pong:> to Peer_15:peer
Peer_4:peer INFO 14500.543107782643: Received message <Pong:> from Peer_15:peer
Peer_4:peer INFO 14565.488689646627: Received message <Ping:> from Peer_27:bootstrap
Peer_4:peer INFO 14565.488689646627: Sending message <Pong:> to Peer_27:bootstrap
Peer_4:peer INFO 14565.658805026576: Received message <Ping:> from Peer_18:peer
Peer_4:peer INFO 14565.658805026576: Sending message <Pong:> to Peer_18:peer
Peer_4:peer INFO 14631.049817864583: Received message <Pong:> from Peer_18:peer
Peer_4:peer INFO 14631.501497890453: Received message <Pong:> from Peer_27:bootstrap
