Peer_11:bootstrap WARNING 0: Not enough peers, fetching more (0, 15)
Peer_11:bootstrap INFO 0.7493812840643377: Received message <Hello:> from Peer_10:basic
Peer_11:bootstrap INFO 0.7493812840643377: Connecting to Peer_10:basic
Peer_11:bootstrap INFO 0.7493812840643377: Sending message <Hello:> to Peer_10:basic
Peer_11:bootstrap INFO 0.7493812840643377: Sending message <RequestPeers:> to Peer_10:basic
Peer_11:bootstrap INFO 1.006395770234753: Received message <Hello:> from Peer_3:basic
Peer_11:bootstrap INFO 1.006395770234753: Connecting to Peer_3:basic
Peer_11:bootstrap INFO 1.006395770234753: Sending message <Hello:> to Peer_3:basic
Peer_11:bootstrap INFO 1.006395770234753: Sending message <RequestPeers:> to Peer_3:basic
Peer_11:bootstrap INFO 1.0529875330528589: Received message <Hello:> from Peer_7:basic
Peer_11:bootstrap INFO 1.0529875330528589: Connecting to Peer_7:basic
Peer_11:bootstrap INFO 1.0529875330528589: Sending message <Hello:> to Peer_7:basic
Peer_11:bootstrap INFO 1.0529875330528589: Sending message <RequestPeers:> to Peer_7:basic
Peer_11:bootstrap INFO 1.184588601371569: Received message <Hello:> from Peer_6:basic
Peer_11:bootstrap INFO 1.184588601371569: Connecting to Peer_6:basic
Peer_11:bootstrap INFO 1.184588601371569: Sending message <Hello:> to Peer_6:basic
Peer_11:bootstrap INFO 1.184588601371569: Sending message <RequestPeers:> to Peer_6:basic
Peer_11:bootstrap INFO 1.2502347677107704: Received message <Hello:> from Peer_2:basic
Peer_11:bootstrap INFO 1.2502347677107704: Connecting to Peer_2:basic
Peer_11:bootstrap INFO 1.2502347677107704: Sending message <Hello:> to Peer_2:basic
Peer_11:bootstrap INFO 1.2502347677107704: Sending message <RequestPeers:> to Peer_2:basic
Peer_11:bootstrap INFO 2.6327091202917328: Received message <PeerList> from Peer_10:basic
Peer_11:bootstrap INFO 2.9459035748560263: Received message <PeerList> from Peer_3:basic
Peer_11:bootstrap INFO 3.251653483096793: Received message <PeerList> from Peer_7:basic
Peer_11:bootstrap INFO 3.4910481847872687: Received message <PeerList> from Peer_6:basic
Peer_11:bootstrap INFO 3.5218904194640124: Received message <PeerList> from Peer_2:basic
Peer_11:bootstrap INFO 5.193253589276083: Received message <Hello:> from Peer_5:basic
Peer_11:bootstrap INFO 5.193253589276083: Connecting to Peer_5:basic
Peer_11:bootstrap INFO 5.193253589276083: Sending message <Hello:> to Peer_5:basic
Peer_11:bootstrap INFO 5.193253589276083: Sending message <RequestPeers:> to Peer_5:basic
Peer_11:bootstrap INFO 5.668797392771417: Received message <Hello:> from Peer_8:basic
Peer_11:bootstrap INFO 5.668797392771417: Connecting to Peer_8:basic
Peer_11:bootstrap INFO 5.668797392771417: Sending message <Hello:> to Peer_8:basic
Peer_11:bootstrap INFO 5.668797392771417: Sending message <RequestPeers:> to Peer_8:basic
Peer_11:bootstrap INFO 5.860164393784847: Received message <Hello:> from Peer_1:basic
Peer_11:bootstrap INFO 5.860164393784847: Connecting to Peer_1:basic
Peer_11:bootstrap INFO 5.860164393784847: Sending message <Hello:> to Peer_1:basic
Peer_11:bootstrap INFO 5.860164393784847: Sending message <RequestPeers:> to Peer_1:basic
Peer_11:bootstrap INFO 6.765362722207159: Received message <Hello:> from Peer_4:basic
Peer_11:bootstrap INFO 6.765362722207159: Connecting to Peer_4:basic
Peer_11:bootstrap INFO 6.765362722207159: Sending message <Hello:> to Peer_4:basic
Peer_11:bootstrap INFO 6.765362722207159: Sending message <RequestPeers:> to Peer_4:basic
Peer_11:bootstrap INFO 7.4364017077722915: Received message <Hello:> from Peer_9:basic
Peer_11:bootstrap INFO 7.4364017077722915: Connecting to Peer_9:basic
Peer_11:bootstrap INFO 7.4364017077722915: Sending message <Hello:> to Peer_9:basic
Peer_11:bootstrap INFO 7.4364017077722915: Sending message <RequestPeers:> to Peer_9:basic
Peer_11:bootstrap INFO 16.318474349821933: Received message <PeerList> from Peer_1:basic
Peer_11:bootstrap INFO 17.496917979900317: Received message <PeerList> from Peer_8:basic
Peer_11:bootstrap INFO 18.14958273944211: Received message <PeerList> from Peer_5:basic
Peer_11:bootstrap INFO 20.192720888433485: Received message <PeerList> from Peer_4:basic
Peer_11:bootstrap INFO 22.205994489059815: Received message <PeerList> from Peer_9:basic
Peer_11:bootstrap WARNING 500: Not enough peers, fetching more (10, 15)
Peer_11:bootstrap INFO 500: Sending message <RequestPeers:> to Peer_7:basic
Peer_11:bootstrap INFO 500: Sending message <RequestPeers:> to Peer_6:basic
Peer_11:bootstrap INFO 500: Sending message <RequestPeers:> to Peer_5:basic
Peer_11:bootstrap INFO 500: Sending message <RequestPeers:> to Peer_3:basic
Peer_11:bootstrap INFO 500: Sending message <RequestPeers:> to Peer_10:basic
Peer_11:bootstrap INFO 500.8457369929045: Received message <RequestPeers:> from Peer_10:basic
Peer_11:bootstrap INFO 500.8457369929045: Sending message <PeerList> to Peer_10:basic
Peer_11:bootstrap INFO 500.89170600713175: Received message <RequestPeers:> from Peer_2:basic
Peer_11:bootstrap INFO 500.89170600713175: Sending message <PeerList> to Peer_2:basic
Peer_11:bootstrap INFO 501.3264020654805: Received message <RequestPeers:> from Peer_7:basic
Peer_11:bootstrap INFO 501.3264020654805: Sending message <PeerList> to Peer_7:basic
Peer_11:bootstrap INFO 501.3417295669743: Received message <RequestPeers:> from Peer_3:basic
Peer_11:bootstrap INFO 501.3417295669743: Sending message <PeerList> to Peer_3:basic
Peer_11:bootstrap INFO 501.48142537467106: Received message <RequestPeers:> from Peer_6:basic
Peer_11:bootstrap INFO 501.48142537467106: Sending message <PeerList> to Peer_6:basic
Peer_11:bootstrap INFO 501.87424613968847: Received message <PeerList> from Peer_3:basic
Peer_11:bootstrap INFO 502.36632538347374: Received message <PeerList> from Peer_7:basic
Peer_11:bootstrap INFO 502.48321290488866: Received message <PeerList> from Peer_6:basic
Peer_11:bootstrap INFO 502.86808452798584: Received message <PeerList> from Peer_10:basic
Peer_11:bootstrap INFO 505.11902204530213: Received message <RequestPeers:> from Peer_5:basic
Peer_11:bootstrap INFO 505.11902204530213: Sending message <PeerList> to Peer_5:basic
Peer_11:bootstrap INFO 505.5254456807024: Received message <RequestPeers:> from Peer_8:basic
Peer_11:bootstrap INFO 505.5254456807024: Sending message <PeerList> to Peer_8:basic
Peer_11:bootstrap INFO 506.4809757167524: Received message <RequestPeers:> from Peer_1:basic
Peer_11:bootstrap INFO 506.4809757167524: Sending message <PeerList> to Peer_1:basic
Peer_11:bootstrap INFO 506.7028473324944: Received message <RequestPeers:> from Peer_4:basic
Peer_11:bootstrap INFO 506.7028473324944: Sending message <PeerList> to Peer_4:basic
Peer_11:bootstrap INFO 506.7195009665902: Received message <RequestPeers:> from Peer_9:basic
Peer_11:bootstrap INFO 506.7195009665902: Sending message <PeerList> to Peer_9:basic
Peer_11:bootstrap INFO 511.6403508361102: Received message <PeerList> from Peer_5:basic
Peer_11:bootstrap WARNING 1000: Not enough peers, fetching more (10, 15)
Peer_11:bootstrap INFO 1000: Sending message <RequestPeers:> to Peer_7:basic
Peer_11:bootstrap INFO 1000: Sending message <RequestPeers:> to Peer_6:basic
Peer_11:bootstrap INFO 1000: Sending message <RequestPeers:> to Peer_10:basic
Peer_11:bootstrap INFO 1000: Sending message <RequestPeers:> to Peer_2:basic
Peer_11:bootstrap INFO 1000: Sending message <RequestPeers:> to Peer_8:basic
Peer_11:bootstrap INFO 1000.985252646966: Received message <RequestPeers:> from Peer_2:basic
Peer_11:bootstrap INFO 1000.985252646966: Sending message <PeerList> to Peer_2:basic
Peer_11:bootstrap INFO 1001.0065485523593: Received message <RequestPeers:> from Peer_7:basic
Peer_11:bootstrap INFO 1001.0065485523593: Sending message <PeerList> to Peer_7:basic
Peer_11:bootstrap INFO 1001.0243126459969: Received message <RequestPeers:> from Peer_3:basic
Peer_11:bootstrap INFO 1001.0243126459969: Sending message <PeerList> to Peer_3:basic
Peer_11:bootstrap INFO 1001.0589976549742: Received message <RequestPeers:> from Peer_10:basic
Peer_11:bootstrap INFO 1001.0589976549742: Sending message <PeerList> to Peer_10:basic
Peer_11:bootstrap INFO 1001.0960165861014: Received message <RequestPeers:> from Peer_6:basic
Peer_11:bootstrap INFO 1001.0960165861014: Sending message <PeerList> to Peer_6:basic
Peer_11:bootstrap INFO 1001.334283375771: Received message <PeerList> from Peer_2:basic
Peer_11:bootstrap INFO 1001.4492506146166: Received message <PeerList> from Peer_10:basic
Peer_11:bootstrap INFO 1002.3373156831572: Received message <PeerList> from Peer_7:basic
Peer_11:bootstrap INFO 1002.5007183954431: Received message <PeerList> from Peer_6:basic
Peer_11:bootstrap INFO 1004.8156982323767: Received message <RequestPeers:> from Peer_8:basic
Peer_11:bootstrap INFO 1004.8156982323767: Sending message <PeerList> to Peer_8:basic
Peer_11:bootstrap INFO 1004.9756668867324: Received message <RequestPeers:> from Peer_4:basic
Peer_11:bootstrap INFO 1004.9756668867324: Sending message <PeerList> to Peer_4:basic
Peer_11:bootstrap INFO 1005.132752341083: Received message <RequestPeers:> from Peer_1:basic
Peer_11:bootstrap INFO 1005.132752341083: Sending message <PeerList> to Peer_1:basic
Peer_11:bootstrap INFO 1005.1786259569953: Received message <RequestPeers:> from Peer_5:basic
Peer_11:bootstrap INFO 1005.1786259569953: Sending message <PeerList> to Peer_5:basic
Peer_11:bootstrap INFO 1006.7819067827088: Received message <RequestPeers:> from Peer_9:basic
Peer_11:bootstrap INFO 1006.7819067827088: Sending message <PeerList> to Peer_9:basic
Peer_11:bootstrap INFO 1011.2195368991324: Received message <PeerList> from Peer_8:basic
Peer_11:bootstrap WARNING 1500: Not enough peers, fetching more (10, 15)
Peer_11:bootstrap INFO 1500: Sending message <RequestPeers:> to Peer_9:basic
Peer_11:bootstrap INFO 1500: Sending message <RequestPeers:> to Peer_10:basic
Peer_11:bootstrap INFO 1500: Sending message <RequestPeers:> to Peer_8:basic
Peer_11:bootstrap INFO 1500: Sending message <RequestPeers:> to Peer_4:basic
Peer_11:bootstrap INFO 1500: Sending message <RequestPeers:> to Peer_5:basic
Peer_11:bootstrap INFO 1500.8497886428534: Received message <RequestPeers:> from Peer_3:basic
Peer_11:bootstrap INFO 1500.8497886428534: Sending message <PeerList> to Peer_3:basic
Peer_11:bootstrap INFO 1501.0727280237695: Received message <RequestPeers:> from Peer_6:basic
Peer_11:bootstrap INFO 1501.0727280237695: Sending message <PeerList> to Peer_6:basic
Peer_11:bootstrap INFO 1501.4610731110556: Received message <RequestPeers:> from Peer_10:basic
Peer_11:bootstrap INFO 1501.4610731110556: Sending message <PeerList> to Peer_10:basic
Peer_11:bootstrap INFO 1502.0397619866185: Received message <PeerList> from Peer_10:basic
Peer_11:bootstrap INFO 1506.7111762627685: Received message <RequestPeers:> from Peer_1:basic
Peer_11:bootstrap INFO 1506.7111762627685: Sending message <PeerList> to Peer_1:basic
Peer_11:bootstrap INFO 1507.343600326312: Received message <RequestPeers:> from Peer_4:basic
Peer_11:bootstrap INFO 1507.343600326312: Sending message <PeerList> to Peer_4:basic
Peer_11:bootstrap INFO 1510.2536376414366: Received message <PeerList> from Peer_9:basic
Peer_11:bootstrap INFO 1510.3915594173582: Received message <PeerList> from Peer_5:basic
Peer_11:bootstrap INFO 1510.9452507830974: Received message <PeerList> from Peer_4:basic
Peer_11:bootstrap INFO 1512.4820831356365: Received message <PeerList> from Peer_8:basic
Peer_11:bootstrap WARNING 2000: Not enough peers, fetching more (10, 15)
Peer_11:bootstrap INFO 2000: Sending message <RequestPeers:> to Peer_10:basic
Peer_11:bootstrap INFO 2000: Sending message <RequestPeers:> to Peer_3:basic
Peer_11:bootstrap INFO 2000: Sending message <RequestPeers:> to Peer_5:basic
Peer_11:bootstrap INFO 2000: Sending message <RequestPeers:> to Peer_7:basic
Peer_11:bootstrap INFO 2000: Sending message <RequestPeers:> to Peer_1:basic
Peer_11:bootstrap INFO 2000: Sending message <Ping:> to Peer_7:basic
Peer_11:bootstrap INFO 2000: Sending message <Ping:> to Peer_2:basic
Peer_11:bootstrap INFO 2000.846747752206: Received message <Ping:> from Peer_2:basic
Peer_11:bootstrap INFO 2000.846747752206: Sending message <Pong:> to Peer_2:basic
Peer_11:bootstrap INFO 2001.0569169287185: Received message <Ping:> from Peer_7:basic
Peer_11:bootstrap INFO 2001.0569169287185: Sending message <Pong:> to Peer_7:basic
Peer_11:bootstrap INFO 2001.6776406365564: Received message <PeerList> from Peer_7:basic
Peer_11:bootstrap INFO 2001.7607967977704: Received message <Pong:> from Peer_2:basic
Peer_11:bootstrap INFO 2002.0633599592936: Received message <PeerList> from Peer_3:basic
Peer_11:bootstrap INFO 2002.2460620828658: Received message <Pong:> from Peer_7:basic
Peer_11:bootstrap INFO 2002.282494594427: Received message <PeerList> from Peer_10:basic
Peer_11:bootstrap INFO 2009.864138202391: Received message <PeerList> from Peer_5:basic
Peer_11:bootstrap INFO 2011.27372548425: Received message <PeerList> from Peer_1:basic
Peer_11:bootstrap WARNING 2500: Not enough peers, fetching more (10, 15)
Peer_11:bootstrap INFO 2500: Sending message <RequestPeers:> to Peer_10:basic
Peer_11:bootstrap INFO 2500: Sending message <RequestPeers:> to Peer_6:basic
Peer_11:bootstrap INFO 2500: Sending message <RequestPeers:> to Peer_8:basic
Peer_11:bootstrap INFO 2500: Sending message <RequestPeers:> to Peer_7:basic
Peer_11:bootstrap INFO 2500: Sending message <RequestPeers:> to Peer_9:basic
Peer_11:bootstrap INFO 2500: Sending message <Ping:> to Peer_6:basic
Peer_11:bootstrap INFO 2500: Sending message <Ping:> to Peer_8:basic
Peer_11:bootstrap INFO 2500: Sending message <Ping:> to Peer_4:basic
Peer_11:bootstrap INFO 2500: Sending message <Ping:> to Peer_9:basic
Peer_11:bootstrap INFO 2501.6110763005195: Received message <Ping:> from Peer_6:basic
Peer_11:bootstrap INFO 2501.6110763005195: Sending message <Pong:> to Peer_6:basic
Peer_11:bootstrap INFO 2501.661848569169: Received message <PeerList> from Peer_7:basic
Peer_11:bootstrap INFO 2501.8120741504586: Received message <Pong:> from Peer_6:basic
Peer_11:bootstrap INFO 2502.1171908289066: Received message <PeerList> from Peer_10:basic
Peer_11:bootstrap INFO 2502.4885735677753: Received message <PeerList> from Peer_6:basic
Peer_11:bootstrap INFO 2504.892078543614: Received message <Ping:> from Peer_9:basic
Peer_11:bootstrap INFO 2504.892078543614: Sending message <Pong:> to Peer_9:basic
Peer_11:bootstrap INFO 2505.293078746748: Received message <Ping:> from Peer_4:basic
Peer_11:bootstrap INFO 2505.293078746748: Sending message <Pong:> to Peer_4:basic
Peer_11:bootstrap INFO 2505.3923898892835: Received message <Ping:> from Peer_8:basic
Peer_11:bootstrap INFO 2505.3923898892835: Sending message <Pong:> to Peer_8:basic
Peer_11:bootstrap INFO 2511.3316890362407: Received message <Pong:> from Peer_9:basic
Peer_11:bootstrap INFO 2511.6038648867284: Received message <Pong:> from Peer_4:basic
Peer_11:bootstrap INFO 2511.6974096771805: Received message <PeerList> from Peer_8:basic
Peer_11:bootstrap INFO 2512.0589024212786: Received message <Pong:> from Peer_8:basic
Peer_11:bootstrap INFO 2513.4667603969865: Received message <PeerList> from Peer_9:basic
Peer_11:bootstrap WARNING 3000: Not enough peers, fetching more (10, 15)
Peer_11:bootstrap INFO 3000: Sending message <RequestPeers:> to Peer_4:basic
Peer_11:bootstrap INFO 3000: Sending message <RequestPeers:> to Peer_6:basic
Peer_11:bootstrap INFO 3000: Sending message <RequestPeers:> to Peer_2:basic
Peer_11:bootstrap INFO 3000: Sending message <RequestPeers:> to Peer_8:basic
Peer_11:bootstrap INFO 3000: Sending message <RequestPeers:> to Peer_7:basic
Peer_11:bootstrap INFO 3000: Sending message <Ping:> to Peer_3:basic
Peer_11:bootstrap INFO 3000: Sending message <Ping:> to Peer_2:basic
Peer_11:bootstrap INFO 3000: Sending message <Ping:> to Peer_5:basic
Peer_11:bootstrap INFO 3000: Sending message <Ping:> to Peer_1:basic
Peer_11:bootstrap INFO 3000.759860515868: Received message <Ping:> from Peer_2:basic
Peer_11:bootstrap INFO 3000.759860515868: Sending message <Pong:> to Peer_2:basic
Peer_11:bootstrap INFO 3001.113233260105: Received message <Ping:> from Peer_3:basic
Peer_11:bootstrap INFO 3001.113233260105: Sending message <Pong:> to Peer_3:basic
Peer_11:bootstrap INFO 3001.930109298433: Received message <PeerList> from Peer_7:basic
Peer_11:bootstrap INFO 3001.9958138484635: Received message <Pong:> from Peer_2:basic
Peer_11:bootstrap INFO 3002.1644407074987: Received message <PeerList> from Peer_2:basic
Peer_11:bootstrap INFO 3002.232769799729: Received message <PeerList> from Peer_6:basic
Peer_11:bootstrap INFO 3002.412586177526: Received message <Pong:> from Peer_3:basic
Peer_11:bootstrap INFO 3004.462365166449: Received message <Ping:> from Peer_5:basic
Peer_11:bootstrap INFO 3004.462365166449: Sending message <Pong:> to Peer_5:basic
Peer_11:bootstrap INFO 3005.5279989966057: Received message <Ping:> from Peer_1:basic
Peer_11:bootstrap INFO 3005.5279989966057: Sending message <Pong:> to Peer_1:basic
Peer_11:bootstrap INFO 3010.3591501791834: Received message <PeerList> from Peer_8:basic
Peer_11:bootstrap INFO 3012.6136554992486: Received message <Pong:> from Peer_1:basic
Peer_11:bootstrap INFO 3013.394123249268: Received message <Pong:> from Peer_5:basic
Peer_11:bootstrap INFO 3014.2500816480688: Received message <PeerList> from Peer_4:basic
Peer_11:bootstrap WARNING 3500: Not enough peers, fetching more (10, 15)
Peer_11:bootstrap INFO 3500: Sending message <RequestPeers:> to Peer_4:basic
Peer_11:bootstrap INFO 3500: Sending message <RequestPeers:> to Peer_1:basic
Peer_11:bootstrap INFO 3500: Sending message <RequestPeers:> to Peer_9:basic
Peer_11:bootstrap INFO 3500: Sending message <RequestPeers:> to Peer_5:basic
Peer_11:bootstrap INFO 3500: Sending message <RequestPeers:> to Peer_2:basic
Peer_11:bootstrap INFO 3500: Sending message <Ping:> to Peer_10:basic
Peer_11:bootstrap INFO 3500: Sending message <Ping:> to Peer_9:basic
Peer_11:bootstrap INFO 3501.2017015679735: Received message <Ping:> from Peer_10:basic
Peer_11:bootstrap INFO 3501.2017015679735: Sending message <Pong:> to Peer_10:basic
Peer_11:bootstrap INFO 3502.175010533898: Received message <PeerList> from Peer_2:basic
Peer_11:bootstrap INFO 3502.5065700864375: Received message <Pong:> from Peer_10:basic
Peer_11:bootstrap INFO 3506.5245626381443: Received message <Ping:> from Peer_9:basic
Peer_11:bootstrap INFO 3506.5245626381443: Sending message <Pong:> to Peer_9:basic
Peer_11:bootstrap INFO 3510.2791190243884: Received message <PeerList> from Peer_5:basic
Peer_11:bootstrap INFO 3511.4980155610256: Received message <PeerList> from Peer_9:basic
Peer_11:bootstrap INFO 3511.755429080157: Received message <PeerList> from Peer_4:basic
Peer_11:bootstrap INFO 3511.819068006384: Received message <Pong:> from Peer_9:basic
Peer_11:bootstrap INFO 3513.552331266222: Received message <PeerList> from Peer_1:basic
Peer_11:bootstrap WARNING 4000: Not enough peers, fetching more (10, 15)
Peer_11:bootstrap INFO 4000: Sending message <RequestPeers:> to Peer_1:basic
Peer_11:bootstrap INFO 4000: Sending message <RequestPeers:> to Peer_4:basic
Peer_11:bootstrap INFO 4000: Sending message <RequestPeers:> to Peer_7:basic
Peer_11:bootstrap INFO 4000: Sending message <RequestPeers:> to Peer_9:basic
Peer_11:bootstrap INFO 4000: Sending message <RequestPeers:> to Peer_6:basic
Peer_11:bootstrap INFO 4000: Sending message <Ping:> to Peer_3:basic
Peer_11:bootstrap INFO 4000: Sending message <Ping:> to Peer_7:basic
Peer_11:bootstrap INFO 4000: Sending message <Ping:> to Peer_6:basic
Peer_11:bootstrap INFO 4000: Sending message <Ping:> to Peer_8:basic
Peer_11:bootstrap INFO 4000.8977305850726: Received message <Ping:> from Peer_7:basic
Peer_11:bootstrap INFO 4000.8977305850726: Sending message <Pong:> to Peer_7:basic
Peer_11:bootstrap INFO 4001.0708899317033: Received message <Ping:> from Peer_3:basic
Peer_11:bootstrap INFO 4001.0708899317033: Sending message <Pong:> to Peer_3:basic
Peer_11:bootstrap INFO 4001.1431077057537: Received message <Ping:> from Peer_6:basic
Peer_11:bootstrap INFO 4001.1431077057537: Sending message <Pong:> to Peer_6:basic
Peer_11:bootstrap INFO 4001.522755543316: Received message <Pong:> from Peer_7:basic
Peer_11:bootstrap INFO 4001.5660041214423: Received message <PeerList> from Peer_6:basic
Peer_11:bootstrap INFO 4001.7825525371245: Received message <Pong:> from Peer_3:basic
Peer_11:bootstrap INFO 4001.943488595652: Received message <Pong:> from Peer_6:basic
Peer_11:bootstrap INFO 4002.241213777917: Received message <PeerList> from Peer_7:basic
Peer_11:bootstrap INFO 4006.909749080822: Received message <Ping:> from Peer_8:basic
Peer_11:bootstrap INFO 4006.909749080822: Sending message <Pong:> to Peer_8:basic
Peer_11:bootstrap INFO 4010.9785663415564: Received message <Pong:> from Peer_8:basic
Peer_11:bootstrap INFO 4011.3148879327055: Received message <PeerList> from Peer_4:basic
Peer_11:bootstrap INFO 4013.7434707341195: Received message <PeerList> from Peer_9:basic
Peer_11:bootstrap INFO 4014.4682231946144: Received message <PeerList> from Peer_1:basic
Peer_11:bootstrap WARNING 4500: Not enough peers, fetching more (10, 15)
Peer_11:bootstrap INFO 4500: Sending message <RequestPeers:> to Peer_9:basic
Peer_11:bootstrap INFO 4500: Sending message <RequestPeers:> to Peer_7:basic
Peer_11:bootstrap INFO 4500: Sending message <RequestPeers:> to Peer_1:basic
Peer_11:bootstrap INFO 4500: Sending message <RequestPeers:> to Peer_2:basic
Peer_11:bootstrap INFO 4500: Sending message <RequestPeers:> to Peer_3:basic
Peer_11:bootstrap INFO 4500: Sending message <Ping:> to Peer_10:basic
Peer_11:bootstrap INFO 4500: Sending message <Ping:> to Peer_2:basic
Peer_11:bootstrap INFO 4500: Sending message <Ping:> to Peer_5:basic
Peer_11:bootstrap INFO 4500.947400730515: Received message <Ping:> from Peer_2:basic
Peer_11:bootstrap INFO 4500.947400730515: Sending message <Pong:> to Peer_2:basic
Peer_11:bootstrap INFO 4501.173337152433: Received message <Ping:> from Peer_10:basic
Peer_11:bootstrap INFO 4501.173337152433: Sending message <Pong:> to Peer_10:basic
Peer_11:bootstrap INFO 4501.4116210858165: Received message <Pong:> from Peer_10:basic
Peer_11:bootstrap INFO 4501.665399667804: Received message <PeerList> from Peer_7:basic
Peer_11:bootstrap INFO 4501.909441657031: Received message <PeerList> from Peer_3:basic
Peer_11:bootstrap INFO 4502.348920864986: Received message <PeerList> from Peer_2:basic
Peer_11:bootstrap INFO 4502.959225279899: Received message <Pong:> from Peer_2:basic
Peer_11:bootstrap INFO 4506.098774732298: Received message <Ping:> from Peer_5:basic
Peer_11:bootstrap INFO 4506.098774732298: Sending message <Pong:> to Peer_5:basic
Peer_11:bootstrap INFO 4510.159765961599: Received message <Pong:> from Peer_5:basic
Peer_11:bootstrap INFO 4511.316644051697: Received message <PeerList> from Peer_9:basic
Peer_11:bootstrap INFO 4515.336116780979: Received message <PeerList> from Peer_1:basic
