Peer_23:peer WARNING 0: Not enough peers, fetching more (0, 4)
Peer_23:peer INFO 38.07823221654405: Connecting to Peer_27:bootstrap
Peer_23:peer INFO 74.00774658737862: Received message <RequestPeers:> from Peer_27:bootstrap
Peer_23:peer INFO 74.00774658737862: Sending message <PeerList> to Peer_27:bootstrap
Peer_23:peer INFO 75.7978099516888: Received message <Hello:> from Peer_27:bootstrap
Peer_23:peer WARNING 500: Not enough peers, fetching more (1, 4)
Peer_23:peer INFO 500: Sending message <RequestPeers:> to Peer_27:bootstrap
Peer_23:peer INFO 575.0720556382904: Received message <PeerList> from Peer_27:bootstrap
Peer_23:peer WARNING 1000: Not enough peers, fetching more (1, 4)
Peer_23:peer INFO 1000: Sending message <RequestPeers:> to Peer_27:bootstrap
Peer_23:peer INFO 1035.7935286968977: Connecting to Peer_18:peer
Peer_23:peer INFO 1072.0460232544883: Received message <RequestPeers:> from Peer_18:peer
Peer_23:peer INFO 1072.0460232544883: Sending message <PeerList> to Peer_18:peer
Peer_23:peer INFO 1072.9165738764234: Received message <Hello:> from Peer_18:peer
Peer_23:peer INFO 1073.9304261716438: Received message <PeerList> from Peer_27:bootstrap
Peer_23:peer INFO 1078.0114705986325: Received message <Hello:> from Peer_1:peer
Peer_23:peer INFO 1078.0114705986325: Connecting to Peer_1:peer
Peer_23:peer INFO 1078.0114705986325: Sending message <Hello:> to Peer_1:peer
Peer_23:peer INFO 1078.0114705986325: Sending message <RequestPeers:> to Peer_1:peer
Peer_23:peer INFO 1233.9847962063511: Received message <PeerList> from Peer_1:peer
Peer_23:peer WARNING 1500: Not enough peers, fetching more (3, 4)
Peer_23:peer INFO 1500.2874439120467: Connecting to Peer_25:peer
Peer_23:peer INFO 1500.4304212043523: Received message <Hello:> from Peer_16:peer
Peer_23:peer INFO 1500.4304212043523: Connecting to Peer_16:peer
Peer_23:peer INFO 1500.4304212043523: Sending message <Hello:> to Peer_16:peer
Peer_23:peer INFO 1500.4304212043523: Sending message <RequestPeers:> to Peer_16:peer
Peer_23:peer INFO 1500.5791933673536: Received message <Hello:> from Peer_25:peer
Peer_23:peer INFO 1500.6266299555311: Received message <RequestPeers:> from Peer_25:peer
Peer_23:peer INFO 1500.6266299555311: Sending message <PeerList> to Peer_25:peer
Peer_23:peer INFO 1500.9610561088418: Received message <PeerList> from Peer_16:peer
Peer_23:peer INFO 2000: Sending message <Ping:> to Peer_27:bootstrap
Peer_23:peer INFO 2000: Sending message <Ping:> to Peer_18:peer
Peer_23:peer INFO 2000: Sending message <Ping:> to Peer_1:peer
Peer_23:peer INFO 2036.3903462329251: Received message <Ping:> from Peer_27:bootstrap
Peer_23:peer INFO 2036.3903462329251: Sending message <Pong:> to Peer_27:bootstrap
Peer_23:peer INFO 2037.1282210668483: Received message <Ping:> from Peer_18:peer
Peer_23:peer INFO 2037.1282210668483: Sending message <Pong:> to Peer_18:peer
Peer_23:peer INFO 2073.2450388044385: Received message <Pong:> from Peer_27:bootstrap
Peer_23:peer INFO 2073.7657727233377: Received message <Pong:> from Peer_18:peer
Peer_23:peer INFO 2077.980234889758: Received message <Ping:> from Peer_1:peer
Peer_23:peer INFO 2077.980234889758: Sending message <Pong:> to Peer_1:peer
Peer_23:peer INFO 2155.9118993847046: Received message <Pong:> from Peer_1:peer
Peer_23:peer INFO 2500: Sending message <Ping:> to Peer_25:peer
Peer_23:peer INFO 2500: Sending message <Ping:> to Peer_16:peer
Peer_23:peer INFO 2500.2400834005907: Received message <Ping:> from Peer_16:peer
Peer_23:peer INFO 2500.2400834005907: Sending message <Pong:> to Peer_16:peer
Peer_23:peer INFO 2500.271774558799: Received message <Ping:> from Peer_25:peer
Peer_23:peer INFO 2500.271774558799: Sending message <Pong:> to Peer_25:peer
Peer_23:peer INFO 2500.52141833271: Received message <Pong:> from Peer_25:peer
Peer_23:peer INFO 2500.5830451672964: Received message <Pong:> from Peer_16:peer
Peer_23:peer INFO 3000: Sending message <Ping:> to Peer_27:bootstrap
Peer_23:peer INFO 3000: Sending message <Ping:> to Peer_18:peer
Peer_23:peer INFO 3000: Sending message <Ping:> to Peer_1:peer
Peer_23:peer INFO 3036.449580723447: Received message <Ping:> from Peer_27:bootstrap
Peer_23:peer INFO 3036.449580723447: Sending message <Pong:> to Peer_27:bootstrap
Peer_23:peer INFO 3038.189746833839: Received message <Ping:> from Peer_18:peer
Peer_23:peer INFO 3038.189746833839: Sending message <Pong:> to Peer_18:peer
Peer_23:peer INFO 3073.5872901813514: Received message <Pong:> from Peer_18:peer
Peer_23:peer INFO 3073.7003687598626: Received message <Pong:> from Peer_27:bootstrap
Peer_23:peer INFO 3078.03995132361: Received message <Ping:> from Peer_1:peer
Peer_23:peer INFO 3078.03995132361: Sending message <Pong:> to Peer_1:peer
Peer_23:peer INFO 3156.0519779582705: Received message <Pong:> from Peer_1:peer
Peer_23:peer INFO 3500: Sending message <Ping:> to Peer_25:peer
Peer_23:peer INFO 3500: Sending message <Ping:> to Peer_16:peer
Peer_23:peer INFO 3500.2310911992063: Received message <Ping:> from Peer_25:peer
Peer_23:peer INFO 3500.2310911992063: Sending message <Pong:> to Peer_25:peer
Peer_23:peer INFO 3500.245769295993: Received message <Ping:> from Peer_16:peer
Peer_23:peer INFO 3500.245769295993: Sending message <Pong:> to Peer_16:peer
Peer_23:peer INFO 3500.5649301287926: Received message <Pong:> from Peer_16:peer
Peer_23:peer INFO 3500.620881248359: Received message <Pong:> from Peer_25:peer
Peer_23:peer INFO 4000: Sending message <Ping:> to Peer_27:bootstrap
Peer_23:peer INFO 4000: Sending message <Ping:> to Peer_18:peer
Peer_23:peer INFO 4000: Sending message <Ping:> to Peer_1:peer
Peer_23:peer INFO 4036.7460027622124: Received message <Ping:> from Peer_27:bootstrap
Peer_23:peer INFO 4036.7460027622124: Sending message <Pong:> to Peer_27:bootstrap
Peer_23:peer INFO 4037.226245975741: Received message <Ping:> from Peer_18:peer
Peer_23:peer INFO 4037.226245975741: Sending message <Pong:> to Peer_18:peer
Peer_23:peer INFO 4073.0152893862355: Received message <Pong:> from Peer_27:bootstrap
Peer_23:peer INFO 4073.2869092044425: Received message <Pong:> from Peer_18:peer
Peer_23:peer INFO 4077.9546093324498: Received message <Ping:> from Peer_1:peer
Peer_23:peer INFO 4077.9546093324498: Sending message <Pong:> to Peer_1:peer
Peer_23:peer INFO 4156.032710713677: Received message <Pong:> from Peer_1:peer
Peer_23:peer INFO 4500: Sending message <Ping:> to Peer_25:peer
Peer_23:peer INFO 4500: Sending message <Ping:> to Peer_16:peer
Peer_23:peer INFO 4500.261903333135: Received message <Ping:> from Peer_16:peer
Peer_23:peer INFO 4500.261903333135: Sending message <Pong:> to Peer_16:peer
Peer_23:peer INFO 4500.287389801723: Received message <Ping:> from Peer_25:peer
Peer_23:peer INFO 4500.287389801723: Sending message <Pong:> to Peer_25:peer
Peer_23:peer INFO 4500.489192420906: Received message <Pong:> from Peer_25:peer
Peer_23:peer INFO 4500.512359707776: Received message <Pong:> from Peer_16:peer
Peer_23:peer INFO 5000: Sending message <Ping:> to Peer_27:bootstrap
Peer_23:peer INFO 5000: Sending message <Ping:> to Peer_18:peer
Peer_23:peer INFO 5000: Sending message <Ping:> to Peer_1:peer
Peer_23:peer INFO 5036.248095555167: Received message <Ping:> from Peer_18:peer
Peer_23:peer INFO 5036.248095555167: Sending message <Pong:> to Peer_18:peer
Peer_23:peer INFO 5036.392528435174: Received message <Ping:> from Peer_27:bootstrap
Peer_23:peer INFO 5036.392528435174: Sending message <Pong:> to Peer_27:bootstrap
Peer_23:peer INFO 5072.842588170546: Received message <Pong:> from Peer_18:peer
Peer_23:peer INFO 5073.059803855624: Received message <Pong:> from Peer_27:bootstrap
Peer_23:peer INFO 5077.957245806112: Received message <Ping:> from Peer_1:peer
Peer_23:peer INFO 5077.957245806112: Sending message <Pong:> to Peer_1:peer
Peer_23:peer INFO 5155.954695876737: Received message <Pong:> from Peer_1:peer
Peer_23:peer INFO 5500: Sending message <Ping:> to Peer_25:peer
Peer_23:peer INFO 5500: Sending message <Ping:> to Peer_16:peer
Peer_23:peer INFO 5500.2539568675575: Received message <Ping:> from Peer_16:peer
Peer_23:peer INFO 5500.2539568675575: Sending message <Pong:> to Peer_16:peer
Peer_23:peer INFO 5500.363896076272: Received message <Ping:> from Peer_25:peer
Peer_23:peer INFO 5500.363896076272: Sending message <Pong:> to Peer_25:peer
Peer_23:peer INFO 5500.548728202464: Received message <Pong:> from Peer_25:peer
Peer_23:peer INFO 5500.648412970016: Received message <Pong:> from Peer_16:peer
Peer_23:peer INFO 6000: Sending message <Ping:> to Peer_27:bootstrap
Peer_23:peer INFO 6000: Sending message <Ping:> to Peer_18:peer
Peer_23:peer INFO 6000: Sending message <Ping:> to Peer_1:peer
Peer_23:peer INFO 6036.578287872867: Received message <Ping:> from Peer_27:bootstrap
Peer_23:peer INFO 6036.578287872867: Sending message <Pong:> to Peer_27:bootstrap
Peer_23:peer INFO 6037.229494176001: Received message <Ping:> from Peer_18:peer
Peer_23:peer INFO 6037.229494176001: Sending message <Pong:> to Peer_18:peer
Peer_23:peer INFO 6073.16368020468: Received message <Pong:> from Peer_27:bootstrap
Peer_23:peer INFO 6074.192894954356: Received message <Pong:> from Peer_18:peer
Peer_23:peer INFO 6078.007195084216: Received message <Ping:> from Peer_1:peer
Peer_23:peer INFO 6078.007195084216: Sending message <Pong:> to Peer_1:peer
Peer_23:peer INFO 6156.023926734814: Received message <Pong:> from Peer_1:peer
Peer_23:peer INFO 6500: Sending message <Ping:> to Peer_25:peer
Peer_23:peer INFO 6500: Sending message <Ping:> to Peer_16:peer
Peer_23:peer INFO 6500.2534569042045: Received message <Ping:> from Peer_25:peer
Peer_23:peer INFO 6500.2534569042045: Sending message <Pong:> to Peer_25:peer
Peer_23:peer INFO 6500.260278846347: Received message <Ping:> from Peer_16:peer
Peer_23:peer INFO 6500.260278846347: Sending message <Pong:> to Peer_16:peer
Peer_23:peer INFO 6500.444799616543: Received message <Pong:> from Peer_25:peer
Peer_23:peer INFO 6500.504626000013: Received message <Pong:> from Peer_16:peer
Peer_23:peer INFO 7000: Sending message <Ping:> to Peer_27:bootstrap
Peer_23:peer INFO 7000: Sending message <Ping:> to Peer_18:peer
Peer_23:peer INFO 7000: Sending message <Ping:> to Peer_1:peer
Peer_23:peer INFO 7036.526717131319: Received message <Ping:> from Peer_18:peer
Peer_23:peer INFO 7036.526717131319: Sending message <Pong:> to Peer_18:peer
Peer_23:peer INFO 7037.188275050128: Received message <Ping:> from Peer_27:bootstrap
Peer_23:peer INFO 7037.188275050128: Sending message <Pong:> to Peer_27:bootstrap
Peer_23:peer INFO 7073.202157815106: Received message <Pong:> from Peer_18:peer
Peer_23:peer INFO 7073.836683788405: Received message <Pong:> from Peer_27:bootstrap
Peer_23:peer INFO 7078.07766517746: Received message <Ping:> from Peer_1:peer
Peer_23:peer INFO 7078.07766517746: Sending message <Pong:> to Peer_1:peer
Peer_23:peer INFO 7155.908147516519: Received message <Pong:> from Peer_1:peer
Peer_23:peer INFO 7500: Sending message <Ping:> to Peer_25:peer
Peer_23:peer INFO 7500: Sending message <Ping:> to Peer_16:peer
Peer_23:peer INFO 7500.264152452297: Received message <Ping:> from Peer_16:peer
Peer_23:peer INFO 7500.264152452297: Sending message <Pong:> to Peer_16:peer
Peer_23:peer INFO 7500.317197562613: Received message <Ping:> from Peer_25:peer
Peer_23:peer INFO 7500.317197562613: Sending message <Pong:> to Peer_25:peer
Peer_23:peer INFO 7500.537908235001: Received message <Pong:> from Peer_16:peer
Peer_23:peer INFO 7500.546635240608: Received message <Pong:> from Peer_25:peer
Peer_23:peer INFO 8000: Sending message <Ping:> to Peer_27:bootstrap
Peer_23:peer INFO 8000: Sending message <Ping:> to Peer_18:peer
Peer_23:peer INFO 8000: Sending message <Ping:> to Peer_1:peer
Peer_23:peer INFO 8036.458926708572: Received message <Ping:> from Peer_27:bootstrap
Peer_23:peer INFO 8036.458926708572: Sending message <Pong:> to Peer_27:bootstrap
Peer_23:peer INFO 8037.0558282768125: Received message <Ping:> from Peer_18:peer
Peer_23:peer INFO 8037.0558282768125: Sending message <Pong:> to Peer_18:peer
Peer_23:peer INFO 8072.755756633807: Received message <Pong:> from Peer_27:bootstrap
Peer_23:peer INFO 8073.990355743152: Received message <Pong:> from Peer_18:peer
Peer_23:peer INFO 8077.930994618007: Received message <Ping:> from Peer_1:peer
Peer_23:peer INFO 8077.930994618007: Sending message <Pong:> to Peer_1:peer
Peer_23:peer INFO 8156.001640609709: Received message <Pong:> from Peer_1:peer
Peer_23:peer INFO 8500: Sending message <Ping:> to Peer_25:peer
Peer_23:peer INFO 8500: Sending message <Ping:> to Peer_16:peer
Peer_23:peer INFO 8500.22792446252: Received message <Ping:> from Peer_16:peer
Peer_23:peer INFO 8500.22792446252: Sending message <Pong:> to Peer_16:peer
Peer_23:peer INFO 8500.268534565308: Received message <Ping:> from Peer_25:peer
Peer_23:peer INFO 8500.268534565308: Sending message <Pong:> to Peer_25:peer
Peer_23:peer INFO 8500.519974834106: Received message <Pong:> from Peer_25:peer
Peer_23:peer INFO 8500.55622930808: Received message <Pong:> from Peer_16:peer
Peer_23:peer INFO 9000: Sending message <Ping:> to Peer_27:bootstrap
Peer_23:peer INFO 9000: Sending message <Ping:> to Peer_18:peer
Peer_23:peer INFO 9000: Sending message <Ping:> to Peer_1:peer
Peer_23:peer INFO 9036.047118229857: Received message <Ping:> from Peer_18:peer
Peer_23:peer INFO 9036.047118229857: Sending message <Pong:> to Peer_18:peer
Peer_23:peer INFO 9036.260096992457: Received message <Ping:> from Peer_27:bootstrap
Peer_23:peer INFO 9036.260096992457: Sending message <Pong:> to Peer_27:bootstrap
Peer_23:peer INFO 9072.190453864538: Received message <Pong:> from Peer_27:bootstrap
Peer_23:peer INFO 9073.740152850874: Received message <Pong:> from Peer_18:peer
Peer_23:peer INFO 9077.989291085581: Received message <Ping:> from Peer_1:peer
Peer_23:peer INFO 9077.989291085581: Sending message <Pong:> to Peer_1:peer
Peer_23:peer INFO 9155.880040230511: Received message <Pong:> from Peer_1:peer
Peer_23:peer INFO 9500: Sending message <Ping:> to Peer_25:peer
Peer_23:peer INFO 9500: Sending message <Ping:> to Peer_16:peer
Peer_23:peer INFO 9500.285882872147: Received message <Ping:> from Peer_16:peer
Peer_23:peer INFO 9500.285882872147: Sending message <Pong:> to Peer_16:peer
Peer_23:peer INFO 9500.312992580046: Received message <Ping:> from Peer_25:peer
Peer_23:peer INFO 9500.312992580046: Sending message <Pong:> to Peer_25:peer
Peer_23:peer INFO 9500.46360988683: Received message <Pong:> from Peer_25:peer
Peer_23:peer INFO 9500.624279237756: Received message <Pong:> from Peer_16:peer
Peer_23:peer INFO 10000: Sending message <Ping:> to Peer_27:bootstrap
Peer_23:peer INFO 10000: Sending message <Ping:> to Peer_18:peer
Peer_23:peer INFO 10000: Sending message <Ping:> to Peer_1:peer
Peer_23:peer INFO 10036.303664025098: Received message <Ping:> from Peer_18:peer
Peer_23:peer INFO 10036.303664025098: Sending message <Pong:> to Peer_18:peer
Peer_23:peer INFO 10037.503250576157: Received message <Ping:> from Peer_27:bootstrap
Peer_23:peer INFO 10037.503250576157: Sending message <Pong:> to Peer_27:bootstrap
Peer_23:peer INFO 10073.207319236553: Received message <Pong:> from Peer_18:peer
Peer_23:peer INFO 10074.192102442317: Received message <Pong:> from Peer_27:bootstrap
Peer_23:peer INFO 10078.037259225252: Received message <Ping:> from Peer_1:peer
Peer_23:peer INFO 10078.037259225252: Sending message <Pong:> to Peer_1:peer
Peer_23:peer INFO 10155.951256721552: Received message <Pong:> from Peer_1:peer
Peer_23:peer INFO 10209.707401498541: Received message <GossipMessage:1_26> from Peer_1:peer
Peer_23:peer INFO 10409.277421833867: Received message <GossipMessage:2_26> from Peer_1:peer
Peer_23:peer INFO 10500: Sending message <Ping:> to Peer_25:peer
Peer_23:peer INFO 10500: Sending message <Ping:> to Peer_16:peer
Peer_23:peer INFO 10500.267104425691: Received message <Ping:> from Peer_16:peer
Peer_23:peer INFO 10500.267104425691: Sending message <Pong:> to Peer_16:peer
Peer_23:peer INFO 10500.397749203577: Received message <Ping:> from Peer_25:peer
Peer_23:peer INFO 10500.397749203577: Sending message <Pong:> to Peer_25:peer
Peer_23:peer INFO 10500.499985850289: Received message <Pong:> from Peer_25:peer
Peer_23:peer INFO 10500.616870335936: Received message <Pong:> from Peer_16:peer
Peer_23:peer INFO 10609.661159842082: Received message <GossipMessage:3_26> from Peer_1:peer
Peer_23:peer INFO 10809.411882774091: Received message <GossipMessage:4_26> from Peer_1:peer
Peer_23:peer INFO 11000: Sending message <Ping:> to Peer_27:bootstrap
Peer_23:peer INFO 11000: Sending message <Ping:> to Peer_18:peer
Peer_23:peer INFO 11009.680175047655: Received message <GossipMessage:5_26> from Peer_1:peer
Peer_23:peer INFO 11036.094259502539: Received message <Ping:> from Peer_27:bootstrap
Peer_23:peer INFO 11036.094259502539: Sending message <Pong:> to Peer_27:bootstrap
Peer_23:peer INFO 11038.036896736168: Received message <Ping:> from Peer_18:peer
Peer_23:peer INFO 11038.036896736168: Sending message <Pong:> to Peer_18:peer
Peer_23:peer INFO 11073.760148651723: Received message <Pong:> from Peer_18:peer
Peer_23:peer INFO 11074.701372292475: Received message <Pong:> from Peer_27:bootstrap
Peer_23:peer INFO 11077.913601067314: Received message <Ping:> from Peer_1:peer
Peer_23:peer INFO 11077.913601067314: Sending message <Pong:> to Peer_1:peer
Peer_23:peer INFO 11209.687771218554: Received message <GossipMessage:6_26> from Peer_1:peer
Peer_23:peer INFO 11409.342326138318: Received message <GossipMessage:7_26> from Peer_1:peer
Peer_23:peer INFO 11500: Sending message <Ping:> to Peer_25:peer
Peer_23:peer INFO 11500: Sending message <Ping:> to Peer_16:peer
Peer_23:peer INFO 11500.231639977075: Received message <Ping:> from Peer_25:peer
Peer_23:peer INFO 11500.231639977075: Sending message <Pong:> to Peer_25:peer
Peer_23:peer INFO 11500.315881983599: Received message <Ping:> from Peer_16:peer
Peer_23:peer INFO 11500.315881983599: Sending message <Pong:> to Peer_16:peer
Peer_23:peer INFO 11500.572605309004: Received message <Pong:> from Peer_25:peer
Peer_23:peer INFO 11500.653517251905: Received message <Pong:> from Peer_16:peer
Peer_23:peer INFO 11609.234109448833: Received message <GossipMessage:8_26> from Peer_1:peer
Peer_23:peer INFO 11809.761059281958: Received message <GossipMessage:9_26> from Peer_1:peer
Peer_23:peer INFO 12000: Sending message <Ping:> to Peer_27:bootstrap
Peer_23:peer INFO 12000: Sending message <Ping:> to Peer_18:peer
Peer_23:peer INFO 12009.64883205463: Received message <GossipMessage:10_26> from Peer_1:peer
Peer_23:peer INFO 12036.90875698753: Received message <Ping:> from Peer_27:bootstrap
Peer_23:peer INFO 12036.90875698753: Sending message <Pong:> to Peer_27:bootstrap
Peer_23:peer INFO 12037.278771140402: Received message <Ping:> from Peer_18:peer
Peer_23:peer INFO 12037.278771140402: Sending message <Pong:> to Peer_18:peer
Peer_23:peer INFO 12073.857162931943: Received message <Pong:> from Peer_27:bootstrap
Peer_23:peer INFO 12074.051482539699: Received message <Pong:> from Peer_18:peer
Peer_23:peer INFO 12078.076030840042: Received message <Ping:> from Peer_1:peer
Peer_23:peer INFO 12078.076030840042: Sending message <Pong:> to Peer_1:peer
Peer_23:peer INFO 12209.095581975409: Received message <GossipMessage:11_26> from Peer_1:peer
Peer_23:peer INFO 12409.564365086067: Received message <GossipMessage:12_26> from Peer_1:peer
Peer_23:peer INFO 12500: Sending message <Ping:> to Peer_25:peer
Peer_23:peer INFO 12500: Sending message <Ping:> to Peer_16:peer
Peer_23:peer INFO 12500.214458711904: Received message <Ping:> from Peer_16:peer
Peer_23:peer INFO 12500.214458711904: Sending message <Pong:> to Peer_16:peer
Peer_23:peer INFO 12500.21516648619: Received message <Ping:> from Peer_25:peer
Peer_23:peer INFO 12500.21516648619: Sending message <Pong:> to Peer_25:peer
Peer_23:peer INFO 12500.472482547331: Received message <Pong:> from Peer_16:peer
Peer_23:peer INFO 12500.486207649124: Received message <Pong:> from Peer_25:peer
Peer_23:peer INFO 12609.551758581269: Received message <GossipMessage:13_26> from Peer_1:peer
Peer_23:peer INFO 12809.426416861266: Received message <GossipMessage:14_26> from Peer_1:peer
Peer_23:peer INFO 13000: Sending message <Ping:> to Peer_27:bootstrap
Peer_23:peer INFO 13000: Sending message <Ping:> to Peer_18:peer
Peer_23:peer INFO 13009.616542860324: Received message <GossipMessage:15_26> from Peer_1:peer
Peer_23:peer INFO 13036.68327044538: Received message <Ping:> from Peer_18:peer
Peer_23:peer INFO 13036.68327044538: Sending message <Pong:> to Peer_18:peer
Peer_23:peer INFO 13037.662686486809: Received message <Ping:> from Peer_27:bootstrap
Peer_23:peer INFO 13037.662686486809: Sending message <Pong:> to Peer_27:bootstrap
Peer_23:peer INFO 13073.301845923666: Received message <Pong:> from Peer_18:peer
Peer_23:peer INFO 13075.359323556591: Received message <Pong:> from Peer_27:bootstrap
Peer_23:peer INFO 13078.046767910959: Received message <Ping:> from Peer_1:peer
Peer_23:peer INFO 13078.046767910959: Sending message <Pong:> to Peer_1:peer
Peer_23:peer INFO 13209.202140803633: Received message <GossipMessage:16_26> from Peer_1:peer
Peer_23:peer INFO 13409.639003761458: Received message <GossipMessage:17_26> from Peer_1:peer
Peer_23:peer INFO 13500: Sending message <Ping:> to Peer_25:peer
Peer_23:peer INFO 13500: Sending message <Ping:> to Peer_16:peer
Peer_23:peer INFO 13500.271714347786: Received message <Ping:> from Peer_16:peer
Peer_23:peer INFO 13500.271714347786: Sending message <Pong:> to Peer_16:peer
Peer_23:peer INFO 13500.286442038076: Received message <Ping:> from Peer_25:peer
Peer_23:peer INFO 13500.286442038076: Sending message <Pong:> to Peer_25:peer
Peer_23:peer INFO 13500.457655690687: Received message <Pong:> from Peer_25:peer
Peer_23:peer INFO 13500.559386845147: Received message <Pong:> from Peer_16:peer
Peer_23:peer INFO 13609.511551099708: Received message <GossipMessage:18_26> from Peer_1:peer
Peer_23:peer INFO 13809.535822359383: Received message <GossipMessage:19_26> from Peer_1:peer
Peer_23:peer INFO 14000: Sending message <Ping:> to Peer_27:bootstrap
Peer_23:peer INFO 14000: Sending message <Ping:> to Peer_18:peer
Peer_23:peer INFO 14009.682991630745: Received message <GossipMessage:20_26> from Peer_1:peer
Peer_23:peer INFO 14036.800336186136: Received message <Ping:> from Peer_27:bootstrap
Peer_23:peer INFO 14036.800336186136: Sending message <Pong:> to Peer_27:bootstrap
Peer_23:peer INFO 14037.240919026699: Received message <Ping:> from Peer_18:peer
Peer_23:peer INFO 14037.240919026699: Sending message <Pong:> to Peer_18:peer
Peer_23:peer INFO 14073.854423274975: Received message <Pong:> from Peer_18:peer
Peer_23:peer INFO 14074.111422894975: Received message <Pong:> from Peer_27:bootstrap
Peer_23:peer INFO 14077.996761795066: Received message <Ping:> from Peer_1:peer
Peer_23:peer INFO 14077.996761795066: Sending message <Pong:> to Peer_1:peer
Peer_23:peer INFO 14500: Sending message <Ping:> to Peer_25:peer
Peer_23:peer INFO 14500: Sending message <Ping:> to Peer_16:peer
Peer_23:peer INFO 14500.26793401516: Received message <Ping:> from Peer_16:peer
Peer_23:peer INFO 14500.26793401516: Sending message <Pong:> to Peer_16:peer
Peer_23:peer INFO 14500.325826272743: Received message <Ping:> from Peer_25:peer
Peer_23:peer INFO 14500.325826272743: Sending message <Pong:> to Peer_25:peer
Peer_23:peer INFO 14500.538829945192: Received message <Pong:> from Peer_25:peer
Peer_23:peer INFO 14500.618687794313: Received message <Pong:> from Peer_16:peer
