Peer_6:peer WARNING 0: Not enough peers, fetching more (0, 4)
Peer_6:peer INFO 65.43947378713318: Connecting to Peer_27:bootstrap
Peer_6:peer INFO 130.98592626924446: Received message <RequestPeers:> from Peer_27:bootstrap
Peer_6:peer INFO 130.98592626924446: Sending message <PeerList> to Peer_27:bootstrap
Peer_6:peer INFO 131.00249692429102: Received message <Hello:> from Peer_27:bootstrap
Peer_6:peer WARNING 500: Not enough peers, fetching more (1, 4)
Peer_6:peer INFO 500: Sending message <RequestPeers:> to Peer_27:bootstrap
Peer_6:peer INFO 630.7657842746332: Received message <PeerList> from Peer_27:bootstrap
Peer_6:peer WARNING 1000: Not enough peers, fetching more (1, 4)
Peer_6:peer INFO 1000: Sending message <RequestPeers:> to Peer_27:bootstrap
Peer_6:peer INFO 1065.4830336802383: Connecting to Peer_2:peer
Peer_6:peer INFO 1078.034581686847: Received message <Hello:> from Peer_5:peer
Peer_6:peer INFO 1078.034581686847: Connecting to Peer_5:peer
Peer_6:peer INFO 1078.034581686847: Sending message <Hello:> to Peer_5:peer
Peer_6:peer INFO 1078.034581686847: Sending message <RequestPeers:> to Peer_5:peer
Peer_6:peer INFO 1131.006599133509: Received message <Hello:> from Peer_2:peer
Peer_6:peer INFO 1131.0358918424738: Received message <RequestPeers:> from Peer_2:peer
Peer_6:peer INFO 1131.0358918424738: Sending message <PeerList> to Peer_2:peer
Peer_6:peer INFO 1131.497126410438: Received message <PeerList> from Peer_27:bootstrap
Peer_6:peer INFO 1234.085411000231: Received message <PeerList> from Peer_5:peer
Peer_6:peer WARNING 1500: Not enough peers, fetching more (3, 4)
Peer_6:peer INFO 1565.241896450667: Received message <Hello:> from Peer_12:peer
Peer_6:peer INFO 1565.241896450667: Connecting to Peer_12:peer
Peer_6:peer INFO 1565.241896450667: Sending message <Hello:> to Peer_12:peer
Peer_6:peer INFO 1565.241896450667: Sending message <RequestPeers:> to Peer_12:peer
Peer_6:peer INFO 1578.0837089166034: Received message <RequestPeers:> from Peer_5:peer
Peer_6:peer INFO 1578.0837089166034: Sending message <PeerList> to Peer_5:peer
Peer_6:peer INFO 1696.4514108252558: Received message <PeerList> from Peer_12:peer
Peer_6:peer INFO 2000: Sending message <Ping:> to Peer_27:bootstrap
Peer_6:peer INFO 2000: Sending message <Ping:> to Peer_2:peer
Peer_6:peer INFO 2065.5136616574787: Received message <Ping:> from Peer_27:bootstrap
Peer_6:peer INFO 2065.5136616574787: Sending message <Pong:> to Peer_27:bootstrap
Peer_6:peer INFO 2065.600624922866: Received message <Ping:> from Peer_2:peer
Peer_6:peer INFO 2065.600624922866: Sending message <Pong:> to Peer_2:peer
Peer_6:peer INFO 2131.003705130302: Received message <Pong:> from Peer_2:peer
Peer_6:peer INFO 2131.0661180822513: Received message <Pong:> from Peer_27:bootstrap
Peer_6:peer INFO 2500: Sending message <Ping:> to Peer_5:peer
Peer_6:peer INFO 2500: Sending message <Ping:> to Peer_12:peer
Peer_6:peer INFO 2565.850128610551: Received message <Ping:> from Peer_12:peer
Peer_6:peer INFO 2565.850128610551: Sending message <Pong:> to Peer_12:peer
Peer_6:peer INFO 2577.9929761013304: Received message <Ping:> from Peer_5:peer
Peer_6:peer INFO 2577.9929761013304: Sending message <Pong:> to Peer_5:peer
Peer_6:peer INFO 2631.3427655293017: Received message <Pong:> from Peer_12:peer
Peer_6:peer INFO 2656.041469387464: Received message <Pong:> from Peer_5:peer
Peer_6:peer INFO 3000: Sending message <Ping:> to Peer_27:bootstrap
Peer_6:peer INFO 3000: Sending message <Ping:> to Peer_2:peer
Peer_6:peer INFO 3065.288243156327: Received message <Ping:> from Peer_27:bootstrap
Peer_6:peer INFO 3065.288243156327: Sending message <Pong:> to Peer_27:bootstrap
Peer_6:peer INFO 3065.431124331256: Received message <Ping:> from Peer_2:peer
Peer_6:peer INFO 3065.431124331256: Sending message <Pong:> to Peer_2:peer
Peer_6:peer INFO 3130.819655239799: Received message <Pong:> from Peer_2:peer
Peer_6:peer INFO 3131.0085051776787: Received message <Pong:> from Peer_27:bootstrap
Peer_6:peer INFO 3500: Sending message <Ping:> to Peer_5:peer
Peer_6:peer INFO 3500: Sending message <Ping:> to Peer_12:peer
Peer_6:peer INFO 3565.453042265308: Received message <Ping:> from Peer_12:peer
Peer_6:peer INFO 3565.453042265308: Sending message <Pong:> to Peer_12:peer
Peer_6:peer INFO 3578.0336183910817: Received message <Ping:> from Peer_5:peer
Peer_6:peer INFO 3578.0336183910817: Sending message <Pong:> to Peer_5:peer
Peer_6:peer INFO 3631.0545104574144: Received message <Pong:> from Peer_12:peer
Peer_6:peer INFO 3656.054339180999: Received message <Pong:> from Peer_5:peer
Peer_6:peer INFO 4000: Sending message <Ping:> to Peer_27:bootstrap
Peer_6:peer INFO 4000: Sending message <Ping:> to Peer_2:peer
Peer_6:peer INFO 4065.25709970985: Received message <Ping:> from Peer_27:bootstrap
Peer_6:peer INFO 4065.25709970985: Sending message <Pong:> to Peer_27:bootstrap
Peer_6:peer INFO 4065.5157567139117: Received message <Ping:> from Peer_2:peer
Peer_6:peer INFO 4065.5157567139117: Sending message <Pong:> to Peer_2:peer
Peer_6:peer INFO 4130.975855333366: Received message <Pong:> from Peer_2:peer
Peer_6:peer INFO 4131.06630625156: Received message <Pong:> from Peer_27:bootstrap
Peer_6:peer INFO 4500: Sending message <Ping:> to Peer_5:peer
Peer_6:peer INFO 4500: Sending message <Ping:> to Peer_12:peer
Peer_6:peer INFO 4565.61708201676: Received message <Ping:> from Peer_12:peer
Peer_6:peer INFO 4565.61708201676: Sending message <Pong:> to Peer_12:peer
Peer_6:peer INFO 4578.050497981391: Received message <Ping:> from Peer_5:peer
Peer_6:peer INFO 4578.050497981391: Sending message <Pong:> to Peer_5:peer
Peer_6:peer INFO 4631.024265542725: Received message <Pong:> from Peer_12:peer
Peer_6:peer INFO 4656.020010363113: Received message <Pong:> from Peer_5:peer
Peer_6:peer INFO 5000: Sending message <Ping:> to Peer_27:bootstrap
Peer_6:peer INFO 5000: Sending message <Ping:> to Peer_2:peer
Peer_6:peer INFO 5065.351196357031: Received message <Ping:> from Peer_27:bootstrap
Peer_6:peer INFO 5065.351196357031: Sending message <Pong:> to Peer_27:bootstrap
Peer_6:peer INFO 5065.639225250431: Received message <Ping:> from Peer_2:peer
Peer_6:peer INFO 5065.639225250431: Sending message <Pong:> to Peer_2:peer
Peer_6:peer INFO 5130.935905968837: Received message <Pong:> from Peer_27:bootstrap
Peer_6:peer INFO 5131.017026084525: Received message <Pong:> from Peer_2:peer
Peer_6:peer INFO 5500: Sending message <Ping:> to Peer_5:peer
Peer_6:peer INFO 5500: Sending message <Ping:> to Peer_12:peer
Peer_6:peer INFO 5565.414490002823: Received message <Ping:> from Peer_12:peer
Peer_6:peer INFO 5565.414490002823: Sending message <Pong:> to Peer_12:peer
Peer_6:peer INFO 5577.974953482044: Received message <Ping:> from Peer_5:peer
Peer_6:peer INFO 5577.974953482044: Sending message <Pong:> to Peer_5:peer
Peer_6:peer INFO 5630.832626560098: Received message <Pong:> from Peer_12:peer
Peer_6:peer INFO 5656.037171876479: Received message <Pong:> from Peer_5:peer
Peer_6:peer INFO 6000: Sending message <Ping:> to Peer_27:bootstrap
Peer_6:peer INFO 6000: Sending message <Ping:> to Peer_2:peer
Peer_6:peer INFO 6065.540826162208: Received message <Ping:> from Peer_2:peer
Peer_6:peer INFO 6065.540826162208: Sending message <Pong:> to Peer_2:peer
Peer_6:peer INFO 6065.7144577958425: Received message <Ping:> from Peer_27:bootstrap
Peer_6:peer INFO 6065.7144577958425: Sending message <Pong:> to Peer_27:bootstrap
Peer_6:peer INFO 6130.839873690183: Received message <Pong:> from Peer_27:bootstrap
Peer_6:peer INFO 6130.99086230387: Received message <Pong:> from Peer_2:peer
Peer_6:peer INFO 6500: Sending message <Ping:> to Peer_5:peer
Peer_6:peer INFO 6500: Sending message <Ping:> to Peer_12:peer
Peer_6:peer INFO 6565.513223682325: Received message <Ping:> from Peer_12:peer
Peer_6:peer INFO 6565.513223682325: Sending message <Pong:> to Peer_12:peer
Peer_6:peer INFO 6578.022142903523: Received message <Ping:> from Peer_5:peer
Peer_6:peer INFO 6578.022142903523: Sending message <Pong:> to Peer_5:peer
Peer_6:peer INFO 6631.153912419063: Received message <Pong:> from Peer_12:peer
Peer_6:peer INFO 6656.007177363006: Received message <Pong:> from Peer_5:peer
Peer_6:peer INFO 7000: Sending message <Ping:> to Peer_27:bootstrap
Peer_6:peer INFO 7000: Sending message <Ping:> to Peer_2:peer
Peer_6:peer INFO 7065.567413763161: Received message <Ping:> from Peer_2:peer
Peer_6:peer INFO 7065.567413763161: Sending message <Pong:> to Peer_2:peer
Peer_6:peer INFO 7065.57872321883: Received message <Ping:> from Peer_27:bootstrap
Peer_6:peer INFO 7065.57872321883: Sending message <Pong:> to Peer_27:bootstrap
Peer_6:peer INFO 7131.038834830569: Received message <Pong:> from Peer_27:bootstrap
Peer_6:peer INFO 7131.1383883514645: Received message <Pong:> from Peer_2:peer
Peer_6:peer INFO 7500: Sending message <Ping:> to Peer_5:peer
Peer_6:peer INFO 7500: Sending message <Ping:> to Peer_12:peer
Peer_6:peer INFO 7565.448173660992: Received message <Ping:> from Peer_12:peer
Peer_6:peer INFO 7565.448173660992: Sending message <Pong:> to Peer_12:peer
Peer_6:peer INFO 7578.030910551483: Received message <Ping:> from Peer_5:peer
Peer_6:peer INFO 7578.030910551483: Sending message <Pong:> to Peer_5:peer
Peer_6:peer INFO 7630.761221958722: Received message <Pong:> from Peer_12:peer
Peer_6:peer INFO 7656.065463674377: Received message <Pong:> from Peer_5:peer
Peer_6:peer INFO 8000: Sending message <Ping:> to Peer_27:bootstrap
Peer_6:peer INFO 8000: Sending message <Ping:> to Peer_2:peer
Peer_6:peer INFO 8065.508453434976: Received message <Ping:> from Peer_2:peer
Peer_6:peer INFO 8065.508453434976: Sending message <Pong:> to Peer_2:peer
Peer_6:peer INFO 8065.661749423142: Received message <Ping:> from Peer_27:bootstrap
Peer_6:peer INFO 8065.661749423142: Sending message <Pong:> to Peer_27:bootstrap
Peer_6:peer INFO 8130.798071527867: Received message <Pong:> from Peer_2:peer
Peer_6:peer INFO 8131.166037799445: Received message <Pong:> from Peer_27:bootstrap
Peer_6:peer INFO 8500: Sending message <Ping:> to Peer_5:peer
Peer_6:peer INFO 8500: Sending message <Ping:> to Peer_12:peer
Peer_6:peer INFO 8565.592503020198: Received message <Ping:> from Peer_12:peer
Peer_6:peer INFO 8565.592503020198: Sending message <Pong:> to Peer_12:peer
Peer_6:peer INFO 8577.964787309787: Received message <Ping:> from Peer_5:peer
Peer_6:peer INFO 8577.964787309787: Sending message <Pong:> to Peer_5:peer
Peer_6:peer INFO 8631.331128017626: Received message <Pong:> from Peer_12:peer
Peer_6:peer INFO 8656.016480120323: Received message <Pong:> from Peer_5:peer
Peer_6:peer INFO 9000: Sending message <Ping:> to Peer_27:bootstrap
Peer_6:peer INFO 9000: Sending message <Ping:> to Peer_2:peer
Peer_6:peer INFO 9065.460072720256: Received message <Ping:> from Peer_27:bootstrap
Peer_6:peer INFO 9065.460072720256: Sending message <Pong:> to Peer_27:bootstrap
Peer_6:peer INFO 9065.558181745659: Received message <Ping:> from Peer_2:peer
Peer_6:peer INFO 9065.558181745659: Sending message <Pong:> to Peer_2:peer
Peer_6:peer INFO 9130.987899057389: Received message <Pong:> from Peer_2:peer
Peer_6:peer INFO 9131.322999478467: Received message <Pong:> from Peer_27:bootstrap
Peer_6:peer INFO 9500: Sending message <Ping:> to Peer_5:peer
Peer_6:peer INFO 9500: Sending message <Ping:> to Peer_12:peer
Peer_6:peer INFO 9565.50439694164: Received message <Ping:> from Peer_12:peer
Peer_6:peer INFO 9565.50439694164: Sending message <Pong:> to Peer_12:peer
Peer_6:peer INFO 9577.917559551903: Received message <Ping:> from Peer_5:peer
Peer_6:peer INFO 9577.917559551903: Sending message <Pong:> to Peer_5:peer
Peer_6:peer INFO 9630.95446887722: Received message <Pong:> from Peer_12:peer
Peer_6:peer INFO 9656.001862927656: Received message <Pong:> from Peer_5:peer
Peer_6:peer INFO 10000: Sending message <Ping:> to Peer_27:bootstrap
Peer_6:peer INFO 10000: Sending message <Ping:> to Peer_2:peer
Peer_6:peer INFO 10065.512029746556: Received message <Ping:> from Peer_2:peer
Peer_6:peer INFO 10065.512029746556: Sending message <Pong:> to Peer_2:peer
Peer_6:peer INFO 10065.732656807828: Received message <Ping:> from Peer_27:bootstrap
Peer_6:peer INFO 10065.732656807828: Sending message <Pong:> to Peer_27:bootstrap
Peer_6:peer INFO 10130.989841674867: Received message <Pong:> from Peer_2:peer
Peer_6:peer INFO 10131.007195946502: Received message <Pong:> from Peer_27:bootstrap
Peer_6:peer INFO 10131.365799581381: Received message <GossipMessage:1_26> from Peer_12:peer
Peer_6:peer INFO 10131.365799581381: Sending message <GossipMessage:1_26> to Peer_2:peer
Peer_6:peer INFO 10131.365799581381: Sending message <GossipMessage:1_26> to Peer_5:peer
Peer_6:peer INFO 10331.354598276674: Received message <GossipMessage:2_26> from Peer_12:peer
Peer_6:peer INFO 10331.354598276674: Sending message <GossipMessage:2_26> to Peer_2:peer
Peer_6:peer INFO 10331.354598276674: Sending message <GossipMessage:2_26> to Peer_5:peer
Peer_6:peer INFO 10500: Sending message <Ping:> to Peer_5:peer
Peer_6:peer INFO 10531.644530013898: Received message <GossipMessage:3_26> from Peer_12:peer
Peer_6:peer INFO 10531.644530013898: Sending message <GossipMessage:3_26> to Peer_2:peer
Peer_6:peer INFO 10531.644530013898: Sending message <GossipMessage:3_26> to Peer_5:peer
Peer_6:peer INFO 10565.679645243194: Received message <Ping:> from Peer_12:peer
Peer_6:peer INFO 10565.679645243194: Sending message <Pong:> to Peer_12:peer
Peer_6:peer INFO 10656.073119249271: Received message <Pong:> from Peer_5:peer
Peer_6:peer INFO 10687.157684570024: Received message <GossipMessage:3_26> from Peer_5:peer
Peer_6:peer INFO 10731.576072631888: Received message <GossipMessage:4_26> from Peer_12:peer
Peer_6:peer INFO 10731.576072631888: Sending message <GossipMessage:4_26> to Peer_5:peer
Peer_6:peer INFO 10731.576072631888: Sending message <GossipMessage:4_26> to Peer_2:peer
Peer_6:peer INFO 10887.005950907373: Received message <GossipMessage:4_26> from Peer_5:peer
Peer_6:peer INFO 10931.658528682881: Received message <GossipMessage:5_26> from Peer_12:peer
Peer_6:peer INFO 10931.658528682881: Sending message <GossipMessage:5_26> to Peer_2:peer
Peer_6:peer INFO 10931.658528682881: Sending message <GossipMessage:5_26> to Peer_5:peer
Peer_6:peer INFO 11000: Sending message <Ping:> to Peer_27:bootstrap
Peer_6:peer INFO 11000: Sending message <Ping:> to Peer_2:peer
Peer_6:peer INFO 11065.346592599572: Received message <Ping:> from Peer_27:bootstrap
Peer_6:peer INFO 11065.346592599572: Sending message <Pong:> to Peer_27:bootstrap
Peer_6:peer INFO 11087.288905453735: Received message <GossipMessage:5_26> from Peer_5:peer
Peer_6:peer INFO 11130.793773538584: Received message <Pong:> from Peer_2:peer
Peer_6:peer INFO 11131.225311609232: Received message <Pong:> from Peer_27:bootstrap
Peer_6:peer INFO 11131.886144915277: Received message <GossipMessage:6_26> from Peer_12:peer
Peer_6:peer INFO 11131.886144915277: Sending message <GossipMessage:6_26> to Peer_5:peer
Peer_6:peer INFO 11131.886144915277: Sending message <GossipMessage:6_26> to Peer_2:peer
Peer_6:peer INFO 11331.813854369238: Received message <GossipMessage:7_26> from Peer_12:peer
Peer_6:peer INFO 11331.813854369238: Sending message <GossipMessage:7_26> to Peer_2:peer
Peer_6:peer INFO 11331.813854369238: Sending message <GossipMessage:7_26> to Peer_5:peer
Peer_6:peer INFO 11487.047283453496: Received message <GossipMessage:7_26> from Peer_5:peer
Peer_6:peer INFO 11531.307693354103: Received message <GossipMessage:8_26> from Peer_12:peer
Peer_6:peer INFO 11531.307693354103: Sending message <GossipMessage:8_26> to Peer_2:peer
Peer_6:peer INFO 11531.307693354103: Sending message <GossipMessage:8_26> to Peer_5:peer
Peer_6:peer INFO 11565.627960846798: Received message <Ping:> from Peer_12:peer
Peer_6:peer INFO 11565.627960846798: Sending message <Pong:> to Peer_12:peer
Peer_6:peer INFO 11686.643298379024: Received message <GossipMessage:8_26> from Peer_5:peer
Peer_6:peer INFO 11731.58651849928: Received message <GossipMessage:9_26> from Peer_12:peer
Peer_6:peer INFO 11731.58651849928: Sending message <GossipMessage:9_26> to Peer_2:peer
Peer_6:peer INFO 11731.58651849928: Sending message <GossipMessage:9_26> to Peer_5:peer
Peer_6:peer INFO 11931.589074746935: Received message <GossipMessage:10_26> from Peer_12:peer
Peer_6:peer INFO 11931.589074746935: Sending message <GossipMessage:10_26> to Peer_5:peer
Peer_6:peer INFO 11931.589074746935: Sending message <GossipMessage:10_26> to Peer_2:peer
Peer_6:peer INFO 12000: Sending message <Ping:> to Peer_27:bootstrap
Peer_6:peer INFO 12000: Sending message <Ping:> to Peer_2:peer
Peer_6:peer INFO 12065.486792756947: Received message <Ping:> from Peer_27:bootstrap
Peer_6:peer INFO 12065.486792756947: Sending message <Pong:> to Peer_27:bootstrap
Peer_6:peer INFO 12131.09430754459: Received message <Pong:> from Peer_27:bootstrap
Peer_6:peer INFO 12131.214005302285: Received message <Pong:> from Peer_2:peer
Peer_6:peer INFO 12131.28023548056: Received message <GossipMessage:11_26> from Peer_12:peer
Peer_6:peer INFO 12131.28023548056: Sending message <GossipMessage:11_26> to Peer_5:peer
Peer_6:peer INFO 12131.28023548056: Sending message <GossipMessage:11_26> to Peer_2:peer
Peer_6:peer INFO 12286.670611658095: Received message <GossipMessage:11_26> from Peer_5:peer
Peer_6:peer INFO 12331.488659016815: Received message <GossipMessage:12_26> from Peer_12:peer
Peer_6:peer INFO 12331.488659016815: Sending message <GossipMessage:12_26> to Peer_5:peer
Peer_6:peer INFO 12331.488659016815: Sending message <GossipMessage:12_26> to Peer_2:peer
Peer_6:peer INFO 12487.063697442332: Received message <GossipMessage:12_26> from Peer_5:peer
Peer_6:peer INFO 12531.33118154589: Received message <GossipMessage:13_26> from Peer_12:peer
Peer_6:peer INFO 12531.33118154589: Sending message <GossipMessage:13_26> to Peer_5:peer
Peer_6:peer INFO 12531.33118154589: Sending message <GossipMessage:13_26> to Peer_2:peer
Peer_6:peer INFO 12565.565945710907: Received message <Ping:> from Peer_12:peer
Peer_6:peer INFO 12565.565945710907: Sending message <Pong:> to Peer_12:peer
Peer_6:peer INFO 12731.838061658655: Received message <GossipMessage:14_26> from Peer_12:peer
Peer_6:peer INFO 12731.838061658655: Sending message <GossipMessage:14_26> to Peer_5:peer
Peer_6:peer INFO 12731.838061658655: Sending message <GossipMessage:14_26> to Peer_2:peer
Peer_6:peer INFO 12886.925706081458: Received message <GossipMessage:14_26> from Peer_5:peer
Peer_6:peer INFO 12931.624449674004: Received message <GossipMessage:15_26> from Peer_12:peer
Peer_6:peer INFO 12931.624449674004: Sending message <GossipMessage:15_26> to Peer_5:peer
Peer_6:peer INFO 12931.624449674004: Sending message <GossipMessage:15_26> to Peer_2:peer
Peer_6:peer INFO 13000: Sending message <Ping:> to Peer_27:bootstrap
Peer_6:peer INFO 13000: Sending message <Ping:> to Peer_2:peer
Peer_6:peer INFO 13065.475553514629: Received message <Ping:> from Peer_27:bootstrap
Peer_6:peer INFO 13065.475553514629: Sending message <Pong:> to Peer_27:bootstrap
Peer_6:peer INFO 13087.018795557855: Received message <GossipMessage:15_26> from Peer_5:peer
Peer_6:peer INFO 13130.928615857652: Received message <Pong:> from Peer_2:peer
Peer_6:peer INFO 13131.144595660035: Received message <Pong:> from Peer_27:bootstrap
Peer_6:peer INFO 13131.303979929553: Received message <GossipMessage:16_26> from Peer_12:peer
Peer_6:peer INFO 13131.303979929553: Sending message <GossipMessage:16_26> to Peer_5:peer
Peer_6:peer INFO 13131.303979929553: Sending message <GossipMessage:16_26> to Peer_2:peer
Peer_6:peer INFO 13287.153119683135: Received message <GossipMessage:16_26> from Peer_5:peer
Peer_6:peer INFO 13331.57737410605: Received message <GossipMessage:17_26> from Peer_12:peer
Peer_6:peer INFO 13331.57737410605: Sending message <GossipMessage:17_26> to Peer_5:peer
Peer_6:peer INFO 13331.57737410605: Sending message <GossipMessage:17_26> to Peer_2:peer
Peer_6:peer INFO 13486.917695147864: Received message <GossipMessage:17_26> from Peer_5:peer
Peer_6:peer INFO 13531.543061867817: Received message <GossipMessage:18_26> from Peer_12:peer
Peer_6:peer INFO 13531.543061867817: Sending message <GossipMessage:18_26> to Peer_2:peer
Peer_6:peer INFO 13531.543061867817: Sending message <GossipMessage:18_26> to Peer_5:peer
Peer_6:peer INFO 13565.510147716042: Received message <Ping:> from Peer_12:peer
Peer_6:peer INFO 13565.510147716042: Sending message <Pong:> to Peer_12:peer
Peer_6:peer INFO 13731.713524807972: Received message <GossipMessage:19_26> from Peer_12:peer
Peer_6:peer INFO 13731.713524807972: Sending message <GossipMessage:19_26> to Peer_2:peer
Peer_6:peer INFO 13731.713524807972: Sending message <GossipMessage:19_26> to Peer_5:peer
Peer_6:peer INFO 13886.9847604769: Received message <GossipMessage:19_26> from Peer_5:peer
Peer_6:peer INFO 13931.660874411547: Received message <GossipMessage:20_26> from Peer_12:peer
Peer_6:peer INFO 13931.660874411547: Sending message <GossipMessage:20_26> to Peer_5:peer
Peer_6:peer INFO 13931.660874411547: Sending message <GossipMessage:20_26> to Peer_2:peer
Peer_6:peer INFO 14000: Sending message <Ping:> to Peer_27:bootstrap
Peer_6:peer INFO 14000: Sending message <Ping:> to Peer_2:peer
Peer_6:peer INFO 14065.621158667822: Received message <Ping:> from Peer_27:bootstrap
Peer_6:peer INFO 14065.621158667822: Sending message <Pong:> to Peer_27:bootstrap
Peer_6:peer INFO 14130.907849400797: Received message <Pong:> from Peer_2:peer
Peer_6:peer INFO 14131.305413060314: Received message <Pong:> from Peer_27:bootstrap
Peer_6:peer INFO 14500: Sending message <Ping:> to Peer_5:peer
Peer_6:peer INFO 14500: Sending message <Ping:> to Peer_12:peer
Peer_6:peer INFO 14565.36465904589: Received message <Ping:> from Peer_12:peer
Peer_6:peer INFO 14565.36465904589: Sending message <Pong:> to Peer_12:peer
Peer_6:peer INFO 14631.256467373956: Received message <Pong:> from Peer_12:peer
Peer_6:peer INFO 14656.033290093104: Received message <Pong:> from Peer_5:peer
