Peer_17:peer WARNING 0: Not enough peers, fetching more (0, 4)
Peer_17:peer INFO 0.46512064249599977: Connecting to Peer_27:bootstrap
Peer_17:peer INFO 0.9717042117578039: Received message <RequestPeers:> from Peer_27:bootstrap
Peer_17:peer INFO 0.9717042117578039: Sending message <PeerList> to Peer_27:bootstrap
Peer_17:peer INFO 0.9776985953716975: Received message <Hello:> from Peer_27:bootstrap
Peer_17:peer WARNING 500: Not enough peers, fetching more (1, 4)
Peer_17:peer INFO 500: Sending message <RequestPeers:> to Peer_27:bootstrap
Peer_17:peer INFO 501.00093454814015: Received message <PeerList> from Peer_27:bootstrap
Peer_17:peer WARNING 1000: Not enough peers, fetching more (1, 4)
Peer_17:peer INFO 1000: Sending message <RequestPeers:> to Peer_27:bootstrap
Peer_17:peer INFO 1000.5360078003126: Received message <Hello:> from Peer_8:peer
Peer_17:peer INFO 1000.5360078003126: Connecting to Peer_8:peer
Peer_17:peer INFO 1000.5360078003126: Sending message <Hello:> to Peer_8:peer
Peer_17:peer INFO 1000.5360078003126: Sending message <RequestPeers:> to Peer_8:peer
Peer_17:peer INFO 1001.0791333488864: Received message <PeerList> from Peer_27:bootstrap
Peer_17:peer INFO 1001.5568040636142: Received message <PeerList> from Peer_8:peer
Peer_17:peer INFO 1038.1294352261561: Received message <Hello:> from Peer_22:peer
Peer_17:peer INFO 1038.1294352261561: Connecting to Peer_22:peer
Peer_17:peer INFO 1038.1294352261561: Sending message <Hello:> to Peer_22:peer
Peer_17:peer INFO 1038.1294352261561: Sending message <RequestPeers:> to Peer_22:peer
Peer_17:peer INFO 1065.4650780931056: Received message <Hello:> from Peer_10:peer
Peer_17:peer INFO 1065.4650780931056: Connecting to Peer_10:peer
Peer_17:peer INFO 1065.4650780931056: Sending message <Hello:> to Peer_10:peer
Peer_17:peer INFO 1065.4650780931056: Sending message <RequestPeers:> to Peer_10:peer
Peer_17:peer INFO 1110.2344290959222: Received message <PeerList> from Peer_22:peer
Peer_17:peer INFO 1196.4030770889235: Received message <PeerList> from Peer_10:peer
Peer_17:peer INFO 1536.5993344825629: Received message <RequestPeers:> from Peer_22:peer
Peer_17:peer INFO 1536.5993344825629: Sending message <PeerList> to Peer_22:peer
Peer_17:peer INFO 1565.667113501026: Received message <Hello:> from Peer_9:peer
Peer_17:peer INFO 1565.667113501026: Connecting to Peer_9:peer
Peer_17:peer INFO 1565.667113501026: Sending message <Hello:> to Peer_9:peer
Peer_17:peer INFO 1565.667113501026: Sending message <RequestPeers:> to Peer_9:peer
Peer_17:peer INFO 1696.7106450427495: Received message <PeerList> from Peer_9:peer
Peer_17:peer INFO 2000: Sending message <Ping:> to Peer_27:bootstrap
Peer_17:peer INFO 2000: Sending message <Ping:> to Peer_8:peer
Peer_17:peer INFO 2000: Sending message <Ping:> to Peer_10:peer
Peer_17:peer INFO 2000.4877310890738: Received message <Ping:> from Peer_8:peer
Peer_17:peer INFO 2000.4877310890738: Sending message <Pong:> to Peer_8:peer
Peer_17:peer INFO 2000.491107743848: Received message <Hello:> from Peer_12:peer
Peer_17:peer INFO 2000.491107743848: Connecting to Peer_12:peer
Peer_17:peer INFO 2000.491107743848: Sending message <Hello:> to Peer_12:peer
Peer_17:peer INFO 2000.491107743848: Sending message <RequestPeers:> to Peer_12:peer
Peer_17:peer INFO 2000.5528741524322: Received message <Ping:> from Peer_27:bootstrap
Peer_17:peer INFO 2000.5528741524322: Sending message <Pong:> to Peer_27:bootstrap
Peer_17:peer INFO 2000.9427360711063: Received message <Pong:> from Peer_27:bootstrap
Peer_17:peer INFO 2000.9603965628912: Received message <Pong:> from Peer_8:peer
Peer_17:peer INFO 2001.5673533861957: Received message <PeerList> from Peer_12:peer
Peer_17:peer INFO 2065.704650112578: Received message <Ping:> from Peer_10:peer
Peer_17:peer INFO 2065.704650112578: Sending message <Pong:> to Peer_10:peer
Peer_17:peer INFO 2130.7733324967517: Received message <Pong:> from Peer_10:peer
Peer_17:peer INFO 2500: Sending message <Ping:> to Peer_22:peer
Peer_17:peer INFO 2500: Sending message <Ping:> to Peer_9:peer
Peer_17:peer INFO 2536.710886796259: Received message <Ping:> from Peer_22:peer
Peer_17:peer INFO 2536.710886796259: Sending message <Pong:> to Peer_22:peer
Peer_17:peer INFO 2565.2914294237094: Received message <Ping:> from Peer_9:peer
Peer_17:peer INFO 2565.2914294237094: Sending message <Pong:> to Peer_9:peer
Peer_17:peer INFO 2574.3403373965793: Received message <Pong:> from Peer_22:peer
Peer_17:peer INFO 2631.2638047932996: Received message <Pong:> from Peer_9:peer
Peer_17:peer INFO 3000: Sending message <Ping:> to Peer_27:bootstrap
Peer_17:peer INFO 3000: Sending message <Ping:> to Peer_8:peer
Peer_17:peer INFO 3000: Sending message <Ping:> to Peer_10:peer
Peer_17:peer INFO 3000: Sending message <Ping:> to Peer_12:peer
Peer_17:peer INFO 3000.464048285255: Received message <Ping:> from Peer_12:peer
Peer_17:peer INFO 3000.464048285255: Sending message <Pong:> to Peer_12:peer
Peer_17:peer INFO 3000.4769470285987: Received message <Ping:> from Peer_27:bootstrap
Peer_17:peer INFO 3000.4769470285987: Sending message <Pong:> to Peer_27:bootstrap
Peer_17:peer INFO 3000.5212994778944: Received message <Ping:> from Peer_8:peer
Peer_17:peer INFO 3000.5212994778944: Sending message <Pong:> to Peer_8:peer
Peer_17:peer INFO 3001.0157548872317: Received message <Pong:> from Peer_27:bootstrap
Peer_17:peer INFO 3001.0170789404533: Received message <Pong:> from Peer_8:peer
Peer_17:peer INFO 3001.0726306099377: Received message <Pong:> from Peer_12:peer
Peer_17:peer INFO 3065.5607696615566: Received message <Ping:> from Peer_10:peer
Peer_17:peer INFO 3065.5607696615566: Sending message <Pong:> to Peer_10:peer
Peer_17:peer INFO 3130.938995300349: Received message <Pong:> from Peer_10:peer
Peer_17:peer INFO 3500: Sending message <Ping:> to Peer_22:peer
Peer_17:peer INFO 3500: Sending message <Ping:> to Peer_9:peer
Peer_17:peer INFO 3537.674296601972: Received message <Ping:> from Peer_22:peer
Peer_17:peer INFO 3537.674296601972: Sending message <Pong:> to Peer_22:peer
Peer_17:peer INFO 3565.3823220043237: Received message <Ping:> from Peer_9:peer
Peer_17:peer INFO 3565.3823220043237: Sending message <Pong:> to Peer_9:peer
Peer_17:peer INFO 3573.8484377435084: Received message <Pong:> from Peer_22:peer
Peer_17:peer INFO 3631.1496487534814: Received message <Pong:> from Peer_9:peer
Peer_17:peer INFO 4000: Sending message <Ping:> to Peer_27:bootstrap
Peer_17:peer INFO 4000: Sending message <Ping:> to Peer_8:peer
Peer_17:peer INFO 4000: Sending message <Ping:> to Peer_10:peer
Peer_17:peer INFO 4000: Sending message <Ping:> to Peer_12:peer
Peer_17:peer INFO 4000.483185756528: Received message <Ping:> from Peer_8:peer
Peer_17:peer INFO 4000.483185756528: Sending message <Pong:> to Peer_8:peer
Peer_17:peer INFO 4000.4969761130033: Received message <Ping:> from Peer_12:peer
Peer_17:peer INFO 4000.4969761130033: Sending message <Pong:> to Peer_12:peer
Peer_17:peer INFO 4000.5279926594385: Received message <Ping:> from Peer_27:bootstrap
Peer_17:peer INFO 4000.5279926594385: Sending message <Pong:> to Peer_27:bootstrap
Peer_17:peer INFO 4001.008575210804: Received message <Pong:> from Peer_12:peer
Peer_17:peer INFO 4001.045912930117: Received message <Pong:> from Peer_27:bootstrap
Peer_17:peer INFO 4001.0760003934256: Received message <Pong:> from Peer_8:peer
Peer_17:peer INFO 4065.366134004494: Received message <Ping:> from Peer_10:peer
Peer_17:peer INFO 4065.366134004494: Sending message <Pong:> to Peer_10:peer
Peer_17:peer INFO 4131.112755858327: Received message <Pong:> from Peer_10:peer
Peer_17:peer INFO 4500: Sending message <Ping:> to Peer_22:peer
Peer_17:peer INFO 4500: Sending message <Ping:> to Peer_9:peer
Peer_17:peer INFO 4537.736029763999: Received message <Ping:> from Peer_22:peer
Peer_17:peer INFO 4537.736029763999: Sending message <Pong:> to Peer_22:peer
Peer_17:peer INFO 4565.212274910983: Received message <Ping:> from Peer_9:peer
Peer_17:peer INFO 4565.212274910983: Sending message <Pong:> to Peer_9:peer
Peer_17:peer INFO 4572.801190955398: Received message <Pong:> from Peer_22:peer
Peer_17:peer INFO 4631.014546401054: Received message <Pong:> from Peer_9:peer
Peer_17:peer INFO 5000: Sending message <Ping:> to Peer_27:bootstrap
Peer_17:peer INFO 5000: Sending message <Ping:> to Peer_8:peer
Peer_17:peer INFO 5000: Sending message <Ping:> to Peer_10:peer
Peer_17:peer INFO 5000: Sending message <Ping:> to Peer_12:peer
Peer_17:peer INFO 5000.473343822334: Received message <Ping:> from Peer_12:peer
Peer_17:peer INFO 5000.473343822334: Sending message <Pong:> to Peer_12:peer
Peer_17:peer INFO 5000.5368718060445: Received message <Ping:> from Peer_27:bootstrap
Peer_17:peer INFO 5000.5368718060445: Sending message <Pong:> to Peer_27:bootstrap
Peer_17:peer INFO 5000.572167847812: Received message <Ping:> from Peer_8:peer
Peer_17:peer INFO 5000.572167847812: Sending message <Pong:> to Peer_8:peer
Peer_17:peer INFO 5000.971162481804: Received message <Pong:> from Peer_12:peer
Peer_17:peer INFO 5001.020263799889: Received message <Pong:> from Peer_27:bootstrap
Peer_17:peer INFO 5001.021217010278: Received message <Pong:> from Peer_8:peer
Peer_17:peer INFO 5065.373983166364: Received message <Ping:> from Peer_10:peer
Peer_17:peer INFO 5065.373983166364: Sending message <Pong:> to Peer_10:peer
Peer_17:peer INFO 5130.995535086944: Received message <Pong:> from Peer_10:peer
Peer_17:peer INFO 5500: Sending message <Ping:> to Peer_22:peer
Peer_17:peer INFO 5500: Sending message <Ping:> to Peer_9:peer
Peer_17:peer INFO 5537.411677861967: Received message <Ping:> from Peer_22:peer
Peer_17:peer INFO 5537.411677861967: Sending message <Pong:> to Peer_22:peer
Peer_17:peer INFO 5565.588843576964: Received message <Ping:> from Peer_9:peer
Peer_17:peer INFO 5565.588843576964: Sending message <Pong:> to Peer_9:peer
Peer_17:peer INFO 5572.297695533582: Received message <Pong:> from Peer_22:peer
Peer_17:peer INFO 5631.11220085769: Received message <Pong:> from Peer_9:peer
Peer_17:peer INFO 6000: Sending message <Ping:> to Peer_27:bootstrap
Peer_17:peer INFO 6000: Sending message <Ping:> to Peer_8:peer
Peer_17:peer INFO 6000: Sending message <Ping:> to Peer_10:peer
Peer_17:peer INFO 6000: Sending message <Ping:> to Peer_12:peer
Peer_17:peer INFO 6000.497564604086: Received message <Ping:> from Peer_8:peer
Peer_17:peer INFO 6000.497564604086: Sending message <Pong:> to Peer_8:peer
Peer_17:peer INFO 6000.500335922573: Received message <Ping:> from Peer_27:bootstrap
Peer_17:peer INFO 6000.500335922573: Sending message <Pong:> to Peer_27:bootstrap
Peer_17:peer INFO 6000.509270748938: Received message <Ping:> from Peer_12:peer
Peer_17:peer INFO 6000.509270748938: Sending message <Pong:> to Peer_12:peer
Peer_17:peer INFO 6000.967188722027: Received message <Pong:> from Peer_27:bootstrap
Peer_17:peer INFO 6001.000713735457: Received message <Pong:> from Peer_8:peer
Peer_17:peer INFO 6001.081016730944: Received message <Pong:> from Peer_12:peer
Peer_17:peer INFO 6065.243668199016: Received message <Ping:> from Peer_10:peer
Peer_17:peer INFO 6065.243668199016: Sending message <Pong:> to Peer_10:peer
Peer_17:peer INFO 6130.845288101482: Received message <Pong:> from Peer_10:peer
Peer_17:peer INFO 6500: Sending message <Ping:> to Peer_22:peer
Peer_17:peer INFO 6500: Sending message <Ping:> to Peer_9:peer
Peer_17:peer INFO 6535.45272129668: Received message <Ping:> from Peer_22:peer
Peer_17:peer INFO 6535.45272129668: Sending message <Pong:> to Peer_22:peer
Peer_17:peer INFO 6565.647195159913: Received message <Ping:> from Peer_9:peer
Peer_17:peer INFO 6565.647195159913: Sending message <Pong:> to Peer_9:peer
Peer_17:peer INFO 6574.183981312877: Received message <Pong:> from Peer_22:peer
Peer_17:peer INFO 6630.917759529618: Received message <Pong:> from Peer_9:peer
Peer_17:peer INFO 7000: Sending message <Ping:> to Peer_27:bootstrap
Peer_17:peer INFO 7000: Sending message <Ping:> to Peer_8:peer
Peer_17:peer INFO 7000: Sending message <Ping:> to Peer_10:peer
Peer_17:peer INFO 7000: Sending message <Ping:> to Peer_12:peer
Peer_17:peer INFO 7000.460447739918: Received message <Ping:> from Peer_8:peer
Peer_17:peer INFO 7000.460447739918: Sending message <Pong:> to Peer_8:peer
Peer_17:peer INFO 7000.481302337769: Received message <Ping:> from Peer_27:bootstrap
Peer_17:peer INFO 7000.481302337769: Sending message <Pong:> to Peer_27:bootstrap
Peer_17:peer INFO 7000.4894202427095: Received message <Ping:> from Peer_12:peer
Peer_17:peer INFO 7000.4894202427095: Sending message <Pong:> to Peer_12:peer
Peer_17:peer INFO 7001.007776458592: Received message <Pong:> from Peer_27:bootstrap
Peer_17:peer INFO 7001.05778586529: Received message <Pong:> from Peer_12:peer
Peer_17:peer INFO 7001.1235700078105: Received message <Pong:> from Peer_8:peer
Peer_17:peer INFO 7065.400712339749: Received message <Ping:> from Peer_10:peer
Peer_17:peer INFO 7065.400712339749: Sending message <Pong:> to Peer_10:peer
Peer_17:peer INFO 7131.03131597132: Received message <Pong:> from Peer_10:peer
Peer_17:peer INFO 7500: Sending message <Ping:> to Peer_22:peer
Peer_17:peer INFO 7500: Sending message <Ping:> to Peer_9:peer
Peer_17:peer INFO 7536.452742559356: Received message <Ping:> from Peer_22:peer
Peer_17:peer INFO 7536.452742559356: Sending message <Pong:> to Peer_22:peer
Peer_17:peer INFO 7565.429819061326: Received message <Ping:> from Peer_9:peer
Peer_17:peer INFO 7565.429819061326: Sending message <Pong:> to Peer_9:peer
Peer_17:peer INFO 7575.607448657885: Received message <Pong:> from Peer_22:peer
Peer_17:peer INFO 7630.78136975578: Received message <Pong:> from Peer_9:peer
Peer_17:peer INFO 8000: Sending message <Ping:> to Peer_27:bootstrap
Peer_17:peer INFO 8000: Sending message <Ping:> to Peer_8:peer
Peer_17:peer INFO 8000: Sending message <Ping:> to Peer_10:peer
Peer_17:peer INFO 8000: Sending message <Ping:> to Peer_12:peer
Peer_17:peer INFO 8000.476626530207: Received message <Ping:> from Peer_8:peer
Peer_17:peer INFO 8000.476626530207: Sending message <Pong:> to Peer_8:peer
Peer_17:peer INFO 8000.4792127582405: Received message <Ping:> from Peer_12:peer
Peer_17:peer INFO 8000.4792127582405: Sending message <Pong:> to Peer_12:peer
Peer_17:peer INFO 8000.530702076013: Received message <Ping:> from Peer_27:bootstrap
Peer_17:peer INFO 8000.530702076013: Sending message <Pong:> to Peer_27:bootstrap
Peer_17:peer INFO 8000.977161879008: Received message <Pong:> from Peer_27:bootstrap
Peer_17:peer INFO 8001.094736657467: Received message <Pong:> from Peer_8:peer
Peer_17:peer INFO 8001.229107271162: Received message <Pong:> from Peer_12:peer
Peer_17:peer INFO 8065.386020918956: Received message <Ping:> from Peer_10:peer
Peer_17:peer INFO 8065.386020918956: Sending message <Pong:> to Peer_10:peer
Peer_17:peer INFO 8131.257525299965: Received message <Pong:> from Peer_10:peer
Peer_17:peer INFO 8500: Sending message <Ping:> to Peer_22:peer
Peer_17:peer INFO 8500: Sending message <Ping:> to Peer_9:peer
Peer_17:peer INFO 8536.692110903072: Received message <Ping:> from Peer_22:peer
Peer_17:peer INFO 8536.692110903072: Sending message <Pong:> to Peer_22:peer
Peer_17:peer INFO 8565.648774895448: Received message <Ping:> from Peer_9:peer
Peer_17:peer INFO 8565.648774895448: Sending message <Pong:> to Peer_9:peer
Peer_17:peer INFO 8574.001401229032: Received message <Pong:> from Peer_22:peer
Peer_17:peer INFO 8630.966680710413: Received message <Pong:> from Peer_9:peer
Peer_17:peer INFO 9000: Sending message <Ping:> to Peer_27:bootstrap
Peer_17:peer INFO 9000: Sending message <Ping:> to Peer_8:peer
Peer_17:peer INFO 9000: Sending message <Ping:> to Peer_10:peer
Peer_17:peer INFO 9000: Sending message <Ping:> to Peer_12:peer
Peer_17:peer INFO 9000.47413060643: Received message <Ping:> from Peer_12:peer
Peer_17:peer INFO 9000.47413060643: Sending message <Pong:> to Peer_12:peer
Peer_17:peer INFO 9000.490057137587: Received message <Ping:> from Peer_27:bootstrap
Peer_17:peer INFO 9000.490057137587: Sending message <Pong:> to Peer_27:bootstrap
Peer_17:peer INFO 9000.516970585477: Received message <Ping:> from Peer_8:peer
Peer_17:peer INFO 9000.516970585477: Sending message <Pong:> to Peer_8:peer
Peer_17:peer INFO 9000.96395672414: Received message <Pong:> from Peer_8:peer
Peer_17:peer INFO 9000.964142068562: Received message <Pong:> from Peer_27:bootstrap
Peer_17:peer INFO 9001.02838797214: Received message <Pong:> from Peer_12:peer
Peer_17:peer INFO 9065.526039240503: Received message <Ping:> from Peer_10:peer
Peer_17:peer INFO 9065.526039240503: Sending message <Pong:> to Peer_10:peer
Peer_17:peer INFO 9131.280793650118: Received message <Pong:> from Peer_10:peer
Peer_17:peer INFO 9500: Sending message <Ping:> to Peer_22:peer
Peer_17:peer INFO 9500: Sending message <Ping:> to Peer_9:peer
Peer_17:peer INFO 9537.103712321981: Received message <Ping:> from Peer_22:peer
Peer_17:peer INFO 9537.103712321981: Sending message <Pong:> to Peer_22:peer
Peer_17:peer INFO 9565.517892100082: Received message <Ping:> from Peer_9:peer
Peer_17:peer INFO 9565.517892100082: Sending message <Pong:> to Peer_9:peer
Peer_17:peer INFO 9572.63710417192: Received message <Pong:> from Peer_22:peer
Peer_17:peer INFO 9630.95038458089: Received message <Pong:> from Peer_9:peer
Peer_17:peer INFO 10000: Sending message <Ping:> to Peer_27:bootstrap
Peer_17:peer INFO 10000: Sending message <Ping:> to Peer_8:peer
Peer_17:peer INFO 10000: Sending message <Ping:> to Peer_10:peer
Peer_17:peer INFO 10000: Sending message <Ping:> to Peer_12:peer
Peer_17:peer INFO 10000.45869729163: Received message <Ping:> from Peer_27:bootstrap
Peer_17:peer INFO 10000.45869729163: Sending message <Pong:> to Peer_27:bootstrap
Peer_17:peer INFO 10000.476780050312: Received message <Ping:> from Peer_8:peer
Peer_17:peer INFO 10000.476780050312: Sending message <Pong:> to Peer_8:peer
Peer_17:peer INFO 10000.507187106003: Received message <Ping:> from Peer_12:peer
Peer_17:peer INFO 10000.507187106003: Sending message <Pong:> to Peer_12:peer
Peer_17:peer INFO 10000.961795794976: Received message <Pong:> from Peer_8:peer
Peer_17:peer INFO 10000.973931689043: Received message <Pong:> from Peer_12:peer
Peer_17:peer INFO 10001.024691713525: Received message <Pong:> from Peer_27:bootstrap
Peer_17:peer INFO 10065.438547801728: Received message <Ping:> from Peer_10:peer
Peer_17:peer INFO 10065.438547801728: Sending message <Pong:> to Peer_10:peer
Peer_17:peer INFO 10066.509770810731: Received message <GossipMessage:1_26> from Peer_12:peer
Peer_17:peer INFO 10066.509770810731: Sending message <GossipMessage:1_26> to Peer_22:peer
Peer_17:peer INFO 10066.509770810731: Sending message <GossipMessage:1_26> to Peer_8:peer
Peer_17:peer INFO 10066.509770810731: Sending message <GossipMessage:1_26> to Peer_10:peer
Peer_17:peer INFO 10131.1839057753: Received message <Pong:> from Peer_10:peer
Peer_17:peer INFO 10266.34755099714: Received message <GossipMessage:2_26> from Peer_12:peer
Peer_17:peer INFO 10266.34755099714: Sending message <GossipMessage:2_26> to Peer_10:peer
Peer_17:peer INFO 10266.34755099714: Sending message <GossipMessage:2_26> to Peer_22:peer
Peer_17:peer INFO 10266.34755099714: Sending message <GossipMessage:2_26> to Peer_9:peer
Peer_17:peer INFO 10466.409774642887: Received message <GossipMessage:3_26> from Peer_12:peer
Peer_17:peer INFO 10466.409774642887: Sending message <GossipMessage:3_26> to Peer_22:peer
Peer_17:peer INFO 10466.409774642887: Sending message <GossipMessage:3_26> to Peer_10:peer
Peer_17:peer INFO 10466.409774642887: Sending message <GossipMessage:3_26> to Peer_9:peer
Peer_17:peer INFO 10500: Sending message <Ping:> to Peer_22:peer
Peer_17:peer INFO 10500: Sending message <Ping:> to Peer_9:peer
Peer_17:peer INFO 10574.378228155625: Received message <Pong:> from Peer_22:peer
Peer_17:peer INFO 10631.062673367587: Received message <Pong:> from Peer_9:peer
Peer_17:peer INFO 10666.539388887526: Received message <GossipMessage:4_26> from Peer_12:peer
Peer_17:peer INFO 10666.539388887526: Sending message <GossipMessage:4_26> to Peer_22:peer
Peer_17:peer INFO 10666.539388887526: Sending message <GossipMessage:4_26> to Peer_8:peer
Peer_17:peer INFO 10666.539388887526: Sending message <GossipMessage:4_26> to Peer_9:peer
Peer_17:peer INFO 10866.715652139254: Received message <GossipMessage:5_26> from Peer_12:peer
Peer_17:peer INFO 10866.715652139254: Sending message <GossipMessage:5_26> to Peer_9:peer
Peer_17:peer INFO 10866.715652139254: Sending message <GossipMessage:5_26> to Peer_22:peer
Peer_17:peer INFO 10866.715652139254: Sending message <GossipMessage:5_26> to Peer_8:peer
Peer_17:peer INFO 11000: Sending message <Ping:> to Peer_27:bootstrap
Peer_17:peer INFO 11000: Sending message <Ping:> to Peer_8:peer
Peer_17:peer INFO 11000: Sending message <Ping:> to Peer_10:peer
Peer_17:peer INFO 11000.51098525388: Received message <Ping:> from Peer_27:bootstrap
Peer_17:peer INFO 11000.51098525388: Sending message <Pong:> to Peer_27:bootstrap
Peer_17:peer INFO 11000.549105965953: Received message <Ping:> from Peer_12:peer
Peer_17:peer INFO 11000.549105965953: Sending message <Pong:> to Peer_12:peer
Peer_17:peer INFO 11001.00002268597: Received message <Pong:> from Peer_8:peer
Peer_17:peer INFO 11001.04424778769: Received message <Pong:> from Peer_27:bootstrap
Peer_17:peer INFO 11066.592608507508: Received message <GossipMessage:6_26> from Peer_12:peer
Peer_17:peer INFO 11066.592608507508: Sending message <GossipMessage:6_26> to Peer_9:peer
Peer_17:peer INFO 11066.592608507508: Sending message <GossipMessage:6_26> to Peer_8:peer
Peer_17:peer INFO 11066.592608507508: Sending message <GossipMessage:6_26> to Peer_22:peer
Peer_17:peer INFO 11130.996717764394: Received message <Pong:> from Peer_10:peer
Peer_17:peer INFO 11266.70576011198: Received message <GossipMessage:7_26> from Peer_12:peer
Peer_17:peer INFO 11266.70576011198: Sending message <GossipMessage:7_26> to Peer_22:peer
Peer_17:peer INFO 11266.70576011198: Sending message <GossipMessage:7_26> to Peer_10:peer
Peer_17:peer INFO 11266.70576011198: Sending message <GossipMessage:7_26> to Peer_9:peer
Peer_17:peer INFO 11466.32385684018: Received message <GossipMessage:8_26> from Peer_12:peer
Peer_17:peer INFO 11466.32385684018: Sending message <GossipMessage:8_26> to Peer_9:peer
Peer_17:peer INFO 11466.32385684018: Sending message <GossipMessage:8_26> to Peer_10:peer
Peer_17:peer INFO 11466.32385684018: Sending message <GossipMessage:8_26> to Peer_22:peer
Peer_17:peer INFO 11500: Sending message <Ping:> to Peer_22:peer
Peer_17:peer INFO 11500: Sending message <Ping:> to Peer_9:peer
Peer_17:peer INFO 11572.16271730005: Received message <Pong:> from Peer_22:peer
Peer_17:peer INFO 11631.187411919533: Received message <Pong:> from Peer_9:peer
Peer_17:peer INFO 11666.539997351018: Received message <GossipMessage:9_26> from Peer_12:peer
Peer_17:peer INFO 11666.539997351018: Sending message <GossipMessage:9_26> to Peer_10:peer
Peer_17:peer INFO 11666.539997351018: Sending message <GossipMessage:9_26> to Peer_22:peer
Peer_17:peer INFO 11666.539997351018: Sending message <GossipMessage:9_26> to Peer_8:peer
Peer_17:peer INFO 11866.755811329867: Received message <GossipMessage:10_26> from Peer_12:peer
Peer_17:peer INFO 11866.755811329867: Sending message <GossipMessage:10_26> to Peer_8:peer
Peer_17:peer INFO 11866.755811329867: Sending message <GossipMessage:10_26> to Peer_22:peer
Peer_17:peer INFO 11866.755811329867: Sending message <GossipMessage:10_26> to Peer_10:peer
Peer_17:peer INFO 12000: Sending message <Ping:> to Peer_27:bootstrap
Peer_17:peer INFO 12000: Sending message <Ping:> to Peer_8:peer
Peer_17:peer INFO 12000: Sending message <Ping:> to Peer_10:peer
Peer_17:peer INFO 12000.480363462722: Received message <Ping:> from Peer_12:peer
Peer_17:peer INFO 12000.480363462722: Sending message <Pong:> to Peer_12:peer
Peer_17:peer INFO 12000.48710074158: Received message <Ping:> from Peer_27:bootstrap
Peer_17:peer INFO 12000.48710074158: Sending message <Pong:> to Peer_27:bootstrap
Peer_17:peer INFO 12001.004334374118: Received message <Pong:> from Peer_27:bootstrap
Peer_17:peer INFO 12001.014789243383: Received message <Pong:> from Peer_8:peer
Peer_17:peer INFO 12066.139534188895: Received message <GossipMessage:11_26> from Peer_12:peer
Peer_17:peer INFO 12066.139534188895: Sending message <GossipMessage:11_26> to Peer_22:peer
Peer_17:peer INFO 12066.139534188895: Sending message <GossipMessage:11_26> to Peer_9:peer
Peer_17:peer INFO 12066.139534188895: Sending message <GossipMessage:11_26> to Peer_10:peer
Peer_17:peer INFO 12131.24806758487: Received message <Pong:> from Peer_10:peer
Peer_17:peer INFO 12266.641046424045: Received message <GossipMessage:12_26> from Peer_12:peer
Peer_17:peer INFO 12266.641046424045: Sending message <GossipMessage:12_26> to Peer_22:peer
Peer_17:peer INFO 12266.641046424045: Sending message <GossipMessage:12_26> to Peer_8:peer
Peer_17:peer INFO 12266.641046424045: Sending message <GossipMessage:12_26> to Peer_9:peer
Peer_17:peer INFO 12466.34897287915: Received message <GossipMessage:13_26> from Peer_12:peer
Peer_17:peer INFO 12466.34897287915: Sending message <GossipMessage:13_26> to Peer_10:peer
Peer_17:peer INFO 12466.34897287915: Sending message <GossipMessage:13_26> to Peer_9:peer
Peer_17:peer INFO 12466.34897287915: Sending message <GossipMessage:13_26> to Peer_8:peer
Peer_17:peer INFO 12500: Sending message <Ping:> to Peer_22:peer
Peer_17:peer INFO 12500: Sending message <Ping:> to Peer_9:peer
Peer_17:peer INFO 12573.791440529152: Received message <Pong:> from Peer_22:peer
Peer_17:peer INFO 12631.255929224946: Received message <Pong:> from Peer_9:peer
Peer_17:peer INFO 12666.526195387842: Received message <GossipMessage:14_26> from Peer_12:peer
Peer_17:peer INFO 12666.526195387842: Sending message <GossipMessage:14_26> to Peer_9:peer
Peer_17:peer INFO 12666.526195387842: Sending message <GossipMessage:14_26> to Peer_8:peer
Peer_17:peer INFO 12666.526195387842: Sending message <GossipMessage:14_26> to Peer_10:peer
Peer_17:peer INFO 12866.639691988812: Received message <GossipMessage:15_26> from Peer_12:peer
Peer_17:peer INFO 12866.639691988812: Sending message <GossipMessage:15_26> to Peer_10:peer
Peer_17:peer INFO 12866.639691988812: Sending message <GossipMessage:15_26> to Peer_22:peer
Peer_17:peer INFO 12866.639691988812: Sending message <GossipMessage:15_26> to Peer_9:peer
Peer_17:peer INFO 13000: Sending message <Ping:> to Peer_27:bootstrap
Peer_17:peer INFO 13000: Sending message <Ping:> to Peer_8:peer
Peer_17:peer INFO 13000: Sending message <Ping:> to Peer_10:peer
Peer_17:peer INFO 13000.501185632682: Received message <Ping:> from Peer_27:bootstrap
Peer_17:peer INFO 13000.501185632682: Sending message <Pong:> to Peer_27:bootstrap
Peer_17:peer INFO 13000.502763666835: Received message <Ping:> from Peer_12:peer
Peer_17:peer INFO 13000.502763666835: Sending message <Pong:> to Peer_12:peer
Peer_17:peer INFO 13000.955916899216: Received message <Pong:> from Peer_27:bootstrap
Peer_17:peer INFO 13000.973249721952: Received message <Pong:> from Peer_8:peer
Peer_17:peer INFO 13066.338944027959: Received message <GossipMessage:16_26> from Peer_12:peer
Peer_17:peer INFO 13066.338944027959: Sending message <GossipMessage:16_26> to Peer_8:peer
Peer_17:peer INFO 13066.338944027959: Sending message <GossipMessage:16_26> to Peer_9:peer
Peer_17:peer INFO 13066.338944027959: Sending message <GossipMessage:16_26> to Peer_10:peer
Peer_17:peer INFO 13130.657834416008: Received message <Pong:> from Peer_10:peer
Peer_17:peer INFO 13266.628677881512: Received message <GossipMessage:17_26> from Peer_12:peer
Peer_17:peer INFO 13266.628677881512: Sending message <GossipMessage:17_26> to Peer_10:peer
Peer_17:peer INFO 13266.628677881512: Sending message <GossipMessage:17_26> to Peer_9:peer
Peer_17:peer INFO 13266.628677881512: Sending message <GossipMessage:17_26> to Peer_8:peer
Peer_17:peer INFO 13466.523141054191: Received message <GossipMessage:18_26> from Peer_12:peer
Peer_17:peer INFO 13466.523141054191: Sending message <GossipMessage:18_26> to Peer_10:peer
Peer_17:peer INFO 13466.523141054191: Sending message <GossipMessage:18_26> to Peer_22:peer
Peer_17:peer INFO 13466.523141054191: Sending message <GossipMessage:18_26> to Peer_9:peer
Peer_17:peer INFO 13500: Sending message <Ping:> to Peer_22:peer
Peer_17:peer INFO 13500: Sending message <Ping:> to Peer_9:peer
Peer_17:peer INFO 13536.492443494715: Received message <Ping:> from Peer_22:peer
Peer_17:peer INFO 13536.492443494715: Sending message <Pong:> to Peer_22:peer
Peer_17:peer INFO 13574.29358001585: Received message <Pong:> from Peer_22:peer
Peer_17:peer INFO 13631.024383374779: Received message <Pong:> from Peer_9:peer
Peer_17:peer INFO 13666.696551419442: Received message <GossipMessage:19_26> from Peer_12:peer
Peer_17:peer INFO 13666.696551419442: Sending message <GossipMessage:19_26> to Peer_8:peer
Peer_17:peer INFO 13666.696551419442: Sending message <GossipMessage:19_26> to Peer_22:peer
Peer_17:peer INFO 13666.696551419442: Sending message <GossipMessage:19_26> to Peer_10:peer
Peer_17:peer INFO 13866.399560586702: Received message <GossipMessage:20_26> from Peer_12:peer
Peer_17:peer INFO 13866.399560586702: Sending message <GossipMessage:20_26> to Peer_10:peer
Peer_17:peer INFO 13866.399560586702: Sending message <GossipMessage:20_26> to Peer_8:peer
Peer_17:peer INFO 13866.399560586702: Sending message <GossipMessage:20_26> to Peer_22:peer
Peer_17:peer INFO 14000: Sending message <Ping:> to Peer_27:bootstrap
Peer_17:peer INFO 14000: Sending message <Ping:> to Peer_8:peer
Peer_17:peer INFO 14000: Sending message <Ping:> to Peer_10:peer
Peer_17:peer INFO 14000.4782077908: Received message <Ping:> from Peer_27:bootstrap
Peer_17:peer INFO 14000.4782077908: Sending message <Pong:> to Peer_27:bootstrap
Peer_17:peer INFO 14000.51481314364: Received message <Ping:> from Peer_12:peer
Peer_17:peer INFO 14000.51481314364: Sending message <Pong:> to Peer_12:peer
Peer_17:peer INFO 14001.003927486458: Received message <Pong:> from Peer_8:peer
Peer_17:peer INFO 14001.019911426001: Received message <Pong:> from Peer_27:bootstrap
Peer_17:peer INFO 14131.457450247604: Received message <Pong:> from Peer_10:peer
Peer_17:peer INFO 14500: Sending message <Ping:> to Peer_22:peer
Peer_17:peer INFO 14500: Sending message <Ping:> to Peer_9:peer
Peer_17:peer INFO 14536.726742697276: Received message <Ping:> from Peer_22:peer
Peer_17:peer INFO 14536.726742697276: Sending message <Pong:> to Peer_22:peer
Peer_17:peer INFO 14565.484946578852: Received message <Ping:> from Peer_9:peer
Peer_17:peer INFO 14565.484946578852: Sending message <Pong:> to Peer_9:peer
Peer_17:peer INFO 14571.992106116753: Received message <Pong:> from Peer_22:peer
Peer_17:peer INFO 14630.635663802897: Received message <Pong:> from Peer_9:peer
