Peer_7:basic WARNING 0: Not enough peers, fetching more (0, 4)
Peer_7:basic INFO 1.0529875330528589: Connecting to Peer_11:bootstrap
Peer_7:basic INFO 1.8000374830360104: Received message <Hello:> from Peer_11:bootstrap
Peer_7:basic INFO 1.997758475084841: Received message <RequestPeers:> from Peer_11:bootstrap
Peer_7:basic INFO 1.997758475084841: Sending message <PeerList> to Peer_11:bootstrap
Peer_7:basic WARNING 500: Not enough peers, fetching more (1, 4)
Peer_7:basic INFO 500: Sending message <RequestPeers:> to Peer_11:bootstrap
Peer_7:basic INFO 501.05249622515316: Received message <RequestPeers:> from Peer_11:bootstrap
Peer_7:basic INFO 501.05249622515316: Sending message <PeerList> to Peer_11:bootstrap
Peer_7:basic INFO 502.3443690934125: Received message <PeerList> from Peer_11:bootstrap
Peer_7:basic WARNING 1000: Not enough peers, fetching more (1, 4)
Peer_7:basic INFO 1000: Sending message <RequestPeers:> to Peer_11:bootstrap
Peer_7:basic INFO 1000.9502035941165: Received message <RequestPeers:> from Peer_11:bootstrap
Peer_7:basic INFO 1000.9502035941165: Sending message <PeerList> to Peer_11:bootstrap
Peer_7:basic INFO 1001.3623350317969: Received message <Hello:> from Peer_2:basic
Peer_7:basic INFO 1001.3623350317969: Connecting to Peer_2:basic
Peer_7:basic INFO 1001.3623350317969: Sending message <Hello:> to Peer_2:basic
Peer_7:basic INFO 1001.3623350317969: Sending message <RequestPeers:> to Peer_2:basic
Peer_7:basic INFO 1001.7140070656134: Received message <PeerList> from Peer_11:bootstrap
Peer_7:basic INFO 1003.3989428688153: Received message <PeerList> from Peer_2:basic
Peer_7:basic INFO 1006.1580479205197: Connecting to Peer_5:basic
Peer_7:basic INFO 1013.5906238712024: Received message <RequestPeers:> from Peer_5:basic
Peer_7:basic INFO 1013.5906238712024: Sending message <PeerList> to Peer_5:basic
Peer_7:basic INFO 1014.7167497455358: Received message <Hello:> from Peer_5:basic
Peer_7:basic WARNING 1500: Not enough peers, fetching more (3, 4)
Peer_7:basic INFO 1506.5103198944944: Connecting to Peer_1:basic
Peer_7:basic INFO 1512.132162186987: Received message <Hello:> from Peer_1:basic
Peer_7:basic INFO 1513.1151892069452: Received message <RequestPeers:> from Peer_1:basic
Peer_7:basic INFO 1513.1151892069452: Sending message <PeerList> to Peer_1:basic
Peer_7:basic INFO 2000: Sending message <Ping:> to Peer_11:bootstrap
Peer_7:basic INFO 2000: Sending message <Ping:> to Peer_2:basic
Peer_7:basic INFO 2000: Sending message <Ping:> to Peer_5:basic
Peer_7:basic INFO 2000.6923061509008: Received message <RequestPeers:> from Peer_11:bootstrap
Peer_7:basic INFO 2000.6923061509008: Sending message <PeerList> to Peer_11:bootstrap
Peer_7:basic INFO 2000.9296952017633: Received message <Ping:> from Peer_2:basic
Peer_7:basic INFO 2000.9296952017633: Sending message <Pong:> to Peer_2:basic
Peer_7:basic INFO 2001.2920957114202: Received message <Ping:> from Peer_11:bootstrap
Peer_7:basic INFO 2001.2920957114202: Sending message <Pong:> to Peer_11:bootstrap
Peer_7:basic INFO 2002.2252978506974: Received message <Pong:> from Peer_11:bootstrap
Peer_7:basic INFO 2002.4710952954201: Received message <Pong:> from Peer_2:basic
Peer_7:basic INFO 2005.9974910809933: Received message <Ping:> from Peer_5:basic
Peer_7:basic INFO 2005.9974910809933: Sending message <Pong:> to Peer_5:basic
Peer_7:basic INFO 2008.5969361747077: Received message <Pong:> from Peer_5:basic
Peer_7:basic INFO 2500: Sending message <Ping:> to Peer_1:basic
Peer_7:basic INFO 2500.8700070379728: Received message <RequestPeers:> from Peer_11:bootstrap
Peer_7:basic INFO 2500.8700070379728: Sending message <PeerList> to Peer_11:bootstrap
Peer_7:basic INFO 2505.640583078593: Received message <Ping:> from Peer_1:basic
Peer_7:basic INFO 2505.640583078593: Sending message <Pong:> to Peer_1:basic
Peer_7:basic INFO 2511.1521916447427: Received message <Pong:> from Peer_1:basic
Peer_7:basic INFO 3000: Sending message <Ping:> to Peer_2:basic
Peer_7:basic INFO 3000: Sending message <Ping:> to Peer_5:basic
Peer_7:basic INFO 3001.283660348289: Received message <RequestPeers:> from Peer_11:bootstrap
Peer_7:basic INFO 3001.283660348289: Sending message <PeerList> to Peer_11:bootstrap
Peer_7:basic INFO 3001.398611732253: Received message <Ping:> from Peer_2:basic
Peer_7:basic INFO 3001.398611732253: Sending message <Pong:> to Peer_2:basic
Peer_7:basic INFO 3001.9345744266016: Received message <Pong:> from Peer_2:basic
Peer_7:basic INFO 3005.892909439476: Received message <Ping:> from Peer_5:basic
Peer_7:basic INFO 3005.892909439476: Sending message <Pong:> to Peer_5:basic
Peer_7:basic INFO 3012.7050483927565: Received message <Pong:> from Peer_5:basic
Peer_7:basic INFO 3500: Sending message <Ping:> to Peer_1:basic
Peer_7:basic INFO 3505.9960779672033: Received message <Ping:> from Peer_1:basic
Peer_7:basic INFO 3505.9960779672033: Sending message <Pong:> to Peer_1:basic
Peer_7:basic INFO 3511.0132840746005: Received message <Pong:> from Peer_1:basic
Peer_7:basic INFO 4000: Sending message <Ping:> to Peer_11:bootstrap
Peer_7:basic INFO 4000: Sending message <Ping:> to Peer_2:basic
Peer_7:basic INFO 4000: Sending message <Ping:> to Peer_5:basic
Peer_7:basic INFO 4000.5562139840863: Received message <Ping:> from Peer_11:bootstrap
Peer_7:basic INFO 4000.5562139840863: Sending message <Pong:> to Peer_11:bootstrap
Peer_7:basic INFO 4000.5969939637907: Received message <Ping:> from Peer_2:basic
Peer_7:basic INFO 4000.5969939637907: Sending message <Pong:> to Peer_2:basic
Peer_7:basic INFO 4001.221975531643: Received message <RequestPeers:> from Peer_11:bootstrap
Peer_7:basic INFO 4001.221975531643: Sending message <PeerList> to Peer_11:bootstrap
Peer_7:basic INFO 4001.5846232502536: Received message <Pong:> from Peer_11:bootstrap
Peer_7:basic INFO 4002.1382447454093: Received message <Pong:> from Peer_2:basic
Peer_7:basic INFO 4005.2320906114614: Received message <Ping:> from Peer_5:basic
Peer_7:basic INFO 4005.2320906114614: Sending message <Pong:> to Peer_5:basic
Peer_7:basic INFO 4014.1199516066536: Received message <Pong:> from Peer_5:basic
Peer_7:basic INFO 4500: Sending message <Ping:> to Peer_1:basic
Peer_7:basic INFO 4500.463880689982: Received message <RequestPeers:> from Peer_11:bootstrap
Peer_7:basic INFO 4500.463880689982: Sending message <PeerList> to Peer_11:bootstrap
Peer_7:basic INFO 4504.771723413861: Received message <Ping:> from Peer_1:basic
Peer_7:basic INFO 4504.771723413861: Sending message <Pong:> to Peer_1:basic
Peer_7:basic INFO 4512.830345763252: Received message <Pong:> from Peer_1:basic
