Peer_10:peer WARNING 0: Not enough peers, fetching more (0, 4)
Peer_10:peer INFO 65.71212851513677: Connecting to Peer_27:bootstrap
Peer_10:peer INFO 131.1481599524026: Received message <RequestPeers:> from Peer_27:bootstrap
Peer_10:peer INFO 131.1481599524026: Sending message <PeerList> to Peer_27:bootstrap
Peer_10:peer INFO 131.30074482916712: Received message <Hello:> from Peer_27:bootstrap
Peer_10:peer WARNING 500: Not enough peers, fetching more (1, 4)
Peer_10:peer INFO 500: Sending message <RequestPeers:> to Peer_27:bootstrap
Peer_10:peer INFO 630.9239303469268: Received message <PeerList> from Peer_27:bootstrap
Peer_10:peer WARNING 1000: Not enough peers, fetching more (1, 4)
Peer_10:peer INFO 1000: Sending message <RequestPeers:> to Peer_27:bootstrap
Peer_10:peer INFO 1000.2415297026369: Received message <Hello:> from Peer_3:peer
Peer_10:peer INFO 1000.2415297026369: Connecting to Peer_3:peer
Peer_10:peer INFO 1000.2415297026369: Sending message <Hello:> to Peer_3:peer
Peer_10:peer INFO 1000.2415297026369: Sending message <RequestPeers:> to Peer_3:peer
Peer_10:peer INFO 1000.705380727059: Received message <PeerList> from Peer_3:peer
Peer_10:peer INFO 1065.4650780931056: Connecting to Peer_17:peer
Peer_10:peer INFO 1130.8475911369408: Received message <RequestPeers:> from Peer_17:peer
Peer_10:peer INFO 1130.8475911369408: Sending message <PeerList> to Peer_17:peer
Peer_10:peer INFO 1130.9363807327695: Received message <PeerList> from Peer_27:bootstrap
Peer_10:peer INFO 1131.0423806338028: Received message <Hello:> from Peer_17:peer
Peer_10:peer WARNING 1500: Not enough peers, fetching more (3, 4)
Peer_10:peer INFO 1500.2608000544471: Received message <RequestPeers:> from Peer_3:peer
Peer_10:peer INFO 1500.2608000544471: Sending message <PeerList> to Peer_3:peer
Peer_10:peer INFO 1565.4105757252007: Received message <Hello:> from Peer_7:peer
Peer_10:peer INFO 1565.4105757252007: Connecting to Peer_7:peer
Peer_10:peer INFO 1565.4105757252007: Sending message <Hello:> to Peer_7:peer
Peer_10:peer INFO 1565.4105757252007: Sending message <RequestPeers:> to Peer_7:peer
Peer_10:peer INFO 1577.967829187174: Received message <Hello:> from Peer_22:peer
Peer_10:peer INFO 1577.967829187174: Connecting to Peer_22:peer
Peer_10:peer INFO 1577.967829187174: Sending message <Hello:> to Peer_22:peer
Peer_10:peer INFO 1577.967829187174: Sending message <RequestPeers:> to Peer_22:peer
Peer_10:peer INFO 1577.987442135661: Connecting to Peer_21:peer
Peer_10:peer INFO 1655.931099129397: Received message <Hello:> from Peer_21:peer
Peer_10:peer INFO 1655.9548231331307: Received message <RequestPeers:> from Peer_21:peer
Peer_10:peer INFO 1655.9548231331307: Sending message <PeerList> to Peer_21:peer
Peer_10:peer INFO 1696.3182060892386: Received message <PeerList> from Peer_7:peer
Peer_10:peer INFO 1734.0467500539241: Received message <PeerList> from Peer_22:peer
Peer_10:peer INFO 2000: Sending message <Ping:> to Peer_27:bootstrap
Peer_10:peer INFO 2000: Sending message <Ping:> to Peer_17:peer
Peer_10:peer INFO 2065.4081218979973: Received message <Ping:> from Peer_27:bootstrap
Peer_10:peer INFO 2065.4081218979973: Sending message <Pong:> to Peer_27:bootstrap
Peer_10:peer INFO 2065.4763222079996: Received message <Ping:> from Peer_17:peer
Peer_10:peer INFO 2065.4763222079996: Sending message <Pong:> to Peer_17:peer
Peer_10:peer INFO 2131.0658939482814: Received message <Pong:> from Peer_27:bootstrap
Peer_10:peer INFO 2131.115066676512: Received message <Pong:> from Peer_17:peer
Peer_10:peer INFO 2500: Sending message <Ping:> to Peer_3:peer
Peer_10:peer INFO 2500: Sending message <Ping:> to Peer_7:peer
Peer_10:peer INFO 2500: Sending message <Ping:> to Peer_22:peer
Peer_10:peer INFO 2500: Sending message <Ping:> to Peer_21:peer
Peer_10:peer INFO 2500.345402955607: Received message <Ping:> from Peer_3:peer
Peer_10:peer INFO 2500.345402955607: Sending message <Pong:> to Peer_3:peer
Peer_10:peer INFO 2500.5367838255306: Received message <Pong:> from Peer_3:peer
Peer_10:peer INFO 2565.377887411347: Received message <Ping:> from Peer_7:peer
Peer_10:peer INFO 2565.377887411347: Sending message <Pong:> to Peer_7:peer
Peer_10:peer INFO 2577.969110473825: Received message <Ping:> from Peer_22:peer
Peer_10:peer INFO 2577.969110473825: Sending message <Pong:> to Peer_22:peer
Peer_10:peer INFO 2578.007293625957: Received message <Ping:> from Peer_21:peer
Peer_10:peer INFO 2578.007293625957: Sending message <Pong:> to Peer_21:peer
Peer_10:peer INFO 2631.1196388411317: Received message <Pong:> from Peer_7:peer
Peer_10:peer INFO 2655.9680525555964: Received message <Pong:> from Peer_21:peer
Peer_10:peer INFO 2656.016518786184: Received message <Pong:> from Peer_22:peer
Peer_10:peer INFO 3000: Sending message <Ping:> to Peer_27:bootstrap
Peer_10:peer INFO 3000: Sending message <Ping:> to Peer_17:peer
Peer_10:peer INFO 3065.4447821428867: Received message <Ping:> from Peer_27:bootstrap
Peer_10:peer INFO 3065.4447821428867: Sending message <Pong:> to Peer_27:bootstrap
Peer_10:peer INFO 3065.483223102715: Received message <Ping:> from Peer_17:peer
Peer_10:peer INFO 3065.483223102715: Sending message <Pong:> to Peer_17:peer
Peer_10:peer INFO 3131.0458392824075: Received message <Pong:> from Peer_17:peer
Peer_10:peer INFO 3131.096664836001: Received message <Pong:> from Peer_27:bootstrap
Peer_10:peer INFO 3500: Sending message <Ping:> to Peer_3:peer
Peer_10:peer INFO 3500: Sending message <Ping:> to Peer_7:peer
Peer_10:peer INFO 3500: Sending message <Ping:> to Peer_22:peer
Peer_10:peer INFO 3500: Sending message <Ping:> to Peer_21:peer
Peer_10:peer INFO 3500.2769869972144: Received message <Ping:> from Peer_3:peer
Peer_10:peer INFO 3500.2769869972144: Sending message <Pong:> to Peer_3:peer
Peer_10:peer INFO 3500.7357338635284: Received message <Pong:> from Peer_3:peer
Peer_10:peer INFO 3565.3458358037924: Received message <Ping:> from Peer_7:peer
Peer_10:peer INFO 3565.3458358037924: Sending message <Pong:> to Peer_7:peer
Peer_10:peer INFO 3577.9557616517086: Received message <Ping:> from Peer_22:peer
Peer_10:peer INFO 3577.9557616517086: Sending message <Pong:> to Peer_22:peer
Peer_10:peer INFO 3577.966425772577: Received message <Ping:> from Peer_21:peer
Peer_10:peer INFO 3577.966425772577: Sending message <Pong:> to Peer_21:peer
Peer_10:peer INFO 3631.3241409652273: Received message <Pong:> from Peer_7:peer
Peer_10:peer INFO 3656.0385788181998: Received message <Pong:> from Peer_21:peer
Peer_10:peer INFO 3656.151685204266: Received message <Pong:> from Peer_22:peer
Peer_10:peer INFO 4000: Sending message <Ping:> to Peer_27:bootstrap
Peer_10:peer INFO 4000: Sending message <Ping:> to Peer_17:peer
Peer_10:peer INFO 4065.369237531404: Received message <Ping:> from Peer_17:peer
Peer_10:peer INFO 4065.369237531404: Sending message <Pong:> to Peer_17:peer
Peer_10:peer INFO 4065.7450992704253: Received message <Ping:> from Peer_27:bootstrap
Peer_10:peer INFO 4065.7450992704253: Sending message <Pong:> to Peer_27:bootstrap
Peer_10:peer INFO 4130.912873903824: Received message <Pong:> from Peer_27:bootstrap
Peer_10:peer INFO 4131.170309063318: Received message <Pong:> from Peer_17:peer
Peer_10:peer INFO 4500: Sending message <Ping:> to Peer_3:peer
Peer_10:peer INFO 4500: Sending message <Ping:> to Peer_7:peer
Peer_10:peer INFO 4500: Sending message <Ping:> to Peer_22:peer
Peer_10:peer INFO 4500: Sending message <Ping:> to Peer_21:peer
Peer_10:peer INFO 4500.314157644833: Received message <Ping:> from Peer_3:peer
Peer_10:peer INFO 4500.314157644833: Sending message <Pong:> to Peer_3:peer
Peer_10:peer INFO 4500.5321781832945: Received message <Pong:> from Peer_3:peer
Peer_10:peer INFO 4565.607241206529: Received message <Ping:> from Peer_7:peer
Peer_10:peer INFO 4565.607241206529: Sending message <Pong:> to Peer_7:peer
Peer_10:peer INFO 4577.941871579242: Received message <Ping:> from Peer_21:peer
Peer_10:peer INFO 4577.941871579242: Sending message <Pong:> to Peer_21:peer
Peer_10:peer INFO 4577.997772399582: Received message <Ping:> from Peer_22:peer
Peer_10:peer INFO 4577.997772399582: Sending message <Pong:> to Peer_22:peer
Peer_10:peer INFO 4630.9853954258915: Received message <Pong:> from Peer_7:peer
Peer_10:peer INFO 4656.0820730804335: Received message <Pong:> from Peer_22:peer
Peer_10:peer INFO 4656.093733647054: Received message <Pong:> from Peer_21:peer
Peer_10:peer INFO 5000: Sending message <Ping:> to Peer_27:bootstrap
Peer_10:peer INFO 5000: Sending message <Ping:> to Peer_17:peer
Peer_10:peer INFO 5065.44627006693: Received message <Ping:> from Peer_17:peer
Peer_10:peer INFO 5065.44627006693: Sending message <Pong:> to Peer_17:peer
Peer_10:peer INFO 5065.587297449077: Received message <Ping:> from Peer_27:bootstrap
Peer_10:peer INFO 5065.587297449077: Sending message <Pong:> to Peer_27:bootstrap
Peer_10:peer INFO 5130.663503461341: Received message <Pong:> from Peer_27:bootstrap
Peer_10:peer INFO 5130.678955873027: Received message <Pong:> from Peer_17:peer
Peer_10:peer INFO 5500: Sending message <Ping:> to Peer_3:peer
Peer_10:peer INFO 5500: Sending message <Ping:> to Peer_7:peer
Peer_10:peer INFO 5500: Sending message <Ping:> to Peer_22:peer
Peer_10:peer INFO 5500: Sending message <Ping:> to Peer_21:peer
Peer_10:peer INFO 5500.2794638579835: Received message <Ping:> from Peer_3:peer
Peer_10:peer INFO 5500.2794638579835: Sending message <Pong:> to Peer_3:peer
Peer_10:peer INFO 5500.4914343535065: Received message <Pong:> from Peer_3:peer
Peer_10:peer INFO 5565.672154214262: Received message <Ping:> from Peer_7:peer
Peer_10:peer INFO 5565.672154214262: Sending message <Pong:> to Peer_7:peer
Peer_10:peer INFO 5578.026530101369: Received message <Ping:> from Peer_21:peer
Peer_10:peer INFO 5578.026530101369: Sending message <Pong:> to Peer_21:peer
Peer_10:peer INFO 5578.038838524257: Received message <Ping:> from Peer_22:peer
Peer_10:peer INFO 5578.038838524257: Sending message <Pong:> to Peer_22:peer
Peer_10:peer INFO 5631.117550312783: Received message <Pong:> from Peer_7:peer
Peer_10:peer INFO 5656.040625862762: Received message <Pong:> from Peer_21:peer
Peer_10:peer INFO 5656.104150041474: Received message <Pong:> from Peer_22:peer
Peer_10:peer INFO 6000: Sending message <Ping:> to Peer_27:bootstrap
Peer_10:peer INFO 6000: Sending message <Ping:> to Peer_17:peer
Peer_10:peer INFO 6065.484791957131: Received message <Ping:> from Peer_17:peer
Peer_10:peer INFO 6065.484791957131: Sending message <Pong:> to Peer_17:peer
Peer_10:peer INFO 6065.637364329385: Received message <Ping:> from Peer_27:bootstrap
Peer_10:peer INFO 6065.637364329385: Sending message <Pong:> to Peer_27:bootstrap
Peer_10:peer INFO 6130.784883539753: Received message <Pong:> from Peer_17:peer
Peer_10:peer INFO 6131.011106337421: Received message <Pong:> from Peer_27:bootstrap
Peer_10:peer INFO 6500: Sending message <Ping:> to Peer_3:peer
Peer_10:peer INFO 6500: Sending message <Ping:> to Peer_7:peer
Peer_10:peer INFO 6500: Sending message <Ping:> to Peer_22:peer
Peer_10:peer INFO 6500: Sending message <Ping:> to Peer_21:peer
Peer_10:peer INFO 6500.243684068005: Received message <Ping:> from Peer_3:peer
Peer_10:peer INFO 6500.243684068005: Sending message <Pong:> to Peer_3:peer
Peer_10:peer INFO 6500.533048657933: Received message <Pong:> from Peer_3:peer
Peer_10:peer INFO 6565.315365236268: Received message <Ping:> from Peer_7:peer
Peer_10:peer INFO 6565.315365236268: Sending message <Pong:> to Peer_7:peer
Peer_10:peer INFO 6578.001841224531: Received message <Ping:> from Peer_22:peer
Peer_10:peer INFO 6578.001841224531: Sending message <Pong:> to Peer_22:peer
Peer_10:peer INFO 6578.028124354888: Received message <Ping:> from Peer_21:peer
Peer_10:peer INFO 6578.028124354888: Sending message <Pong:> to Peer_21:peer
Peer_10:peer INFO 6630.883822851726: Received message <Pong:> from Peer_7:peer
Peer_10:peer INFO 6655.852051227437: Received message <Pong:> from Peer_22:peer
Peer_10:peer INFO 6655.957547657928: Received message <Pong:> from Peer_21:peer
Peer_10:peer INFO 7000: Sending message <Ping:> to Peer_27:bootstrap
Peer_10:peer INFO 7000: Sending message <Ping:> to Peer_17:peer
Peer_10:peer INFO 7065.340925710725: Received message <Ping:> from Peer_27:bootstrap
Peer_10:peer INFO 7065.340925710725: Sending message <Pong:> to Peer_27:bootstrap
Peer_10:peer INFO 7065.623431450054: Received message <Ping:> from Peer_17:peer
Peer_10:peer INFO 7065.623431450054: Sending message <Pong:> to Peer_17:peer
Peer_10:peer INFO 7130.599189883058: Received message <Pong:> from Peer_27:bootstrap
Peer_10:peer INFO 7130.8314734927235: Received message <Pong:> from Peer_17:peer
Peer_10:peer INFO 7500: Sending message <Ping:> to Peer_3:peer
Peer_10:peer INFO 7500: Sending message <Ping:> to Peer_7:peer
Peer_10:peer INFO 7500: Sending message <Ping:> to Peer_22:peer
Peer_10:peer INFO 7500: Sending message <Ping:> to Peer_21:peer
Peer_10:peer INFO 7500.264413588236: Received message <Ping:> from Peer_3:peer
Peer_10:peer INFO 7500.264413588236: Sending message <Pong:> to Peer_3:peer
Peer_10:peer INFO 7500.60663770304: Received message <Pong:> from Peer_3:peer
Peer_10:peer INFO 7565.491295461273: Received message <Ping:> from Peer_7:peer
Peer_10:peer INFO 7565.491295461273: Sending message <Pong:> to Peer_7:peer
Peer_10:peer INFO 7578.038159096996: Received message <Ping:> from Peer_21:peer
Peer_10:peer INFO 7578.038159096996: Sending message <Pong:> to Peer_21:peer
Peer_10:peer INFO 7578.048255052699: Received message <Ping:> from Peer_22:peer
Peer_10:peer INFO 7578.048255052699: Sending message <Pong:> to Peer_22:peer
Peer_10:peer INFO 7630.815278901481: Received message <Pong:> from Peer_7:peer
Peer_10:peer INFO 7655.942669988436: Received message <Pong:> from Peer_21:peer
Peer_10:peer INFO 7656.036044321544: Received message <Pong:> from Peer_22:peer
Peer_10:peer INFO 8000: Sending message <Ping:> to Peer_27:bootstrap
Peer_10:peer INFO 8000: Sending message <Ping:> to Peer_17:peer
Peer_10:peer INFO 8065.519629615452: Received message <Ping:> from Peer_17:peer
Peer_10:peer INFO 8065.519629615452: Sending message <Pong:> to Peer_17:peer
Peer_10:peer INFO 8065.763933083334: Received message <Ping:> from Peer_27:bootstrap
Peer_10:peer INFO 8065.763933083334: Sending message <Pong:> to Peer_27:bootstrap
Peer_10:peer INFO 8130.919787416916: Received message <Pong:> from Peer_27:bootstrap
Peer_10:peer INFO 8131.115129704034: Received message <Pong:> from Peer_17:peer
Peer_10:peer INFO 8500: Sending message <Ping:> to Peer_3:peer
Peer_10:peer INFO 8500: Sending message <Ping:> to Peer_7:peer
Peer_10:peer INFO 8500: Sending message <Ping:> to Peer_22:peer
Peer_10:peer INFO 8500: Sending message <Ping:> to Peer_21:peer
Peer_10:peer INFO 8500.229527990112: Received message <Ping:> from Peer_3:peer
Peer_10:peer INFO 8500.229527990112: Sending message <Pong:> to Peer_3:peer
Peer_10:peer INFO 8500.489690820606: Received message <Pong:> from Peer_3:peer
Peer_10:peer INFO 8565.809798633274: Received message <Ping:> from Peer_7:peer
Peer_10:peer INFO 8565.809798633274: Sending message <Pong:> to Peer_7:peer
Peer_10:peer INFO 8578.019977504257: Received message <Ping:> from Peer_22:peer
Peer_10:peer INFO 8578.019977504257: Sending message <Pong:> to Peer_22:peer
Peer_10:peer INFO 8578.102172979588: Received message <Ping:> from Peer_21:peer
Peer_10:peer INFO 8578.102172979588: Sending message <Pong:> to Peer_21:peer
Peer_10:peer INFO 8631.05304062505: Received message <Pong:> from Peer_7:peer
Peer_10:peer INFO 8655.965398328559: Received message <Pong:> from Peer_22:peer
Peer_10:peer INFO 8656.022140822377: Received message <Pong:> from Peer_21:peer
Peer_10:peer INFO 9000: Sending message <Ping:> to Peer_27:bootstrap
Peer_10:peer INFO 9000: Sending message <Ping:> to Peer_17:peer
Peer_10:peer INFO 9065.2772919421: Received message <Ping:> from Peer_27:bootstrap
Peer_10:peer INFO 9065.2772919421: Sending message <Pong:> to Peer_27:bootstrap
Peer_10:peer INFO 9065.497869226992: Received message <Ping:> from Peer_17:peer
Peer_10:peer INFO 9065.497869226992: Sending message <Pong:> to Peer_17:peer
Peer_10:peer INFO 9131.000954273202: Received message <Pong:> from Peer_17:peer
Peer_10:peer INFO 9131.091337633865: Received message <Pong:> from Peer_27:bootstrap
Peer_10:peer INFO 9500: Sending message <Ping:> to Peer_3:peer
Peer_10:peer INFO 9500: Sending message <Ping:> to Peer_7:peer
Peer_10:peer INFO 9500: Sending message <Ping:> to Peer_22:peer
Peer_10:peer INFO 9500: Sending message <Ping:> to Peer_21:peer
Peer_10:peer INFO 9500.290761226108: Received message <Ping:> from Peer_3:peer
Peer_10:peer INFO 9500.290761226108: Sending message <Pong:> to Peer_3:peer
Peer_10:peer INFO 9500.626776601743: Received message <Pong:> from Peer_3:peer
Peer_10:peer INFO 9565.62459088224: Received message <Ping:> from Peer_7:peer
Peer_10:peer INFO 9565.62459088224: Sending message <Pong:> to Peer_7:peer
Peer_10:peer INFO 9577.948949064034: Received message <Ping:> from Peer_21:peer
Peer_10:peer INFO 9577.948949064034: Sending message <Pong:> to Peer_21:peer
Peer_10:peer INFO 9577.96171550141: Received message <Ping:> from Peer_22:peer
Peer_10:peer INFO 9577.96171550141: Sending message <Pong:> to Peer_22:peer
Peer_10:peer INFO 9631.059193299412: Received message <Pong:> from Peer_7:peer
Peer_10:peer INFO 9655.981294853891: Received message <Pong:> from Peer_22:peer
Peer_10:peer INFO 9656.085564700568: Received message <Pong:> from Peer_21:peer
Peer_10:peer INFO 10000: Sending message <Ping:> to Peer_27:bootstrap
Peer_10:peer INFO 10000: Sending message <Ping:> to Peer_17:peer
Peer_10:peer INFO 10065.52832381992: Received message <Ping:> from Peer_27:bootstrap
Peer_10:peer INFO 10065.52832381992: Sending message <Pong:> to Peer_27:bootstrap
Peer_10:peer INFO 10065.623922241755: Received message <Ping:> from Peer_17:peer
Peer_10:peer INFO 10065.623922241755: Sending message <Pong:> to Peer_17:peer
Peer_10:peer INFO 10130.736279760695: Received message <Pong:> from Peer_27:bootstrap
Peer_10:peer INFO 10130.978433355016: Received message <Pong:> from Peer_17:peer
Peer_10:peer INFO 10132.191480591831: Received message <GossipMessage:1_26> from Peer_17:peer
Peer_10:peer INFO 10331.723541405385: Received message <GossipMessage:2_26> from Peer_17:peer
Peer_10:peer INFO 10500: Sending message <Ping:> to Peer_3:peer
Peer_10:peer INFO 10500: Sending message <Ping:> to Peer_7:peer
Peer_10:peer INFO 10500: Sending message <Ping:> to Peer_22:peer
Peer_10:peer INFO 10500: Sending message <Ping:> to Peer_21:peer
Peer_10:peer INFO 10500.310529913839: Received message <Ping:> from Peer_3:peer
Peer_10:peer INFO 10500.310529913839: Sending message <Pong:> to Peer_3:peer
Peer_10:peer INFO 10500.585392574156: Received message <Pong:> from Peer_3:peer
Peer_10:peer INFO 10531.696191570905: Received message <GossipMessage:3_26> from Peer_17:peer
Peer_10:peer INFO 10565.659268574289: Received message <Ping:> from Peer_7:peer
Peer_10:peer INFO 10565.659268574289: Sending message <Pong:> to Peer_7:peer
Peer_10:peer INFO 10577.932226250934: Received message <Ping:> from Peer_21:peer
Peer_10:peer INFO 10577.932226250934: Sending message <Pong:> to Peer_21:peer
Peer_10:peer INFO 10577.966694486939: Received message <Ping:> from Peer_22:peer
Peer_10:peer INFO 10577.966694486939: Sending message <Pong:> to Peer_22:peer
Peer_10:peer INFO 10631.11766823464: Received message <Pong:> from Peer_7:peer
Peer_10:peer INFO 10656.004867293912: Received message <Pong:> from Peer_21:peer
Peer_10:peer INFO 10656.063847006335: Received message <Pong:> from Peer_22:peer
Peer_10:peer INFO 11000: Sending message <Ping:> to Peer_27:bootstrap
Peer_10:peer INFO 11065.50544347085: Received message <Ping:> from Peer_17:peer
Peer_10:peer INFO 11065.50544347085: Sending message <Pong:> to Peer_17:peer
Peer_10:peer INFO 11065.711883426473: Received message <Ping:> from Peer_27:bootstrap
Peer_10:peer INFO 11065.711883426473: Sending message <Pong:> to Peer_27:bootstrap
Peer_10:peer INFO 11131.219377313806: Received message <Pong:> from Peer_27:bootstrap
Peer_10:peer INFO 11332.352751925979: Received message <GossipMessage:7_26> from Peer_17:peer
Peer_10:peer INFO 11500: Sending message <Ping:> to Peer_3:peer
Peer_10:peer INFO 11500: Sending message <Ping:> to Peer_7:peer
Peer_10:peer INFO 11500: Sending message <Ping:> to Peer_22:peer
Peer_10:peer INFO 11500: Sending message <Ping:> to Peer_21:peer
Peer_10:peer INFO 11500.233198810081: Received message <Ping:> from Peer_3:peer
Peer_10:peer INFO 11500.233198810081: Sending message <Pong:> to Peer_3:peer
Peer_10:peer INFO 11500.524709789222: Received message <Pong:> from Peer_3:peer
Peer_10:peer INFO 11531.614869393616: Received message <GossipMessage:8_26> from Peer_17:peer
Peer_10:peer INFO 11565.622920885105: Received message <Ping:> from Peer_7:peer
Peer_10:peer INFO 11565.622920885105: Sending message <Pong:> to Peer_7:peer
Peer_10:peer INFO 11577.997648336863: Received message <Ping:> from Peer_21:peer
Peer_10:peer INFO 11577.997648336863: Sending message <Pong:> to Peer_21:peer
Peer_10:peer INFO 11578.073852042507: Received message <Ping:> from Peer_22:peer
Peer_10:peer INFO 11578.073852042507: Sending message <Pong:> to Peer_22:peer
Peer_10:peer INFO 11631.068565921196: Received message <Pong:> from Peer_7:peer
Peer_10:peer INFO 11656.03799697468: Received message <Pong:> from Peer_21:peer
Peer_10:peer INFO 11656.041956420153: Received message <Pong:> from Peer_22:peer
Peer_10:peer INFO 11732.335610929244: Received message <GossipMessage:9_26> from Peer_17:peer
Peer_10:peer INFO 11932.29521311125: Received message <GossipMessage:10_26> from Peer_17:peer
Peer_10:peer INFO 12000: Sending message <Ping:> to Peer_27:bootstrap
Peer_10:peer INFO 12065.57975184167: Received message <Ping:> from Peer_27:bootstrap
Peer_10:peer INFO 12065.57975184167: Sending message <Pong:> to Peer_27:bootstrap
Peer_10:peer INFO 12065.735560257779: Received message <Ping:> from Peer_17:peer
Peer_10:peer INFO 12065.735560257779: Sending message <Pong:> to Peer_17:peer
Peer_10:peer INFO 12131.00753624493: Received message <Pong:> from Peer_27:bootstrap
Peer_10:peer INFO 12131.6606363317: Received message <GossipMessage:11_26> from Peer_17:peer
Peer_10:peer INFO 12500: Sending message <Ping:> to Peer_3:peer
Peer_10:peer INFO 12500: Sending message <Ping:> to Peer_7:peer
Peer_10:peer INFO 12500: Sending message <Ping:> to Peer_22:peer
Peer_10:peer INFO 12500: Sending message <Ping:> to Peer_21:peer
Peer_10:peer INFO 12500.262633610631: Received message <Ping:> from Peer_3:peer
Peer_10:peer INFO 12500.262633610631: Sending message <Pong:> to Peer_3:peer
Peer_10:peer INFO 12500.519913599366: Received message <Pong:> from Peer_3:peer
Peer_10:peer INFO 12531.771149295646: Received message <GossipMessage:13_26> from Peer_17:peer
Peer_10:peer INFO 12565.461701953527: Received message <Ping:> from Peer_7:peer
Peer_10:peer INFO 12565.461701953527: Sending message <Pong:> to Peer_7:peer
Peer_10:peer INFO 12577.957855730501: Received message <Ping:> from Peer_22:peer
Peer_10:peer INFO 12577.957855730501: Sending message <Pong:> to Peer_22:peer
Peer_10:peer INFO 12578.042751277657: Received message <Ping:> from Peer_21:peer
Peer_10:peer INFO 12578.042751277657: Sending message <Pong:> to Peer_21:peer
Peer_10:peer INFO 12631.210487488916: Received message <Pong:> from Peer_7:peer
Peer_10:peer INFO 12656.006578129642: Received message <Pong:> from Peer_22:peer
Peer_10:peer INFO 12656.013282881384: Received message <Pong:> from Peer_21:peer
Peer_10:peer INFO 12731.92786674022: Received message <GossipMessage:14_26> from Peer_17:peer
Peer_10:peer INFO 12932.19943821324: Received message <GossipMessage:15_26> from Peer_17:peer
Peer_10:peer INFO 13000: Sending message <Ping:> to Peer_27:bootstrap
Peer_10:peer INFO 13065.206596005517: Received message <Ping:> from Peer_17:peer
Peer_10:peer INFO 13065.206596005517: Sending message <Pong:> to Peer_17:peer
Peer_10:peer INFO 13065.371142995424: Received message <Ping:> from Peer_27:bootstrap
Peer_10:peer INFO 13065.371142995424: Sending message <Pong:> to Peer_27:bootstrap
Peer_10:peer INFO 13130.759478542335: Received message <Pong:> from Peer_27:bootstrap
Peer_10:peer INFO 13131.758509431183: Received message <GossipMessage:16_26> from Peer_17:peer
Peer_10:peer INFO 13331.79200356699: Received message <GossipMessage:17_26> from Peer_17:peer
Peer_10:peer INFO 13500: Sending message <Ping:> to Peer_3:peer
Peer_10:peer INFO 13500: Sending message <Ping:> to Peer_7:peer
Peer_10:peer INFO 13500: Sending message <Ping:> to Peer_22:peer
Peer_10:peer INFO 13500: Sending message <Ping:> to Peer_21:peer
Peer_10:peer INFO 13500.265587954462: Received message <Ping:> from Peer_3:peer
Peer_10:peer INFO 13500.265587954462: Sending message <Pong:> to Peer_3:peer
Peer_10:peer INFO 13500.554811657372: Received message <Pong:> from Peer_3:peer
Peer_10:peer INFO 13532.167168921893: Received message <GossipMessage:18_26> from Peer_17:peer
Peer_10:peer INFO 13565.414538964429: Received message <Ping:> from Peer_7:peer
Peer_10:peer INFO 13565.414538964429: Sending message <Pong:> to Peer_7:peer
Peer_10:peer INFO 13577.989461986248: Received message <Ping:> from Peer_21:peer
Peer_10:peer INFO 13577.989461986248: Sending message <Pong:> to Peer_21:peer
Peer_10:peer INFO 13578.062603811939: Received message <Ping:> from Peer_22:peer
Peer_10:peer INFO 13578.062603811939: Sending message <Pong:> to Peer_22:peer
Peer_10:peer INFO 13631.191593149773: Received message <Pong:> from Peer_7:peer
Peer_10:peer INFO 13655.95376774037: Received message <Pong:> from Peer_22:peer
Peer_10:peer INFO 13656.061276484234: Received message <Pong:> from Peer_21:peer
Peer_10:peer INFO 13732.143703590693: Received message <GossipMessage:19_26> from Peer_17:peer
Peer_10:peer INFO 13931.836471971554: Received message <GossipMessage:20_26> from Peer_17:peer
Peer_10:peer INFO 14000: Sending message <Ping:> to Peer_27:bootstrap
Peer_10:peer INFO 14065.343184179668: Received message <Ping:> from Peer_27:bootstrap
Peer_10:peer INFO 14065.343184179668: Sending message <Pong:> to Peer_27:bootstrap
Peer_10:peer INFO 14065.561502952998: Received message <Ping:> from Peer_17:peer
Peer_10:peer INFO 14065.561502952998: Sending message <Pong:> to Peer_17:peer
Peer_10:peer INFO 14131.475640202549: Received message <Pong:> from Peer_27:bootstrap
Peer_10:peer INFO 14500: Sending message <Ping:> to Peer_3:peer
Peer_10:peer INFO 14500: Sending message <Ping:> to Peer_7:peer
Peer_10:peer INFO 14500: Sending message <Ping:> to Peer_22:peer
Peer_10:peer INFO 14500: Sending message <Ping:> to Peer_21:peer
Peer_10:peer INFO 14500.235125843605: Received message <Ping:> from Peer_3:peer
Peer_10:peer INFO 14500.235125843605: Sending message <Pong:> to Peer_3:peer
Peer_10:peer INFO 14500.656169487003: Received message <Pong:> from Peer_3:peer
Peer_10:peer INFO 14565.755320807673: Received message <Ping:> from Peer_7:peer
Peer_10:peer INFO 14565.755320807673: Sending message <Pong:> to Peer_7:peer
Peer_10:peer INFO 14578.027268135973: Received message <Ping:> from Peer_21:peer
Peer_10:peer INFO 14578.027268135973: Sending message <Pong:> to Peer_21:peer
Peer_10:peer INFO 14578.049540309454: Received message <Ping:> from Peer_22:peer
Peer_10:peer INFO 14578.049540309454: Sending message <Pong:> to Peer_22:peer
Peer_10:peer INFO 14630.736985053214: Received message <Pong:> from Peer_7:peer
Peer_10:peer INFO 14655.911627202406: Received message <Pong:> from Peer_21:peer
Peer_10:peer INFO 14655.991011123488: Received message <Pong:> from Peer_22:peer
