Peer_20:peer WARNING 0: Not enough peers, fetching more (0, 4)
Peer_20:peer INFO 0.5490959718144653: Connecting to Peer_27:bootstrap
Peer_20:peer INFO 1.0319286623833528: Received message <Hello:> from Peer_27:bootstrap
Peer_20:peer INFO 1.1321667427988789: Received message <RequestPeers:> from Peer_27:bootstrap
Peer_20:peer INFO 1.1321667427988789: Sending message <PeerList> to Peer_27:bootstrap
Peer_20:peer WARNING 500: Not enough peers, fetching more (1, 4)
Peer_20:peer INFO 500: Sending message <RequestPeers:> to Peer_27:bootstrap
Peer_20:peer INFO 500.99704937367216: Received message <PeerList> from Peer_27:bootstrap
Peer_20:peer WARNING 1000: Not enough peers, fetching more (1, 4)
Peer_20:peer INFO 1000: Sending message <RequestPeers:> to Peer_27:bootstrap
Peer_20:peer INFO 1001.0413495493461: Received message <PeerList> from Peer_27:bootstrap
Peer_20:peer INFO 1065.7229390591028: Received message <Hello:> from Peer_15:peer
Peer_20:peer INFO 1065.7229390591028: Connecting to Peer_15:peer
Peer_20:peer INFO 1065.7229390591028: Sending message <Hello:> to Peer_15:peer
Peer_20:peer INFO 1065.7229390591028: Sending message <RequestPeers:> to Peer_15:peer
Peer_20:peer INFO 1065.8284085224159: Connecting to Peer_26:client
Peer_20:peer INFO 1131.2469150619738: Received message <Hello:> from Peer_26:client
Peer_20:peer INFO 1131.4037471123463: Received message <RequestPeers:> from Peer_26:client
Peer_20:peer INFO 1131.4037471123463: Sending message <PeerList> to Peer_26:client
Peer_20:peer INFO 1196.7546396484063: Received message <PeerList> from Peer_15:peer
Peer_20:peer WARNING 1500: Not enough peers, fetching more (3, 4)
Peer_20:peer INFO 1536.4022368984738: Connecting to Peer_22:peer
Peer_20:peer INFO 1565.4413309042084: Received message <RequestPeers:> from Peer_15:peer
Peer_20:peer INFO 1565.4413309042084: Sending message <PeerList> to Peer_15:peer
Peer_20:peer INFO 1573.100075151773: Received message <Hello:> from Peer_22:peer
Peer_20:peer INFO 1573.9727874551702: Received message <RequestPeers:> from Peer_22:peer
Peer_20:peer INFO 1573.9727874551702: Sending message <PeerList> to Peer_22:peer
Peer_20:peer INFO 2000: Sending message <Ping:> to Peer_27:bootstrap
Peer_20:peer INFO 2000: Sending message <Ping:> to Peer_26:client
Peer_20:peer INFO 2000.6286783688195: Received message <Ping:> from Peer_27:bootstrap
Peer_20:peer INFO 2000.6286783688195: Sending message <Pong:> to Peer_27:bootstrap
Peer_20:peer INFO 2000.94540763864: Received message <Pong:> from Peer_27:bootstrap
Peer_20:peer INFO 2065.481928087147: Received message <Ping:> from Peer_26:client
Peer_20:peer INFO 2065.481928087147: Sending message <Pong:> to Peer_26:client
Peer_20:peer INFO 2130.798164930968: Received message <Pong:> from Peer_26:client
Peer_20:peer INFO 2500: Sending message <Ping:> to Peer_15:peer
Peer_20:peer INFO 2500: Sending message <Ping:> to Peer_22:peer
Peer_20:peer INFO 2536.9701799639183: Received message <Ping:> from Peer_22:peer
Peer_20:peer INFO 2536.9701799639183: Sending message <Pong:> to Peer_22:peer
Peer_20:peer INFO 2565.3134658331205: Received message <Ping:> from Peer_15:peer
Peer_20:peer INFO 2565.3134658331205: Sending message <Pong:> to Peer_15:peer
Peer_20:peer INFO 2573.4760857924875: Received message <Pong:> from Peer_22:peer
Peer_20:peer INFO 2631.0352174578734: Received message <Pong:> from Peer_15:peer
Peer_20:peer INFO 3000: Sending message <Ping:> to Peer_27:bootstrap
Peer_20:peer INFO 3000: Sending message <Ping:> to Peer_26:client
Peer_20:peer INFO 3000.471822240551: Received message <Ping:> from Peer_27:bootstrap
Peer_20:peer INFO 3000.471822240551: Sending message <Pong:> to Peer_27:bootstrap
Peer_20:peer INFO 3001.1243411431774: Received message <Pong:> from Peer_27:bootstrap
Peer_20:peer INFO 3065.288052580912: Received message <Ping:> from Peer_26:client
Peer_20:peer INFO 3065.288052580912: Sending message <Pong:> to Peer_26:client
Peer_20:peer INFO 3130.7881797348173: Received message <Pong:> from Peer_26:client
Peer_20:peer INFO 3500: Sending message <Ping:> to Peer_15:peer
Peer_20:peer INFO 3500: Sending message <Ping:> to Peer_22:peer
Peer_20:peer INFO 3536.6358524140305: Received message <Ping:> from Peer_22:peer
Peer_20:peer INFO 3536.6358524140305: Sending message <Pong:> to Peer_22:peer
Peer_20:peer INFO 3565.4473725532926: Received message <Ping:> from Peer_15:peer
Peer_20:peer INFO 3565.4473725532926: Sending message <Pong:> to Peer_15:peer
Peer_20:peer INFO 3573.5034204106696: Received message <Pong:> from Peer_22:peer
Peer_20:peer INFO 3631.09436662444: Received message <Pong:> from Peer_15:peer
Peer_20:peer INFO 4000: Sending message <Ping:> to Peer_27:bootstrap
Peer_20:peer INFO 4000: Sending message <Ping:> to Peer_26:client
Peer_20:peer INFO 4000.5380342815133: Received message <Ping:> from Peer_27:bootstrap
Peer_20:peer INFO 4000.5380342815133: Sending message <Pong:> to Peer_27:bootstrap
Peer_20:peer INFO 4001.0691682329953: Received message <Pong:> from Peer_27:bootstrap
Peer_20:peer INFO 4065.4716045029036: Received message <Ping:> from Peer_26:client
Peer_20:peer INFO 4065.4716045029036: Sending message <Pong:> to Peer_26:client
Peer_20:peer INFO 4130.974679754748: Received message <Pong:> from Peer_26:client
Peer_20:peer INFO 4500: Sending message <Ping:> to Peer_15:peer
Peer_20:peer INFO 4500: Sending message <Ping:> to Peer_22:peer
Peer_20:peer WARNING 4500: Breaking connection with Peer_26:client
Peer_20:peer INFO 4538.067804755284: Received message <Ping:> from Peer_22:peer
Peer_20:peer INFO 4538.067804755284: Sending message <Pong:> to Peer_22:peer
Peer_20:peer INFO 4565.626400784074: Received message <Ping:> from Peer_15:peer
Peer_20:peer INFO 4565.626400784074: Sending message <Pong:> to Peer_15:peer
Peer_20:peer INFO 4572.875577259696: Received message <Pong:> from Peer_22:peer
Peer_20:peer INFO 4630.950121319977: Received message <Pong:> from Peer_15:peer
Peer_20:peer WARNING 5000: Not enough peers, fetching more (3, 4)
Peer_20:peer INFO 5000: Sending message <RequestPeers:> to Peer_27:bootstrap
Peer_20:peer INFO 5000: Sending message <RequestPeers:> to Peer_22:peer
Peer_20:peer INFO 5000: Sending message <RequestPeers:> to Peer_15:peer
Peer_20:peer INFO 5000: Sending message <Ping:> to Peer_27:bootstrap
Peer_20:peer INFO 5000.486335760782: Received message <Ping:> from Peer_27:bootstrap
Peer_20:peer INFO 5000.486335760782: Sending message <Pong:> to Peer_27:bootstrap
Peer_20:peer INFO 5000.991488141914: Received message <Pong:> from Peer_27:bootstrap
Peer_20:peer INFO 5001.021517759239: Received message <PeerList> from Peer_27:bootstrap
Peer_20:peer INFO 5074.316699548764: Received message <PeerList> from Peer_22:peer
Peer_20:peer INFO 5131.06387663451: Received message <PeerList> from Peer_15:peer
Peer_20:peer WARNING 5500: Not enough peers, fetching more (3, 4)
Peer_20:peer INFO 5536.955083970263: Connecting to Peer_5:peer
Peer_20:peer INFO 5573.718595702544: Received message <Hello:> from Peer_5:peer
Peer_20:peer INFO 5573.974890948356: Received message <RequestPeers:> from Peer_5:peer
Peer_20:peer INFO 5573.974890948356: Sending message <PeerList> to Peer_5:peer
Peer_20:peer INFO 6000: Sending message <Ping:> to Peer_27:bootstrap
Peer_20:peer INFO 6000: Sending message <Ping:> to Peer_15:peer
Peer_20:peer INFO 6000: Sending message <Ping:> to Peer_22:peer
Peer_20:peer INFO 6000.480908285727: Received message <Ping:> from Peer_27:bootstrap
Peer_20:peer INFO 6000.480908285727: Sending message <Pong:> to Peer_27:bootstrap
Peer_20:peer INFO 6001.24677624954: Received message <Pong:> from Peer_27:bootstrap
Peer_20:peer INFO 6036.1498710862525: Received message <Ping:> from Peer_22:peer
Peer_20:peer INFO 6036.1498710862525: Sending message <Pong:> to Peer_22:peer
Peer_20:peer INFO 6065.372246719616: Received message <Ping:> from Peer_15:peer
Peer_20:peer INFO 6065.372246719616: Sending message <Pong:> to Peer_15:peer
Peer_20:peer INFO 6074.610901333184: Received message <Pong:> from Peer_22:peer
Peer_20:peer INFO 6130.992756055645: Received message <Pong:> from Peer_15:peer
Peer_20:peer INFO 6500: Sending message <Ping:> to Peer_5:peer
Peer_20:peer INFO 6537.5833719478205: Received message <Ping:> from Peer_5:peer
Peer_20:peer INFO 6537.5833719478205: Sending message <Pong:> to Peer_5:peer
Peer_20:peer INFO 6574.258345842559: Received message <Pong:> from Peer_5:peer
Peer_20:peer INFO 7000: Sending message <Ping:> to Peer_27:bootstrap
Peer_20:peer INFO 7000: Sending message <Ping:> to Peer_15:peer
Peer_20:peer INFO 7000: Sending message <Ping:> to Peer_22:peer
Peer_20:peer INFO 7000.569108869564: Received message <Ping:> from Peer_27:bootstrap
Peer_20:peer INFO 7000.569108869564: Sending message <Pong:> to Peer_27:bootstrap
Peer_20:peer INFO 7001.094450036523: Received message <Pong:> from Peer_27:bootstrap
Peer_20:peer INFO 7037.14090825611: Received message <Ping:> from Peer_22:peer
Peer_20:peer INFO 7037.14090825611: Sending message <Pong:> to Peer_22:peer
Peer_20:peer INFO 7065.330020235181: Received message <Ping:> from Peer_15:peer
Peer_20:peer INFO 7065.330020235181: Sending message <Pong:> to Peer_15:peer
Peer_20:peer INFO 7072.860821752187: Received message <Pong:> from Peer_22:peer
Peer_20:peer INFO 7130.917005320334: Received message <Pong:> from Peer_15:peer
Peer_20:peer INFO 7500: Sending message <Ping:> to Peer_5:peer
Peer_20:peer INFO 7536.911048882437: Received message <Ping:> from Peer_5:peer
Peer_20:peer INFO 7536.911048882437: Sending message <Pong:> to Peer_5:peer
Peer_20:peer INFO 7573.983656443813: Received message <Pong:> from Peer_5:peer
Peer_20:peer INFO 8000: Sending message <Ping:> to Peer_27:bootstrap
Peer_20:peer INFO 8000: Sending message <Ping:> to Peer_15:peer
Peer_20:peer INFO 8000: Sending message <Ping:> to Peer_22:peer
Peer_20:peer INFO 8000.59342064534: Received message <Ping:> from Peer_27:bootstrap
Peer_20:peer INFO 8000.59342064534: Sending message <Pong:> to Peer_27:bootstrap
Peer_20:peer INFO 8000.971275251907: Received message <Pong:> from Peer_27:bootstrap
Peer_20:peer INFO 8036.346765940959: Received message <Ping:> from Peer_22:peer
Peer_20:peer INFO 8036.346765940959: Sending message <Pong:> to Peer_22:peer
Peer_20:peer INFO 8065.600774612596: Received message <Ping:> from Peer_15:peer
Peer_20:peer INFO 8065.600774612596: Sending message <Pong:> to Peer_15:peer
Peer_20:peer INFO 8073.065292315923: Received message <Pong:> from Peer_22:peer
Peer_20:peer INFO 8130.796875763889: Received message <Pong:> from Peer_15:peer
Peer_20:peer INFO 8500: Sending message <Ping:> to Peer_5:peer
Peer_20:peer INFO 8536.893346187933: Received message <Ping:> from Peer_5:peer
Peer_20:peer INFO 8536.893346187933: Sending message <Pong:> to Peer_5:peer
Peer_20:peer INFO 8573.744847823304: Received message <Pong:> from Peer_5:peer
Peer_20:peer INFO 9000: Sending message <Ping:> to Peer_27:bootstrap
Peer_20:peer INFO 9000: Sending message <Ping:> to Peer_15:peer
Peer_20:peer INFO 9000: Sending message <Ping:> to Peer_22:peer
Peer_20:peer INFO 9000.502786484121: Received message <Ping:> from Peer_27:bootstrap
Peer_20:peer INFO 9000.502786484121: Sending message <Pong:> to Peer_27:bootstrap
Peer_20:peer INFO 9001.072130797504: Received message <Pong:> from Peer_27:bootstrap
Peer_20:peer INFO 9037.592895163076: Received message <Ping:> from Peer_22:peer
Peer_20:peer INFO 9037.592895163076: Sending message <Pong:> to Peer_22:peer
Peer_20:peer INFO 9065.24866989295: Received message <Ping:> from Peer_15:peer
Peer_20:peer INFO 9065.24866989295: Sending message <Pong:> to Peer_15:peer
Peer_20:peer INFO 9073.719338501043: Received message <Pong:> from Peer_22:peer
Peer_20:peer INFO 9131.162640033052: Received message <Pong:> from Peer_15:peer
Peer_20:peer INFO 9500: Sending message <Ping:> to Peer_5:peer
Peer_20:peer INFO 9536.611149251094: Received message <Ping:> from Peer_5:peer
Peer_20:peer INFO 9536.611149251094: Sending message <Pong:> to Peer_5:peer
Peer_20:peer INFO 9573.977574691316: Received message <Pong:> from Peer_5:peer
Peer_20:peer INFO 10000: Sending message <Ping:> to Peer_27:bootstrap
Peer_20:peer INFO 10000: Sending message <Ping:> to Peer_15:peer
Peer_20:peer INFO 10000: Sending message <Ping:> to Peer_22:peer
Peer_20:peer INFO 10000.475721361947: Received message <Ping:> from Peer_27:bootstrap
Peer_20:peer INFO 10000.475721361947: Sending message <Pong:> to Peer_27:bootstrap
Peer_20:peer INFO 10000.966971920076: Received message <Pong:> from Peer_27:bootstrap
Peer_20:peer INFO 10036.786084693684: Received message <Ping:> from Peer_22:peer
Peer_20:peer INFO 10036.786084693684: Sending message <Pong:> to Peer_22:peer
Peer_20:peer INFO 10065.35473682567: Received message <Ping:> from Peer_15:peer
Peer_20:peer INFO 10065.35473682567: Sending message <Pong:> to Peer_15:peer
Peer_20:peer INFO 10072.459143997126: Received message <Pong:> from Peer_22:peer
Peer_20:peer INFO 10131.05997469569: Received message <Pong:> from Peer_15:peer
Peer_20:peer INFO 10196.725956861035: Received message <GossipMessage:1_26> from Peer_15:peer
Peer_20:peer INFO 10196.725956861035: Sending message <GossipMessage:1_26> to Peer_22:peer
Peer_20:peer INFO 10196.725956861035: Sending message <GossipMessage:1_26> to Peer_5:peer
Peer_20:peer INFO 10245.571748889215: Received message <GossipMessage:1_26> from Peer_5:peer
Peer_20:peer INFO 10396.536740461388: Received message <GossipMessage:2_26> from Peer_15:peer
Peer_20:peer INFO 10396.536740461388: Sending message <GossipMessage:2_26> to Peer_5:peer
Peer_20:peer INFO 10396.536740461388: Sending message <GossipMessage:2_26> to Peer_22:peer
Peer_20:peer INFO 10445.838515185294: Received message <GossipMessage:2_26> from Peer_5:peer
Peer_20:peer INFO 10596.683276668855: Received message <GossipMessage:3_26> from Peer_15:peer
Peer_20:peer INFO 10596.683276668855: Sending message <GossipMessage:3_26> to Peer_5:peer
Peer_20:peer INFO 10596.683276668855: Sending message <GossipMessage:3_26> to Peer_22:peer
Peer_20:peer INFO 10796.501759118491: Received message <GossipMessage:4_26> from Peer_15:peer
Peer_20:peer INFO 10796.501759118491: Sending message <GossipMessage:4_26> to Peer_22:peer
Peer_20:peer INFO 10796.501759118491: Sending message <GossipMessage:4_26> to Peer_5:peer
Peer_20:peer INFO 10996.679210488046: Received message <GossipMessage:5_26> from Peer_15:peer
Peer_20:peer INFO 10996.679210488046: Sending message <GossipMessage:5_26> to Peer_22:peer
Peer_20:peer INFO 10996.679210488046: Sending message <GossipMessage:5_26> to Peer_5:peer
Peer_20:peer INFO 11000: Sending message <Ping:> to Peer_27:bootstrap
Peer_20:peer INFO 11000: Sending message <Ping:> to Peer_22:peer
Peer_20:peer INFO 11000: Sending message <Ping:> to Peer_5:peer
Peer_20:peer INFO 11000.496882814065: Received message <Ping:> from Peer_27:bootstrap
Peer_20:peer INFO 11000.496882814065: Sending message <Pong:> to Peer_27:bootstrap
Peer_20:peer INFO 11001.06851429221: Received message <Pong:> from Peer_27:bootstrap
Peer_20:peer INFO 11065.52278186399: Received message <Ping:> from Peer_15:peer
Peer_20:peer INFO 11065.52278186399: Sending message <Pong:> to Peer_15:peer
Peer_20:peer INFO 11073.024145704803: Received message <Pong:> from Peer_5:peer
Peer_20:peer INFO 11074.242708255044: Received message <Pong:> from Peer_22:peer
Peer_20:peer INFO 11196.809852624789: Received message <GossipMessage:6_26> from Peer_15:peer
Peer_20:peer INFO 11196.809852624789: Sending message <GossipMessage:6_26> to Peer_5:peer
Peer_20:peer INFO 11196.809852624789: Sending message <GossipMessage:6_26> to Peer_22:peer
Peer_20:peer INFO 11396.860292267638: Received message <GossipMessage:7_26> from Peer_15:peer
Peer_20:peer INFO 11396.860292267638: Sending message <GossipMessage:7_26> to Peer_22:peer
Peer_20:peer INFO 11396.860292267638: Sending message <GossipMessage:7_26> to Peer_5:peer
Peer_20:peer INFO 11446.679045926281: Received message <GossipMessage:7_26> from Peer_5:peer
Peer_20:peer INFO 11596.396459713953: Received message <GossipMessage:8_26> from Peer_15:peer
Peer_20:peer INFO 11596.396459713953: Sending message <GossipMessage:8_26> to Peer_5:peer
Peer_20:peer INFO 11596.396459713953: Sending message <GossipMessage:8_26> to Peer_22:peer
Peer_20:peer INFO 11644.528975487454: Received message <GossipMessage:8_26> from Peer_5:peer
Peer_20:peer INFO 11796.777190478959: Received message <GossipMessage:9_26> from Peer_15:peer
Peer_20:peer INFO 11796.777190478959: Sending message <GossipMessage:9_26> to Peer_5:peer
Peer_20:peer INFO 11796.777190478959: Sending message <GossipMessage:9_26> to Peer_22:peer
Peer_20:peer INFO 11996.790365344077: Received message <GossipMessage:10_26> from Peer_15:peer
Peer_20:peer INFO 11996.790365344077: Sending message <GossipMessage:10_26> to Peer_5:peer
Peer_20:peer INFO 11996.790365344077: Sending message <GossipMessage:10_26> to Peer_22:peer
Peer_20:peer INFO 12000: Sending message <Ping:> to Peer_27:bootstrap
Peer_20:peer INFO 12000: Sending message <Ping:> to Peer_22:peer
Peer_20:peer INFO 12000.53897975516: Received message <Ping:> from Peer_27:bootstrap
Peer_20:peer INFO 12000.53897975516: Sending message <Pong:> to Peer_27:bootstrap
Peer_20:peer INFO 12000.988073593942: Received message <Pong:> from Peer_27:bootstrap
Peer_20:peer INFO 12046.179281897334: Received message <GossipMessage:10_26> from Peer_5:peer
Peer_20:peer INFO 12065.329851112703: Received message <Ping:> from Peer_15:peer
Peer_20:peer INFO 12065.329851112703: Sending message <Pong:> to Peer_15:peer
Peer_20:peer INFO 12072.878229296228: Received message <Pong:> from Peer_22:peer
Peer_20:peer INFO 12196.452636759232: Received message <GossipMessage:11_26> from Peer_15:peer
Peer_20:peer INFO 12196.452636759232: Sending message <GossipMessage:11_26> to Peer_22:peer
Peer_20:peer INFO 12196.452636759232: Sending message <GossipMessage:11_26> to Peer_5:peer
Peer_20:peer INFO 12396.606968214624: Received message <GossipMessage:12_26> from Peer_15:peer
Peer_20:peer INFO 12396.606968214624: Sending message <GossipMessage:12_26> to Peer_5:peer
Peer_20:peer INFO 12396.606968214624: Sending message <GossipMessage:12_26> to Peer_22:peer
Peer_20:peer INFO 12446.669636901062: Received message <GossipMessage:12_26> from Peer_5:peer
Peer_20:peer INFO 12596.358910107929: Received message <GossipMessage:13_26> from Peer_15:peer
Peer_20:peer INFO 12596.358910107929: Sending message <GossipMessage:13_26> to Peer_5:peer
Peer_20:peer INFO 12596.358910107929: Sending message <GossipMessage:13_26> to Peer_22:peer
Peer_20:peer INFO 12796.448140069762: Received message <GossipMessage:14_26> from Peer_15:peer
Peer_20:peer INFO 12796.448140069762: Sending message <GossipMessage:14_26> to Peer_22:peer
Peer_20:peer INFO 12796.448140069762: Sending message <GossipMessage:14_26> to Peer_5:peer
Peer_20:peer INFO 12845.539448899288: Received message <GossipMessage:14_26> from Peer_5:peer
Peer_20:peer INFO 12996.674419744133: Received message <GossipMessage:15_26> from Peer_15:peer
Peer_20:peer INFO 12996.674419744133: Sending message <GossipMessage:15_26> to Peer_22:peer
Peer_20:peer INFO 12996.674419744133: Sending message <GossipMessage:15_26> to Peer_5:peer
Peer_20:peer INFO 13000: Sending message <Ping:> to Peer_27:bootstrap
Peer_20:peer INFO 13000: Sending message <Ping:> to Peer_22:peer
Peer_20:peer INFO 13000.487885693296: Received message <Ping:> from Peer_27:bootstrap
Peer_20:peer INFO 13000.487885693296: Sending message <Pong:> to Peer_27:bootstrap
Peer_20:peer INFO 13000.978885005028: Received message <Pong:> from Peer_27:bootstrap
Peer_20:peer INFO 13065.431313672456: Received message <Ping:> from Peer_15:peer
Peer_20:peer INFO 13065.431313672456: Sending message <Pong:> to Peer_15:peer
Peer_20:peer INFO 13073.865324652856: Received message <Pong:> from Peer_22:peer
Peer_20:peer INFO 13196.451565262592: Received message <GossipMessage:16_26> from Peer_15:peer
Peer_20:peer INFO 13196.451565262592: Sending message <GossipMessage:16_26> to Peer_22:peer
Peer_20:peer INFO 13196.451565262592: Sending message <GossipMessage:16_26> to Peer_5:peer
Peer_20:peer INFO 13246.06872128207: Received message <GossipMessage:16_26> from Peer_5:peer
Peer_20:peer INFO 13396.380041514207: Received message <GossipMessage:17_26> from Peer_15:peer
Peer_20:peer INFO 13396.380041514207: Sending message <GossipMessage:17_26> to Peer_5:peer
Peer_20:peer INFO 13396.380041514207: Sending message <GossipMessage:17_26> to Peer_22:peer
Peer_20:peer INFO 13445.803795286818: Received message <GossipMessage:17_26> from Peer_5:peer
Peer_20:peer INFO 13596.502354052978: Received message <GossipMessage:18_26> from Peer_15:peer
Peer_20:peer INFO 13596.502354052978: Sending message <GossipMessage:18_26> to Peer_5:peer
Peer_20:peer INFO 13596.502354052978: Sending message <GossipMessage:18_26> to Peer_22:peer
Peer_20:peer INFO 13796.669634742015: Received message <GossipMessage:19_26> from Peer_15:peer
Peer_20:peer INFO 13796.669634742015: Sending message <GossipMessage:19_26> to Peer_22:peer
Peer_20:peer INFO 13796.669634742015: Sending message <GossipMessage:19_26> to Peer_5:peer
Peer_20:peer INFO 13845.011181458452: Received message <GossipMessage:19_26> from Peer_5:peer
Peer_20:peer INFO 13996.471681563866: Received message <GossipMessage:20_26> from Peer_15:peer
Peer_20:peer INFO 13996.471681563866: Sending message <GossipMessage:20_26> to Peer_22:peer
Peer_20:peer INFO 13996.471681563866: Sending message <GossipMessage:20_26> to Peer_5:peer
Peer_20:peer INFO 14000: Sending message <Ping:> to Peer_27:bootstrap
Peer_20:peer INFO 14000: Sending message <Ping:> to Peer_22:peer
Peer_20:peer INFO 14000.630108139136: Received message <Ping:> from Peer_27:bootstrap
Peer_20:peer INFO 14000.630108139136: Sending message <Pong:> to Peer_27:bootstrap
Peer_20:peer INFO 14000.96200074785: Received message <Pong:> from Peer_27:bootstrap
Peer_20:peer INFO 14043.927778571408: Received message <GossipMessage:20_26> from Peer_5:peer
Peer_20:peer INFO 14065.54867495257: Received message <Ping:> from Peer_15:peer
Peer_20:peer INFO 14065.54867495257: Sending message <Pong:> to Peer_15:peer
Peer_20:peer INFO 14074.387244781139: Received message <Pong:> from Peer_22:peer
