Peer_9:basic WARNING 0: Not enough peers, fetching more (0, 4)
Peer_9:basic INFO 7.4364017077722915: Connecting to Peer_11:bootstrap
Peer_9:basic INFO 15.17475302716863: Received message <Hello:> from Peer_11:bootstrap
Peer_9:basic INFO 15.30104602589757: Received message <RequestPeers:> from Peer_11:bootstrap
Peer_9:basic INFO 15.30104602589757: Sending message <PeerList> to Peer_11:bootstrap
Peer_9:basic WARNING 500: Not enough peers, fetching more (1, 4)
Peer_9:basic INFO 500: Sending message <RequestPeers:> to Peer_11:bootstrap
Peer_9:basic INFO 512.374367257562: Received message <PeerList> from Peer_11:bootstrap
Peer_9:basic WARNING 1000: Not enough peers, fetching more (1, 4)
Peer_9:basic INFO 1000: Sending message <RequestPeers:> to Peer_11:bootstrap
Peer_9:basic INFO 1000.5280088522953: Received message <Hello:> from Peer_8:basic
Peer_9:basic INFO 1000.5280088522953: Connecting to Peer_8:basic
Peer_9:basic INFO 1000.5280088522953: Sending message <Hello:> to Peer_8:basic
Peer_9:basic INFO 1000.5280088522953: Sending message <RequestPeers:> to Peer_8:basic
Peer_9:basic INFO 1002.0323119865532: Received message <PeerList> from Peer_8:basic
Peer_9:basic INFO 1006.0653578649957: Connecting to Peer_3:basic
Peer_9:basic INFO 1011.4588349207686: Received message <RequestPeers:> from Peer_3:basic
Peer_9:basic INFO 1011.4588349207686: Sending message <PeerList> to Peer_3:basic
Peer_9:basic INFO 1013.0828567190433: Received message <Hello:> from Peer_3:basic
Peer_9:basic INFO 1013.7252603744777: Received message <PeerList> from Peer_11:bootstrap
Peer_9:basic WARNING 1500: Not enough peers, fetching more (3, 4)
Peer_9:basic INFO 1500.5068147999907: Connecting to Peer_4:basic
Peer_9:basic INFO 1501.4515977944798: Received message <RequestPeers:> from Peer_4:basic
Peer_9:basic INFO 1501.4515977944798: Sending message <PeerList> to Peer_4:basic
Peer_9:basic INFO 1502.0311450470633: Received message <Hello:> from Peer_4:basic
Peer_9:basic INFO 1505.0772204315401: Received message <RequestPeers:> from Peer_11:bootstrap
Peer_9:basic INFO 1505.0772204315401: Sending message <PeerList> to Peer_11:bootstrap
Peer_9:basic INFO 1505.1838852091348: Received message <RequestPeers:> from Peer_3:basic
Peer_9:basic INFO 1505.1838852091348: Sending message <PeerList> to Peer_3:basic
Peer_9:basic INFO 2000: Sending message <Ping:> to Peer_8:basic
Peer_9:basic INFO 2000.7214418075753: Received message <Ping:> from Peer_8:basic
Peer_9:basic INFO 2000.7214418075753: Sending message <Pong:> to Peer_8:basic
Peer_9:basic INFO 2002.028492008724: Received message <Pong:> from Peer_8:basic
Peer_9:basic INFO 2006.1857963869415: Received message <Hello:> from Peer_10:basic
Peer_9:basic INFO 2006.1857963869415: Connecting to Peer_10:basic
Peer_9:basic INFO 2006.1857963869415: Sending message <Hello:> to Peer_10:basic
Peer_9:basic INFO 2006.1857963869415: Sending message <RequestPeers:> to Peer_10:basic
Peer_9:basic INFO 2018.9789884100762: Received message <PeerList> from Peer_10:basic
Peer_9:basic INFO 2500: Sending message <Ping:> to Peer_11:bootstrap
Peer_9:basic INFO 2500: Sending message <Ping:> to Peer_3:basic
Peer_9:basic INFO 2500: Sending message <Ping:> to Peer_4:basic
Peer_9:basic INFO 2500.986496634174: Received message <Ping:> from Peer_4:basic
Peer_9:basic INFO 2500.986496634174: Sending message <Pong:> to Peer_4:basic
Peer_9:basic INFO 2501.1470795950927: Received message <Pong:> from Peer_4:basic
Peer_9:basic INFO 2506.1042557818328: Received message <Ping:> from Peer_3:basic
Peer_9:basic INFO 2506.1042557818328: Sending message <Pong:> to Peer_3:basic
Peer_9:basic INFO 2506.2319129104208: Received message <RequestPeers:> from Peer_11:bootstrap
Peer_9:basic INFO 2506.2319129104208: Sending message <PeerList> to Peer_11:bootstrap
Peer_9:basic INFO 2506.5738586255234: Received message <Ping:> from Peer_11:bootstrap
Peer_9:basic INFO 2506.5738586255234: Sending message <Pong:> to Peer_11:bootstrap
Peer_9:basic INFO 2512.4279165845405: Received message <Pong:> from Peer_11:bootstrap
Peer_9:basic INFO 2512.869886961978: Received message <Pong:> from Peer_3:basic
Peer_9:basic INFO 3000: Sending message <Ping:> to Peer_8:basic
Peer_9:basic INFO 3000: Sending message <Ping:> to Peer_10:basic
Peer_9:basic INFO 3001.4362167850613: Received message <Ping:> from Peer_8:basic
Peer_9:basic INFO 3001.4362167850613: Sending message <Pong:> to Peer_8:basic
Peer_9:basic INFO 3002.001977381311: Received message <Pong:> from Peer_8:basic
Peer_9:basic INFO 3006.131736486311: Received message <Ping:> from Peer_10:basic
Peer_9:basic INFO 3006.131736486311: Sending message <Pong:> to Peer_10:basic
Peer_9:basic INFO 3013.0752466937: Received message <Pong:> from Peer_10:basic
Peer_9:basic INFO 3500: Sending message <Ping:> to Peer_11:bootstrap
Peer_9:basic INFO 3500: Sending message <Ping:> to Peer_3:basic
Peer_9:basic INFO 3500: Sending message <Ping:> to Peer_4:basic
Peer_9:basic INFO 3501.2924041725887: Received message <Ping:> from Peer_4:basic
Peer_9:basic INFO 3501.2924041725887: Sending message <Pong:> to Peer_4:basic
Peer_9:basic INFO 3502.3800159380726: Received message <Pong:> from Peer_4:basic
Peer_9:basic INFO 3505.858508922934: Received message <Ping:> from Peer_3:basic
Peer_9:basic INFO 3505.858508922934: Sending message <Pong:> to Peer_3:basic
Peer_9:basic INFO 3506.382790450166: Received message <RequestPeers:> from Peer_11:bootstrap
Peer_9:basic INFO 3506.382790450166: Sending message <PeerList> to Peer_11:bootstrap
Peer_9:basic INFO 3506.926037003633: Received message <Ping:> from Peer_11:bootstrap
Peer_9:basic INFO 3506.926037003633: Sending message <Pong:> to Peer_11:bootstrap
Peer_9:basic INFO 3512.631706139213: Received message <Pong:> from Peer_11:bootstrap
Peer_9:basic INFO 3513.3582113311395: Received message <Pong:> from Peer_3:basic
Peer_9:basic INFO 4000: Sending message <Ping:> to Peer_8:basic
Peer_9:basic INFO 4000: Sending message <Ping:> to Peer_10:basic
Peer_9:basic INFO 4001.385325980285: Received message <Ping:> from Peer_8:basic
Peer_9:basic INFO 4001.385325980285: Sending message <Pong:> to Peer_8:basic
Peer_9:basic INFO 4003.5942872151886: Received message <Pong:> from Peer_8:basic
Peer_9:basic INFO 4007.0144397426284: Received message <RequestPeers:> from Peer_11:bootstrap
Peer_9:basic INFO 4007.0144397426284: Sending message <PeerList> to Peer_11:bootstrap
Peer_9:basic INFO 4007.634192809515: Received message <Ping:> from Peer_10:basic
Peer_9:basic INFO 4007.634192809515: Sending message <Pong:> to Peer_10:basic
Peer_9:basic INFO 4010.0162703551673: Received message <Pong:> from Peer_10:basic
Peer_9:basic INFO 4500: Sending message <Ping:> to Peer_3:basic
Peer_9:basic INFO 4500: Sending message <Ping:> to Peer_4:basic
Peer_9:basic INFO 4500.5692910011985: Received message <Ping:> from Peer_4:basic
Peer_9:basic INFO 4500.5692910011985: Sending message <Pong:> to Peer_4:basic
Peer_9:basic INFO 4501.857065138153: Received message <Pong:> from Peer_4:basic
Peer_9:basic INFO 4505.709466140919: Received message <RequestPeers:> from Peer_11:bootstrap
Peer_9:basic INFO 4505.709466140919: Sending message <PeerList> to Peer_11:bootstrap
Peer_9:basic INFO 4507.560819239382: Received message <Ping:> from Peer_3:basic
Peer_9:basic INFO 4507.560819239382: Sending message <Pong:> to Peer_3:basic
Peer_9:basic INFO 4511.718105484837: Received message <Pong:> from Peer_3:basic
