Peer_12:bootstrap WARNING 0: Not enough peers, fetching more (0, 15)
Peer_12:bootstrap INFO 0.23982054127686786: Received message <Hello:> from Peer_11:client
Peer_12:bootstrap INFO 0.23982054127686786: Connecting to Peer_11:client
Peer_12:bootstrap INFO 0.23982054127686786: Sending message <Hello:> to Peer_11:client
Peer_12:bootstrap INFO 0.23982054127686786: Sending message <RequestPeers:> to Peer_11:client
Peer_12:bootstrap INFO 0.24784189217428226: Received message <Hello:> from Peer_3:peer
Peer_12:bootstrap INFO 0.24784189217428226: Connecting to Peer_3:peer
Peer_12:bootstrap INFO 0.24784189217428226: Sending message <Hello:> to Peer_3:peer
Peer_12:bootstrap INFO 0.24784189217428226: Sending message <RequestPeers:> to Peer_3:peer
Peer_12:bootstrap INFO 0.2542901272690109: Received message <Hello:> from Peer_1:peer
Peer_12:bootstrap INFO 0.2542901272690109: Connecting to Peer_1:peer
Peer_12:bootstrap INFO 0.2542901272690109: Sending message <Hello:> to Peer_1:peer
Peer_12:bootstrap INFO 0.2542901272690109: Sending message <RequestPeers:> to Peer_1:peer
Peer_12:bootstrap INFO 0.2608663242748324: Received message <Hello:> from Peer_6:peer
Peer_12:bootstrap INFO 0.2608663242748324: Connecting to Peer_6:peer
Peer_12:bootstrap INFO 0.2608663242748324: Sending message <Hello:> to Peer_6:peer
Peer_12:bootstrap INFO 0.2608663242748324: Sending message <RequestPeers:> to Peer_6:peer
Peer_12:bootstrap INFO 0.7998806011066986: Received message <PeerList> from Peer_1:peer
Peer_12:bootstrap INFO 0.8145161577084421: Received message <PeerList> from Peer_6:peer
Peer_12:bootstrap INFO 0.8262280976140036: Received message <PeerList> from Peer_11:client
Peer_12:bootstrap INFO 0.9884172253711674: Received message <PeerList> from Peer_3:peer
Peer_12:bootstrap INFO 35.834711144740425: Received message <Hello:> from Peer_2:peer
Peer_12:bootstrap INFO 35.834711144740425: Connecting to Peer_2:peer
Peer_12:bootstrap INFO 35.834711144740425: Sending message <Hello:> to Peer_2:peer
Peer_12:bootstrap INFO 35.834711144740425: Sending message <RequestPeers:> to Peer_2:peer
Peer_12:bootstrap INFO 36.566435030850116: Received message <Hello:> from Peer_7:peer
Peer_12:bootstrap INFO 36.566435030850116: Connecting to Peer_7:peer
Peer_12:bootstrap INFO 36.566435030850116: Sending message <Hello:> to Peer_7:peer
Peer_12:bootstrap INFO 36.566435030850116: Sending message <RequestPeers:> to Peer_7:peer
Peer_12:bootstrap INFO 77.98918565219506: Received message <Hello:> from Peer_9:peer
Peer_12:bootstrap INFO 77.98918565219506: Connecting to Peer_9:peer
Peer_12:bootstrap INFO 77.98918565219506: Sending message <Hello:> to Peer_9:peer
Peer_12:bootstrap INFO 77.98918565219506: Sending message <RequestPeers:> to Peer_9:peer
Peer_12:bootstrap INFO 78.02752167651774: Received message <Hello:> from Peer_5:peer
Peer_12:bootstrap INFO 78.02752167651774: Connecting to Peer_5:peer
Peer_12:bootstrap INFO 78.02752167651774: Sending message <Hello:> to Peer_5:peer
Peer_12:bootstrap INFO 78.02752167651774: Sending message <RequestPeers:> to Peer_5:peer
Peer_12:bootstrap INFO 78.03233941167676: Received message <Hello:> from Peer_10:peer
Peer_12:bootstrap INFO 78.03233941167676: Connecting to Peer_10:peer
Peer_12:bootstrap INFO 78.03233941167676: Sending message <Hello:> to Peer_10:peer
Peer_12:bootstrap INFO 78.03233941167676: Sending message <RequestPeers:> to Peer_10:peer
Peer_12:bootstrap INFO 78.0569488406079: Received message <Hello:> from Peer_4:peer
Peer_12:bootstrap INFO 78.0569488406079: Connecting to Peer_4:peer
Peer_12:bootstrap INFO 78.0569488406079: Sending message <Hello:> to Peer_4:peer
Peer_12:bootstrap INFO 78.0569488406079: Sending message <RequestPeers:> to Peer_4:peer
Peer_12:bootstrap INFO 78.05732678611503: Received message <Hello:> from Peer_8:peer
Peer_12:bootstrap INFO 78.05732678611503: Connecting to Peer_8:peer
Peer_12:bootstrap INFO 78.05732678611503: Sending message <Hello:> to Peer_8:peer
Peer_12:bootstrap INFO 78.05732678611503: Sending message <RequestPeers:> to Peer_8:peer
Peer_12:bootstrap INFO 109.93925848512646: Received message <PeerList> from Peer_2:peer
Peer_12:bootstrap INFO 110.39386729352388: Received message <PeerList> from Peer_7:peer
Peer_12:bootstrap INFO 233.90421440512588: Received message <PeerList> from Peer_5:peer
Peer_12:bootstrap INFO 233.96960619698243: Received message <PeerList> from Peer_10:peer
Peer_12:bootstrap INFO 234.02945403516955: Received message <PeerList> from Peer_9:peer
Peer_12:bootstrap INFO 234.07943157063087: Received message <PeerList> from Peer_8:peer
Peer_12:bootstrap INFO 234.20448664801526: Received message <PeerList> from Peer_4:peer
Peer_12:bootstrap WARNING 500: Not enough peers, fetching more (11, 15)
Peer_12:bootstrap INFO 500: Sending message <RequestPeers:> to Peer_4:peer
Peer_12:bootstrap INFO 500: Sending message <RequestPeers:> to Peer_9:peer
Peer_12:bootstrap INFO 500: Sending message <RequestPeers:> to Peer_3:peer
Peer_12:bootstrap INFO 500: Sending message <RequestPeers:> to Peer_11:client
Peer_12:bootstrap INFO 500: Sending message <RequestPeers:> to Peer_2:peer
Peer_12:bootstrap INFO 500.2537752958668: Received message <RequestPeers:> from Peer_3:peer
Peer_12:bootstrap INFO 500.2537752958668: Sending message <PeerList> to Peer_3:peer
Peer_12:bootstrap INFO 500.34903746519973: Received message <RequestPeers:> from Peer_1:peer
Peer_12:bootstrap INFO 500.34903746519973: Sending message <PeerList> to Peer_1:peer
Peer_12:bootstrap INFO 500.37676173900456: Received message <RequestPeers:> from Peer_6:peer
Peer_12:bootstrap INFO 500.37676173900456: Sending message <PeerList> to Peer_6:peer
Peer_12:bootstrap INFO 500.45024846519834: Received message <PeerList> from Peer_11:client
Peer_12:bootstrap INFO 500.52805395039485: Received message <PeerList> from Peer_3:peer
Peer_12:bootstrap INFO 537.0642944088271: Received message <RequestPeers:> from Peer_2:peer
Peer_12:bootstrap INFO 537.0642944088271: Sending message <PeerList> to Peer_2:peer
Peer_12:bootstrap INFO 537.1288863800671: Received message <RequestPeers:> from Peer_7:peer
Peer_12:bootstrap INFO 537.1288863800671: Sending message <PeerList> to Peer_7:peer
Peer_12:bootstrap INFO 573.3471414331207: Received message <PeerList> from Peer_2:peer
Peer_12:bootstrap INFO 577.980036901665: Received message <RequestPeers:> from Peer_9:peer
Peer_12:bootstrap INFO 577.980036901665: Sending message <PeerList> to Peer_9:peer
Peer_12:bootstrap INFO 578.0068689841521: Received message <RequestPeers:> from Peer_4:peer
Peer_12:bootstrap INFO 578.0068689841521: Sending message <PeerList> to Peer_4:peer
Peer_12:bootstrap INFO 578.011511320488: Received message <RequestPeers:> from Peer_8:peer
Peer_12:bootstrap INFO 578.011511320488: Sending message <PeerList> to Peer_8:peer
Peer_12:bootstrap INFO 578.012583552912: Received message <RequestPeers:> from Peer_10:peer
Peer_12:bootstrap INFO 578.012583552912: Sending message <PeerList> to Peer_10:peer
Peer_12:bootstrap INFO 578.0198432062354: Received message <RequestPeers:> from Peer_5:peer
Peer_12:bootstrap INFO 578.0198432062354: Sending message <PeerList> to Peer_5:peer
Peer_12:bootstrap INFO 655.9201968084177: Received message <PeerList> from Peer_9:peer
Peer_12:bootstrap INFO 656.051918008674: Received message <PeerList> from Peer_4:peer
Peer_12:bootstrap WARNING 1000: Not enough peers, fetching more (11, 15)
Peer_12:bootstrap INFO 1000: Sending message <RequestPeers:> to Peer_2:peer
Peer_12:bootstrap INFO 1000: Sending message <RequestPeers:> to Peer_6:peer
Peer_12:bootstrap INFO 1000: Sending message <RequestPeers:> to Peer_7:peer
Peer_12:bootstrap INFO 1000: Sending message <RequestPeers:> to Peer_1:peer
Peer_12:bootstrap INFO 1000: Sending message <RequestPeers:> to Peer_8:peer
Peer_12:bootstrap INFO 1000.2597714247373: Received message <RequestPeers:> from Peer_1:peer
Peer_12:bootstrap INFO 1000.2597714247373: Sending message <PeerList> to Peer_1:peer
Peer_12:bootstrap INFO 1000.4613693342554: Received message <PeerList> from Peer_6:peer
Peer_12:bootstrap INFO 1000.5451056550755: Received message <PeerList> from Peer_1:peer
Peer_12:bootstrap INFO 1073.880420194685: Received message <PeerList> from Peer_7:peer
Peer_12:bootstrap INFO 1074.853841087401: Received message <PeerList> from Peer_2:peer
Peer_12:bootstrap INFO 1156.0295116149512: Received message <PeerList> from Peer_8:peer
Peer_12:bootstrap WARNING 1500: Not enough peers, fetching more (11, 15)
Peer_12:bootstrap INFO 1500: Sending message <RequestPeers:> to Peer_2:peer
Peer_12:bootstrap INFO 1500: Sending message <RequestPeers:> to Peer_9:peer
Peer_12:bootstrap INFO 1500: Sending message <RequestPeers:> to Peer_4:peer
Peer_12:bootstrap INFO 1500: Sending message <RequestPeers:> to Peer_6:peer
Peer_12:bootstrap INFO 1500: Sending message <RequestPeers:> to Peer_3:peer
Peer_12:bootstrap INFO 1500: Sending message <Ping:> to Peer_11:client
Peer_12:bootstrap INFO 1500: Sending message <Ping:> to Peer_3:peer
Peer_12:bootstrap INFO 1500: Sending message <Ping:> to Peer_9:peer
Peer_12:bootstrap INFO 1500: Sending message <Ping:> to Peer_5:peer
Peer_12:bootstrap INFO 1500: Sending message <Ping:> to Peer_10:peer
Peer_12:bootstrap INFO 1500: Sending message <Ping:> to Peer_4:peer
Peer_12:bootstrap INFO 1500.255134467123: Received message <Ping:> from Peer_3:peer
Peer_12:bootstrap INFO 1500.255134467123: Sending message <Pong:> to Peer_3:peer
Peer_12:bootstrap INFO 1500.2742672138575: Received message <Ping:> from Peer_11:client
Peer_12:bootstrap INFO 1500.2742672138575: Sending message <Pong:> to Peer_11:client
Peer_12:bootstrap INFO 1500.538877268631: Received message <Pong:> from Peer_11:client
Peer_12:bootstrap INFO 1500.548295837411: Received message <Pong:> from Peer_3:peer
Peer_12:bootstrap INFO 1500.5570000282755: Received message <PeerList> from Peer_3:peer
Peer_12:bootstrap INFO 1500.5708786239786: Received message <PeerList> from Peer_6:peer
Peer_12:bootstrap INFO 1573.2592680042167: Received message <PeerList> from Peer_2:peer
Peer_12:bootstrap INFO 1577.9323317741919: Received message <Ping:> from Peer_9:peer
Peer_12:bootstrap INFO 1577.9323317741919: Sending message <Pong:> to Peer_9:peer
Peer_12:bootstrap INFO 1578.0253399734477: Received message <Ping:> from Peer_10:peer
Peer_12:bootstrap INFO 1578.0253399734477: Sending message <Pong:> to Peer_10:peer
Peer_12:bootstrap INFO 1578.0404786949066: Received message <Ping:> from Peer_5:peer
Peer_12:bootstrap INFO 1578.0404786949066: Sending message <Pong:> to Peer_5:peer
Peer_12:bootstrap INFO 1578.1347555593297: Received message <Ping:> from Peer_4:peer
Peer_12:bootstrap INFO 1578.1347555593297: Sending message <Pong:> to Peer_4:peer
Peer_12:bootstrap INFO 1655.8840218326968: Received message <Pong:> from Peer_4:peer
Peer_12:bootstrap INFO 1655.93763302878: Received message <PeerList> from Peer_4:peer
Peer_12:bootstrap INFO 1655.9410974421187: Received message <Pong:> from Peer_9:peer
Peer_12:bootstrap INFO 1656.0078791904855: Received message <Pong:> from Peer_5:peer
Peer_12:bootstrap INFO 1656.0145820803657: Received message <PeerList> from Peer_9:peer
Peer_12:bootstrap INFO 1656.0610852537388: Received message <Pong:> from Peer_10:peer
Peer_12:bootstrap WARNING 2000: Not enough peers, fetching more (11, 15)
Peer_12:bootstrap INFO 2000: Sending message <RequestPeers:> to Peer_8:peer
Peer_12:bootstrap INFO 2000: Sending message <RequestPeers:> to Peer_6:peer
Peer_12:bootstrap INFO 2000: Sending message <RequestPeers:> to Peer_1:peer
Peer_12:bootstrap INFO 2000: Sending message <RequestPeers:> to Peer_4:peer
Peer_12:bootstrap INFO 2000: Sending message <RequestPeers:> to Peer_10:peer
Peer_12:bootstrap INFO 2000: Sending message <Ping:> to Peer_1:peer
Peer_12:bootstrap INFO 2000: Sending message <Ping:> to Peer_7:peer
Peer_12:bootstrap INFO 2000: Sending message <Ping:> to Peer_8:peer
Peer_12:bootstrap INFO 2000.3199407704199: Received message <Ping:> from Peer_1:peer
Peer_12:bootstrap INFO 2000.3199407704199: Sending message <Pong:> to Peer_1:peer
Peer_12:bootstrap INFO 2000.4678315124143: Received message <PeerList> from Peer_1:peer
Peer_12:bootstrap INFO 2000.5041650674486: Received message <Pong:> from Peer_1:peer
Peer_12:bootstrap INFO 2000.8338394049856: Received message <PeerList> from Peer_6:peer
Peer_12:bootstrap INFO 2036.068921284793: Received message <Ping:> from Peer_7:peer
Peer_12:bootstrap INFO 2036.068921284793: Sending message <Pong:> to Peer_7:peer
Peer_12:bootstrap INFO 2073.71667987701: Received message <Pong:> from Peer_7:peer
Peer_12:bootstrap INFO 2077.9588977246003: Received message <Ping:> from Peer_8:peer
Peer_12:bootstrap INFO 2077.9588977246003: Sending message <Pong:> to Peer_8:peer
Peer_12:bootstrap INFO 2155.906653520948: Received message <PeerList> from Peer_8:peer
Peer_12:bootstrap INFO 2156.0278947525876: Received message <PeerList> from Peer_10:peer
Peer_12:bootstrap INFO 2156.1126750144103: Received message <Pong:> from Peer_8:peer
Peer_12:bootstrap INFO 2156.1403872598976: Received message <PeerList> from Peer_4:peer
Peer_12:bootstrap WARNING 2500: Not enough peers, fetching more (11, 15)
Peer_12:bootstrap INFO 2500: Sending message <RequestPeers:> to Peer_2:peer
Peer_12:bootstrap INFO 2500: Sending message <RequestPeers:> to Peer_3:peer
Peer_12:bootstrap INFO 2500: Sending message <RequestPeers:> to Peer_10:peer
Peer_12:bootstrap INFO 2500: Sending message <RequestPeers:> to Peer_5:peer
Peer_12:bootstrap INFO 2500: Sending message <RequestPeers:> to Peer_9:peer
Peer_12:bootstrap INFO 2500: Sending message <Ping:> to Peer_11:client
Peer_12:bootstrap INFO 2500: Sending message <Ping:> to Peer_3:peer
Peer_12:bootstrap INFO 2500: Sending message <Ping:> to Peer_2:peer
Peer_12:bootstrap INFO 2500: Sending message <Ping:> to Peer_9:peer
Peer_12:bootstrap INFO 2500: Sending message <Ping:> to Peer_5:peer
Peer_12:bootstrap INFO 2500.2307978965514: Received message <Ping:> from Peer_11:client
Peer_12:bootstrap INFO 2500.2307978965514: Sending message <Pong:> to Peer_11:client
Peer_12:bootstrap INFO 2500.258034715538: Received message <Ping:> from Peer_3:peer
Peer_12:bootstrap INFO 2500.258034715538: Sending message <Pong:> to Peer_3:peer
Peer_12:bootstrap INFO 2500.547668226767: Received message <Pong:> from Peer_11:client
Peer_12:bootstrap INFO 2500.6037157915866: Received message <Pong:> from Peer_3:peer
Peer_12:bootstrap INFO 2500.6156927178426: Received message <PeerList> from Peer_3:peer
Peer_12:bootstrap INFO 2537.076045084346: Received message <Ping:> from Peer_2:peer
Peer_12:bootstrap INFO 2537.076045084346: Sending message <Pong:> to Peer_2:peer
Peer_12:bootstrap INFO 2574.1094902808327: Received message <Pong:> from Peer_2:peer
Peer_12:bootstrap INFO 2574.5390458308257: Received message <PeerList> from Peer_2:peer
Peer_12:bootstrap INFO 2577.994829217211: Received message <Ping:> from Peer_9:peer
Peer_12:bootstrap INFO 2577.994829217211: Sending message <Pong:> to Peer_9:peer
Peer_12:bootstrap INFO 2578.0220290122757: Received message <Ping:> from Peer_5:peer
Peer_12:bootstrap INFO 2578.0220290122757: Sending message <Pong:> to Peer_5:peer
Peer_12:bootstrap INFO 2655.9036472912644: Received message <Pong:> from Peer_5:peer
Peer_12:bootstrap INFO 2656.011413252052: Received message <PeerList> from Peer_5:peer
Peer_12:bootstrap INFO 2656.0382332349946: Received message <Pong:> from Peer_9:peer
Peer_12:bootstrap INFO 2656.0424693048194: Received message <PeerList> from Peer_9:peer
Peer_12:bootstrap INFO 2656.0904693721372: Received message <PeerList> from Peer_10:peer
Peer_12:bootstrap WARNING 3000: Not enough peers, fetching more (11, 15)
Peer_12:bootstrap INFO 3000: Sending message <RequestPeers:> to Peer_7:peer
Peer_12:bootstrap INFO 3000: Sending message <RequestPeers:> to Peer_1:peer
Peer_12:bootstrap INFO 3000: Sending message <RequestPeers:> to Peer_9:peer
Peer_12:bootstrap INFO 3000: Sending message <RequestPeers:> to Peer_5:peer
Peer_12:bootstrap INFO 3000: Sending message <RequestPeers:> to Peer_6:peer
Peer_12:bootstrap INFO 3000: Sending message <Ping:> to Peer_1:peer
Peer_12:bootstrap INFO 3000: Sending message <Ping:> to Peer_6:peer
Peer_12:bootstrap INFO 3000: Sending message <Ping:> to Peer_7:peer
Peer_12:bootstrap INFO 3000: Sending message <Ping:> to Peer_4:peer
Peer_12:bootstrap INFO 3000: Sending message <Ping:> to Peer_8:peer
Peer_12:bootstrap INFO 3000.2382252702682: Received message <Ping:> from Peer_6:peer
Peer_12:bootstrap INFO 3000.2382252702682: Sending message <Pong:> to Peer_6:peer
Peer_12:bootstrap INFO 3000.3043469622266: Received message <Ping:> from Peer_1:peer
Peer_12:bootstrap INFO 3000.3043469622266: Sending message <Pong:> to Peer_1:peer
Peer_12:bootstrap INFO 3000.4933292176565: Received message <Pong:> from Peer_6:peer
Peer_12:bootstrap INFO 3000.5136963400146: Received message <PeerList> from Peer_6:peer
Peer_12:bootstrap INFO 3000.6129559142782: Received message <Pong:> from Peer_1:peer
Peer_12:bootstrap INFO 3000.6641611999044: Received message <PeerList> from Peer_1:peer
Peer_12:bootstrap INFO 3036.7620306368526: Received message <Ping:> from Peer_7:peer
Peer_12:bootstrap INFO 3036.7620306368526: Sending message <Pong:> to Peer_7:peer
Peer_12:bootstrap INFO 3072.828972558671: Received message <Pong:> from Peer_7:peer
Peer_12:bootstrap INFO 3073.216876343135: Received message <PeerList> from Peer_7:peer
Peer_12:bootstrap INFO 3077.910415376635: Received message <Ping:> from Peer_8:peer
Peer_12:bootstrap INFO 3077.910415376635: Sending message <Pong:> to Peer_8:peer
Peer_12:bootstrap INFO 3078.016134576972: Received message <Ping:> from Peer_4:peer
Peer_12:bootstrap INFO 3078.016134576972: Sending message <Pong:> to Peer_4:peer
Peer_12:bootstrap INFO 3156.0128599077048: Received message <PeerList> from Peer_5:peer
Peer_12:bootstrap INFO 3156.0260165922105: Received message <Pong:> from Peer_8:peer
Peer_12:bootstrap INFO 3156.140709402258: Received message <Pong:> from Peer_4:peer
Peer_12:bootstrap INFO 3156.1452172116706: Received message <PeerList> from Peer_9:peer
Peer_12:bootstrap WARNING 3500: Breaking connection with Peer_3:peer
Peer_12:bootstrap WARNING 3500: Breaking connection with Peer_5:peer
Peer_12:bootstrap WARNING 3500: Breaking connection with Peer_6:peer
Peer_12:bootstrap WARNING 3500: Breaking connection with Peer_7:peer
Peer_12:bootstrap WARNING 3500: Breaking connection with Peer_11:client
Peer_12:bootstrap WARNING 3500: Not enough peers, fetching more (6, 15)
Peer_12:bootstrap INFO 3500: Sending message <RequestPeers:> to Peer_2:peer
Peer_12:bootstrap INFO 3500: Sending message <RequestPeers:> to Peer_4:peer
Peer_12:bootstrap INFO 3500: Sending message <RequestPeers:> to Peer_8:peer
Peer_12:bootstrap INFO 3500: Sending message <RequestPeers:> to Peer_9:peer
Peer_12:bootstrap INFO 3500: Sending message <RequestPeers:> to Peer_1:peer
Peer_12:bootstrap INFO 3500: Sending message <Ping:> to Peer_2:peer
Peer_12:bootstrap INFO 3500: Sending message <Ping:> to Peer_10:peer
Peer_12:bootstrap INFO 3500.6199450815566: Received message <PeerList> from Peer_1:peer
Peer_12:bootstrap INFO 3536.5572355952036: Received message <Ping:> from Peer_2:peer
Peer_12:bootstrap INFO 3536.5572355952036: Sending message <Pong:> to Peer_2:peer
Peer_12:bootstrap INFO 3573.942743606082: Received message <PeerList> from Peer_2:peer
Peer_12:bootstrap INFO 3574.3982828055564: Received message <Pong:> from Peer_2:peer
Peer_12:bootstrap INFO 3578.0302204886216: Received message <Ping:> from Peer_10:peer
Peer_12:bootstrap INFO 3578.0302204886216: Sending message <Pong:> to Peer_10:peer
Peer_12:bootstrap INFO 3655.995720444877: Received message <PeerList> from Peer_8:peer
Peer_12:bootstrap INFO 3656.0084117255033: Received message <PeerList> from Peer_4:peer
Peer_12:bootstrap INFO 3656.0198348382582: Received message <Pong:> from Peer_10:peer
Peer_12:bootstrap INFO 3656.076686162625: Received message <PeerList> from Peer_9:peer
Peer_12:bootstrap WARNING 4000: Not enough peers, fetching more (6, 15)
Peer_12:bootstrap INFO 4000: Sending message <RequestPeers:> to Peer_2:peer
Peer_12:bootstrap INFO 4000: Sending message <RequestPeers:> to Peer_10:peer
Peer_12:bootstrap INFO 4000: Sending message <RequestPeers:> to Peer_8:peer
Peer_12:bootstrap INFO 4000: Sending message <RequestPeers:> to Peer_9:peer
Peer_12:bootstrap INFO 4000: Sending message <RequestPeers:> to Peer_1:peer
Peer_12:bootstrap INFO 4000.597840662126: Received message <PeerList> from Peer_1:peer
Peer_12:bootstrap INFO 4074.007925977942: Received message <PeerList> from Peer_2:peer
Peer_12:bootstrap INFO 4155.99193728372: Received message <PeerList> from Peer_10:peer
Peer_12:bootstrap INFO 4156.037985971161: Received message <PeerList> from Peer_9:peer
Peer_12:bootstrap INFO 4156.07838813429: Received message <PeerList> from Peer_8:peer
Peer_12:bootstrap WARNING 4500: Not enough peers, fetching more (6, 15)
Peer_12:bootstrap INFO 4500: Sending message <RequestPeers:> to Peer_10:peer
Peer_12:bootstrap INFO 4500: Sending message <RequestPeers:> to Peer_1:peer
Peer_12:bootstrap INFO 4500: Sending message <RequestPeers:> to Peer_2:peer
Peer_12:bootstrap INFO 4500: Sending message <RequestPeers:> to Peer_9:peer
Peer_12:bootstrap INFO 4500: Sending message <RequestPeers:> to Peer_4:peer
Peer_12:bootstrap INFO 4500: Sending message <Ping:> to Peer_4:peer
Peer_12:bootstrap INFO 4500.62337631226: Received message <PeerList> from Peer_1:peer
Peer_12:bootstrap INFO 4574.569369602032: Received message <PeerList> from Peer_2:peer
Peer_12:bootstrap INFO 4577.880736566646: Received message <Ping:> from Peer_4:peer
Peer_12:bootstrap INFO 4577.880736566646: Sending message <Pong:> to Peer_4:peer
Peer_12:bootstrap INFO 4655.969858464391: Received message <PeerList> from Peer_9:peer
Peer_12:bootstrap INFO 4656.004115178904: Received message <PeerList> from Peer_4:peer
Peer_12:bootstrap INFO 4656.016800966926: Received message <PeerList> from Peer_10:peer
Peer_12:bootstrap INFO 4656.058013193077: Received message <Pong:> from Peer_4:peer
Peer_12:bootstrap WARNING 5000: Not enough peers, fetching more (6, 15)
Peer_12:bootstrap INFO 5000: Sending message <RequestPeers:> to Peer_10:peer
Peer_12:bootstrap INFO 5000: Sending message <RequestPeers:> to Peer_4:peer
Peer_12:bootstrap INFO 5000: Sending message <RequestPeers:> to Peer_9:peer
Peer_12:bootstrap INFO 5000: Sending message <RequestPeers:> to Peer_8:peer
Peer_12:bootstrap INFO 5000: Sending message <RequestPeers:> to Peer_2:peer
Peer_12:bootstrap INFO 5000: Sending message <Ping:> to Peer_8:peer
Peer_12:bootstrap INFO 5072.403502227415: Received message <PeerList> from Peer_2:peer
Peer_12:bootstrap INFO 5077.994169691784: Received message <Ping:> from Peer_8:peer
Peer_12:bootstrap INFO 5077.994169691784: Sending message <Pong:> to Peer_8:peer
Peer_12:bootstrap INFO 5155.943500348526: Received message <Pong:> from Peer_8:peer
Peer_12:bootstrap INFO 5155.981988883529: Received message <PeerList> from Peer_9:peer
Peer_12:bootstrap INFO 5155.997103323123: Received message <PeerList> from Peer_4:peer
Peer_12:bootstrap INFO 5156.027251263402: Received message <PeerList> from Peer_10:peer
Peer_12:bootstrap INFO 5156.067305547762: Received message <PeerList> from Peer_8:peer
Peer_12:bootstrap WARNING 5500: Not enough peers, fetching more (6, 15)
Peer_12:bootstrap INFO 5500: Sending message <RequestPeers:> to Peer_10:peer
Peer_12:bootstrap INFO 5500: Sending message <RequestPeers:> to Peer_1:peer
Peer_12:bootstrap INFO 5500: Sending message <RequestPeers:> to Peer_9:peer
Peer_12:bootstrap INFO 5500: Sending message <RequestPeers:> to Peer_8:peer
Peer_12:bootstrap INFO 5500: Sending message <RequestPeers:> to Peer_2:peer
Peer_12:bootstrap INFO 5500: Sending message <Ping:> to Peer_1:peer
Peer_12:bootstrap INFO 5500.341909226254: Received message <Ping:> from Peer_1:peer
Peer_12:bootstrap INFO 5500.341909226254: Sending message <Pong:> to Peer_1:peer
Peer_12:bootstrap INFO 5500.6585026759985: Received message <PeerList> from Peer_1:peer
Peer_12:bootstrap INFO 5500.8051628834155: Received message <Pong:> from Peer_1:peer
Peer_12:bootstrap INFO 5573.79230104778: Received message <PeerList> from Peer_2:peer
Peer_12:bootstrap INFO 5655.870197956191: Received message <PeerList> from Peer_8:peer
Peer_12:bootstrap INFO 5655.99336529718: Received message <PeerList> from Peer_9:peer
Peer_12:bootstrap INFO 5656.033558600327: Received message <PeerList> from Peer_10:peer
Peer_12:bootstrap WARNING 6000: Not enough peers, fetching more (6, 15)
Peer_12:bootstrap INFO 6000: Sending message <RequestPeers:> to Peer_10:peer
Peer_12:bootstrap INFO 6000: Sending message <RequestPeers:> to Peer_1:peer
Peer_12:bootstrap INFO 6000: Sending message <RequestPeers:> to Peer_4:peer
Peer_12:bootstrap INFO 6000: Sending message <RequestPeers:> to Peer_8:peer
Peer_12:bootstrap INFO 6000: Sending message <RequestPeers:> to Peer_9:peer
Peer_12:bootstrap INFO 6000: Sending message <Ping:> to Peer_4:peer
Peer_12:bootstrap INFO 6000.505824753118: Received message <PeerList> from Peer_1:peer
Peer_12:bootstrap INFO 6078.033313903939: Received message <Ping:> from Peer_4:peer
Peer_12:bootstrap INFO 6078.033313903939: Sending message <Pong:> to Peer_4:peer
Peer_12:bootstrap INFO 6155.9538383366325: Received message <Pong:> from Peer_4:peer
Peer_12:bootstrap INFO 6155.99070107558: Received message <PeerList> from Peer_9:peer
Peer_12:bootstrap INFO 6156.0144456797425: Received message <PeerList> from Peer_4:peer
Peer_12:bootstrap INFO 6156.025659935531: Received message <PeerList> from Peer_10:peer
Peer_12:bootstrap INFO 6156.109364026569: Received message <PeerList> from Peer_8:peer
Peer_12:bootstrap WARNING 6500: Not enough peers, fetching more (6, 15)
Peer_12:bootstrap INFO 6500: Sending message <RequestPeers:> to Peer_10:peer
Peer_12:bootstrap INFO 6500: Sending message <RequestPeers:> to Peer_8:peer
Peer_12:bootstrap INFO 6500: Sending message <RequestPeers:> to Peer_1:peer
Peer_12:bootstrap INFO 6500: Sending message <RequestPeers:> to Peer_9:peer
Peer_12:bootstrap INFO 6500: Sending message <RequestPeers:> to Peer_4:peer
Peer_12:bootstrap INFO 6500: Sending message <Ping:> to Peer_2:peer
Peer_12:bootstrap INFO 6500.533351973941: Received message <PeerList> from Peer_1:peer
Peer_12:bootstrap INFO 6538.019619200482: Received message <Ping:> from Peer_2:peer
Peer_12:bootstrap INFO 6538.019619200482: Sending message <Pong:> to Peer_2:peer
Peer_12:bootstrap INFO 6573.284483133161: Received message <Pong:> from Peer_2:peer
Peer_12:bootstrap INFO 6655.943611797156: Received message <PeerList> from Peer_4:peer
Peer_12:bootstrap INFO 6656.000209133313: Received message <PeerList> from Peer_9:peer
Peer_12:bootstrap INFO 6656.043426780097: Received message <PeerList> from Peer_10:peer
Peer_12:bootstrap INFO 6656.078191834607: Received message <PeerList> from Peer_8:peer
Peer_12:bootstrap WARNING 7000: Not enough peers, fetching more (6, 15)
Peer_12:bootstrap INFO 7000: Sending message <RequestPeers:> to Peer_10:peer
Peer_12:bootstrap INFO 7000: Sending message <RequestPeers:> to Peer_9:peer
Peer_12:bootstrap INFO 7000: Sending message <RequestPeers:> to Peer_8:peer
Peer_12:bootstrap INFO 7000: Sending message <RequestPeers:> to Peer_1:peer
Peer_12:bootstrap INFO 7000: Sending message <RequestPeers:> to Peer_4:peer
Peer_12:bootstrap INFO 7000.58208079538: Received message <PeerList> from Peer_1:peer
Peer_12:bootstrap INFO 7155.957147292369: Received message <PeerList> from Peer_8:peer
Peer_12:bootstrap INFO 7156.018897560718: Received message <PeerList> from Peer_10:peer
Peer_12:bootstrap INFO 7156.07158116279: Received message <PeerList> from Peer_9:peer
Peer_12:bootstrap INFO 7156.122276787853: Received message <PeerList> from Peer_4:peer
Peer_12:bootstrap WARNING 7500: Not enough peers, fetching more (6, 15)
Peer_12:bootstrap INFO 7500: Sending message <RequestPeers:> to Peer_9:peer
Peer_12:bootstrap INFO 7500: Sending message <RequestPeers:> to Peer_10:peer
Peer_12:bootstrap INFO 7500: Sending message <RequestPeers:> to Peer_8:peer
Peer_12:bootstrap INFO 7500: Sending message <RequestPeers:> to Peer_4:peer
Peer_12:bootstrap INFO 7500: Sending message <RequestPeers:> to Peer_2:peer
Peer_12:bootstrap INFO 7500: Sending message <Ping:> to Peer_2:peer
Peer_12:bootstrap INFO 7536.930789618218: Received message <Ping:> from Peer_2:peer
Peer_12:bootstrap INFO 7536.930789618218: Sending message <Pong:> to Peer_2:peer
Peer_12:bootstrap INFO 7572.225700832869: Received message <PeerList> from Peer_2:peer
Peer_12:bootstrap INFO 7572.341431967711: Received message <Pong:> from Peer_2:peer
Peer_12:bootstrap INFO 7655.938806174938: Received message <PeerList> from Peer_10:peer
Peer_12:bootstrap INFO 7655.994075540476: Received message <PeerList> from Peer_4:peer
Peer_12:bootstrap INFO 7656.064766991569: Received message <PeerList> from Peer_8:peer
Peer_12:bootstrap INFO 7656.15813556383: Received message <PeerList> from Peer_9:peer
Peer_12:bootstrap WARNING 8000: Not enough peers, fetching more (6, 15)
Peer_12:bootstrap INFO 8000: Sending message <RequestPeers:> to Peer_4:peer
Peer_12:bootstrap INFO 8000: Sending message <RequestPeers:> to Peer_9:peer
Peer_12:bootstrap INFO 8000: Sending message <RequestPeers:> to Peer_1:peer
Peer_12:bootstrap INFO 8000: Sending message <RequestPeers:> to Peer_10:peer
Peer_12:bootstrap INFO 8000: Sending message <RequestPeers:> to Peer_8:peer
Peer_12:bootstrap INFO 8000: Sending message <Ping:> to Peer_1:peer
Peer_12:bootstrap INFO 8000.268347067524: Received message <Ping:> from Peer_1:peer
Peer_12:bootstrap INFO 8000.268347067524: Sending message <Pong:> to Peer_1:peer
Peer_12:bootstrap INFO 8000.542064325236: Received message <Pong:> from Peer_1:peer
Peer_12:bootstrap INFO 8000.584033945647: Received message <PeerList> from Peer_1:peer
Peer_12:bootstrap INFO 8155.962740861797: Received message <PeerList> from Peer_10:peer
Peer_12:bootstrap INFO 8155.990381049787: Received message <PeerList> from Peer_8:peer
Peer_12:bootstrap INFO 8156.090174669895: Received message <PeerList> from Peer_4:peer
Peer_12:bootstrap INFO 8156.136885207109: Received message <PeerList> from Peer_9:peer
Peer_12:bootstrap WARNING 8500: Not enough peers, fetching more (6, 15)
Peer_12:bootstrap INFO 8500: Sending message <RequestPeers:> to Peer_4:peer
Peer_12:bootstrap INFO 8500: Sending message <RequestPeers:> to Peer_2:peer
Peer_12:bootstrap INFO 8500: Sending message <RequestPeers:> to Peer_1:peer
Peer_12:bootstrap INFO 8500: Sending message <RequestPeers:> to Peer_8:peer
Peer_12:bootstrap INFO 8500: Sending message <RequestPeers:> to Peer_9:peer
Peer_12:bootstrap INFO 8500: Sending message <Ping:> to Peer_2:peer
Peer_12:bootstrap INFO 8500.451050225585: Received message <PeerList> from Peer_1:peer
Peer_12:bootstrap INFO 8536.04591665578: Received message <Ping:> from Peer_2:peer
Peer_12:bootstrap INFO 8536.04591665578: Sending message <Pong:> to Peer_2:peer
Peer_12:bootstrap INFO 8572.999218386636: Received message <Pong:> from Peer_2:peer
Peer_12:bootstrap INFO 8575.177884682873: Received message <PeerList> from Peer_2:peer
Peer_12:bootstrap INFO 8655.989251348241: Received message <PeerList> from Peer_4:peer
Peer_12:bootstrap INFO 8656.010206038092: Received message <PeerList> from Peer_9:peer
Peer_12:bootstrap INFO 8656.024285553445: Received message <PeerList> from Peer_8:peer
Peer_12:bootstrap WARNING 9000: Not enough peers, fetching more (6, 15)
Peer_12:bootstrap INFO 9000: Sending message <RequestPeers:> to Peer_2:peer
Peer_12:bootstrap INFO 9000: Sending message <RequestPeers:> to Peer_1:peer
Peer_12:bootstrap INFO 9000: Sending message <RequestPeers:> to Peer_8:peer
Peer_12:bootstrap INFO 9000: Sending message <RequestPeers:> to Peer_4:peer
Peer_12:bootstrap INFO 9000: Sending message <RequestPeers:> to Peer_9:peer
Peer_12:bootstrap INFO 9000: Sending message <Ping:> to Peer_10:peer
Peer_12:bootstrap INFO 9000.571401470184: Received message <PeerList> from Peer_1:peer
Peer_12:bootstrap INFO 9074.235895891432: Received message <PeerList> from Peer_2:peer
Peer_12:bootstrap INFO 9077.972892209398: Received message <Ping:> from Peer_10:peer
Peer_12:bootstrap INFO 9077.972892209398: Sending message <Pong:> to Peer_10:peer
Peer_12:bootstrap INFO 9155.98853393359: Received message <PeerList> from Peer_9:peer
Peer_12:bootstrap INFO 9155.988995540662: Received message <Pong:> from Peer_10:peer
Peer_12:bootstrap INFO 9156.089150941541: Received message <PeerList> from Peer_8:peer
Peer_12:bootstrap INFO 9156.105926779672: Received message <PeerList> from Peer_4:peer
Peer_12:bootstrap WARNING 9500: Not enough peers, fetching more (6, 15)
Peer_12:bootstrap INFO 9500: Sending message <RequestPeers:> to Peer_1:peer
Peer_12:bootstrap INFO 9500: Sending message <RequestPeers:> to Peer_9:peer
Peer_12:bootstrap INFO 9500: Sending message <RequestPeers:> to Peer_4:peer
Peer_12:bootstrap INFO 9500: Sending message <RequestPeers:> to Peer_8:peer
Peer_12:bootstrap INFO 9500: Sending message <RequestPeers:> to Peer_2:peer
Peer_12:bootstrap INFO 9500.447898643859: Received message <PeerList> from Peer_1:peer
Peer_12:bootstrap INFO 9573.832033292547: Received message <PeerList> from Peer_2:peer
Peer_12:bootstrap INFO 9655.91715279913: Received message <PeerList> from Peer_4:peer
Peer_12:bootstrap INFO 9655.936068502411: Received message <PeerList> from Peer_8:peer
Peer_12:bootstrap INFO 9656.012334436333: Received message <PeerList> from Peer_9:peer
Peer_12:bootstrap WARNING 10000: Not enough peers, fetching more (6, 15)
Peer_12:bootstrap INFO 10000: Sending message <RequestPeers:> to Peer_2:peer
Peer_12:bootstrap INFO 10000: Sending message <RequestPeers:> to Peer_4:peer
Peer_12:bootstrap INFO 10000: Sending message <RequestPeers:> to Peer_10:peer
Peer_12:bootstrap INFO 10000: Sending message <RequestPeers:> to Peer_9:peer
Peer_12:bootstrap INFO 10000: Sending message <RequestPeers:> to Peer_1:peer
Peer_12:bootstrap INFO 10000: Sending message <Ping:> to Peer_10:peer
Peer_12:bootstrap INFO 10000.50250863573: Received message <PeerList> from Peer_1:peer
Peer_12:bootstrap INFO 10075.05573646691: Received message <PeerList> from Peer_2:peer
Peer_12:bootstrap INFO 10077.996009692004: Received message <Ping:> from Peer_10:peer
Peer_12:bootstrap INFO 10077.996009692004: Sending message <Pong:> to Peer_10:peer
Peer_12:bootstrap INFO 10155.99822265439: Received message <PeerList> from Peer_4:peer
Peer_12:bootstrap INFO 10156.003031724676: Received message <PeerList> from Peer_9:peer
Peer_12:bootstrap INFO 10156.030362071011: Received message <Pong:> from Peer_10:peer
Peer_12:bootstrap INFO 10156.04564338417: Received message <PeerList> from Peer_10:peer
Peer_12:bootstrap WARNING 10500: Not enough peers, fetching more (6, 15)
Peer_12:bootstrap INFO 10500: Sending message <RequestPeers:> to Peer_4:peer
Peer_12:bootstrap INFO 10500: Sending message <RequestPeers:> to Peer_2:peer
Peer_12:bootstrap INFO 10500: Sending message <RequestPeers:> to Peer_8:peer
Peer_12:bootstrap INFO 10500: Sending message <RequestPeers:> to Peer_1:peer
Peer_12:bootstrap INFO 10500: Sending message <RequestPeers:> to Peer_10:peer
Peer_12:bootstrap INFO 10500: Sending message <Ping:> to Peer_8:peer
Peer_12:bootstrap INFO 10500.755536903056: Received message <PeerList> from Peer_1:peer
Peer_12:bootstrap INFO 10572.597400760935: Received message <PeerList> from Peer_2:peer
Peer_12:bootstrap INFO 10578.018541040174: Received message <Ping:> from Peer_8:peer
Peer_12:bootstrap INFO 10578.018541040174: Sending message <Pong:> to Peer_8:peer
Peer_12:bootstrap INFO 10655.93636349881: Received message <PeerList> from Peer_10:peer
Peer_12:bootstrap INFO 10655.995823952255: Received message <PeerList> from Peer_8:peer
Peer_12:bootstrap INFO 10656.008656901375: Received message <Pong:> from Peer_8:peer
Peer_12:bootstrap INFO 10656.022874462014: Received message <PeerList> from Peer_4:peer
Peer_12:bootstrap WARNING 11000: Not enough peers, fetching more (6, 15)
Peer_12:bootstrap INFO 11000: Sending message <RequestPeers:> to Peer_8:peer
Peer_12:bootstrap INFO 11000: Sending message <RequestPeers:> to Peer_4:peer
Peer_12:bootstrap INFO 11000: Sending message <RequestPeers:> to Peer_2:peer
Peer_12:bootstrap INFO 11000: Sending message <RequestPeers:> to Peer_9:peer
Peer_12:bootstrap INFO 11000: Sending message <RequestPeers:> to Peer_10:peer
Peer_12:bootstrap INFO 11000: Sending message <Ping:> to Peer_9:peer
Peer_12:bootstrap INFO 11074.077110808144: Received message <PeerList> from Peer_2:peer
Peer_12:bootstrap INFO 11078.062086330101: Received message <Ping:> from Peer_9:peer
Peer_12:bootstrap INFO 11078.062086330101: Sending message <Pong:> to Peer_9:peer
Peer_12:bootstrap INFO 11155.893617936055: Received message <PeerList> from Peer_9:peer
Peer_12:bootstrap INFO 11155.89517279244: Received message <PeerList> from Peer_10:peer
Peer_12:bootstrap INFO 11155.984830631116: Received message <Pong:> from Peer_9:peer
Peer_12:bootstrap INFO 11156.074908189654: Received message <PeerList> from Peer_8:peer
Peer_12:bootstrap INFO 11156.097120167547: Received message <PeerList> from Peer_4:peer
Peer_12:bootstrap WARNING 11500: Not enough peers, fetching more (6, 15)
Peer_12:bootstrap INFO 11500: Sending message <RequestPeers:> to Peer_4:peer
Peer_12:bootstrap INFO 11500: Sending message <RequestPeers:> to Peer_9:peer
Peer_12:bootstrap INFO 11500: Sending message <RequestPeers:> to Peer_8:peer
Peer_12:bootstrap INFO 11500: Sending message <RequestPeers:> to Peer_2:peer
Peer_12:bootstrap INFO 11500: Sending message <RequestPeers:> to Peer_10:peer
Peer_12:bootstrap INFO 11500: Sending message <Ping:> to Peer_1:peer
Peer_12:bootstrap INFO 11500.228038088913: Received message <Ping:> from Peer_1:peer
Peer_12:bootstrap INFO 11500.228038088913: Sending message <Pong:> to Peer_1:peer
Peer_12:bootstrap INFO 11500.571039815015: Received message <Pong:> from Peer_1:peer
Peer_12:bootstrap INFO 11573.454728058023: Received message <PeerList> from Peer_2:peer
Peer_12:bootstrap INFO 11655.950338985873: Received message <PeerList> from Peer_4:peer
Peer_12:bootstrap INFO 11655.969947432748: Received message <PeerList> from Peer_8:peer
Peer_12:bootstrap INFO 11655.979297085383: Received message <PeerList> from Peer_10:peer
Peer_12:bootstrap INFO 11656.08564391052: Received message <PeerList> from Peer_9:peer
Peer_12:bootstrap WARNING 12000: Not enough peers, fetching more (6, 15)
Peer_12:bootstrap INFO 12000: Sending message <RequestPeers:> to Peer_1:peer
Peer_12:bootstrap INFO 12000: Sending message <RequestPeers:> to Peer_8:peer
Peer_12:bootstrap INFO 12000: Sending message <RequestPeers:> to Peer_4:peer
Peer_12:bootstrap INFO 12000: Sending message <RequestPeers:> to Peer_10:peer
Peer_12:bootstrap INFO 12000: Sending message <RequestPeers:> to Peer_9:peer
Peer_12:bootstrap INFO 12000.51118287777: Received message <PeerList> from Peer_1:peer
Peer_12:bootstrap INFO 12155.905250953556: Received message <PeerList> from Peer_10:peer
Peer_12:bootstrap INFO 12155.915939061568: Received message <PeerList> from Peer_8:peer
Peer_12:bootstrap INFO 12155.999100033552: Received message <PeerList> from Peer_9:peer
Peer_12:bootstrap INFO 12156.071726202426: Received message <PeerList> from Peer_4:peer
Peer_12:bootstrap WARNING 12500: Not enough peers, fetching more (6, 15)
Peer_12:bootstrap INFO 12500: Sending message <RequestPeers:> to Peer_8:peer
Peer_12:bootstrap INFO 12500: Sending message <RequestPeers:> to Peer_2:peer
Peer_12:bootstrap INFO 12500: Sending message <RequestPeers:> to Peer_9:peer
Peer_12:bootstrap INFO 12500: Sending message <RequestPeers:> to Peer_4:peer
Peer_12:bootstrap INFO 12500: Sending message <RequestPeers:> to Peer_1:peer
Peer_12:bootstrap INFO 12500: Sending message <Ping:> to Peer_2:peer
Peer_12:bootstrap INFO 12500.458612231587: Received message <PeerList> from Peer_1:peer
Peer_12:bootstrap INFO 12537.866490404938: Received message <Ping:> from Peer_2:peer
Peer_12:bootstrap INFO 12537.866490404938: Sending message <Pong:> to Peer_2:peer
Peer_12:bootstrap INFO 12574.377463255969: Received message <PeerList> from Peer_2:peer
Peer_12:bootstrap INFO 12574.394530036334: Received message <Pong:> from Peer_2:peer
Peer_12:bootstrap INFO 12655.982496689046: Received message <PeerList> from Peer_8:peer
Peer_12:bootstrap INFO 12655.985895081805: Received message <PeerList> from Peer_9:peer
Peer_12:bootstrap INFO 12656.10503480046: Received message <PeerList> from Peer_4:peer
Peer_12:bootstrap WARNING 13000: Not enough peers, fetching more (6, 15)
Peer_12:bootstrap INFO 13000: Sending message <RequestPeers:> to Peer_8:peer
Peer_12:bootstrap INFO 13000: Sending message <RequestPeers:> to Peer_9:peer
Peer_12:bootstrap INFO 13000: Sending message <RequestPeers:> to Peer_2:peer
Peer_12:bootstrap INFO 13000: Sending message <RequestPeers:> to Peer_4:peer
Peer_12:bootstrap INFO 13000: Sending message <RequestPeers:> to Peer_10:peer
Peer_12:bootstrap INFO 13000: Sending message <Ping:> to Peer_10:peer
Peer_12:bootstrap INFO 13072.963415710017: Received message <PeerList> from Peer_2:peer
Peer_12:bootstrap INFO 13078.006900607354: Received message <Ping:> from Peer_10:peer
Peer_12:bootstrap INFO 13078.006900607354: Sending message <Pong:> to Peer_10:peer
Peer_12:bootstrap INFO 13156.020292234158: Received message <Pong:> from Peer_10:peer
Peer_12:bootstrap INFO 13156.034317257656: Received message <PeerList> from Peer_4:peer
Peer_12:bootstrap INFO 13156.066334021556: Received message <PeerList> from Peer_9:peer
Peer_12:bootstrap INFO 13156.092513309046: Received message <PeerList> from Peer_10:peer
Peer_12:bootstrap INFO 13156.126702148695: Received message <PeerList> from Peer_8:peer
Peer_12:bootstrap WARNING 13500: Not enough peers, fetching more (6, 15)
Peer_12:bootstrap INFO 13500: Sending message <RequestPeers:> to Peer_2:peer
Peer_12:bootstrap INFO 13500: Sending message <RequestPeers:> to Peer_8:peer
Peer_12:bootstrap INFO 13500: Sending message <RequestPeers:> to Peer_9:peer
Peer_12:bootstrap INFO 13500: Sending message <RequestPeers:> to Peer_4:peer
Peer_12:bootstrap INFO 13500: Sending message <RequestPeers:> to Peer_1:peer
Peer_12:bootstrap INFO 13500: Sending message <Ping:> to Peer_1:peer
Peer_12:bootstrap INFO 13500.274018927172: Received message <Ping:> from Peer_1:peer
Peer_12:bootstrap INFO 13500.274018927172: Sending message <Pong:> to Peer_1:peer
Peer_12:bootstrap INFO 13500.510118741877: Received message <Pong:> from Peer_1:peer
Peer_12:bootstrap INFO 13500.537297493343: Received message <PeerList> from Peer_1:peer
Peer_12:bootstrap INFO 13573.896394736636: Received message <PeerList> from Peer_2:peer
Peer_12:bootstrap INFO 13656.001559978453: Received message <PeerList> from Peer_8:peer
Peer_12:bootstrap INFO 13656.021615717273: Received message <PeerList> from Peer_4:peer
Peer_12:bootstrap INFO 13656.122659351959: Received message <PeerList> from Peer_9:peer
Peer_12:bootstrap WARNING 14000: Not enough peers, fetching more (6, 15)
Peer_12:bootstrap INFO 14000: Sending message <RequestPeers:> to Peer_8:peer
Peer_12:bootstrap INFO 14000: Sending message <RequestPeers:> to Peer_2:peer
Peer_12:bootstrap INFO 14000: Sending message <RequestPeers:> to Peer_9:peer
Peer_12:bootstrap INFO 14000: Sending message <RequestPeers:> to Peer_10:peer
Peer_12:bootstrap INFO 14000: Sending message <RequestPeers:> to Peer_1:peer
Peer_12:bootstrap INFO 14000: Sending message <Ping:> to Peer_10:peer
Peer_12:bootstrap INFO 14000.442718665423: Received message <PeerList> from Peer_1:peer
Peer_12:bootstrap INFO 14074.605422246785: Received message <PeerList> from Peer_2:peer
Peer_12:bootstrap INFO 14077.994570793744: Received message <Ping:> from Peer_10:peer
Peer_12:bootstrap INFO 14077.994570793744: Sending message <Pong:> to Peer_10:peer
Peer_12:bootstrap INFO 14155.98458876552: Received message <PeerList> from Peer_8:peer
Peer_12:bootstrap INFO 14156.008961853155: Received message <Pong:> from Peer_10:peer
Peer_12:bootstrap INFO 14156.025795146215: Received message <PeerList> from Peer_10:peer
Peer_12:bootstrap INFO 14156.054281330773: Received message <PeerList> from Peer_9:peer
Peer_12:bootstrap WARNING 14500: Not enough peers, fetching more (6, 15)
Peer_12:bootstrap INFO 14500: Sending message <RequestPeers:> to Peer_4:peer
Peer_12:bootstrap INFO 14500: Sending message <RequestPeers:> to Peer_2:peer
Peer_12:bootstrap INFO 14500: Sending message <RequestPeers:> to Peer_10:peer
Peer_12:bootstrap INFO 14500: Sending message <RequestPeers:> to Peer_1:peer
Peer_12:bootstrap INFO 14500: Sending message <RequestPeers:> to Peer_8:peer
Peer_12:bootstrap INFO 14500: Sending message <Ping:> to Peer_4:peer
Peer_12:bootstrap INFO 14500.437292379196: Received message <PeerList> from Peer_1:peer
Peer_12:bootstrap INFO 14572.212159867835: Received message <PeerList> from Peer_2:peer
Peer_12:bootstrap INFO 14577.961137606275: Received message <Ping:> from Peer_4:peer
Peer_12:bootstrap INFO 14577.961137606275: Sending message <Pong:> to Peer_4:peer
Peer_12:bootstrap INFO 14655.87902511538: Received message <PeerList> from Peer_10:peer
Peer_12:bootstrap INFO 14655.939411841768: Received message <Pong:> from Peer_4:peer
Peer_12:bootstrap INFO 14656.075171220833: Received message <PeerList> from Peer_8:peer
Peer_12:bootstrap INFO 14656.152906755226: Received message <PeerList> from Peer_4:peer
