Peer_15:peer WARNING 0: Not enough peers, fetching more (0, 4)
Peer_15:peer INFO 65.27326946905981: Connecting to Peer_27:bootstrap
Peer_15:peer INFO 130.68943019498815: Received message <RequestPeers:> from Peer_27:bootstrap
Peer_15:peer INFO 130.68943019498815: Sending message <PeerList> to Peer_27:bootstrap
Peer_15:peer INFO 130.69388329318087: Received message <Hello:> from Peer_27:bootstrap
Peer_15:peer WARNING 500: Not enough peers, fetching more (1, 4)
Peer_15:peer INFO 500: Sending message <RequestPeers:> to Peer_27:bootstrap
Peer_15:peer INFO 631.2359680286482: Received message <PeerList> from Peer_27:bootstrap
Peer_15:peer WARNING 1000: Not enough peers, fetching more (1, 4)
Peer_15:peer INFO 1000: Sending message <RequestPeers:> to Peer_27:bootstrap
Peer_15:peer INFO 1065.7229390591028: Connecting to Peer_20:peer
Peer_15:peer INFO 1130.872377307203: Received message <PeerList> from Peer_27:bootstrap
Peer_15:peer INFO 1131.0371820074295: Received message <Hello:> from Peer_20:peer
Peer_15:peer INFO 1131.2159539788768: Received message <RequestPeers:> from Peer_20:peer
Peer_15:peer INFO 1131.2159539788768: Sending message <PeerList> to Peer_20:peer
Peer_15:peer WARNING 1500: Not enough peers, fetching more (2, 4)
Peer_15:peer INFO 1500: Sending message <RequestPeers:> to Peer_20:peer
Peer_15:peer INFO 1500: Sending message <RequestPeers:> to Peer_27:bootstrap
Peer_15:peer INFO 1500.2797767012828: Received message <Hello:> from Peer_4:peer
Peer_15:peer INFO 1500.2797767012828: Connecting to Peer_4:peer
Peer_15:peer INFO 1500.2797767012828: Sending message <Hello:> to Peer_4:peer
Peer_15:peer INFO 1500.2797767012828: Sending message <RequestPeers:> to Peer_4:peer
Peer_15:peer INFO 1500.8131582132842: Received message <PeerList> from Peer_4:peer
Peer_15:peer INFO 1565.4972503484041: Received message <Hello:> from Peer_11:peer
Peer_15:peer INFO 1565.4972503484041: Connecting to Peer_11:peer
Peer_15:peer INFO 1565.4972503484041: Sending message <Hello:> to Peer_11:peer
Peer_15:peer INFO 1565.4972503484041: Sending message <RequestPeers:> to Peer_11:peer
Peer_15:peer INFO 1578.0774683301054: Connecting to Peer_5:peer
Peer_15:peer INFO 1630.6591135446242: Received message <PeerList> from Peer_27:bootstrap
Peer_15:peer INFO 1631.056428230662: Received message <PeerList> from Peer_20:peer
Peer_15:peer INFO 1656.098513800827: Received message <RequestPeers:> from Peer_5:peer
Peer_15:peer INFO 1656.098513800827: Sending message <PeerList> to Peer_5:peer
Peer_15:peer INFO 1656.1820220847194: Received message <Hello:> from Peer_5:peer
Peer_15:peer INFO 1696.2183371814212: Received message <PeerList> from Peer_11:peer
Peer_15:peer INFO 2065.6064161455197: Received message <RequestPeers:> from Peer_11:peer
Peer_15:peer INFO 2065.6064161455197: Sending message <PeerList> to Peer_11:peer
Peer_15:peer INFO 2500: Sending message <Ping:> to Peer_27:bootstrap
Peer_15:peer INFO 2500: Sending message <Ping:> to Peer_20:peer
Peer_15:peer INFO 2500: Sending message <Ping:> to Peer_4:peer
Peer_15:peer INFO 2500: Sending message <Ping:> to Peer_5:peer
Peer_15:peer INFO 2500.3308795799526: Received message <Ping:> from Peer_4:peer
Peer_15:peer INFO 2500.3308795799526: Sending message <Pong:> to Peer_4:peer
Peer_15:peer INFO 2500.57333597477: Received message <Pong:> from Peer_4:peer
Peer_15:peer INFO 2565.4379473183626: Received message <Ping:> from Peer_20:peer
Peer_15:peer INFO 2565.4379473183626: Sending message <Pong:> to Peer_20:peer
Peer_15:peer INFO 2565.664783942711: Received message <Ping:> from Peer_27:bootstrap
Peer_15:peer INFO 2565.664783942711: Sending message <Pong:> to Peer_27:bootstrap
Peer_15:peer INFO 2577.9752914719543: Received message <Ping:> from Peer_5:peer
Peer_15:peer INFO 2577.9752914719543: Sending message <Pong:> to Peer_5:peer
Peer_15:peer INFO 2630.6168648979897: Received message <Pong:> from Peer_20:peer
Peer_15:peer INFO 2631.233001938765: Received message <Pong:> from Peer_27:bootstrap
Peer_15:peer INFO 2656.058900025602: Received message <Pong:> from Peer_5:peer
Peer_15:peer INFO 3000: Sending message <Ping:> to Peer_11:peer
Peer_15:peer INFO 3065.26720532476: Received message <Ping:> from Peer_11:peer
Peer_15:peer INFO 3065.26720532476: Sending message <Pong:> to Peer_11:peer
Peer_15:peer INFO 3130.858573833317: Received message <Pong:> from Peer_11:peer
Peer_15:peer INFO 3500: Sending message <Ping:> to Peer_27:bootstrap
Peer_15:peer INFO 3500: Sending message <Ping:> to Peer_20:peer
Peer_15:peer INFO 3500: Sending message <Ping:> to Peer_4:peer
Peer_15:peer INFO 3500: Sending message <Ping:> to Peer_5:peer
Peer_15:peer INFO 3500.2792496116285: Received message <Ping:> from Peer_4:peer
Peer_15:peer INFO 3500.2792496116285: Sending message <Pong:> to Peer_4:peer
Peer_15:peer INFO 3500.5286624133987: Received message <Pong:> from Peer_4:peer
Peer_15:peer INFO 3565.4766281067423: Received message <Ping:> from Peer_20:peer
Peer_15:peer INFO 3565.4766281067423: Sending message <Pong:> to Peer_20:peer
Peer_15:peer INFO 3565.6228781590094: Received message <Ping:> from Peer_27:bootstrap
Peer_15:peer INFO 3565.6228781590094: Sending message <Pong:> to Peer_27:bootstrap
Peer_15:peer INFO 3577.9756927702215: Received message <Ping:> from Peer_5:peer
Peer_15:peer INFO 3577.9756927702215: Sending message <Pong:> to Peer_5:peer
Peer_15:peer INFO 3630.8850291574067: Received message <Pong:> from Peer_27:bootstrap
Peer_15:peer INFO 3631.0554038090963: Received message <Pong:> from Peer_20:peer
Peer_15:peer INFO 3656.0373158165403: Received message <Pong:> from Peer_5:peer
Peer_15:peer INFO 4000: Sending message <Ping:> to Peer_11:peer
Peer_15:peer INFO 4065.639768396946: Received message <Ping:> from Peer_11:peer
Peer_15:peer INFO 4065.639768396946: Sending message <Pong:> to Peer_11:peer
Peer_15:peer INFO 4131.044015404663: Received message <Pong:> from Peer_11:peer
Peer_15:peer INFO 4500: Sending message <Ping:> to Peer_27:bootstrap
Peer_15:peer INFO 4500: Sending message <Ping:> to Peer_20:peer
Peer_15:peer INFO 4500: Sending message <Ping:> to Peer_4:peer
Peer_15:peer INFO 4500: Sending message <Ping:> to Peer_5:peer
Peer_15:peer INFO 4500.262096474773: Received message <Ping:> from Peer_4:peer
Peer_15:peer INFO 4500.262096474773: Sending message <Pong:> to Peer_4:peer
Peer_15:peer INFO 4500.50892986282: Received message <Pong:> from Peer_4:peer
Peer_15:peer INFO 4565.394360188765: Received message <Ping:> from Peer_20:peer
Peer_15:peer INFO 4565.394360188765: Sending message <Pong:> to Peer_20:peer
Peer_15:peer INFO 4565.688080022324: Received message <Ping:> from Peer_27:bootstrap
Peer_15:peer INFO 4565.688080022324: Sending message <Pong:> to Peer_27:bootstrap
Peer_15:peer INFO 4578.029623244273: Received message <Ping:> from Peer_5:peer
Peer_15:peer INFO 4578.029623244273: Sending message <Pong:> to Peer_5:peer
Peer_15:peer INFO 4630.927356468232: Received message <Pong:> from Peer_20:peer
Peer_15:peer INFO 4631.154208345232: Received message <Pong:> from Peer_27:bootstrap
Peer_15:peer INFO 4656.100840709147: Received message <Pong:> from Peer_5:peer
Peer_15:peer INFO 5000: Sending message <Ping:> to Peer_11:peer
Peer_15:peer INFO 5065.396285358408: Received message <Ping:> from Peer_11:peer
Peer_15:peer INFO 5065.396285358408: Sending message <Pong:> to Peer_11:peer
Peer_15:peer INFO 5065.6005826130095: Received message <RequestPeers:> from Peer_20:peer
Peer_15:peer INFO 5065.6005826130095: Sending message <PeerList> to Peer_20:peer
Peer_15:peer INFO 5130.974415398124: Received message <Pong:> from Peer_11:peer
Peer_15:peer INFO 5500: Sending message <Ping:> to Peer_27:bootstrap
Peer_15:peer INFO 5500: Sending message <Ping:> to Peer_4:peer
Peer_15:peer INFO 5500: Sending message <Ping:> to Peer_5:peer
Peer_15:peer INFO 5500.298798106102: Received message <Ping:> from Peer_4:peer
Peer_15:peer INFO 5500.298798106102: Sending message <Pong:> to Peer_4:peer
Peer_15:peer INFO 5500.456504408001: Received message <Pong:> from Peer_4:peer
Peer_15:peer INFO 5565.2148440003375: Received message <Ping:> from Peer_27:bootstrap
Peer_15:peer INFO 5565.2148440003375: Sending message <Pong:> to Peer_27:bootstrap
Peer_15:peer INFO 5577.986262332652: Received message <Ping:> from Peer_5:peer
Peer_15:peer INFO 5577.986262332652: Sending message <Pong:> to Peer_5:peer
Peer_15:peer INFO 5630.838182326794: Received message <Pong:> from Peer_27:bootstrap
Peer_15:peer INFO 5656.144403706839: Received message <Pong:> from Peer_5:peer
Peer_15:peer INFO 6000: Sending message <Ping:> to Peer_20:peer
Peer_15:peer INFO 6000: Sending message <Ping:> to Peer_11:peer
Peer_15:peer INFO 6065.471817496392: Received message <Ping:> from Peer_20:peer
Peer_15:peer INFO 6065.471817496392: Sending message <Pong:> to Peer_20:peer
Peer_15:peer INFO 6065.68550000189: Received message <Ping:> from Peer_11:peer
Peer_15:peer INFO 6065.68550000189: Sending message <Pong:> to Peer_11:peer
Peer_15:peer INFO 6130.809343767644: Received message <Pong:> from Peer_20:peer
Peer_15:peer INFO 6130.899098073928: Received message <Pong:> from Peer_11:peer
Peer_15:peer INFO 6500: Sending message <Ping:> to Peer_27:bootstrap
Peer_15:peer INFO 6500: Sending message <Ping:> to Peer_4:peer
Peer_15:peer INFO 6500: Sending message <Ping:> to Peer_5:peer
Peer_15:peer INFO 6500.26478209577: Received message <Ping:> from Peer_4:peer
Peer_15:peer INFO 6500.26478209577: Sending message <Pong:> to Peer_4:peer
Peer_15:peer INFO 6500.55635723486: Received message <Pong:> from Peer_4:peer
Peer_15:peer INFO 6565.634502422476: Received message <Ping:> from Peer_27:bootstrap
Peer_15:peer INFO 6565.634502422476: Sending message <Pong:> to Peer_27:bootstrap
Peer_15:peer INFO 6578.016011282826: Received message <Ping:> from Peer_5:peer
Peer_15:peer INFO 6578.016011282826: Sending message <Pong:> to Peer_5:peer
Peer_15:peer INFO 6631.1460635718395: Received message <Pong:> from Peer_27:bootstrap
Peer_15:peer INFO 6656.088033072986: Received message <Pong:> from Peer_5:peer
Peer_15:peer INFO 7000: Sending message <Ping:> to Peer_20:peer
Peer_15:peer INFO 7000: Sending message <Ping:> to Peer_11:peer
Peer_15:peer INFO 7065.629379101615: Received message <Ping:> from Peer_20:peer
Peer_15:peer INFO 7065.629379101615: Sending message <Pong:> to Peer_20:peer
Peer_15:peer INFO 7065.664647878101: Received message <Ping:> from Peer_11:peer
Peer_15:peer INFO 7065.664647878101: Sending message <Pong:> to Peer_11:peer
Peer_15:peer INFO 7130.932398655533: Received message <Pong:> from Peer_20:peer
Peer_15:peer INFO 7131.025982502071: Received message <Pong:> from Peer_11:peer
Peer_15:peer INFO 7500: Sending message <Ping:> to Peer_27:bootstrap
Peer_15:peer INFO 7500: Sending message <Ping:> to Peer_4:peer
Peer_15:peer INFO 7500: Sending message <Ping:> to Peer_5:peer
Peer_15:peer INFO 7500.279526522011: Received message <Ping:> from Peer_4:peer
Peer_15:peer INFO 7500.279526522011: Sending message <Pong:> to Peer_4:peer
Peer_15:peer INFO 7500.46338551571: Received message <Pong:> from Peer_4:peer
Peer_15:peer INFO 7565.421518627196: Received message <Ping:> from Peer_27:bootstrap
Peer_15:peer INFO 7565.421518627196: Sending message <Pong:> to Peer_27:bootstrap
Peer_15:peer INFO 7577.979692546448: Received message <Ping:> from Peer_5:peer
Peer_15:peer INFO 7577.979692546448: Sending message <Pong:> to Peer_5:peer
Peer_15:peer INFO 7631.175501553471: Received message <Pong:> from Peer_27:bootstrap
Peer_15:peer INFO 7655.999664760717: Received message <Pong:> from Peer_5:peer
Peer_15:peer INFO 8000: Sending message <Ping:> to Peer_20:peer
Peer_15:peer INFO 8000: Sending message <Ping:> to Peer_11:peer
Peer_15:peer INFO 8065.384608793042: Received message <Ping:> from Peer_20:peer
Peer_15:peer INFO 8065.384608793042: Sending message <Pong:> to Peer_20:peer
Peer_15:peer INFO 8065.47648034321: Received message <Ping:> from Peer_11:peer
Peer_15:peer INFO 8065.47648034321: Sending message <Pong:> to Peer_11:peer
Peer_15:peer INFO 8130.94729892: Received message <Pong:> from Peer_11:peer
Peer_15:peer INFO 8131.172097633779: Received message <Pong:> from Peer_20:peer
Peer_15:peer INFO 8500: Sending message <Ping:> to Peer_27:bootstrap
Peer_15:peer INFO 8500: Sending message <Ping:> to Peer_4:peer
Peer_15:peer INFO 8500: Sending message <Ping:> to Peer_5:peer
Peer_15:peer INFO 8500.284425177972: Received message <Ping:> from Peer_4:peer
Peer_15:peer INFO 8500.284425177972: Sending message <Pong:> to Peer_4:peer
Peer_15:peer INFO 8500.508167849866: Received message <Pong:> from Peer_4:peer
Peer_15:peer INFO 8565.418163327655: Received message <Ping:> from Peer_27:bootstrap
Peer_15:peer INFO 8565.418163327655: Sending message <Pong:> to Peer_27:bootstrap
Peer_15:peer INFO 8577.956564348684: Received message <Ping:> from Peer_5:peer
Peer_15:peer INFO 8577.956564348684: Sending message <Pong:> to Peer_5:peer
Peer_15:peer INFO 8630.863143517605: Received message <Pong:> from Peer_27:bootstrap
Peer_15:peer INFO 8656.098821571173: Received message <Pong:> from Peer_5:peer
Peer_15:peer INFO 9000: Sending message <Ping:> to Peer_20:peer
Peer_15:peer INFO 9000: Sending message <Ping:> to Peer_11:peer
Peer_15:peer INFO 9065.357041098767: Received message <Ping:> from Peer_20:peer
Peer_15:peer INFO 9065.357041098767: Sending message <Pong:> to Peer_20:peer
Peer_15:peer INFO 9065.6116399173: Received message <Ping:> from Peer_11:peer
Peer_15:peer INFO 9065.6116399173: Sending message <Pong:> to Peer_11:peer
Peer_15:peer INFO 9130.856198931979: Received message <Pong:> from Peer_20:peer
Peer_15:peer INFO 9130.93193088572: Received message <Pong:> from Peer_11:peer
Peer_15:peer INFO 9500: Sending message <Ping:> to Peer_27:bootstrap
Peer_15:peer INFO 9500: Sending message <Ping:> to Peer_4:peer
Peer_15:peer INFO 9500: Sending message <Ping:> to Peer_5:peer
Peer_15:peer INFO 9500.26201397803: Received message <Ping:> from Peer_4:peer
Peer_15:peer INFO 9500.26201397803: Sending message <Pong:> to Peer_4:peer
Peer_15:peer INFO 9500.489795298665: Received message <Pong:> from Peer_4:peer
Peer_15:peer INFO 9565.434434568666: Received message <Ping:> from Peer_27:bootstrap
Peer_15:peer INFO 9565.434434568666: Sending message <Pong:> to Peer_27:bootstrap
Peer_15:peer INFO 9577.941293878772: Received message <Ping:> from Peer_5:peer
Peer_15:peer INFO 9577.941293878772: Sending message <Pong:> to Peer_5:peer
Peer_15:peer INFO 9630.992666321465: Received message <Pong:> from Peer_27:bootstrap
Peer_15:peer INFO 9656.101084649514: Received message <Pong:> from Peer_5:peer
Peer_15:peer INFO 10000: Sending message <Ping:> to Peer_20:peer
Peer_15:peer INFO 10000: Sending message <Ping:> to Peer_11:peer
Peer_15:peer INFO 10065.341254670022: Received message <Ping:> from Peer_11:peer
Peer_15:peer INFO 10065.341254670022: Sending message <Pong:> to Peer_11:peer
Peer_15:peer INFO 10065.519653637211: Received message <Ping:> from Peer_20:peer
Peer_15:peer INFO 10065.519653637211: Sending message <Pong:> to Peer_20:peer
Peer_15:peer INFO 10130.732186447522: Received message <Pong:> from Peer_20:peer
Peer_15:peer INFO 10131.070459433002: Received message <Pong:> from Peer_11:peer
Peer_15:peer INFO 10131.228355340754: Received message <GossipMessage:1_26> from Peer_11:peer
Peer_15:peer INFO 10131.228355340754: Sending message <GossipMessage:1_26> to Peer_4:peer
Peer_15:peer INFO 10131.228355340754: Sending message <GossipMessage:1_26> to Peer_5:peer
Peer_15:peer INFO 10131.228355340754: Sending message <GossipMessage:1_26> to Peer_20:peer
Peer_15:peer INFO 10331.090052665237: Received message <GossipMessage:2_26> from Peer_11:peer
Peer_15:peer INFO 10331.090052665237: Sending message <GossipMessage:2_26> to Peer_20:peer
Peer_15:peer INFO 10331.090052665237: Sending message <GossipMessage:2_26> to Peer_5:peer
Peer_15:peer INFO 10331.090052665237: Sending message <GossipMessage:2_26> to Peer_4:peer
Peer_15:peer INFO 10500: Sending message <Ping:> to Peer_27:bootstrap
Peer_15:peer INFO 10500: Sending message <Ping:> to Peer_4:peer
Peer_15:peer INFO 10500: Sending message <Ping:> to Peer_5:peer
Peer_15:peer INFO 10500.529437028905: Received message <Pong:> from Peer_4:peer
Peer_15:peer INFO 10531.092549666424: Received message <GossipMessage:3_26> from Peer_11:peer
Peer_15:peer INFO 10531.092549666424: Sending message <GossipMessage:3_26> to Peer_20:peer
Peer_15:peer INFO 10531.092549666424: Sending message <GossipMessage:3_26> to Peer_4:peer
Peer_15:peer INFO 10531.092549666424: Sending message <GossipMessage:3_26> to Peer_5:peer
Peer_15:peer INFO 10565.4352034936: Received message <Ping:> from Peer_27:bootstrap
Peer_15:peer INFO 10565.4352034936: Sending message <Pong:> to Peer_27:bootstrap
Peer_15:peer INFO 10630.866391258958: Received message <Pong:> from Peer_27:bootstrap
Peer_15:peer INFO 10656.12375124546: Received message <Pong:> from Peer_5:peer
Peer_15:peer INFO 10731.016600241734: Received message <GossipMessage:4_26> from Peer_11:peer
Peer_15:peer INFO 10731.016600241734: Sending message <GossipMessage:4_26> to Peer_20:peer
Peer_15:peer INFO 10731.016600241734: Sending message <GossipMessage:4_26> to Peer_5:peer
Peer_15:peer INFO 10731.016600241734: Sending message <GossipMessage:4_26> to Peer_4:peer
Peer_15:peer INFO 10931.205574991682: Received message <GossipMessage:5_26> from Peer_11:peer
Peer_15:peer INFO 10931.205574991682: Sending message <GossipMessage:5_26> to Peer_4:peer
Peer_15:peer INFO 10931.205574991682: Sending message <GossipMessage:5_26> to Peer_5:peer
Peer_15:peer INFO 10931.205574991682: Sending message <GossipMessage:5_26> to Peer_20:peer
Peer_15:peer INFO 11000: Sending message <Ping:> to Peer_20:peer
Peer_15:peer INFO 11065.334797441914: Received message <Ping:> from Peer_11:peer
Peer_15:peer INFO 11065.334797441914: Sending message <Pong:> to Peer_11:peer
Peer_15:peer INFO 11131.018065228496: Received message <Pong:> from Peer_20:peer
Peer_15:peer INFO 11131.299168122952: Received message <GossipMessage:6_26> from Peer_11:peer
Peer_15:peer INFO 11131.299168122952: Sending message <GossipMessage:6_26> to Peer_20:peer
Peer_15:peer INFO 11131.299168122952: Sending message <GossipMessage:6_26> to Peer_5:peer
Peer_15:peer INFO 11131.299168122952: Sending message <GossipMessage:6_26> to Peer_4:peer
Peer_15:peer INFO 11331.125847207886: Received message <GossipMessage:7_26> from Peer_11:peer
Peer_15:peer INFO 11331.125847207886: Sending message <GossipMessage:7_26> to Peer_5:peer
Peer_15:peer INFO 11331.125847207886: Sending message <GossipMessage:7_26> to Peer_4:peer
Peer_15:peer INFO 11331.125847207886: Sending message <GossipMessage:7_26> to Peer_20:peer
Peer_15:peer INFO 11500: Sending message <Ping:> to Peer_27:bootstrap
Peer_15:peer INFO 11500: Sending message <Ping:> to Peer_4:peer
Peer_15:peer INFO 11500: Sending message <Ping:> to Peer_5:peer
Peer_15:peer INFO 11500.552043090534: Received message <Pong:> from Peer_4:peer
Peer_15:peer INFO 11530.653360611865: Received message <GossipMessage:8_26> from Peer_11:peer
Peer_15:peer INFO 11530.653360611865: Sending message <GossipMessage:8_26> to Peer_5:peer
Peer_15:peer INFO 11530.653360611865: Sending message <GossipMessage:8_26> to Peer_20:peer
Peer_15:peer INFO 11530.653360611865: Sending message <GossipMessage:8_26> to Peer_4:peer
Peer_15:peer INFO 11565.557811676843: Received message <Ping:> from Peer_27:bootstrap
Peer_15:peer INFO 11565.557811676843: Sending message <Pong:> to Peer_27:bootstrap
Peer_15:peer INFO 11630.846330356133: Received message <Pong:> from Peer_27:bootstrap
Peer_15:peer INFO 11656.013701696067: Received message <Pong:> from Peer_5:peer
Peer_15:peer INFO 11731.426464828528: Received message <GossipMessage:9_26> from Peer_11:peer
Peer_15:peer INFO 11731.426464828528: Sending message <GossipMessage:9_26> to Peer_5:peer
Peer_15:peer INFO 11731.426464828528: Sending message <GossipMessage:9_26> to Peer_20:peer
Peer_15:peer INFO 11731.426464828528: Sending message <GossipMessage:9_26> to Peer_4:peer
Peer_15:peer INFO 11931.369763809587: Received message <GossipMessage:10_26> from Peer_11:peer
Peer_15:peer INFO 11931.369763809587: Sending message <GossipMessage:10_26> to Peer_20:peer
Peer_15:peer INFO 11931.369763809587: Sending message <GossipMessage:10_26> to Peer_4:peer
Peer_15:peer INFO 11931.369763809587: Sending message <GossipMessage:10_26> to Peer_5:peer
Peer_15:peer INFO 12000: Sending message <Ping:> to Peer_20:peer
Peer_15:peer INFO 12065.30392816189: Received message <Ping:> from Peer_11:peer
Peer_15:peer INFO 12065.30392816189: Sending message <Pong:> to Peer_11:peer
Peer_15:peer INFO 12130.76051691796: Received message <Pong:> from Peer_20:peer
Peer_15:peer INFO 12130.81418294199: Received message <GossipMessage:11_26> from Peer_11:peer
Peer_15:peer INFO 12130.81418294199: Sending message <GossipMessage:11_26> to Peer_20:peer
Peer_15:peer INFO 12130.81418294199: Sending message <GossipMessage:11_26> to Peer_4:peer
Peer_15:peer INFO 12130.81418294199: Sending message <GossipMessage:11_26> to Peer_5:peer
Peer_15:peer INFO 12331.0904316076: Received message <GossipMessage:12_26> from Peer_11:peer
Peer_15:peer INFO 12331.0904316076: Sending message <GossipMessage:12_26> to Peer_5:peer
Peer_15:peer INFO 12331.0904316076: Sending message <GossipMessage:12_26> to Peer_4:peer
Peer_15:peer INFO 12331.0904316076: Sending message <GossipMessage:12_26> to Peer_20:peer
Peer_15:peer INFO 12500: Sending message <Ping:> to Peer_27:bootstrap
Peer_15:peer INFO 12500: Sending message <Ping:> to Peer_4:peer
Peer_15:peer INFO 12500: Sending message <Ping:> to Peer_5:peer
Peer_15:peer INFO 12500.531276101878: Received message <Pong:> from Peer_4:peer
Peer_15:peer INFO 12530.822145707281: Received message <GossipMessage:13_26> from Peer_11:peer
Peer_15:peer INFO 12530.822145707281: Sending message <GossipMessage:13_26> to Peer_20:peer
Peer_15:peer INFO 12530.822145707281: Sending message <GossipMessage:13_26> to Peer_4:peer
Peer_15:peer INFO 12530.822145707281: Sending message <GossipMessage:13_26> to Peer_5:peer
Peer_15:peer INFO 12565.398963159056: Received message <Ping:> from Peer_27:bootstrap
Peer_15:peer INFO 12565.398963159056: Sending message <Pong:> to Peer_27:bootstrap
Peer_15:peer INFO 12630.846140015057: Received message <Pong:> from Peer_27:bootstrap
Peer_15:peer INFO 12655.912017862145: Received message <Pong:> from Peer_5:peer
Peer_15:peer INFO 12731.009362545448: Received message <GossipMessage:14_26> from Peer_11:peer
Peer_15:peer INFO 12731.009362545448: Sending message <GossipMessage:14_26> to Peer_4:peer
Peer_15:peer INFO 12731.009362545448: Sending message <GossipMessage:14_26> to Peer_5:peer
Peer_15:peer INFO 12731.009362545448: Sending message <GossipMessage:14_26> to Peer_20:peer
Peer_15:peer INFO 12930.973581130724: Received message <GossipMessage:15_26> from Peer_11:peer
Peer_15:peer INFO 12930.973581130724: Sending message <GossipMessage:15_26> to Peer_5:peer
Peer_15:peer INFO 12930.973581130724: Sending message <GossipMessage:15_26> to Peer_20:peer
Peer_15:peer INFO 12930.973581130724: Sending message <GossipMessage:15_26> to Peer_4:peer
Peer_15:peer INFO 13000: Sending message <Ping:> to Peer_20:peer
Peer_15:peer INFO 13065.66099874226: Received message <Ping:> from Peer_11:peer
Peer_15:peer INFO 13065.66099874226: Sending message <Pong:> to Peer_11:peer
Peer_15:peer INFO 13130.897536310536: Received message <Pong:> from Peer_20:peer
Peer_15:peer INFO 13131.063781041135: Received message <GossipMessage:16_26> from Peer_11:peer
Peer_15:peer INFO 13131.063781041135: Sending message <GossipMessage:16_26> to Peer_4:peer
Peer_15:peer INFO 13131.063781041135: Sending message <GossipMessage:16_26> to Peer_20:peer
Peer_15:peer INFO 13131.063781041135: Sending message <GossipMessage:16_26> to Peer_5:peer
Peer_15:peer INFO 13330.902503275174: Received message <GossipMessage:17_26> from Peer_11:peer
Peer_15:peer INFO 13330.902503275174: Sending message <GossipMessage:17_26> to Peer_4:peer
Peer_15:peer INFO 13330.902503275174: Sending message <GossipMessage:17_26> to Peer_20:peer
Peer_15:peer INFO 13330.902503275174: Sending message <GossipMessage:17_26> to Peer_5:peer
Peer_15:peer INFO 13500: Sending message <Ping:> to Peer_27:bootstrap
Peer_15:peer INFO 13500: Sending message <Ping:> to Peer_4:peer
Peer_15:peer INFO 13500: Sending message <Ping:> to Peer_5:peer
Peer_15:peer INFO 13500.522800770277: Received message <Pong:> from Peer_4:peer
Peer_15:peer INFO 13530.965526891749: Received message <GossipMessage:18_26> from Peer_11:peer
Peer_15:peer INFO 13530.965526891749: Sending message <GossipMessage:18_26> to Peer_4:peer
Peer_15:peer INFO 13530.965526891749: Sending message <GossipMessage:18_26> to Peer_5:peer
Peer_15:peer INFO 13530.965526891749: Sending message <GossipMessage:18_26> to Peer_20:peer
Peer_15:peer INFO 13565.413556836871: Received message <Ping:> from Peer_27:bootstrap
Peer_15:peer INFO 13565.413556836871: Sending message <Pong:> to Peer_27:bootstrap
Peer_15:peer INFO 13631.042653009805: Received message <Pong:> from Peer_27:bootstrap
Peer_15:peer INFO 13656.040586995023: Received message <Pong:> from Peer_5:peer
Peer_15:peer INFO 13731.023504525718: Received message <GossipMessage:19_26> from Peer_11:peer
Peer_15:peer INFO 13731.023504525718: Sending message <GossipMessage:19_26> to Peer_20:peer
Peer_15:peer INFO 13731.023504525718: Sending message <GossipMessage:19_26> to Peer_4:peer
Peer_15:peer INFO 13731.023504525718: Sending message <GossipMessage:19_26> to Peer_5:peer
Peer_15:peer INFO 13930.892420427763: Received message <GossipMessage:20_26> from Peer_11:peer
Peer_15:peer INFO 13930.892420427763: Sending message <GossipMessage:20_26> to Peer_4:peer
Peer_15:peer INFO 13930.892420427763: Sending message <GossipMessage:20_26> to Peer_5:peer
Peer_15:peer INFO 13930.892420427763: Sending message <GossipMessage:20_26> to Peer_20:peer
Peer_15:peer INFO 14000: Sending message <Ping:> to Peer_20:peer
Peer_15:peer INFO 14065.562435841704: Received message <Ping:> from Peer_11:peer
Peer_15:peer INFO 14065.562435841704: Sending message <Pong:> to Peer_11:peer
Peer_15:peer INFO 14131.03152872796: Received message <Pong:> from Peer_20:peer
Peer_15:peer INFO 14500: Sending message <Ping:> to Peer_27:bootstrap
Peer_15:peer INFO 14500: Sending message <Ping:> to Peer_4:peer
Peer_15:peer INFO 14500: Sending message <Ping:> to Peer_5:peer
Peer_15:peer INFO 14500.276234526926: Received message <Ping:> from Peer_4:peer
Peer_15:peer INFO 14500.276234526926: Sending message <Pong:> to Peer_4:peer
Peer_15:peer INFO 14500.509938445482: Received message <Pong:> from Peer_4:peer
Peer_15:peer INFO 14565.4664439544: Received message <Ping:> from Peer_27:bootstrap
Peer_15:peer INFO 14565.4664439544: Sending message <Pong:> to Peer_27:bootstrap
Peer_15:peer INFO 14630.760254645456: Received message <Pong:> from Peer_27:bootstrap
Peer_15:peer INFO 14656.023426380683: Received message <Pong:> from Peer_5:peer
