Peer_10:basic WARNING 0: Not enough peers, fetching more (0, 4)
Peer_10:basic INFO 0.7493812840643377: Connecting to Peer_11:bootstrap
Peer_10:basic INFO 1.624044035011281: Received message <Hello:> from Peer_11:bootstrap
Peer_10:basic INFO 1.7611097366487842: Received message <RequestPeers:> from Peer_11:bootstrap
Peer_10:basic INFO 1.7611097366487842: Sending message <PeerList> to Peer_11:bootstrap
Peer_10:basic WARNING 500: Not enough peers, fetching more (1, 4)
Peer_10:basic INFO 500: Sending message <RequestPeers:> to Peer_11:bootstrap
Peer_10:basic INFO 501.46689334084965: Received message <RequestPeers:> from Peer_11:bootstrap
Peer_10:basic INFO 501.46689334084965: Sending message <PeerList> to Peer_11:bootstrap
Peer_10:basic INFO 501.9117460428948: Received message <PeerList> from Peer_11:bootstrap
Peer_10:basic WARNING 1000: Not enough peers, fetching more (1, 4)
Peer_10:basic INFO 1000: Sending message <RequestPeers:> to Peer_11:bootstrap
Peer_10:basic INFO 1000.8040673074916: Received message <RequestPeers:> from Peer_11:bootstrap
Peer_10:basic INFO 1000.8040673074916: Sending message <PeerList> to Peer_11:bootstrap
Peer_10:basic INFO 1002.3516115689156: Received message <PeerList> from Peer_11:bootstrap
Peer_10:basic INFO 1005.9561286791647: Connecting to Peer_4:basic
Peer_10:basic INFO 1010.9580700193962: Received message <Hello:> from Peer_4:basic
Peer_10:basic INFO 1011.7553636073663: Received message <RequestPeers:> from Peer_4:basic
Peer_10:basic INFO 1011.7553636073663: Sending message <PeerList> to Peer_4:basic
Peer_10:basic WARNING 1500: Not enough peers, fetching more (2, 4)
Peer_10:basic INFO 1500: Sending message <RequestPeers:> to Peer_11:bootstrap
Peer_10:basic INFO 1500: Sending message <RequestPeers:> to Peer_4:basic
Peer_10:basic INFO 1500.8956022524005: Received message <RequestPeers:> from Peer_11:bootstrap
Peer_10:basic INFO 1500.8956022524005: Sending message <PeerList> to Peer_11:bootstrap
Peer_10:basic INFO 1501.0334609934368: Connecting to Peer_3:basic
Peer_10:basic INFO 1501.5535976628962: Received message <Hello:> from Peer_3:basic
Peer_10:basic INFO 1501.9578079250693: Received message <RequestPeers:> from Peer_3:basic
Peer_10:basic INFO 1501.9578079250693: Sending message <PeerList> to Peer_3:basic
Peer_10:basic INFO 1502.3539478098048: Received message <PeerList> from Peer_11:bootstrap
Peer_10:basic INFO 1505.0800845531523: Received message <RequestPeers:> from Peer_4:basic
Peer_10:basic INFO 1505.0800845531523: Sending message <PeerList> to Peer_4:basic
Peer_10:basic INFO 1513.554146117001: Received message <PeerList> from Peer_4:basic
Peer_10:basic WARNING 2000: Not enough peers, fetching more (3, 4)
Peer_10:basic INFO 2001.3124246017926: Received message <RequestPeers:> from Peer_11:bootstrap
Peer_10:basic INFO 2001.3124246017926: Sending message <PeerList> to Peer_11:bootstrap
Peer_10:basic INFO 2006.1857963869415: Connecting to Peer_9:basic
Peer_10:basic INFO 2011.4826342534589: Received message <Hello:> from Peer_9:basic
Peer_10:basic INFO 2013.1950085653466: Received message <RequestPeers:> from Peer_9:basic
Peer_10:basic INFO 2013.1950085653466: Sending message <PeerList> to Peer_9:basic
Peer_10:basic INFO 2500: Sending message <Ping:> to Peer_4:basic
Peer_10:basic INFO 2500: Sending message <Ping:> to Peer_3:basic
Peer_10:basic INFO 2500.8649233974074: Received message <Ping:> from Peer_3:basic
Peer_10:basic INFO 2500.8649233974074: Sending message <Pong:> to Peer_3:basic
Peer_10:basic INFO 2501.007245802908: Received message <RequestPeers:> from Peer_11:bootstrap
Peer_10:basic INFO 2501.007245802908: Sending message <PeerList> to Peer_11:bootstrap
Peer_10:basic INFO 2502.5031464355443: Received message <Pong:> from Peer_3:basic
Peer_10:basic INFO 2506.364854262159: Received message <Ping:> from Peer_4:basic
Peer_10:basic INFO 2506.364854262159: Sending message <Pong:> to Peer_4:basic
Peer_10:basic INFO 2513.6699083983367: Received message <Pong:> from Peer_4:basic
Peer_10:basic INFO 3000: Sending message <Ping:> to Peer_9:basic
Peer_10:basic INFO 3006.5416085116763: Received message <Ping:> from Peer_9:basic
Peer_10:basic INFO 3006.5416085116763: Sending message <Pong:> to Peer_9:basic
Peer_10:basic INFO 3011.873052524997: Received message <Pong:> from Peer_9:basic
Peer_10:basic INFO 3500: Sending message <Ping:> to Peer_11:bootstrap
Peer_10:basic INFO 3500: Sending message <Ping:> to Peer_4:basic
Peer_10:basic INFO 3500: Sending message <Ping:> to Peer_3:basic
Peer_10:basic INFO 3500.9099475797625: Received message <Ping:> from Peer_3:basic
Peer_10:basic INFO 3500.9099475797625: Sending message <Pong:> to Peer_3:basic
Peer_10:basic INFO 3501.3960041587834: Received message <Ping:> from Peer_11:bootstrap
Peer_10:basic INFO 3501.3960041587834: Sending message <Pong:> to Peer_11:bootstrap
Peer_10:basic INFO 3501.5488215024957: Received message <Pong:> from Peer_3:basic
Peer_10:basic INFO 3502.338780419475: Received message <Pong:> from Peer_11:bootstrap
Peer_10:basic INFO 3505.0809365957725: Received message <Ping:> from Peer_4:basic
Peer_10:basic INFO 3505.0809365957725: Sending message <Pong:> to Peer_4:basic
Peer_10:basic INFO 3514.0941935029473: Received message <Pong:> from Peer_4:basic
Peer_10:basic INFO 4000: Sending message <Ping:> to Peer_9:basic
Peer_10:basic INFO 4005.9143519837094: Received message <Ping:> from Peer_9:basic
Peer_10:basic INFO 4005.9143519837094: Sending message <Pong:> to Peer_9:basic
Peer_10:basic INFO 4013.459539008276: Received message <Pong:> from Peer_9:basic
Peer_10:basic INFO 4500: Sending message <Ping:> to Peer_11:bootstrap
Peer_10:basic INFO 4500: Sending message <Ping:> to Peer_4:basic
Peer_10:basic INFO 4500: Sending message <Ping:> to Peer_3:basic
Peer_10:basic INFO 4500.263344026059: Received message <Ping:> from Peer_11:bootstrap
Peer_10:basic INFO 4500.263344026059: Sending message <Pong:> to Peer_11:bootstrap
Peer_10:basic INFO 4501.0068773320945: Received message <Ping:> from Peer_3:basic
Peer_10:basic INFO 4501.0068773320945: Sending message <Pong:> to Peer_3:basic
Peer_10:basic INFO 4501.6723264496295: Received message <Pong:> from Peer_3:basic
Peer_10:basic INFO 4502.158350273548: Received message <Pong:> from Peer_11:bootstrap
Peer_10:basic INFO 4506.854615503371: Received message <Ping:> from Peer_4:basic
Peer_10:basic INFO 4506.854615503371: Sending message <Pong:> to Peer_4:basic
Peer_10:basic INFO 4509.279137555336: Received message <Pong:> from Peer_4:basic
