Peer_7:peer WARNING 0: Not enough peers, fetching more (0, 4)
Peer_7:peer INFO 0.4779964717314494: Connecting to Peer_27:bootstrap
Peer_7:peer INFO 0.9671993108106831: Received message <RequestPeers:> from Peer_27:bootstrap
Peer_7:peer INFO 0.9671993108106831: Sending message <PeerList> to Peer_27:bootstrap
Peer_7:peer INFO 1.0152368018244873: Received message <Hello:> from Peer_27:bootstrap
Peer_7:peer WARNING 500: Not enough peers, fetching more (1, 4)
Peer_7:peer INFO 500: Sending message <RequestPeers:> to Peer_27:bootstrap
Peer_7:peer INFO 500.9457356764987: Received message <PeerList> from Peer_27:bootstrap
Peer_7:peer WARNING 1000: Not enough peers, fetching more (1, 4)
Peer_7:peer INFO 1000: Sending message <RequestPeers:> to Peer_27:bootstrap
Peer_7:peer INFO 1000.9820850506746: Received message <PeerList> from Peer_27:bootstrap
Peer_7:peer INFO 1036.2644927138858: Connecting to Peer_25:peer
Peer_7:peer INFO 1065.522148745218: Received message <Hello:> from Peer_9:peer
Peer_7:peer INFO 1065.522148745218: Connecting to Peer_9:peer
Peer_7:peer INFO 1065.522148745218: Sending message <Hello:> to Peer_9:peer
Peer_7:peer INFO 1065.522148745218: Sending message <RequestPeers:> to Peer_9:peer
Peer_7:peer INFO 1072.3731016299537: Received message <RequestPeers:> from Peer_25:peer
Peer_7:peer INFO 1072.3731016299537: Sending message <PeerList> to Peer_25:peer
Peer_7:peer INFO 1073.1629290373535: Received message <Hello:> from Peer_25:peer
Peer_7:peer INFO 1196.5568940635699: Received message <PeerList> from Peer_9:peer
Peer_7:peer WARNING 1500: Not enough peers, fetching more (3, 4)
Peer_7:peer INFO 1565.4105757252007: Connecting to Peer_10:peer
Peer_7:peer INFO 1630.8513074964642: Received message <RequestPeers:> from Peer_10:peer
Peer_7:peer INFO 1630.8513074964642: Sending message <PeerList> to Peer_10:peer
Peer_7:peer INFO 1631.0173892339194: Received message <Hello:> from Peer_10:peer
Peer_7:peer INFO 2000: Sending message <Ping:> to Peer_27:bootstrap
Peer_7:peer INFO 2000: Sending message <Ping:> to Peer_25:peer
Peer_7:peer INFO 2000: Sending message <Ping:> to Peer_9:peer
Peer_7:peer INFO 2000.525838949247: Received message <Ping:> from Peer_27:bootstrap
Peer_7:peer INFO 2000.525838949247: Sending message <Pong:> to Peer_27:bootstrap
Peer_7:peer INFO 2001.1132587647503: Received message <Pong:> from Peer_27:bootstrap
Peer_7:peer INFO 2037.5062224231563: Received message <Ping:> from Peer_25:peer
Peer_7:peer INFO 2037.5062224231563: Sending message <Pong:> to Peer_25:peer
Peer_7:peer INFO 2065.3746914384806: Received message <Ping:> from Peer_9:peer
Peer_7:peer INFO 2065.3746914384806: Sending message <Pong:> to Peer_9:peer
Peer_7:peer INFO 2073.910333082741: Received message <Pong:> from Peer_25:peer
Peer_7:peer INFO 2131.4118422576025: Received message <Pong:> from Peer_9:peer
Peer_7:peer INFO 2500: Sending message <Ping:> to Peer_10:peer
Peer_7:peer INFO 2565.709802706872: Received message <Ping:> from Peer_10:peer
Peer_7:peer INFO 2565.709802706872: Sending message <Pong:> to Peer_10:peer
Peer_7:peer INFO 2630.8830485444796: Received message <Pong:> from Peer_10:peer
Peer_7:peer INFO 3000: Sending message <Ping:> to Peer_27:bootstrap
Peer_7:peer INFO 3000: Sending message <Ping:> to Peer_25:peer
Peer_7:peer INFO 3000: Sending message <Ping:> to Peer_9:peer
Peer_7:peer INFO 3000.469459608093: Received message <Ping:> from Peer_27:bootstrap
Peer_7:peer INFO 3000.469459608093: Sending message <Pong:> to Peer_27:bootstrap
Peer_7:peer INFO 3001.040201521839: Received message <Pong:> from Peer_27:bootstrap
Peer_7:peer INFO 3037.0368855428615: Received message <Ping:> from Peer_25:peer
Peer_7:peer INFO 3037.0368855428615: Sending message <Pong:> to Peer_25:peer
Peer_7:peer INFO 3065.43922427612: Received message <Ping:> from Peer_9:peer
Peer_7:peer INFO 3065.43922427612: Sending message <Pong:> to Peer_9:peer
Peer_7:peer INFO 3072.519939292308: Received message <Pong:> from Peer_25:peer
Peer_7:peer INFO 3131.0736167046816: Received message <Pong:> from Peer_9:peer
Peer_7:peer INFO 3500: Sending message <Ping:> to Peer_10:peer
Peer_7:peer INFO 3565.581583910688: Received message <Ping:> from Peer_10:peer
Peer_7:peer INFO 3565.581583910688: Sending message <Pong:> to Peer_10:peer
Peer_7:peer INFO 3630.9617334309555: Received message <Pong:> from Peer_10:peer
Peer_7:peer INFO 4000: Sending message <Ping:> to Peer_27:bootstrap
Peer_7:peer INFO 4000: Sending message <Ping:> to Peer_25:peer
Peer_7:peer INFO 4000: Sending message <Ping:> to Peer_9:peer
Peer_7:peer INFO 4000.51923986212: Received message <Ping:> from Peer_27:bootstrap
Peer_7:peer INFO 4000.51923986212: Sending message <Pong:> to Peer_27:bootstrap
Peer_7:peer INFO 4000.976447033365: Received message <Pong:> from Peer_27:bootstrap
Peer_7:peer INFO 4036.6692519322537: Received message <Ping:> from Peer_25:peer
Peer_7:peer INFO 4036.6692519322537: Sending message <Pong:> to Peer_25:peer
Peer_7:peer INFO 4065.375567387931: Received message <Ping:> from Peer_9:peer
Peer_7:peer INFO 4065.375567387931: Sending message <Pong:> to Peer_9:peer
Peer_7:peer INFO 4071.608471142746: Received message <Pong:> from Peer_25:peer
Peer_7:peer INFO 4130.797402183794: Received message <Pong:> from Peer_9:peer
Peer_7:peer INFO 4500: Sending message <Ping:> to Peer_10:peer
Peer_7:peer INFO 4565.344144367906: Received message <Ping:> from Peer_10:peer
Peer_7:peer INFO 4565.344144367906: Sending message <Pong:> to Peer_10:peer
Peer_7:peer INFO 4631.207291581665: Received message <Pong:> from Peer_10:peer
Peer_7:peer INFO 5000: Sending message <Ping:> to Peer_27:bootstrap
Peer_7:peer INFO 5000: Sending message <Ping:> to Peer_25:peer
Peer_7:peer INFO 5000: Sending message <Ping:> to Peer_9:peer
Peer_7:peer INFO 5000.534886008061: Received message <Ping:> from Peer_27:bootstrap
Peer_7:peer INFO 5000.534886008061: Sending message <Pong:> to Peer_27:bootstrap
Peer_7:peer INFO 5000.978250072137: Received message <Pong:> from Peer_27:bootstrap
Peer_7:peer INFO 5037.442164907207: Received message <Ping:> from Peer_25:peer
Peer_7:peer INFO 5037.442164907207: Sending message <Pong:> to Peer_25:peer
Peer_7:peer INFO 5065.532850304479: Received message <Ping:> from Peer_9:peer
Peer_7:peer INFO 5065.532850304479: Sending message <Pong:> to Peer_9:peer
Peer_7:peer INFO 5074.093241791761: Received message <Pong:> from Peer_25:peer
Peer_7:peer INFO 5130.862636554901: Received message <Pong:> from Peer_9:peer
Peer_7:peer INFO 5500: Sending message <Ping:> to Peer_10:peer
Peer_7:peer INFO 5565.649348886301: Received message <Ping:> from Peer_10:peer
Peer_7:peer INFO 5565.649348886301: Sending message <Pong:> to Peer_10:peer
Peer_7:peer INFO 5631.147889098896: Received message <Pong:> from Peer_10:peer
Peer_7:peer INFO 6000: Sending message <Ping:> to Peer_27:bootstrap
Peer_7:peer INFO 6000: Sending message <Ping:> to Peer_25:peer
Peer_7:peer INFO 6000: Sending message <Ping:> to Peer_9:peer
Peer_7:peer INFO 6000.499660591322: Received message <Ping:> from Peer_27:bootstrap
Peer_7:peer INFO 6000.499660591322: Sending message <Pong:> to Peer_27:bootstrap
Peer_7:peer INFO 6000.982289605166: Received message <Pong:> from Peer_27:bootstrap
Peer_7:peer INFO 6037.854714978675: Received message <Ping:> from Peer_25:peer
Peer_7:peer INFO 6037.854714978675: Sending message <Pong:> to Peer_25:peer
Peer_7:peer INFO 6065.473810042299: Received message <Ping:> from Peer_9:peer
Peer_7:peer INFO 6065.473810042299: Sending message <Pong:> to Peer_9:peer
Peer_7:peer INFO 6073.14730108782: Received message <Pong:> from Peer_25:peer
Peer_7:peer INFO 6130.920409433783: Received message <Pong:> from Peer_9:peer
Peer_7:peer INFO 6500: Sending message <Ping:> to Peer_10:peer
Peer_7:peer INFO 6565.523161147052: Received message <Ping:> from Peer_10:peer
Peer_7:peer INFO 6565.523161147052: Sending message <Pong:> to Peer_10:peer
Peer_7:peer INFO 6630.75746386599: Received message <Pong:> from Peer_10:peer
Peer_7:peer INFO 7000: Sending message <Ping:> to Peer_27:bootstrap
Peer_7:peer INFO 7000: Sending message <Ping:> to Peer_25:peer
Peer_7:peer INFO 7000: Sending message <Ping:> to Peer_9:peer
Peer_7:peer INFO 7000.514888803794: Received message <Ping:> from Peer_27:bootstrap
Peer_7:peer INFO 7000.514888803794: Sending message <Pong:> to Peer_27:bootstrap
Peer_7:peer INFO 7001.01539579439: Received message <Pong:> from Peer_27:bootstrap
Peer_7:peer INFO 7036.228672878328: Received message <Ping:> from Peer_25:peer
Peer_7:peer INFO 7036.228672878328: Sending message <Pong:> to Peer_25:peer
Peer_7:peer INFO 7065.681951535134: Received message <Ping:> from Peer_9:peer
Peer_7:peer INFO 7065.681951535134: Sending message <Pong:> to Peer_9:peer
Peer_7:peer INFO 7074.123229499023: Received message <Pong:> from Peer_25:peer
Peer_7:peer INFO 7130.973074322636: Received message <Pong:> from Peer_9:peer
Peer_7:peer INFO 7500: Sending message <Ping:> to Peer_10:peer
Peer_7:peer INFO 7565.451546671968: Received message <Ping:> from Peer_10:peer
Peer_7:peer INFO 7565.451546671968: Sending message <Pong:> to Peer_10:peer
Peer_7:peer INFO 7630.98149566681: Received message <Pong:> from Peer_10:peer
Peer_7:peer INFO 8000: Sending message <Ping:> to Peer_27:bootstrap
Peer_7:peer INFO 8000: Sending message <Ping:> to Peer_25:peer
Peer_7:peer INFO 8000: Sending message <Ping:> to Peer_9:peer
Peer_7:peer INFO 8000.618548899099: Received message <Ping:> from Peer_27:bootstrap
Peer_7:peer INFO 8000.618548899099: Sending message <Pong:> to Peer_27:bootstrap
Peer_7:peer INFO 8001.023193351463: Received message <Pong:> from Peer_27:bootstrap
Peer_7:peer INFO 8036.508236042652: Received message <Ping:> from Peer_25:peer
Peer_7:peer INFO 8036.508236042652: Sending message <Pong:> to Peer_25:peer
Peer_7:peer INFO 8065.654050532003: Received message <Ping:> from Peer_9:peer
Peer_7:peer INFO 8065.654050532003: Sending message <Pong:> to Peer_9:peer
Peer_7:peer INFO 8074.350406292554: Received message <Pong:> from Peer_25:peer
Peer_7:peer INFO 8130.984619598179: Received message <Pong:> from Peer_9:peer
Peer_7:peer INFO 8500: Sending message <Ping:> to Peer_10:peer
Peer_7:peer INFO 8565.762251617856: Received message <Ping:> from Peer_10:peer
Peer_7:peer INFO 8565.762251617856: Sending message <Pong:> to Peer_10:peer
Peer_7:peer INFO 8631.317523965658: Received message <Pong:> from Peer_10:peer
Peer_7:peer INFO 9000: Sending message <Ping:> to Peer_27:bootstrap
Peer_7:peer INFO 9000: Sending message <Ping:> to Peer_25:peer
Peer_7:peer INFO 9000: Sending message <Ping:> to Peer_9:peer
Peer_7:peer INFO 9000.482377724464: Received message <Ping:> from Peer_27:bootstrap
Peer_7:peer INFO 9000.482377724464: Sending message <Pong:> to Peer_27:bootstrap
Peer_7:peer INFO 9001.032262461: Received message <Pong:> from Peer_27:bootstrap
Peer_7:peer INFO 9037.323528923062: Received message <Ping:> from Peer_25:peer
Peer_7:peer INFO 9037.323528923062: Sending message <Pong:> to Peer_25:peer
Peer_7:peer INFO 9065.668865162987: Received message <Ping:> from Peer_9:peer
Peer_7:peer INFO 9065.668865162987: Sending message <Pong:> to Peer_9:peer
Peer_7:peer INFO 9073.268337836535: Received message <Pong:> from Peer_25:peer
Peer_7:peer INFO 9131.180444832169: Received message <Pong:> from Peer_9:peer
Peer_7:peer INFO 9500: Sending message <Ping:> to Peer_10:peer
Peer_7:peer INFO 9565.561182474581: Received message <Ping:> from Peer_10:peer
Peer_7:peer INFO 9565.561182474581: Sending message <Pong:> to Peer_10:peer
Peer_7:peer INFO 9631.072028090706: Received message <Pong:> from Peer_10:peer
Peer_7:peer INFO 10000: Sending message <Ping:> to Peer_27:bootstrap
Peer_7:peer INFO 10000: Sending message <Ping:> to Peer_25:peer
Peer_7:peer INFO 10000: Sending message <Ping:> to Peer_9:peer
Peer_7:peer INFO 10000.490570995913: Received message <Ping:> from Peer_27:bootstrap
Peer_7:peer INFO 10000.490570995913: Sending message <Pong:> to Peer_27:bootstrap
Peer_7:peer INFO 10001.045707680121: Received message <Pong:> from Peer_27:bootstrap
Peer_7:peer INFO 10036.539062706403: Received message <Ping:> from Peer_25:peer
Peer_7:peer INFO 10036.539062706403: Sending message <Pong:> to Peer_25:peer
Peer_7:peer INFO 10065.76824256488: Received message <Ping:> from Peer_9:peer
Peer_7:peer INFO 10065.76824256488: Sending message <Pong:> to Peer_9:peer
Peer_7:peer INFO 10072.647669176813: Received message <Pong:> from Peer_25:peer
Peer_7:peer INFO 10131.237946018338: Received message <Pong:> from Peer_9:peer
Peer_7:peer INFO 10500: Sending message <Ping:> to Peer_10:peer
Peer_7:peer INFO 10565.604049971167: Received message <Ping:> from Peer_10:peer
Peer_7:peer INFO 10565.604049971167: Sending message <Pong:> to Peer_10:peer
Peer_7:peer INFO 10631.09792788505: Received message <Pong:> from Peer_10:peer
Peer_7:peer INFO 11000: Sending message <Ping:> to Peer_27:bootstrap
Peer_7:peer INFO 11000: Sending message <Ping:> to Peer_25:peer
Peer_7:peer INFO 11000: Sending message <Ping:> to Peer_9:peer
Peer_7:peer INFO 11000.532861160436: Received message <Ping:> from Peer_27:bootstrap
Peer_7:peer INFO 11000.532861160436: Sending message <Pong:> to Peer_27:bootstrap
Peer_7:peer INFO 11001.07315176195: Received message <Pong:> from Peer_27:bootstrap
Peer_7:peer INFO 11036.48137097045: Received message <Ping:> from Peer_25:peer
Peer_7:peer INFO 11036.48137097045: Sending message <Pong:> to Peer_25:peer
Peer_7:peer INFO 11065.556960895367: Received message <Ping:> from Peer_9:peer
Peer_7:peer INFO 11065.556960895367: Sending message <Pong:> to Peer_9:peer
Peer_7:peer INFO 11073.042723883758: Received message <Pong:> from Peer_25:peer
Peer_7:peer INFO 11131.151927684532: Received message <Pong:> from Peer_9:peer
Peer_7:peer INFO 11500: Sending message <Ping:> to Peer_10:peer
Peer_7:peer INFO 11565.618242264854: Received message <Ping:> from Peer_10:peer
Peer_7:peer INFO 11565.618242264854: Sending message <Pong:> to Peer_10:peer
Peer_7:peer INFO 11631.203419430303: Received message <Pong:> from Peer_10:peer
Peer_7:peer INFO 12000: Sending message <Ping:> to Peer_27:bootstrap
Peer_7:peer INFO 12000: Sending message <Ping:> to Peer_25:peer
Peer_7:peer INFO 12000: Sending message <Ping:> to Peer_9:peer
Peer_7:peer INFO 12000.508283618954: Received message <Ping:> from Peer_27:bootstrap
Peer_7:peer INFO 12000.508283618954: Sending message <Pong:> to Peer_27:bootstrap
Peer_7:peer INFO 12001.062622378186: Received message <Pong:> from Peer_27:bootstrap
Peer_7:peer INFO 12038.2609235495: Received message <Ping:> from Peer_25:peer
Peer_7:peer INFO 12038.2609235495: Sending message <Pong:> to Peer_25:peer
Peer_7:peer INFO 12065.54388415511: Received message <Ping:> from Peer_9:peer
Peer_7:peer INFO 12065.54388415511: Sending message <Pong:> to Peer_9:peer
Peer_7:peer INFO 12073.578737127851: Received message <Pong:> from Peer_25:peer
Peer_7:peer INFO 12130.888834571693: Received message <Pong:> from Peer_9:peer
Peer_7:peer INFO 12500: Sending message <Ping:> to Peer_10:peer
Peer_7:peer INFO 12565.537205756262: Received message <Ping:> from Peer_10:peer
Peer_7:peer INFO 12565.537205756262: Sending message <Pong:> to Peer_10:peer
Peer_7:peer INFO 12630.849212237901: Received message <Pong:> from Peer_10:peer
Peer_7:peer INFO 13000: Sending message <Ping:> to Peer_27:bootstrap
Peer_7:peer INFO 13000: Sending message <Ping:> to Peer_25:peer
Peer_7:peer INFO 13000: Sending message <Ping:> to Peer_9:peer
Peer_7:peer INFO 13000.566154883176: Received message <Ping:> from Peer_27:bootstrap
Peer_7:peer INFO 13000.566154883176: Sending message <Pong:> to Peer_27:bootstrap
Peer_7:peer INFO 13000.991982439979: Received message <Pong:> from Peer_27:bootstrap
Peer_7:peer INFO 13037.604125229771: Received message <Ping:> from Peer_25:peer
Peer_7:peer INFO 13037.604125229771: Sending message <Pong:> to Peer_25:peer
Peer_7:peer INFO 13065.378442786456: Received message <Ping:> from Peer_9:peer
Peer_7:peer INFO 13065.378442786456: Sending message <Pong:> to Peer_9:peer
Peer_7:peer INFO 13074.761291674993: Received message <Pong:> from Peer_25:peer
Peer_7:peer INFO 13131.207018723677: Received message <Pong:> from Peer_9:peer
Peer_7:peer INFO 13500: Sending message <Ping:> to Peer_10:peer
Peer_7:peer INFO 13565.558336399814: Received message <Ping:> from Peer_10:peer
Peer_7:peer INFO 13565.558336399814: Sending message <Pong:> to Peer_10:peer
Peer_7:peer INFO 13631.11154655661: Received message <Pong:> from Peer_10:peer
Peer_7:peer INFO 14000: Sending message <Ping:> to Peer_27:bootstrap
Peer_7:peer INFO 14000: Sending message <Ping:> to Peer_25:peer
Peer_7:peer INFO 14000: Sending message <Ping:> to Peer_9:peer
Peer_7:peer INFO 14000.499161304282: Received message <Ping:> from Peer_27:bootstrap
Peer_7:peer INFO 14000.499161304282: Sending message <Pong:> to Peer_27:bootstrap
Peer_7:peer INFO 14001.132904023389: Received message <Pong:> from Peer_27:bootstrap
Peer_7:peer INFO 14036.003458934616: Received message <Ping:> from Peer_25:peer
Peer_7:peer INFO 14036.003458934616: Sending message <Pong:> to Peer_25:peer
Peer_7:peer INFO 14065.412992439971: Received message <Ping:> from Peer_9:peer
Peer_7:peer INFO 14065.412992439971: Sending message <Pong:> to Peer_9:peer
Peer_7:peer INFO 14076.006444937671: Received message <Pong:> from Peer_25:peer
Peer_7:peer INFO 14130.76113578615: Received message <Pong:> from Peer_9:peer
Peer_7:peer INFO 14500: Sending message <Ping:> to Peer_10:peer
Peer_7:peer INFO 14565.497117811306: Received message <Ping:> from Peer_10:peer
Peer_7:peer INFO 14565.497117811306: Sending message <Pong:> to Peer_10:peer
Peer_7:peer INFO 14631.3872061235: Received message <Pong:> from Peer_10:peer
