Peer_4:basic WARNING 0: Not enough peers, fetching more (0, 4)
Peer_4:basic INFO 6.765362722207159: Connecting to Peer_11:bootstrap
Peer_4:basic INFO 13.063409613469927: Received message <RequestPeers:> from Peer_11:bootstrap
Peer_4:basic INFO 13.063409613469927: Sending message <PeerList> to Peer_11:bootstrap
Peer_4:basic INFO 13.743386325368313: Received message <Hello:> from Peer_11:bootstrap
Peer_4:basic WARNING 500: Not enough peers, fetching more (1, 4)
Peer_4:basic INFO 500: Sending message <RequestPeers:> to Peer_11:bootstrap
Peer_4:basic INFO 513.8374883430491: Received message <PeerList> from Peer_11:bootstrap
Peer_4:basic WARNING 1000: Not enough peers, fetching more (1, 4)
Peer_4:basic INFO 1000: Sending message <RequestPeers:> to Peer_11:bootstrap
Peer_4:basic INFO 1005.9561286791647: Received message <Hello:> from Peer_10:basic
Peer_4:basic INFO 1005.9561286791647: Connecting to Peer_10:basic
Peer_4:basic INFO 1005.9561286791647: Sending message <Hello:> to Peer_10:basic
Peer_4:basic INFO 1005.9561286791647: Sending message <RequestPeers:> to Peer_10:basic
Peer_4:basic INFO 1012.1354154019979: Received message <PeerList> from Peer_11:bootstrap
Peer_4:basic INFO 1018.3733300417792: Received message <PeerList> from Peer_10:basic
Peer_4:basic WARNING 1500: Not enough peers, fetching more (2, 4)
Peer_4:basic INFO 1500: Sending message <RequestPeers:> to Peer_11:bootstrap
Peer_4:basic INFO 1500: Sending message <RequestPeers:> to Peer_10:basic
Peer_4:basic INFO 1500.5068147999907: Received message <Hello:> from Peer_9:basic
Peer_4:basic INFO 1500.5068147999907: Connecting to Peer_9:basic
Peer_4:basic INFO 1500.5068147999907: Sending message <Hello:> to Peer_9:basic
Peer_4:basic INFO 1500.5068147999907: Sending message <RequestPeers:> to Peer_9:basic
Peer_4:basic INFO 1502.3751798995293: Received message <PeerList> from Peer_9:basic
Peer_4:basic INFO 1504.823368019736: Received message <Hello:> from Peer_6:basic
Peer_4:basic INFO 1504.823368019736: Connecting to Peer_6:basic
Peer_4:basic INFO 1504.823368019736: Sending message <Hello:> to Peer_6:basic
Peer_4:basic INFO 1504.823368019736: Sending message <RequestPeers:> to Peer_6:basic
Peer_4:basic INFO 1505.0861741201636: Received message <RequestPeers:> from Peer_11:bootstrap
Peer_4:basic INFO 1505.0861741201636: Sending message <PeerList> to Peer_11:bootstrap
Peer_4:basic INFO 1505.0941023783494: Connecting to Peer_3:basic
Peer_4:basic INFO 1506.5519219033747: Received message <RequestPeers:> from Peer_10:basic
Peer_4:basic INFO 1506.5519219033747: Sending message <PeerList> to Peer_10:basic
Peer_4:basic INFO 1507.4572111769028: Received message <Hello:> from Peer_2:basic
Peer_4:basic INFO 1507.4572111769028: Connecting to Peer_2:basic
Peer_4:basic INFO 1507.4572111769028: Sending message <Hello:> to Peer_2:basic
Peer_4:basic INFO 1507.4572111769028: Sending message <RequestPeers:> to Peer_2:basic
Peer_4:basic INFO 1510.5299836308532: Received message <Hello:> from Peer_3:basic
Peer_4:basic INFO 1510.9622793626709: Received message <PeerList> from Peer_10:basic
Peer_4:basic INFO 1512.57771501398: Received message <RequestPeers:> from Peer_3:basic
Peer_4:basic INFO 1512.57771501398: Sending message <PeerList> to Peer_3:basic
Peer_4:basic INFO 1512.7413687492501: Received message <PeerList> from Peer_11:bootstrap
Peer_4:basic INFO 1517.5684127440884: Received message <PeerList> from Peer_6:basic
Peer_4:basic INFO 1518.1062228302621: Received message <PeerList> from Peer_2:basic
Peer_4:basic INFO 2500: Sending message <Ping:> to Peer_11:bootstrap
Peer_4:basic INFO 2500: Sending message <Ping:> to Peer_10:basic
Peer_4:basic INFO 2500: Sending message <Ping:> to Peer_9:basic
Peer_4:basic INFO 2500: Sending message <Ping:> to Peer_6:basic
Peer_4:basic INFO 2500: Sending message <Ping:> to Peer_3:basic
Peer_4:basic INFO 2500: Sending message <Ping:> to Peer_2:basic
Peer_4:basic INFO 2500.535623206242: Received message <Ping:> from Peer_9:basic
Peer_4:basic INFO 2500.535623206242: Sending message <Pong:> to Peer_9:basic
Peer_4:basic INFO 2501.834564301808: Received message <Pong:> from Peer_9:basic
Peer_4:basic INFO 2504.888291379104: Received message <Ping:> from Peer_11:bootstrap
Peer_4:basic INFO 2504.888291379104: Sending message <Pong:> to Peer_11:bootstrap
Peer_4:basic INFO 2505.9383033084346: Received message <Ping:> from Peer_3:basic
Peer_4:basic INFO 2505.9383033084346: Sending message <Pong:> to Peer_3:basic
Peer_4:basic INFO 2506.4062253903517: Received message <Ping:> from Peer_6:basic
Peer_4:basic INFO 2506.4062253903517: Sending message <Pong:> to Peer_6:basic
Peer_4:basic INFO 2506.5857643977806: Received message <Ping:> from Peer_10:basic
Peer_4:basic INFO 2506.5857643977806: Sending message <Pong:> to Peer_10:basic
Peer_4:basic INFO 2506.6477791969337: Received message <Ping:> from Peer_2:basic
Peer_4:basic INFO 2506.6477791969337: Sending message <Pong:> to Peer_2:basic
Peer_4:basic INFO 2509.9882612821643: Received message <Pong:> from Peer_11:bootstrap
Peer_4:basic INFO 2510.4489671184056: Received message <Pong:> from Peer_6:basic
Peer_4:basic INFO 2511.3589739907184: Received message <Pong:> from Peer_3:basic
Peer_4:basic INFO 2512.1713113279347: Received message <Pong:> from Peer_10:basic
Peer_4:basic INFO 2512.4545328305508: Received message <Pong:> from Peer_2:basic
Peer_4:basic INFO 3007.3392974756694: Received message <RequestPeers:> from Peer_11:bootstrap
Peer_4:basic INFO 3007.3392974756694: Sending message <PeerList> to Peer_11:bootstrap
Peer_4:basic INFO 3500: Sending message <Ping:> to Peer_10:basic
Peer_4:basic INFO 3500: Sending message <Ping:> to Peer_9:basic
Peer_4:basic INFO 3500: Sending message <Ping:> to Peer_6:basic
Peer_4:basic INFO 3500: Sending message <Ping:> to Peer_3:basic
Peer_4:basic INFO 3500: Sending message <Ping:> to Peer_2:basic
Peer_4:basic INFO 3501.33800571948: Received message <Ping:> from Peer_9:basic
Peer_4:basic INFO 3501.33800571948: Sending message <Pong:> to Peer_9:basic
Peer_4:basic INFO 3502.630616162231: Received message <Pong:> from Peer_9:basic
Peer_4:basic INFO 3505.4655402262583: Received message <Ping:> from Peer_6:basic
Peer_4:basic INFO 3505.4655402262583: Sending message <Pong:> to Peer_6:basic
Peer_4:basic INFO 3505.8272129238517: Received message <Ping:> from Peer_2:basic
Peer_4:basic INFO 3505.8272129238517: Sending message <Pong:> to Peer_2:basic
Peer_4:basic INFO 3506.7470195087144: Received message <RequestPeers:> from Peer_11:bootstrap
Peer_4:basic INFO 3506.7470195087144: Sending message <PeerList> to Peer_11:bootstrap
Peer_4:basic INFO 3506.946605600105: Received message <Ping:> from Peer_3:basic
Peer_4:basic INFO 3506.946605600105: Sending message <Pong:> to Peer_3:basic
Peer_4:basic INFO 3507.213703565746: Received message <Ping:> from Peer_10:basic
Peer_4:basic INFO 3507.213703565746: Sending message <Pong:> to Peer_10:basic
Peer_4:basic INFO 3510.2360011313554: Received message <Pong:> from Peer_10:basic
Peer_4:basic INFO 3510.3521454584957: Received message <Pong:> from Peer_6:basic
Peer_4:basic INFO 3511.8797470876975: Received message <Pong:> from Peer_3:basic
Peer_4:basic INFO 3512.024379018776: Received message <Pong:> from Peer_2:basic
Peer_4:basic INFO 4006.2732205542056: Received message <RequestPeers:> from Peer_11:bootstrap
Peer_4:basic INFO 4006.2732205542056: Sending message <PeerList> to Peer_11:bootstrap
Peer_4:basic INFO 4500: Sending message <Ping:> to Peer_10:basic
Peer_4:basic INFO 4500: Sending message <Ping:> to Peer_9:basic
Peer_4:basic INFO 4500: Sending message <Ping:> to Peer_6:basic
Peer_4:basic INFO 4500: Sending message <Ping:> to Peer_3:basic
Peer_4:basic INFO 4500: Sending message <Ping:> to Peer_2:basic
Peer_4:basic INFO 4500.503720013971: Received message <Ping:> from Peer_9:basic
Peer_4:basic INFO 4500.503720013971: Sending message <Pong:> to Peer_9:basic
Peer_4:basic INFO 4501.430047754628: Received message <Pong:> from Peer_9:basic
Peer_4:basic INFO 4504.584989672577: Received message <Ping:> from Peer_10:basic
Peer_4:basic INFO 4504.584989672577: Sending message <Pong:> to Peer_10:basic
Peer_4:basic INFO 4504.866027193771: Received message <Ping:> from Peer_6:basic
Peer_4:basic INFO 4504.866027193771: Sending message <Pong:> to Peer_6:basic
Peer_4:basic INFO 4505.950274120297: Received message <Ping:> from Peer_3:basic
Peer_4:basic INFO 4505.950274120297: Sending message <Pong:> to Peer_3:basic
Peer_4:basic INFO 4506.446765775254: Received message <Ping:> from Peer_2:basic
Peer_4:basic INFO 4506.446765775254: Sending message <Pong:> to Peer_2:basic
Peer_4:basic INFO 4511.059487191296: Received message <Pong:> from Peer_2:basic
Peer_4:basic INFO 4511.559791413367: Received message <Pong:> from Peer_3:basic
Peer_4:basic INFO 4512.85661864254: Received message <Pong:> from Peer_6:basic
Peer_4:basic INFO 4513.39230921389: Received message <Pong:> from Peer_10:basic
