Peer_19:peer WARNING 0: Not enough peers, fetching more (0, 4)
Peer_19:peer INFO 65.4989284651354: Connecting to Peer_27:bootstrap
Peer_19:peer INFO 130.94511966739267: Received message <Hello:> from Peer_27:bootstrap
Peer_19:peer INFO 131.14936102066403: Received message <RequestPeers:> from Peer_27:bootstrap
Peer_19:peer INFO 131.14936102066403: Sending message <PeerList> to Peer_27:bootstrap
Peer_19:peer WARNING 500: Not enough peers, fetching more (1, 4)
Peer_19:peer INFO 500: Sending message <RequestPeers:> to Peer_27:bootstrap
Peer_19:peer INFO 631.0517399218058: Received message <PeerList> from Peer_27:bootstrap
Peer_19:peer WARNING 1000: Not enough peers, fetching more (1, 4)
Peer_19:peer INFO 1000: Sending message <RequestPeers:> to Peer_27:bootstrap
Peer_19:peer INFO 1065.5832719623484: Connecting to Peer_8:peer
Peer_19:peer INFO 1131.1158862053167: Received message <RequestPeers:> from Peer_8:peer
Peer_19:peer INFO 1131.1158862053167: Sending message <PeerList> to Peer_8:peer
Peer_19:peer INFO 1131.2360821892257: Received message <Hello:> from Peer_8:peer
Peer_19:peer INFO 1131.3896019034626: Received message <PeerList> from Peer_27:bootstrap
Peer_19:peer WARNING 1500: Not enough peers, fetching more (2, 4)
Peer_19:peer INFO 1500: Sending message <RequestPeers:> to Peer_8:peer
Peer_19:peer INFO 1500: Sending message <RequestPeers:> to Peer_27:bootstrap
Peer_19:peer INFO 1500.2576460325886: Received message <Hello:> from Peer_3:peer
Peer_19:peer INFO 1500.2576460325886: Connecting to Peer_3:peer
Peer_19:peer INFO 1500.2576460325886: Sending message <Hello:> to Peer_3:peer
Peer_19:peer INFO 1500.2576460325886: Sending message <RequestPeers:> to Peer_3:peer
Peer_19:peer INFO 1500.7125455333098: Received message <PeerList> from Peer_3:peer
Peer_19:peer INFO 1578.023840572973: Received message <Hello:> from Peer_25:peer
Peer_19:peer INFO 1578.023840572973: Connecting to Peer_25:peer
Peer_19:peer INFO 1578.023840572973: Sending message <Hello:> to Peer_25:peer
Peer_19:peer INFO 1578.023840572973: Sending message <RequestPeers:> to Peer_25:peer
Peer_19:peer INFO 1578.0396110806735: Received message <Hello:> from Peer_5:peer
Peer_19:peer INFO 1578.0396110806735: Connecting to Peer_5:peer
Peer_19:peer INFO 1578.0396110806735: Sending message <Hello:> to Peer_5:peer
Peer_19:peer INFO 1578.0396110806735: Sending message <RequestPeers:> to Peer_5:peer
Peer_19:peer INFO 1630.806519114474: Received message <PeerList> from Peer_27:bootstrap
Peer_19:peer INFO 1631.0358955611835: Received message <PeerList> from Peer_8:peer
Peer_19:peer INFO 1734.016659019164: Received message <PeerList> from Peer_5:peer
Peer_19:peer INFO 1734.0413645614549: Received message <PeerList> from Peer_25:peer
Peer_19:peer INFO 2500: Sending message <Ping:> to Peer_27:bootstrap
Peer_19:peer INFO 2500: Sending message <Ping:> to Peer_8:peer
Peer_19:peer INFO 2500: Sending message <Ping:> to Peer_3:peer
Peer_19:peer INFO 2500: Sending message <Ping:> to Peer_25:peer
Peer_19:peer INFO 2500: Sending message <Ping:> to Peer_5:peer
Peer_19:peer INFO 2500.3013062580435: Received message <Ping:> from Peer_3:peer
Peer_19:peer INFO 2500.3013062580435: Sending message <Pong:> to Peer_3:peer
Peer_19:peer INFO 2500.5185132547504: Received message <Pong:> from Peer_3:peer
Peer_19:peer INFO 2565.231413069459: Received message <Ping:> from Peer_8:peer
Peer_19:peer INFO 2565.231413069459: Sending message <Pong:> to Peer_8:peer
Peer_19:peer INFO 2565.407810629415: Received message <Ping:> from Peer_27:bootstrap
Peer_19:peer INFO 2565.407810629415: Sending message <Pong:> to Peer_27:bootstrap
Peer_19:peer INFO 2578.012588321842: Received message <Ping:> from Peer_25:peer
Peer_19:peer INFO 2578.012588321842: Sending message <Pong:> to Peer_25:peer
Peer_19:peer INFO 2578.120452352637: Received message <Ping:> from Peer_5:peer
Peer_19:peer INFO 2578.120452352637: Sending message <Pong:> to Peer_5:peer
Peer_19:peer INFO 2631.062593358604: Received message <Pong:> from Peer_27:bootstrap
Peer_19:peer INFO 2631.197292371162: Received message <Pong:> from Peer_8:peer
Peer_19:peer INFO 2655.911808833408: Received message <Pong:> from Peer_25:peer
Peer_19:peer INFO 2655.9743907287625: Received message <Pong:> from Peer_5:peer
Peer_19:peer INFO 3500: Sending message <Ping:> to Peer_27:bootstrap
Peer_19:peer INFO 3500: Sending message <Ping:> to Peer_8:peer
Peer_19:peer INFO 3500: Sending message <Ping:> to Peer_3:peer
Peer_19:peer INFO 3500: Sending message <Ping:> to Peer_25:peer
Peer_19:peer INFO 3500: Sending message <Ping:> to Peer_5:peer
Peer_19:peer INFO 3500.277974084479: Received message <Ping:> from Peer_3:peer
Peer_19:peer INFO 3500.277974084479: Sending message <Pong:> to Peer_3:peer
Peer_19:peer INFO 3500.5446708925247: Received message <Pong:> from Peer_3:peer
Peer_19:peer INFO 3565.4549948228355: Received message <Ping:> from Peer_27:bootstrap
Peer_19:peer INFO 3565.4549948228355: Sending message <Pong:> to Peer_27:bootstrap
Peer_19:peer INFO 3565.537688485625: Received message <Ping:> from Peer_8:peer
Peer_19:peer INFO 3565.537688485625: Sending message <Pong:> to Peer_8:peer
Peer_19:peer INFO 3577.9746921718483: Received message <Ping:> from Peer_5:peer
Peer_19:peer INFO 3577.9746921718483: Sending message <Pong:> to Peer_5:peer
Peer_19:peer INFO 3578.0009926492125: Received message <Ping:> from Peer_25:peer
Peer_19:peer INFO 3578.0009926492125: Sending message <Pong:> to Peer_25:peer
Peer_19:peer INFO 3631.025403997084: Received message <Pong:> from Peer_27:bootstrap
Peer_19:peer INFO 3631.454715201015: Received message <Pong:> from Peer_8:peer
Peer_19:peer INFO 3656.087969405711: Received message <Pong:> from Peer_25:peer
Peer_19:peer INFO 3656.142782943839: Received message <Pong:> from Peer_5:peer
Peer_19:peer INFO 4500: Sending message <Ping:> to Peer_27:bootstrap
Peer_19:peer INFO 4500: Sending message <Ping:> to Peer_8:peer
Peer_19:peer INFO 4500: Sending message <Ping:> to Peer_3:peer
Peer_19:peer INFO 4500: Sending message <Ping:> to Peer_25:peer
Peer_19:peer INFO 4500: Sending message <Ping:> to Peer_5:peer
Peer_19:peer INFO 4500.2913455413745: Received message <Ping:> from Peer_3:peer
Peer_19:peer INFO 4500.2913455413745: Sending message <Pong:> to Peer_3:peer
Peer_19:peer INFO 4500.541870354111: Received message <Pong:> from Peer_3:peer
Peer_19:peer INFO 4565.4287711337165: Received message <Ping:> from Peer_8:peer
Peer_19:peer INFO 4565.4287711337165: Sending message <Pong:> to Peer_8:peer
Peer_19:peer INFO 4565.473142531152: Received message <Ping:> from Peer_27:bootstrap
Peer_19:peer INFO 4565.473142531152: Sending message <Pong:> to Peer_27:bootstrap
Peer_19:peer INFO 4577.959939143661: Received message <Ping:> from Peer_5:peer
Peer_19:peer INFO 4577.959939143661: Sending message <Pong:> to Peer_5:peer
Peer_19:peer INFO 4577.964137192946: Received message <Ping:> from Peer_25:peer
Peer_19:peer INFO 4577.964137192946: Sending message <Pong:> to Peer_25:peer
Peer_19:peer INFO 4630.862484277318: Received message <Pong:> from Peer_27:bootstrap
Peer_19:peer INFO 4630.955644876925: Received message <Pong:> from Peer_8:peer
Peer_19:peer INFO 4655.879200849348: Received message <Pong:> from Peer_25:peer
Peer_19:peer INFO 4655.899032174473: Received message <Pong:> from Peer_5:peer
Peer_19:peer INFO 5500: Sending message <Ping:> to Peer_27:bootstrap
Peer_19:peer INFO 5500: Sending message <Ping:> to Peer_8:peer
Peer_19:peer INFO 5500: Sending message <Ping:> to Peer_3:peer
Peer_19:peer INFO 5500: Sending message <Ping:> to Peer_25:peer
Peer_19:peer INFO 5500: Sending message <Ping:> to Peer_5:peer
Peer_19:peer INFO 5500.246875302452: Received message <Ping:> from Peer_3:peer
Peer_19:peer INFO 5500.246875302452: Sending message <Pong:> to Peer_3:peer
Peer_19:peer INFO 5500.544671790884: Received message <Pong:> from Peer_3:peer
Peer_19:peer INFO 5565.38922662824: Received message <Ping:> from Peer_8:peer
Peer_19:peer INFO 5565.38922662824: Sending message <Pong:> to Peer_8:peer
Peer_19:peer INFO 5565.494691426803: Received message <Ping:> from Peer_27:bootstrap
Peer_19:peer INFO 5565.494691426803: Sending message <Pong:> to Peer_27:bootstrap
Peer_19:peer INFO 5578.0150809738625: Received message <Ping:> from Peer_25:peer
Peer_19:peer INFO 5578.0150809738625: Sending message <Pong:> to Peer_25:peer
Peer_19:peer INFO 5578.048833975416: Received message <Ping:> from Peer_5:peer
Peer_19:peer INFO 5578.048833975416: Sending message <Pong:> to Peer_5:peer
Peer_19:peer INFO 5631.035767774163: Received message <Pong:> from Peer_8:peer
Peer_19:peer INFO 5631.205105370927: Received message <Pong:> from Peer_27:bootstrap
Peer_19:peer INFO 5655.890498625361: Received message <Pong:> from Peer_25:peer
Peer_19:peer INFO 5655.961897409444: Received message <Pong:> from Peer_5:peer
Peer_19:peer INFO 6500: Sending message <Ping:> to Peer_27:bootstrap
Peer_19:peer INFO 6500: Sending message <Ping:> to Peer_8:peer
Peer_19:peer INFO 6500: Sending message <Ping:> to Peer_3:peer
Peer_19:peer INFO 6500: Sending message <Ping:> to Peer_25:peer
Peer_19:peer INFO 6500: Sending message <Ping:> to Peer_5:peer
Peer_19:peer INFO 6500.256780032362: Received message <Ping:> from Peer_3:peer
Peer_19:peer INFO 6500.256780032362: Sending message <Pong:> to Peer_3:peer
Peer_19:peer INFO 6500.523429079166: Received message <Pong:> from Peer_3:peer
Peer_19:peer INFO 6565.450090861138: Received message <Ping:> from Peer_27:bootstrap
Peer_19:peer INFO 6565.450090861138: Sending message <Pong:> to Peer_27:bootstrap
Peer_19:peer INFO 6565.629383684092: Received message <Ping:> from Peer_8:peer
Peer_19:peer INFO 6565.629383684092: Sending message <Pong:> to Peer_8:peer
Peer_19:peer INFO 6577.998788771672: Received message <Ping:> from Peer_25:peer
Peer_19:peer INFO 6577.998788771672: Sending message <Pong:> to Peer_25:peer
Peer_19:peer INFO 6578.0016997375815: Received message <Ping:> from Peer_5:peer
Peer_19:peer INFO 6578.0016997375815: Sending message <Pong:> to Peer_5:peer
Peer_19:peer INFO 6630.7506109277665: Received message <Pong:> from Peer_8:peer
Peer_19:peer INFO 6631.0681461745535: Received message <Pong:> from Peer_27:bootstrap
Peer_19:peer INFO 6655.975244405703: Received message <Pong:> from Peer_5:peer
Peer_19:peer INFO 6656.007954184855: Received message <Pong:> from Peer_25:peer
Peer_19:peer INFO 7500: Sending message <Ping:> to Peer_27:bootstrap
Peer_19:peer INFO 7500: Sending message <Ping:> to Peer_8:peer
Peer_19:peer INFO 7500: Sending message <Ping:> to Peer_3:peer
Peer_19:peer INFO 7500: Sending message <Ping:> to Peer_25:peer
Peer_19:peer INFO 7500: Sending message <Ping:> to Peer_5:peer
Peer_19:peer INFO 7500.253592452131: Received message <Ping:> from Peer_3:peer
Peer_19:peer INFO 7500.253592452131: Sending message <Pong:> to Peer_3:peer
Peer_19:peer INFO 7500.576996225966: Received message <Pong:> from Peer_3:peer
Peer_19:peer INFO 7565.442757526112: Received message <Ping:> from Peer_27:bootstrap
Peer_19:peer INFO 7565.442757526112: Sending message <Pong:> to Peer_27:bootstrap
Peer_19:peer INFO 7565.655070596139: Received message <Ping:> from Peer_8:peer
Peer_19:peer INFO 7565.655070596139: Sending message <Pong:> to Peer_8:peer
Peer_19:peer INFO 7577.964050533579: Received message <Ping:> from Peer_5:peer
Peer_19:peer INFO 7577.964050533579: Sending message <Pong:> to Peer_5:peer
Peer_19:peer INFO 7577.981634169703: Received message <Ping:> from Peer_25:peer
Peer_19:peer INFO 7577.981634169703: Sending message <Pong:> to Peer_25:peer
Peer_19:peer INFO 7630.86832937256: Received message <Pong:> from Peer_27:bootstrap
Peer_19:peer INFO 7631.324456846526: Received message <Pong:> from Peer_8:peer
Peer_19:peer INFO 7655.970457574844: Received message <Pong:> from Peer_5:peer
Peer_19:peer INFO 7656.03156685347: Received message <Pong:> from Peer_25:peer
Peer_19:peer INFO 8500: Sending message <Ping:> to Peer_27:bootstrap
Peer_19:peer INFO 8500: Sending message <Ping:> to Peer_8:peer
Peer_19:peer INFO 8500: Sending message <Ping:> to Peer_3:peer
Peer_19:peer INFO 8500: Sending message <Ping:> to Peer_25:peer
Peer_19:peer INFO 8500: Sending message <Ping:> to Peer_5:peer
Peer_19:peer INFO 8500.260182674505: Received message <Ping:> from Peer_3:peer
Peer_19:peer INFO 8500.260182674505: Sending message <Pong:> to Peer_3:peer
Peer_19:peer INFO 8500.489129367332: Received message <Pong:> from Peer_3:peer
Peer_19:peer INFO 8565.381610955086: Received message <Ping:> from Peer_27:bootstrap
Peer_19:peer INFO 8565.381610955086: Sending message <Pong:> to Peer_27:bootstrap
Peer_19:peer INFO 8565.483305051415: Received message <Ping:> from Peer_8:peer
Peer_19:peer INFO 8565.483305051415: Sending message <Pong:> to Peer_8:peer
Peer_19:peer INFO 8577.984191827567: Received message <Ping:> from Peer_25:peer
Peer_19:peer INFO 8577.984191827567: Sending message <Pong:> to Peer_25:peer
Peer_19:peer INFO 8578.043260334474: Received message <Ping:> from Peer_5:peer
Peer_19:peer INFO 8578.043260334474: Sending message <Pong:> to Peer_5:peer
Peer_19:peer INFO 8631.112272899614: Received message <Pong:> from Peer_27:bootstrap
Peer_19:peer INFO 8631.144083549823: Received message <Pong:> from Peer_8:peer
Peer_19:peer INFO 8655.941119901127: Received message <Pong:> from Peer_25:peer
Peer_19:peer INFO 8656.043836250908: Received message <Pong:> from Peer_5:peer
Peer_19:peer INFO 9500: Sending message <Ping:> to Peer_27:bootstrap
Peer_19:peer INFO 9500: Sending message <Ping:> to Peer_8:peer
Peer_19:peer INFO 9500: Sending message <Ping:> to Peer_3:peer
Peer_19:peer INFO 9500: Sending message <Ping:> to Peer_25:peer
Peer_19:peer INFO 9500: Sending message <Ping:> to Peer_5:peer
Peer_19:peer INFO 9500.247025123324: Received message <Ping:> from Peer_3:peer
Peer_19:peer INFO 9500.247025123324: Sending message <Pong:> to Peer_3:peer
Peer_19:peer INFO 9500.583265724019: Received message <Pong:> from Peer_3:peer
Peer_19:peer INFO 9565.60765624835: Received message <Ping:> from Peer_27:bootstrap
Peer_19:peer INFO 9565.60765624835: Sending message <Pong:> to Peer_27:bootstrap
Peer_19:peer INFO 9565.64735885437: Received message <Ping:> from Peer_8:peer
Peer_19:peer INFO 9565.64735885437: Sending message <Pong:> to Peer_8:peer
Peer_19:peer INFO 9578.06203523827: Received message <Ping:> from Peer_25:peer
Peer_19:peer INFO 9578.06203523827: Sending message <Pong:> to Peer_25:peer
Peer_19:peer INFO 9578.093358260438: Received message <Ping:> from Peer_5:peer
Peer_19:peer INFO 9578.093358260438: Sending message <Pong:> to Peer_5:peer
Peer_19:peer INFO 9630.94628564065: Received message <Pong:> from Peer_8:peer
Peer_19:peer INFO 9631.101441105173: Received message <Pong:> from Peer_27:bootstrap
Peer_19:peer INFO 9655.948609804302: Received message <Pong:> from Peer_25:peer
Peer_19:peer INFO 9655.998164031818: Received message <Pong:> from Peer_5:peer
Peer_19:peer INFO 10287.301120605774: Received message <GossipMessage:1_26> from Peer_5:peer
Peer_19:peer INFO 10487.064651339755: Received message <GossipMessage:2_26> from Peer_5:peer
Peer_19:peer INFO 10500: Sending message <Ping:> to Peer_27:bootstrap
Peer_19:peer INFO 10500: Sending message <Ping:> to Peer_8:peer
Peer_19:peer INFO 10500: Sending message <Ping:> to Peer_3:peer
Peer_19:peer INFO 10500: Sending message <Ping:> to Peer_25:peer
Peer_19:peer INFO 10500.265579876901: Received message <Ping:> from Peer_3:peer
Peer_19:peer INFO 10500.265579876901: Sending message <Pong:> to Peer_3:peer
Peer_19:peer INFO 10500.548058145212: Received message <Pong:> from Peer_3:peer
Peer_19:peer INFO 10565.402720767146: Received message <Ping:> from Peer_27:bootstrap
Peer_19:peer INFO 10565.402720767146: Sending message <Pong:> to Peer_27:bootstrap
Peer_19:peer INFO 10565.47020848802: Received message <Ping:> from Peer_8:peer
Peer_19:peer INFO 10565.47020848802: Sending message <Pong:> to Peer_8:peer
Peer_19:peer INFO 10577.978623492334: Received message <Ping:> from Peer_5:peer
Peer_19:peer INFO 10577.978623492334: Sending message <Pong:> to Peer_5:peer
Peer_19:peer INFO 10578.048377553523: Received message <Ping:> from Peer_25:peer
Peer_19:peer INFO 10578.048377553523: Sending message <Pong:> to Peer_25:peer
Peer_19:peer INFO 10630.918980072149: Received message <Pong:> from Peer_27:bootstrap
Peer_19:peer INFO 10631.050662377467: Received message <Pong:> from Peer_8:peer
Peer_19:peer INFO 10656.055251998074: Received message <Pong:> from Peer_25:peer
Peer_19:peer INFO 10687.056071125424: Received message <GossipMessage:3_26> from Peer_5:peer
Peer_19:peer INFO 11087.286041339301: Received message <GossipMessage:5_26> from Peer_5:peer
Peer_19:peer INFO 11287.319603772761: Received message <GossipMessage:6_26> from Peer_5:peer
Peer_19:peer INFO 11487.025261189287: Received message <GossipMessage:7_26> from Peer_5:peer
Peer_19:peer INFO 11500: Sending message <Ping:> to Peer_27:bootstrap
Peer_19:peer INFO 11500: Sending message <Ping:> to Peer_8:peer
Peer_19:peer INFO 11500: Sending message <Ping:> to Peer_3:peer
Peer_19:peer INFO 11500: Sending message <Ping:> to Peer_25:peer
Peer_19:peer INFO 11500.313549058119: Received message <Ping:> from Peer_3:peer
Peer_19:peer INFO 11500.313549058119: Sending message <Pong:> to Peer_3:peer
Peer_19:peer INFO 11500.535018338762: Received message <Pong:> from Peer_3:peer
Peer_19:peer INFO 11565.51572458057: Received message <Ping:> from Peer_8:peer
Peer_19:peer INFO 11565.51572458057: Sending message <Pong:> to Peer_8:peer
Peer_19:peer INFO 11565.696377392827: Received message <Ping:> from Peer_27:bootstrap
Peer_19:peer INFO 11565.696377392827: Sending message <Pong:> to Peer_27:bootstrap
Peer_19:peer INFO 11577.927405904835: Received message <Ping:> from Peer_25:peer
Peer_19:peer INFO 11577.927405904835: Sending message <Pong:> to Peer_25:peer
Peer_19:peer INFO 11577.933441939213: Received message <Ping:> from Peer_5:peer
Peer_19:peer INFO 11577.933441939213: Sending message <Pong:> to Peer_5:peer
Peer_19:peer INFO 11630.881837045052: Received message <Pong:> from Peer_8:peer
Peer_19:peer INFO 11631.119894795509: Received message <Pong:> from Peer_27:bootstrap
Peer_19:peer INFO 11655.97220540846: Received message <Pong:> from Peer_25:peer
Peer_19:peer INFO 11887.475230947379: Received message <GossipMessage:9_26> from Peer_5:peer
Peer_19:peer INFO 12087.39717813759: Received message <GossipMessage:10_26> from Peer_5:peer
Peer_19:peer INFO 12286.802493713512: Received message <GossipMessage:11_26> from Peer_5:peer
Peer_19:peer INFO 12500: Sending message <Ping:> to Peer_27:bootstrap
Peer_19:peer INFO 12500: Sending message <Ping:> to Peer_8:peer
Peer_19:peer INFO 12500: Sending message <Ping:> to Peer_3:peer
Peer_19:peer INFO 12500: Sending message <Ping:> to Peer_25:peer
Peer_19:peer INFO 12500.237253477333: Received message <Ping:> from Peer_3:peer
Peer_19:peer INFO 12500.237253477333: Sending message <Pong:> to Peer_3:peer
Peer_19:peer INFO 12500.479137039845: Received message <Pong:> from Peer_3:peer
Peer_19:peer INFO 12565.42122587776: Received message <Ping:> from Peer_27:bootstrap
Peer_19:peer INFO 12565.42122587776: Sending message <Pong:> to Peer_27:bootstrap
Peer_19:peer INFO 12565.671943032725: Received message <Ping:> from Peer_8:peer
Peer_19:peer INFO 12565.671943032725: Sending message <Pong:> to Peer_8:peer
Peer_19:peer INFO 12577.995349285406: Received message <Ping:> from Peer_25:peer
Peer_19:peer INFO 12577.995349285406: Sending message <Pong:> to Peer_25:peer
Peer_19:peer INFO 12578.040001364698: Received message <Ping:> from Peer_5:peer
Peer_19:peer INFO 12578.040001364698: Sending message <Pong:> to Peer_5:peer
Peer_19:peer INFO 12630.886004500882: Received message <Pong:> from Peer_8:peer
Peer_19:peer INFO 12631.027267733885: Received message <Pong:> from Peer_27:bootstrap
Peer_19:peer INFO 12656.06951598497: Received message <Pong:> from Peer_25:peer
Peer_19:peer INFO 12686.834241229368: Received message <GossipMessage:13_26> from Peer_5:peer
Peer_19:peer INFO 12886.970521523472: Received message <GossipMessage:14_26> from Peer_5:peer
Peer_19:peer INFO 13086.897325284426: Received message <GossipMessage:15_26> from Peer_5:peer
Peer_19:peer INFO 13500: Sending message <Ping:> to Peer_27:bootstrap
Peer_19:peer INFO 13500: Sending message <Ping:> to Peer_8:peer
Peer_19:peer INFO 13500: Sending message <Ping:> to Peer_3:peer
Peer_19:peer INFO 13500: Sending message <Ping:> to Peer_25:peer
Peer_19:peer INFO 13500.27034961781: Received message <Ping:> from Peer_3:peer
Peer_19:peer INFO 13500.27034961781: Sending message <Pong:> to Peer_3:peer
Peer_19:peer INFO 13500.506871288542: Received message <Pong:> from Peer_3:peer
Peer_19:peer INFO 13565.413312374443: Received message <Ping:> from Peer_27:bootstrap
Peer_19:peer INFO 13565.413312374443: Sending message <Pong:> to Peer_27:bootstrap
Peer_19:peer INFO 13565.702688983432: Received message <Ping:> from Peer_8:peer
Peer_19:peer INFO 13565.702688983432: Sending message <Pong:> to Peer_8:peer
Peer_19:peer INFO 13577.949714187222: Received message <Ping:> from Peer_5:peer
Peer_19:peer INFO 13577.949714187222: Sending message <Pong:> to Peer_5:peer
Peer_19:peer INFO 13577.966368233114: Received message <Ping:> from Peer_25:peer
Peer_19:peer INFO 13577.966368233114: Sending message <Pong:> to Peer_25:peer
Peer_19:peer INFO 13630.724300295093: Received message <Pong:> from Peer_8:peer
Peer_19:peer INFO 13631.144324529138: Received message <Pong:> from Peer_27:bootstrap
Peer_19:peer INFO 13655.96509350592: Received message <Pong:> from Peer_25:peer
Peer_19:peer INFO 13686.98112239402: Received message <GossipMessage:18_26> from Peer_5:peer
Peer_19:peer INFO 13886.94403492822: Received message <GossipMessage:19_26> from Peer_5:peer
Peer_19:peer INFO 14086.875780427892: Received message <GossipMessage:20_26> from Peer_5:peer
Peer_19:peer INFO 14500: Sending message <Ping:> to Peer_27:bootstrap
Peer_19:peer INFO 14500: Sending message <Ping:> to Peer_8:peer
Peer_19:peer INFO 14500: Sending message <Ping:> to Peer_3:peer
Peer_19:peer INFO 14500: Sending message <Ping:> to Peer_25:peer
Peer_19:peer INFO 14500.301215561678: Received message <Ping:> from Peer_3:peer
Peer_19:peer INFO 14500.301215561678: Sending message <Pong:> to Peer_3:peer
Peer_19:peer INFO 14500.581867325987: Received message <Pong:> from Peer_3:peer
Peer_19:peer INFO 14565.439054202441: Received message <Ping:> from Peer_27:bootstrap
Peer_19:peer INFO 14565.439054202441: Sending message <Pong:> to Peer_27:bootstrap
Peer_19:peer INFO 14565.619291311574: Received message <Ping:> from Peer_8:peer
Peer_19:peer INFO 14565.619291311574: Sending message <Pong:> to Peer_8:peer
Peer_19:peer INFO 14577.976723459802: Received message <Ping:> from Peer_5:peer
Peer_19:peer INFO 14577.976723459802: Sending message <Pong:> to Peer_5:peer
Peer_19:peer INFO 14578.049180660786: Received message <Ping:> from Peer_25:peer
Peer_19:peer INFO 14578.049180660786: Sending message <Pong:> to Peer_25:peer
Peer_19:peer INFO 14630.885457549666: Received message <Pong:> from Peer_8:peer
Peer_19:peer INFO 14631.07606895968: Received message <Pong:> from Peer_27:bootstrap
Peer_19:peer INFO 14656.058023764515: Received message <Pong:> from Peer_25:peer
