Peer_1:peer WARNING 0: Not enough peers, fetching more (0, 4)
Peer_1:peer INFO 65.54453151041372: Connecting to Peer_27:bootstrap
Peer_1:peer INFO 131.0560629182296: Received message <RequestPeers:> from Peer_27:bootstrap
Peer_1:peer INFO 131.0560629182296: Sending message <PeerList> to Peer_27:bootstrap
Peer_1:peer INFO 131.15007372048052: Received message <Hello:> from Peer_27:bootstrap
Peer_1:peer WARNING 500: Not enough peers, fetching more (1, 4)
Peer_1:peer INFO 500: Sending message <RequestPeers:> to Peer_27:bootstrap
Peer_1:peer INFO 631.0574195347444: Received message <PeerList> from Peer_27:bootstrap
Peer_1:peer WARNING 1000: Not enough peers, fetching more (1, 4)
Peer_1:peer INFO 1000: Sending message <RequestPeers:> to Peer_27:bootstrap
Peer_1:peer INFO 1065.4304503450833: Received message <Hello:> from Peer_12:peer
Peer_1:peer INFO 1065.4304503450833: Connecting to Peer_12:peer
Peer_1:peer INFO 1065.4304503450833: Sending message <Hello:> to Peer_12:peer
Peer_1:peer INFO 1065.4304503450833: Sending message <RequestPeers:> to Peer_12:peer
Peer_1:peer INFO 1078.0114705986325: Connecting to Peer_23:peer
Peer_1:peer INFO 1131.0137689712103: Received message <PeerList> from Peer_27:bootstrap
Peer_1:peer INFO 1155.9508411333852: Received message <Hello:> from Peer_23:peer
Peer_1:peer INFO 1155.961852390548: Received message <RequestPeers:> from Peer_23:peer
Peer_1:peer INFO 1155.961852390548: Sending message <PeerList> to Peer_23:peer
Peer_1:peer INFO 1196.5433146613523: Received message <PeerList> from Peer_12:peer
Peer_1:peer WARNING 1500: Not enough peers, fetching more (3, 4)
Peer_1:peer INFO 1565.4213254362892: Connecting to Peer_2:peer
Peer_1:peer INFO 1565.4376401986583: Received message <RequestPeers:> from Peer_12:peer
Peer_1:peer INFO 1565.4376401986583: Sending message <PeerList> to Peer_12:peer
Peer_1:peer INFO 1630.917331292893: Received message <RequestPeers:> from Peer_2:peer
Peer_1:peer INFO 1630.917331292893: Sending message <PeerList> to Peer_2:peer
Peer_1:peer INFO 1631.1437431350062: Received message <Hello:> from Peer_2:peer
Peer_1:peer INFO 2000: Sending message <Ping:> to Peer_27:bootstrap
Peer_1:peer INFO 2000: Sending message <Ping:> to Peer_23:peer
Peer_1:peer INFO 2065.3495399156127: Received message <Ping:> from Peer_27:bootstrap
Peer_1:peer INFO 2065.3495399156127: Sending message <Pong:> to Peer_27:bootstrap
Peer_1:peer INFO 2077.9874122137767: Received message <Ping:> from Peer_23:peer
Peer_1:peer INFO 2077.9874122137767: Sending message <Pong:> to Peer_23:peer
Peer_1:peer INFO 2131.034656347925: Received message <Pong:> from Peer_27:bootstrap
Peer_1:peer INFO 2155.9794413155555: Received message <Pong:> from Peer_23:peer
Peer_1:peer INFO 2500: Sending message <Ping:> to Peer_12:peer
Peer_1:peer INFO 2500: Sending message <Ping:> to Peer_2:peer
Peer_1:peer INFO 2565.473580231431: Received message <Ping:> from Peer_2:peer
Peer_1:peer INFO 2565.473580231431: Sending message <Pong:> to Peer_2:peer
Peer_1:peer INFO 2565.6789956524754: Received message <Ping:> from Peer_12:peer
Peer_1:peer INFO 2565.6789956524754: Sending message <Pong:> to Peer_12:peer
Peer_1:peer INFO 2630.807347633277: Received message <Pong:> from Peer_12:peer
Peer_1:peer INFO 2631.2181736921184: Received message <Pong:> from Peer_2:peer
Peer_1:peer INFO 3000: Sending message <Ping:> to Peer_27:bootstrap
Peer_1:peer INFO 3000: Sending message <Ping:> to Peer_23:peer
Peer_1:peer INFO 3065.153418408559: Received message <Ping:> from Peer_27:bootstrap
Peer_1:peer INFO 3065.153418408559: Sending message <Pong:> to Peer_27:bootstrap
Peer_1:peer INFO 3078.0229145003573: Received message <Ping:> from Peer_23:peer
Peer_1:peer INFO 3078.0229145003573: Sending message <Pong:> to Peer_23:peer
Peer_1:peer INFO 3131.1270951069578: Received message <Pong:> from Peer_27:bootstrap
Peer_1:peer INFO 3156.006145088851: Received message <Pong:> from Peer_23:peer
Peer_1:peer INFO 3500: Sending message <Ping:> to Peer_12:peer
Peer_1:peer INFO 3500: Sending message <Ping:> to Peer_2:peer
Peer_1:peer INFO 3565.4753023627673: Received message <Ping:> from Peer_12:peer
Peer_1:peer INFO 3565.4753023627673: Sending message <Pong:> to Peer_12:peer
Peer_1:peer INFO 3565.597990399595: Received message <Ping:> from Peer_2:peer
Peer_1:peer INFO 3565.597990399595: Sending message <Pong:> to Peer_2:peer
Peer_1:peer INFO 3630.914936754527: Received message <Pong:> from Peer_2:peer
Peer_1:peer INFO 3631.399298994629: Received message <Pong:> from Peer_12:peer
Peer_1:peer INFO 4000: Sending message <Ping:> to Peer_27:bootstrap
Peer_1:peer INFO 4000: Sending message <Ping:> to Peer_23:peer
Peer_1:peer INFO 4065.3716698163275: Received message <Ping:> from Peer_27:bootstrap
Peer_1:peer INFO 4065.3716698163275: Sending message <Pong:> to Peer_27:bootstrap
Peer_1:peer INFO 4078.029860413287: Received message <Ping:> from Peer_23:peer
Peer_1:peer INFO 4078.029860413287: Sending message <Pong:> to Peer_23:peer
Peer_1:peer INFO 4131.011046551966: Received message <Pong:> from Peer_27:bootstrap
Peer_1:peer INFO 4155.897466052697: Received message <Pong:> from Peer_23:peer
Peer_1:peer INFO 4500: Sending message <Ping:> to Peer_12:peer
Peer_1:peer INFO 4500: Sending message <Ping:> to Peer_2:peer
Peer_1:peer INFO 4565.55585013904: Received message <Ping:> from Peer_12:peer
Peer_1:peer INFO 4565.55585013904: Sending message <Pong:> to Peer_12:peer
Peer_1:peer INFO 4565.638895174571: Received message <Ping:> from Peer_2:peer
Peer_1:peer INFO 4565.638895174571: Sending message <Pong:> to Peer_2:peer
Peer_1:peer INFO 4631.033233547067: Received message <Pong:> from Peer_12:peer
Peer_1:peer INFO 4631.08148286734: Received message <Pong:> from Peer_2:peer
Peer_1:peer INFO 5000: Sending message <Ping:> to Peer_27:bootstrap
Peer_1:peer INFO 5000: Sending message <Ping:> to Peer_23:peer
Peer_1:peer INFO 5065.713086366128: Received message <Ping:> from Peer_27:bootstrap
Peer_1:peer INFO 5065.713086366128: Sending message <Pong:> to Peer_27:bootstrap
Peer_1:peer INFO 5078.010443277622: Received message <Ping:> from Peer_23:peer
Peer_1:peer INFO 5078.010443277622: Sending message <Pong:> to Peer_23:peer
Peer_1:peer INFO 5130.887056134447: Received message <Pong:> from Peer_27:bootstrap
Peer_1:peer INFO 5155.922289080791: Received message <Pong:> from Peer_23:peer
Peer_1:peer INFO 5500: Sending message <Ping:> to Peer_12:peer
Peer_1:peer INFO 5500: Sending message <Ping:> to Peer_2:peer
Peer_1:peer INFO 5565.423491344284: Received message <Ping:> from Peer_12:peer
Peer_1:peer INFO 5565.423491344284: Sending message <Pong:> to Peer_12:peer
Peer_1:peer INFO 5565.643798760408: Received message <Ping:> from Peer_2:peer
Peer_1:peer INFO 5565.643798760408: Sending message <Pong:> to Peer_2:peer
Peer_1:peer INFO 5630.9841549003495: Received message <Pong:> from Peer_2:peer
Peer_1:peer INFO 5631.291828634949: Received message <Pong:> from Peer_12:peer
Peer_1:peer INFO 6000: Sending message <Ping:> to Peer_27:bootstrap
Peer_1:peer INFO 6000: Sending message <Ping:> to Peer_23:peer
Peer_1:peer INFO 6065.563857413354: Received message <Ping:> from Peer_27:bootstrap
Peer_1:peer INFO 6065.563857413354: Sending message <Pong:> to Peer_27:bootstrap
Peer_1:peer INFO 6077.972942476113: Received message <Ping:> from Peer_23:peer
Peer_1:peer INFO 6077.972942476113: Sending message <Pong:> to Peer_23:peer
Peer_1:peer INFO 6130.917088448028: Received message <Pong:> from Peer_27:bootstrap
Peer_1:peer INFO 6156.003894177841: Received message <Pong:> from Peer_23:peer
Peer_1:peer INFO 6500: Sending message <Ping:> to Peer_12:peer
Peer_1:peer INFO 6500: Sending message <Ping:> to Peer_2:peer
Peer_1:peer INFO 6565.514479064606: Received message <Ping:> from Peer_12:peer
Peer_1:peer INFO 6565.514479064606: Sending message <Pong:> to Peer_12:peer
Peer_1:peer INFO 6565.541051862619: Received message <Ping:> from Peer_2:peer
Peer_1:peer INFO 6565.541051862619: Sending message <Pong:> to Peer_2:peer
Peer_1:peer INFO 6631.11464608691: Received message <Pong:> from Peer_12:peer
Peer_1:peer INFO 6631.3164111407505: Received message <Pong:> from Peer_2:peer
Peer_1:peer INFO 7000: Sending message <Ping:> to Peer_27:bootstrap
Peer_1:peer INFO 7000: Sending message <Ping:> to Peer_23:peer
Peer_1:peer INFO 7065.47833877658: Received message <Ping:> from Peer_27:bootstrap
Peer_1:peer INFO 7065.47833877658: Sending message <Pong:> to Peer_27:bootstrap
Peer_1:peer INFO 7077.996961922971: Received message <Ping:> from Peer_23:peer
Peer_1:peer INFO 7077.996961922971: Sending message <Pong:> to Peer_23:peer
Peer_1:peer INFO 7131.21214443173: Received message <Pong:> from Peer_27:bootstrap
Peer_1:peer INFO 7156.038846688294: Received message <Pong:> from Peer_23:peer
Peer_1:peer INFO 7500: Sending message <Ping:> to Peer_12:peer
Peer_1:peer INFO 7500: Sending message <Ping:> to Peer_2:peer
Peer_1:peer INFO 7565.531679799556: Received message <Ping:> from Peer_12:peer
Peer_1:peer INFO 7565.531679799556: Sending message <Pong:> to Peer_12:peer
Peer_1:peer INFO 7565.6015200088705: Received message <Ping:> from Peer_2:peer
Peer_1:peer INFO 7565.6015200088705: Sending message <Pong:> to Peer_2:peer
Peer_1:peer INFO 7631.088593069796: Received message <Pong:> from Peer_2:peer
Peer_1:peer INFO 7631.273208609952: Received message <Pong:> from Peer_12:peer
Peer_1:peer INFO 8000: Sending message <Ping:> to Peer_27:bootstrap
Peer_1:peer INFO 8000: Sending message <Ping:> to Peer_23:peer
Peer_1:peer INFO 8065.378313478147: Received message <Ping:> from Peer_27:bootstrap
Peer_1:peer INFO 8065.378313478147: Sending message <Pong:> to Peer_27:bootstrap
Peer_1:peer INFO 8077.986992985949: Received message <Ping:> from Peer_23:peer
Peer_1:peer INFO 8077.986992985949: Sending message <Pong:> to Peer_23:peer
Peer_1:peer INFO 8131.076382500746: Received message <Pong:> from Peer_27:bootstrap
Peer_1:peer INFO 8155.9014614438365: Received message <Pong:> from Peer_23:peer
Peer_1:peer INFO 8500: Sending message <Ping:> to Peer_12:peer
Peer_1:peer INFO 8500: Sending message <Ping:> to Peer_2:peer
Peer_1:peer INFO 8565.574816101236: Received message <Ping:> from Peer_12:peer
Peer_1:peer INFO 8565.574816101236: Sending message <Pong:> to Peer_12:peer
Peer_1:peer INFO 8565.592530352627: Received message <Ping:> from Peer_2:peer
Peer_1:peer INFO 8565.592530352627: Sending message <Pong:> to Peer_2:peer
Peer_1:peer INFO 8630.647713512517: Received message <Pong:> from Peer_12:peer
Peer_1:peer INFO 8631.259970898618: Received message <Pong:> from Peer_2:peer
Peer_1:peer INFO 9000: Sending message <Ping:> to Peer_27:bootstrap
Peer_1:peer INFO 9000: Sending message <Ping:> to Peer_23:peer
Peer_1:peer INFO 9065.519044562698: Received message <Ping:> from Peer_27:bootstrap
Peer_1:peer INFO 9065.519044562698: Sending message <Pong:> to Peer_27:bootstrap
Peer_1:peer INFO 9077.923523692132: Received message <Ping:> from Peer_23:peer
Peer_1:peer INFO 9077.923523692132: Sending message <Pong:> to Peer_23:peer
Peer_1:peer INFO 9131.17165367355: Received message <Pong:> from Peer_27:bootstrap
Peer_1:peer INFO 9155.990983880287: Received message <Pong:> from Peer_23:peer
Peer_1:peer INFO 9500: Sending message <Ping:> to Peer_12:peer
Peer_1:peer INFO 9500: Sending message <Ping:> to Peer_2:peer
Peer_1:peer INFO 9565.249354682759: Received message <Ping:> from Peer_12:peer
Peer_1:peer INFO 9565.249354682759: Sending message <Pong:> to Peer_12:peer
Peer_1:peer INFO 9565.693465719489: Received message <Ping:> from Peer_2:peer
Peer_1:peer INFO 9565.693465719489: Sending message <Pong:> to Peer_2:peer
Peer_1:peer INFO 9630.774470779881: Received message <Pong:> from Peer_12:peer
Peer_1:peer INFO 9631.146765212236: Received message <Pong:> from Peer_2:peer
Peer_1:peer INFO 10000: Sending message <Ping:> to Peer_27:bootstrap
Peer_1:peer INFO 10000: Sending message <Ping:> to Peer_23:peer
Peer_1:peer INFO 10065.660607384281: Received message <Ping:> from Peer_27:bootstrap
Peer_1:peer INFO 10065.660607384281: Sending message <Pong:> to Peer_27:bootstrap
Peer_1:peer INFO 10078.023804491837: Received message <Ping:> from Peer_23:peer
Peer_1:peer INFO 10078.023804491837: Sending message <Pong:> to Peer_23:peer
Peer_1:peer INFO 10130.80334383945: Received message <Pong:> from Peer_27:bootstrap
Peer_1:peer INFO 10131.634746679238: Received message <GossipMessage:1_26> from Peer_12:peer
Peer_1:peer INFO 10131.634746679238: Sending message <GossipMessage:1_26> to Peer_23:peer
Peer_1:peer INFO 10131.634746679238: Sending message <GossipMessage:1_26> to Peer_2:peer
Peer_1:peer INFO 10156.04995308997: Received message <Pong:> from Peer_23:peer
Peer_1:peer INFO 10331.324297925126: Received message <GossipMessage:2_26> from Peer_12:peer
Peer_1:peer INFO 10331.324297925126: Sending message <GossipMessage:2_26> to Peer_23:peer
Peer_1:peer INFO 10331.324297925126: Sending message <GossipMessage:2_26> to Peer_2:peer
Peer_1:peer INFO 10500: Sending message <Ping:> to Peer_2:peer
Peer_1:peer INFO 10531.699281267996: Received message <GossipMessage:3_26> from Peer_12:peer
Peer_1:peer INFO 10531.699281267996: Sending message <GossipMessage:3_26> to Peer_23:peer
Peer_1:peer INFO 10531.699281267996: Sending message <GossipMessage:3_26> to Peer_2:peer
Peer_1:peer INFO 10565.642767421934: Received message <Ping:> from Peer_12:peer
Peer_1:peer INFO 10565.642767421934: Sending message <Pong:> to Peer_12:peer
Peer_1:peer INFO 10630.97704224026: Received message <Pong:> from Peer_2:peer
Peer_1:peer INFO 10731.45003593086: Received message <GossipMessage:4_26> from Peer_12:peer
Peer_1:peer INFO 10731.45003593086: Sending message <GossipMessage:4_26> to Peer_23:peer
Peer_1:peer INFO 10731.45003593086: Sending message <GossipMessage:4_26> to Peer_2:peer
Peer_1:peer INFO 10931.71548378278: Received message <GossipMessage:5_26> from Peer_12:peer
Peer_1:peer INFO 10931.71548378278: Sending message <GossipMessage:5_26> to Peer_2:peer
Peer_1:peer INFO 10931.71548378278: Sending message <GossipMessage:5_26> to Peer_23:peer
Peer_1:peer INFO 11000: Sending message <Ping:> to Peer_27:bootstrap
Peer_1:peer INFO 11000: Sending message <Ping:> to Peer_23:peer
Peer_1:peer INFO 11065.63812732497: Received message <Ping:> from Peer_27:bootstrap
Peer_1:peer INFO 11065.63812732497: Sending message <Pong:> to Peer_27:bootstrap
Peer_1:peer INFO 11131.02503646094: Received message <Pong:> from Peer_27:bootstrap
Peer_1:peer INFO 11131.651415825263: Received message <GossipMessage:6_26> from Peer_12:peer
Peer_1:peer INFO 11131.651415825263: Sending message <GossipMessage:6_26> to Peer_23:peer
Peer_1:peer INFO 11131.651415825263: Sending message <GossipMessage:6_26> to Peer_2:peer
Peer_1:peer INFO 11155.925163554282: Received message <Pong:> from Peer_23:peer
Peer_1:peer INFO 11331.375068124125: Received message <GossipMessage:7_26> from Peer_12:peer
Peer_1:peer INFO 11331.375068124125: Sending message <GossipMessage:7_26> to Peer_23:peer
Peer_1:peer INFO 11331.375068124125: Sending message <GossipMessage:7_26> to Peer_2:peer
Peer_1:peer INFO 11500: Sending message <Ping:> to Peer_2:peer
Peer_1:peer INFO 11531.260800866341: Received message <GossipMessage:8_26> from Peer_12:peer
Peer_1:peer INFO 11531.260800866341: Sending message <GossipMessage:8_26> to Peer_23:peer
Peer_1:peer INFO 11531.260800866341: Sending message <GossipMessage:8_26> to Peer_2:peer
Peer_1:peer INFO 11565.650095124038: Received message <Ping:> from Peer_12:peer
Peer_1:peer INFO 11565.650095124038: Sending message <Pong:> to Peer_12:peer
Peer_1:peer INFO 11631.024928957153: Received message <Pong:> from Peer_2:peer
Peer_1:peer INFO 11731.743145845174: Received message <GossipMessage:9_26> from Peer_12:peer
Peer_1:peer INFO 11731.743145845174: Sending message <GossipMessage:9_26> to Peer_2:peer
Peer_1:peer INFO 11731.743145845174: Sending message <GossipMessage:9_26> to Peer_23:peer
Peer_1:peer INFO 11931.665242662191: Received message <GossipMessage:10_26> from Peer_12:peer
Peer_1:peer INFO 11931.665242662191: Sending message <GossipMessage:10_26> to Peer_23:peer
Peer_1:peer INFO 11931.665242662191: Sending message <GossipMessage:10_26> to Peer_2:peer
Peer_1:peer INFO 12000: Sending message <Ping:> to Peer_27:bootstrap
Peer_1:peer INFO 12000: Sending message <Ping:> to Peer_23:peer
Peer_1:peer INFO 12065.346051677596: Received message <Ping:> from Peer_27:bootstrap
Peer_1:peer INFO 12065.346051677596: Sending message <Pong:> to Peer_27:bootstrap
Peer_1:peer INFO 12131.098985134193: Received message <GossipMessage:11_26> from Peer_12:peer
Peer_1:peer INFO 12131.098985134193: Sending message <GossipMessage:11_26> to Peer_23:peer
Peer_1:peer INFO 12131.098985134193: Sending message <GossipMessage:11_26> to Peer_2:peer
Peer_1:peer INFO 12131.143096259644: Received message <Pong:> from Peer_27:bootstrap
Peer_1:peer INFO 12155.986392872459: Received message <Pong:> from Peer_23:peer
Peer_1:peer INFO 12331.57841773749: Received message <GossipMessage:12_26> from Peer_12:peer
Peer_1:peer INFO 12331.57841773749: Sending message <GossipMessage:12_26> to Peer_23:peer
Peer_1:peer INFO 12331.57841773749: Sending message <GossipMessage:12_26> to Peer_2:peer
Peer_1:peer INFO 12500: Sending message <Ping:> to Peer_2:peer
Peer_1:peer INFO 12531.516924447058: Received message <GossipMessage:13_26> from Peer_12:peer
Peer_1:peer INFO 12531.516924447058: Sending message <GossipMessage:13_26> to Peer_23:peer
Peer_1:peer INFO 12531.516924447058: Sending message <GossipMessage:13_26> to Peer_2:peer
Peer_1:peer INFO 12565.6336609888: Received message <Ping:> from Peer_12:peer
Peer_1:peer INFO 12565.6336609888: Sending message <Pong:> to Peer_12:peer
Peer_1:peer INFO 12630.785623446322: Received message <Pong:> from Peer_2:peer
Peer_1:peer INFO 12731.417915623513: Received message <GossipMessage:14_26> from Peer_12:peer
Peer_1:peer INFO 12731.417915623513: Sending message <GossipMessage:14_26> to Peer_2:peer
Peer_1:peer INFO 12731.417915623513: Sending message <GossipMessage:14_26> to Peer_23:peer
Peer_1:peer INFO 12931.550027111702: Received message <GossipMessage:15_26> from Peer_12:peer
Peer_1:peer INFO 12931.550027111702: Sending message <GossipMessage:15_26> to Peer_2:peer
Peer_1:peer INFO 12931.550027111702: Sending message <GossipMessage:15_26> to Peer_23:peer
Peer_1:peer INFO 13000: Sending message <Ping:> to Peer_27:bootstrap
Peer_1:peer INFO 13000: Sending message <Ping:> to Peer_23:peer
Peer_1:peer INFO 13065.635961210537: Received message <Ping:> from Peer_27:bootstrap
Peer_1:peer INFO 13065.635961210537: Sending message <Pong:> to Peer_27:bootstrap
Peer_1:peer INFO 13130.983296784094: Received message <Pong:> from Peer_27:bootstrap
Peer_1:peer INFO 13131.230570736956: Received message <GossipMessage:16_26> from Peer_12:peer
Peer_1:peer INFO 13131.230570736956: Sending message <GossipMessage:16_26> to Peer_2:peer
Peer_1:peer INFO 13131.230570736956: Sending message <GossipMessage:16_26> to Peer_23:peer
Peer_1:peer INFO 13156.058925098481: Received message <Pong:> from Peer_23:peer
Peer_1:peer INFO 13331.585319119546: Received message <GossipMessage:17_26> from Peer_12:peer
Peer_1:peer INFO 13331.585319119546: Sending message <GossipMessage:17_26> to Peer_2:peer
Peer_1:peer INFO 13331.585319119546: Sending message <GossipMessage:17_26> to Peer_23:peer
Peer_1:peer INFO 13500: Sending message <Ping:> to Peer_2:peer
Peer_1:peer INFO 13531.475161582728: Received message <GossipMessage:18_26> from Peer_12:peer
Peer_1:peer INFO 13531.475161582728: Sending message <GossipMessage:18_26> to Peer_2:peer
Peer_1:peer INFO 13531.475161582728: Sending message <GossipMessage:18_26> to Peer_23:peer
Peer_1:peer INFO 13565.535936542068: Received message <Ping:> from Peer_12:peer
Peer_1:peer INFO 13565.535936542068: Sending message <Pong:> to Peer_12:peer
Peer_1:peer INFO 13630.911159617131: Received message <Pong:> from Peer_2:peer
Peer_1:peer INFO 13731.536974079718: Received message <GossipMessage:19_26> from Peer_12:peer
Peer_1:peer INFO 13731.536974079718: Sending message <GossipMessage:19_26> to Peer_23:peer
Peer_1:peer INFO 13731.536974079718: Sending message <GossipMessage:19_26> to Peer_2:peer
Peer_1:peer INFO 13931.708245199909: Received message <GossipMessage:20_26> from Peer_12:peer
Peer_1:peer INFO 13931.708245199909: Sending message <GossipMessage:20_26> to Peer_2:peer
Peer_1:peer INFO 13931.708245199909: Sending message <GossipMessage:20_26> to Peer_23:peer
Peer_1:peer INFO 14000: Sending message <Ping:> to Peer_27:bootstrap
Peer_1:peer INFO 14000: Sending message <Ping:> to Peer_23:peer
Peer_1:peer INFO 14065.515996030168: Received message <Ping:> from Peer_27:bootstrap
Peer_1:peer INFO 14065.515996030168: Sending message <Pong:> to Peer_27:bootstrap
Peer_1:peer INFO 14130.810230840274: Received message <Pong:> from Peer_27:bootstrap
Peer_1:peer INFO 14156.015565098889: Received message <Pong:> from Peer_23:peer
Peer_1:peer INFO 14500: Sending message <Ping:> to Peer_12:peer
Peer_1:peer INFO 14500: Sending message <Ping:> to Peer_2:peer
Peer_1:peer INFO 14565.505689977053: Received message <Ping:> from Peer_12:peer
Peer_1:peer INFO 14565.505689977053: Sending message <Pong:> to Peer_12:peer
Peer_1:peer INFO 14565.531710534518: Received message <Ping:> from Peer_2:peer
Peer_1:peer INFO 14565.531710534518: Sending message <Pong:> to Peer_2:peer
Peer_1:peer INFO 14630.915909435564: Received message <Pong:> from Peer_12:peer
Peer_1:peer INFO 14630.990608760572: Received message <Pong:> from Peer_2:peer
