Peer_3:peer WARNING 0: Not enough peers, fetching more (0, 4)
Peer_3:peer INFO 65.55652005885155: Connecting to Peer_27:bootstrap
Peer_3:peer INFO 131.06383995224758: Received message <Hello:> from Peer_27:bootstrap
Peer_3:peer INFO 131.20259611940781: Received message <RequestPeers:> from Peer_27:bootstrap
Peer_3:peer INFO 131.20259611940781: Sending message <PeerList> to Peer_27:bootstrap
Peer_3:peer WARNING 500: Not enough peers, fetching more (1, 4)
Peer_3:peer INFO 500: Sending message <RequestPeers:> to Peer_27:bootstrap
Peer_3:peer INFO 631.0136152207582: Received message <PeerList> from Peer_27:bootstrap
Peer_3:peer WARNING 1000: Not enough peers, fetching more (1, 4)
Peer_3:peer INFO 1000: Sending message <RequestPeers:> to Peer_27:bootstrap
Peer_3:peer INFO 1000.2415297026369: Connecting to Peer_10:peer
Peer_3:peer INFO 1000.4688630188248: Received message <Hello:> from Peer_10:peer
Peer_3:peer INFO 1000.4780557490014: Received message <RequestPeers:> from Peer_10:peer
Peer_3:peer INFO 1000.4780557490014: Sending message <PeerList> to Peer_10:peer
Peer_3:peer INFO 1131.038025853054: Received message <PeerList> from Peer_27:bootstrap
Peer_3:peer WARNING 1500: Not enough peers, fetching more (2, 4)
Peer_3:peer INFO 1500: Sending message <RequestPeers:> to Peer_10:peer
Peer_3:peer INFO 1500: Sending message <RequestPeers:> to Peer_27:bootstrap
Peer_3:peer INFO 1500.2530324093218: Received message <Hello:> from Peer_13:peer
Peer_3:peer INFO 1500.2530324093218: Connecting to Peer_13:peer
Peer_3:peer INFO 1500.2530324093218: Sending message <Hello:> to Peer_13:peer
Peer_3:peer INFO 1500.2530324093218: Sending message <RequestPeers:> to Peer_13:peer
Peer_3:peer INFO 1500.2576460325886: Connecting to Peer_19:peer
Peer_3:peer INFO 1500.485363704765: Received message <RequestPeers:> from Peer_19:peer
Peer_3:peer INFO 1500.485363704765: Sending message <PeerList> to Peer_19:peer
Peer_3:peer INFO 1500.5645165663877: Received message <PeerList> from Peer_10:peer
Peer_3:peer INFO 1500.6489313745483: Received message <Hello:> from Peer_19:peer
Peer_3:peer INFO 1500.7726161130834: Received message <PeerList> from Peer_13:peer
Peer_3:peer INFO 1631.1326572393123: Received message <PeerList> from Peer_27:bootstrap
Peer_3:peer INFO 2500: Sending message <Ping:> to Peer_27:bootstrap
Peer_3:peer INFO 2500: Sending message <Ping:> to Peer_10:peer
Peer_3:peer INFO 2500: Sending message <Ping:> to Peer_13:peer
Peer_3:peer INFO 2500: Sending message <Ping:> to Peer_19:peer
Peer_3:peer INFO 2500.2442062789996: Received message <Ping:> from Peer_13:peer
Peer_3:peer INFO 2500.2442062789996: Sending message <Pong:> to Peer_13:peer
Peer_3:peer INFO 2500.2614310925887: Received message <Ping:> from Peer_19:peer
Peer_3:peer INFO 2500.2614310925887: Sending message <Pong:> to Peer_19:peer
Peer_3:peer INFO 2500.295068460596: Received message <Ping:> from Peer_10:peer
Peer_3:peer INFO 2500.295068460596: Sending message <Pong:> to Peer_10:peer
Peer_3:peer INFO 2500.4869797357487: Received message <Pong:> from Peer_13:peer
Peer_3:peer INFO 2500.5487342753336: Received message <Pong:> from Peer_19:peer
Peer_3:peer INFO 2500.604926613228: Received message <Pong:> from Peer_10:peer
Peer_3:peer INFO 2565.3829188991426: Received message <Ping:> from Peer_27:bootstrap
Peer_3:peer INFO 2565.3829188991426: Sending message <Pong:> to Peer_27:bootstrap
Peer_3:peer INFO 2631.0075862937592: Received message <Pong:> from Peer_27:bootstrap
Peer_3:peer INFO 3500: Sending message <Ping:> to Peer_27:bootstrap
Peer_3:peer INFO 3500: Sending message <Ping:> to Peer_10:peer
Peer_3:peer INFO 3500: Sending message <Ping:> to Peer_13:peer
Peer_3:peer INFO 3500: Sending message <Ping:> to Peer_19:peer
Peer_3:peer INFO 3500.2326188927345: Received message <Ping:> from Peer_13:peer
Peer_3:peer INFO 3500.2326188927345: Sending message <Pong:> to Peer_13:peer
Peer_3:peer INFO 3500.2832476279505: Received message <Ping:> from Peer_10:peer
Peer_3:peer INFO 3500.2832476279505: Sending message <Pong:> to Peer_10:peer
Peer_3:peer INFO 3500.2964880527475: Received message <Ping:> from Peer_19:peer
Peer_3:peer INFO 3500.2964880527475: Sending message <Pong:> to Peer_19:peer
Peer_3:peer INFO 3500.526771892358: Received message <Pong:> from Peer_13:peer
Peer_3:peer INFO 3500.5292736036536: Received message <Pong:> from Peer_10:peer
Peer_3:peer INFO 3500.544830763724: Received message <Pong:> from Peer_19:peer
Peer_3:peer INFO 3565.5523955545004: Received message <Ping:> from Peer_27:bootstrap
Peer_3:peer INFO 3565.5523955545004: Sending message <Pong:> to Peer_27:bootstrap
Peer_3:peer INFO 3630.894774041561: Received message <Pong:> from Peer_27:bootstrap
Peer_3:peer INFO 4500: Sending message <Ping:> to Peer_27:bootstrap
Peer_3:peer INFO 4500: Sending message <Ping:> to Peer_10:peer
Peer_3:peer INFO 4500: Sending message <Ping:> to Peer_13:peer
Peer_3:peer INFO 4500: Sending message <Ping:> to Peer_19:peer
Peer_3:peer INFO 4500.261791670664: Received message <Ping:> from Peer_13:peer
Peer_3:peer INFO 4500.261791670664: Sending message <Pong:> to Peer_13:peer
Peer_3:peer INFO 4500.271476963728: Received message <Ping:> from Peer_10:peer
Peer_3:peer INFO 4500.271476963728: Sending message <Pong:> to Peer_10:peer
Peer_3:peer INFO 4500.308374563892: Received message <Ping:> from Peer_19:peer
Peer_3:peer INFO 4500.308374563892: Sending message <Pong:> to Peer_19:peer
Peer_3:peer INFO 4500.507780505677: Received message <Pong:> from Peer_13:peer
Peer_3:peer INFO 4500.52860894609: Received message <Pong:> from Peer_19:peer
Peer_3:peer INFO 4500.614888627944: Received message <Pong:> from Peer_10:peer
Peer_3:peer INFO 4565.615588216248: Received message <Ping:> from Peer_27:bootstrap
Peer_3:peer INFO 4565.615588216248: Sending message <Pong:> to Peer_27:bootstrap
Peer_3:peer INFO 4631.160838614028: Received message <Pong:> from Peer_27:bootstrap
Peer_3:peer INFO 5500: Sending message <Ping:> to Peer_27:bootstrap
Peer_3:peer INFO 5500: Sending message <Ping:> to Peer_10:peer
Peer_3:peer INFO 5500: Sending message <Ping:> to Peer_13:peer
Peer_3:peer INFO 5500: Sending message <Ping:> to Peer_19:peer
Peer_3:peer INFO 5500.257558911725: Received message <Ping:> from Peer_13:peer
Peer_3:peer INFO 5500.257558911725: Sending message <Pong:> to Peer_13:peer
Peer_3:peer INFO 5500.260322739791: Received message <Ping:> from Peer_10:peer
Peer_3:peer INFO 5500.260322739791: Sending message <Pong:> to Peer_10:peer
Peer_3:peer INFO 5500.277801883553: Received message <Ping:> from Peer_19:peer
Peer_3:peer INFO 5500.277801883553: Sending message <Pong:> to Peer_19:peer
Peer_3:peer INFO 5500.511109746791: Received message <Pong:> from Peer_13:peer
Peer_3:peer INFO 5500.5245022516965: Received message <Pong:> from Peer_19:peer
Peer_3:peer INFO 5500.755507657697: Received message <Pong:> from Peer_10:peer
Peer_3:peer INFO 5565.649364155245: Received message <Ping:> from Peer_27:bootstrap
Peer_3:peer INFO 5565.649364155245: Sending message <Pong:> to Peer_27:bootstrap
Peer_3:peer INFO 5631.182155169123: Received message <Pong:> from Peer_27:bootstrap
Peer_3:peer INFO 6500: Sending message <Ping:> to Peer_27:bootstrap
Peer_3:peer INFO 6500: Sending message <Ping:> to Peer_10:peer
Peer_3:peer INFO 6500: Sending message <Ping:> to Peer_13:peer
Peer_3:peer INFO 6500: Sending message <Ping:> to Peer_19:peer
Peer_3:peer INFO 6500.227513220619: Received message <Ping:> from Peer_19:peer
Peer_3:peer INFO 6500.227513220619: Sending message <Pong:> to Peer_19:peer
Peer_3:peer INFO 6500.263584984823: Received message <Ping:> from Peer_13:peer
Peer_3:peer INFO 6500.263584984823: Sending message <Pong:> to Peer_13:peer
Peer_3:peer INFO 6500.286179948186: Received message <Ping:> from Peer_10:peer
Peer_3:peer INFO 6500.286179948186: Sending message <Pong:> to Peer_10:peer
Peer_3:peer INFO 6500.476257090406: Received message <Pong:> from Peer_19:peer
Peer_3:peer INFO 6500.53490304681: Received message <Pong:> from Peer_10:peer
Peer_3:peer INFO 6500.546861317301: Received message <Pong:> from Peer_13:peer
Peer_3:peer INFO 6565.737429740319: Received message <Ping:> from Peer_27:bootstrap
Peer_3:peer INFO 6565.737429740319: Sending message <Pong:> to Peer_27:bootstrap
Peer_3:peer INFO 6630.892887309853: Received message <Pong:> from Peer_27:bootstrap
Peer_3:peer INFO 7500: Sending message <Ping:> to Peer_27:bootstrap
Peer_3:peer INFO 7500: Sending message <Ping:> to Peer_10:peer
Peer_3:peer INFO 7500: Sending message <Ping:> to Peer_13:peer
Peer_3:peer INFO 7500: Sending message <Ping:> to Peer_19:peer
Peer_3:peer INFO 7500.224094252067: Received message <Ping:> from Peer_13:peer
Peer_3:peer INFO 7500.224094252067: Sending message <Pong:> to Peer_13:peer
Peer_3:peer INFO 7500.315638728609: Received message <Ping:> from Peer_19:peer
Peer_3:peer INFO 7500.315638728609: Sending message <Pong:> to Peer_19:peer
Peer_3:peer INFO 7500.353363865157: Received message <Ping:> from Peer_10:peer
Peer_3:peer INFO 7500.353363865157: Sending message <Pong:> to Peer_10:peer
Peer_3:peer INFO 7500.51295134728: Received message <Pong:> from Peer_19:peer
Peer_3:peer INFO 7500.547109637626: Received message <Pong:> from Peer_13:peer
Peer_3:peer INFO 7500.561044232111: Received message <Pong:> from Peer_10:peer
Peer_3:peer INFO 7565.401438172379: Received message <Ping:> from Peer_27:bootstrap
Peer_3:peer INFO 7565.401438172379: Sending message <Pong:> to Peer_27:bootstrap
Peer_3:peer INFO 7631.2217858831855: Received message <Pong:> from Peer_27:bootstrap
Peer_3:peer INFO 8500: Sending message <Ping:> to Peer_27:bootstrap
Peer_3:peer INFO 8500: Sending message <Ping:> to Peer_10:peer
Peer_3:peer INFO 8500: Sending message <Ping:> to Peer_13:peer
Peer_3:peer INFO 8500: Sending message <Ping:> to Peer_19:peer
Peer_3:peer INFO 8500.230488651145: Received message <Ping:> from Peer_10:peer
Peer_3:peer INFO 8500.230488651145: Sending message <Pong:> to Peer_10:peer
Peer_3:peer INFO 8500.243969749044: Received message <Ping:> from Peer_13:peer
Peer_3:peer INFO 8500.243969749044: Sending message <Pong:> to Peer_13:peer
Peer_3:peer INFO 8500.24859842032: Received message <Ping:> from Peer_19:peer
Peer_3:peer INFO 8500.24859842032: Sending message <Pong:> to Peer_19:peer
Peer_3:peer INFO 8500.496539072474: Received message <Pong:> from Peer_10:peer
Peer_3:peer INFO 8500.544491450713: Received message <Pong:> from Peer_19:peer
Peer_3:peer INFO 8500.565889735743: Received message <Pong:> from Peer_13:peer
Peer_3:peer INFO 8565.67980417365: Received message <Ping:> from Peer_27:bootstrap
Peer_3:peer INFO 8565.67980417365: Sending message <Pong:> to Peer_27:bootstrap
Peer_3:peer INFO 8630.964094804976: Received message <Pong:> from Peer_27:bootstrap
Peer_3:peer INFO 9500: Sending message <Ping:> to Peer_27:bootstrap
Peer_3:peer INFO 9500: Sending message <Ping:> to Peer_10:peer
Peer_3:peer INFO 9500: Sending message <Ping:> to Peer_13:peer
Peer_3:peer INFO 9500: Sending message <Ping:> to Peer_19:peer
Peer_3:peer INFO 9500.239999588825: Received message <Ping:> from Peer_10:peer
Peer_3:peer INFO 9500.239999588825: Sending message <Pong:> to Peer_10:peer
Peer_3:peer INFO 9500.334197357251: Received message <Ping:> from Peer_13:peer
Peer_3:peer INFO 9500.334197357251: Sending message <Pong:> to Peer_13:peer
Peer_3:peer INFO 9500.337799604253: Received message <Ping:> from Peer_19:peer
Peer_3:peer INFO 9500.337799604253: Sending message <Pong:> to Peer_19:peer
Peer_3:peer INFO 9500.486110297194: Received message <Pong:> from Peer_19:peer
Peer_3:peer INFO 9500.531875691393: Received message <Pong:> from Peer_13:peer
Peer_3:peer INFO 9500.537048107291: Received message <Pong:> from Peer_10:peer
Peer_3:peer INFO 9565.575193688903: Received message <Ping:> from Peer_27:bootstrap
Peer_3:peer INFO 9565.575193688903: Sending message <Pong:> to Peer_27:bootstrap
Peer_3:peer INFO 9630.867532328513: Received message <Pong:> from Peer_27:bootstrap
Peer_3:peer INFO 10500: Sending message <Ping:> to Peer_27:bootstrap
Peer_3:peer INFO 10500: Sending message <Ping:> to Peer_10:peer
Peer_3:peer INFO 10500: Sending message <Ping:> to Peer_13:peer
Peer_3:peer INFO 10500: Sending message <Ping:> to Peer_19:peer
Peer_3:peer INFO 10500.273048599174: Received message <Ping:> from Peer_13:peer
Peer_3:peer INFO 10500.273048599174: Sending message <Pong:> to Peer_13:peer
Peer_3:peer INFO 10500.282265272435: Received message <Ping:> from Peer_19:peer
Peer_3:peer INFO 10500.282265272435: Sending message <Pong:> to Peer_19:peer
Peer_3:peer INFO 10500.307936436342: Received message <Ping:> from Peer_10:peer
Peer_3:peer INFO 10500.307936436342: Sending message <Pong:> to Peer_10:peer
Peer_3:peer INFO 10500.516558650022: Received message <Pong:> from Peer_19:peer
Peer_3:peer INFO 10500.577597712603: Received message <Pong:> from Peer_10:peer
Peer_3:peer INFO 10500.615445637128: Received message <Pong:> from Peer_13:peer
Peer_3:peer INFO 10565.580462492386: Received message <Ping:> from Peer_27:bootstrap
Peer_3:peer INFO 10565.580462492386: Sending message <Pong:> to Peer_27:bootstrap
Peer_3:peer INFO 10630.811995313188: Received message <Pong:> from Peer_27:bootstrap
Peer_3:peer INFO 11500: Sending message <Ping:> to Peer_27:bootstrap
Peer_3:peer INFO 11500: Sending message <Ping:> to Peer_10:peer
Peer_3:peer INFO 11500: Sending message <Ping:> to Peer_13:peer
Peer_3:peer INFO 11500: Sending message <Ping:> to Peer_19:peer
Peer_3:peer INFO 11500.233660684808: Received message <Ping:> from Peer_13:peer
Peer_3:peer INFO 11500.233660684808: Sending message <Pong:> to Peer_13:peer
Peer_3:peer INFO 11500.262498514841: Received message <Ping:> from Peer_10:peer
Peer_3:peer INFO 11500.262498514841: Sending message <Pong:> to Peer_10:peer
Peer_3:peer INFO 11500.308101877394: Received message <Ping:> from Peer_19:peer
Peer_3:peer INFO 11500.308101877394: Sending message <Pong:> to Peer_19:peer
Peer_3:peer INFO 11500.487754991218: Received message <Pong:> from Peer_10:peer
Peer_3:peer INFO 11500.51008002685: Received message <Pong:> from Peer_13:peer
Peer_3:peer INFO 11500.619158745016: Received message <Pong:> from Peer_19:peer
Peer_3:peer INFO 11565.408669152639: Received message <Ping:> from Peer_27:bootstrap
Peer_3:peer INFO 11565.408669152639: Sending message <Pong:> to Peer_27:bootstrap
Peer_3:peer INFO 11630.894648612784: Received message <Pong:> from Peer_27:bootstrap
Peer_3:peer INFO 12500: Sending message <Ping:> to Peer_27:bootstrap
Peer_3:peer INFO 12500: Sending message <Ping:> to Peer_10:peer
Peer_3:peer INFO 12500: Sending message <Ping:> to Peer_13:peer
Peer_3:peer INFO 12500: Sending message <Ping:> to Peer_19:peer
Peer_3:peer INFO 12500.239864622004: Received message <Ping:> from Peer_19:peer
Peer_3:peer INFO 12500.239864622004: Sending message <Pong:> to Peer_19:peer
Peer_3:peer INFO 12500.252991158572: Received message <Ping:> from Peer_13:peer
Peer_3:peer INFO 12500.252991158572: Sending message <Pong:> to Peer_13:peer
Peer_3:peer INFO 12500.26904024022: Received message <Ping:> from Peer_10:peer
Peer_3:peer INFO 12500.26904024022: Sending message <Pong:> to Peer_10:peer
Peer_3:peer INFO 12500.516680859891: Received message <Pong:> from Peer_13:peer
Peer_3:peer INFO 12500.548920530904: Received message <Pong:> from Peer_19:peer
Peer_3:peer INFO 12500.569990557333: Received message <Pong:> from Peer_10:peer
Peer_3:peer INFO 12565.746299220402: Received message <Ping:> from Peer_27:bootstrap
Peer_3:peer INFO 12565.746299220402: Sending message <Pong:> to Peer_27:bootstrap
Peer_3:peer INFO 12630.759060026647: Received message <Pong:> from Peer_27:bootstrap
Peer_3:peer INFO 13500: Sending message <Ping:> to Peer_27:bootstrap
Peer_3:peer INFO 13500: Sending message <Ping:> to Peer_10:peer
Peer_3:peer INFO 13500: Sending message <Ping:> to Peer_13:peer
Peer_3:peer INFO 13500: Sending message <Ping:> to Peer_19:peer
Peer_3:peer INFO 13500.274457505651: Received message <Ping:> from Peer_19:peer
Peer_3:peer INFO 13500.274457505651: Sending message <Pong:> to Peer_19:peer
Peer_3:peer INFO 13500.275042352629: Received message <Ping:> from Peer_13:peer
Peer_3:peer INFO 13500.275042352629: Sending message <Pong:> to Peer_13:peer
Peer_3:peer INFO 13500.282991770613: Received message <Ping:> from Peer_10:peer
Peer_3:peer INFO 13500.282991770613: Sending message <Pong:> to Peer_10:peer
Peer_3:peer INFO 13500.523665521143: Received message <Pong:> from Peer_13:peer
Peer_3:peer INFO 13500.534854131587: Received message <Pong:> from Peer_19:peer
Peer_3:peer INFO 13500.58943973511: Received message <Pong:> from Peer_10:peer
Peer_3:peer INFO 13565.525201149767: Received message <Ping:> from Peer_27:bootstrap
Peer_3:peer INFO 13565.525201149767: Sending message <Pong:> to Peer_27:bootstrap
Peer_3:peer INFO 13631.401192447767: Received message <Pong:> from Peer_27:bootstrap
Peer_3:peer INFO 14500: Sending message <Ping:> to Peer_27:bootstrap
Peer_3:peer INFO 14500: Sending message <Ping:> to Peer_10:peer
Peer_3:peer INFO 14500: Sending message <Ping:> to Peer_13:peer
Peer_3:peer INFO 14500: Sending message <Ping:> to Peer_19:peer
Peer_3:peer INFO 14500.271084935148: Received message <Ping:> from Peer_13:peer
Peer_3:peer INFO 14500.271084935148: Sending message <Pong:> to Peer_13:peer
Peer_3:peer INFO 14500.289860107709: Received message <Ping:> from Peer_19:peer
Peer_3:peer INFO 14500.289860107709: Sending message <Pong:> to Peer_19:peer
Peer_3:peer INFO 14500.347323563608: Received message <Ping:> from Peer_10:peer
Peer_3:peer INFO 14500.347323563608: Sending message <Pong:> to Peer_10:peer
Peer_3:peer INFO 14500.489562308852: Received message <Pong:> from Peer_10:peer
Peer_3:peer INFO 14500.522738002599: Received message <Pong:> from Peer_13:peer
Peer_3:peer INFO 14500.546670531454: Received message <Pong:> from Peer_19:peer
Peer_3:peer INFO 14565.539347165524: Received message <Ping:> from Peer_27:bootstrap
Peer_3:peer INFO 14565.539347165524: Sending message <Pong:> to Peer_27:bootstrap
Peer_3:peer INFO 14630.889063727154: Received message <Pong:> from Peer_27:bootstrap
