Peer_7:basic INFO 0.7104364941342676: Received message <Hello:> from Peer_8:basic
Peer_7:basic INFO 0.7104364941342676: Connecting to Peer_8:basic
Peer_7:basic INFO 0.7104364941342676: Sending message <Hello:> to Peer_8:basic
Peer_7:basic INFO 0.7644293032751519: Received message <Hello:> from Peer_1:basic
Peer_7:basic INFO 0.7644293032751519: Connecting to Peer_1:basic
Peer_7:basic INFO 0.7644293032751519: Sending message <Hello:> to Peer_1:basic
Peer_7:basic INFO 0.7778500379218691: Received message <Hello:> from Peer_2:basic
Peer_7:basic INFO 0.7778500379218691: Connecting to Peer_2:basic
Peer_7:basic INFO 0.7778500379218691: Sending message <Hello:> to Peer_2:basic
Peer_7:basic INFO 0.9441411122674935: Received message <Hello:> from Peer_2:basic
Peer_7:basic INFO 0.9441411122674935: Connecting to Peer_2:basic
Peer_7:basic INFO 0.9441411122674935: Sending message <Hello:> to Peer_2:basic
Peer_7:basic INFO 4.844764211855791: Received message <Hello:> from Peer_4:basic
Peer_7:basic INFO 4.844764211855791: Connecting to Peer_4:basic
Peer_7:basic INFO 4.844764211855791: Sending message <Hello:> to Peer_4:basic
Peer_7:basic INFO 5.000599131947453: Received message <Hello:> from Peer_9:basic
Peer_7:basic INFO 5.000599131947453: Connecting to Peer_9:basic
Peer_7:basic INFO 5.000599131947453: Sending message <Hello:> to Peer_9:basic
Peer_7:basic INFO 1000: Sending message <Ping:> to Peer_8:basic
Peer_7:basic INFO 1000: Sending message <Ping:> to Peer_1:basic
Peer_7:basic INFO 1000: Sending message <Ping:> to Peer_2:basic
Peer_7:basic INFO 1000: Sending message <Ping:> to Peer_2:basic
Peer_7:basic INFO 1000: Sending message <Ping:> to Peer_4:basic
Peer_7:basic INFO 1000: Sending message <Ping:> to Peer_9:basic
Peer_7:basic INFO 1000.5588320274973: Received message <Ping:> from Peer_1:basic
Peer_7:basic INFO 1000.5588320274973: Sending message <Pong:> to Peer_1:basic
Peer_7:basic INFO 1000.8779007861566: Received message <Ping:> from Peer_8:basic
Peer_7:basic INFO 1000.8779007861566: Sending message <Pong:> to Peer_8:basic
Peer_7:basic INFO 1000.9940773930392: Received message <Ping:> from Peer_2:basic
Peer_7:basic INFO 1000.9940773930392: Sending message <Pong:> to Peer_2:basic
Peer_7:basic INFO 1001.0978519574766: Received message <Ping:> from Peer_2:basic
Peer_7:basic INFO 1001.0978519574766: Sending message <Pong:> to Peer_2:basic
Peer_7:basic INFO 1001.9828938616783: Received message <Pong:> from Peer_2:basic
Peer_7:basic INFO 1002.0816097392137: Received message <Pong:> from Peer_2:basic
Peer_7:basic INFO 1002.2252308882493: Received message <Pong:> from Peer_8:basic
Peer_7:basic INFO 1002.9730758117436: Received message <Pong:> from Peer_1:basic
Peer_7:basic INFO 1003.97274248332: Received message <Ping:> from Peer_9:basic
Peer_7:basic INFO 1003.97274248332: Sending message <Pong:> to Peer_9:basic
Peer_7:basic INFO 1004.9984406756092: Received message <Ping:> from Peer_4:basic
Peer_7:basic INFO 1004.9984406756092: Sending message <Pong:> to Peer_4:basic
Peer_7:basic INFO 1011.127740309377: Received message <Pong:> from Peer_9:basic
Peer_7:basic INFO 1012.0762616432161: Received message <Pong:> from Peer_4:basic
Peer_7:basic INFO 2000: Sending message <Ping:> to Peer_8:basic
Peer_7:basic INFO 2000: Sending message <Ping:> to Peer_1:basic
Peer_7:basic INFO 2000: Sending message <Ping:> to Peer_2:basic
Peer_7:basic INFO 2000: Sending message <Ping:> to Peer_2:basic
Peer_7:basic INFO 2000: Sending message <Ping:> to Peer_4:basic
Peer_7:basic INFO 2000: Sending message <Ping:> to Peer_9:basic
Peer_7:basic INFO 2000.6753782216663: Received message <Ping:> from Peer_2:basic
Peer_7:basic INFO 2000.6753782216663: Sending message <Pong:> to Peer_2:basic
Peer_7:basic INFO 2001.072889188439: Received message <Ping:> from Peer_1:basic
Peer_7:basic INFO 2001.072889188439: Sending message <Pong:> to Peer_1:basic
Peer_7:basic INFO 2001.1575503488966: Received message <Ping:> from Peer_2:basic
Peer_7:basic INFO 2001.1575503488966: Sending message <Pong:> to Peer_2:basic
Peer_7:basic INFO 2001.2744342207325: Received message <Pong:> from Peer_8:basic
Peer_7:basic INFO 2001.5366360572282: Received message <Pong:> from Peer_1:basic
Peer_7:basic INFO 2002.6188770670974: Received message <Pong:> from Peer_2:basic
Peer_7:basic INFO 2003.0696270921194: Received message <Ping:> from Peer_8:basic
Peer_7:basic INFO 2003.0696270921194: Sending message <Pong:> to Peer_8:basic
Peer_7:basic INFO 2003.1653861362274: Received message <Pong:> from Peer_2:basic
Peer_7:basic INFO 2004.8575413255282: Received message <Ping:> from Peer_4:basic
Peer_7:basic INFO 2004.8575413255282: Sending message <Pong:> to Peer_4:basic
Peer_7:basic INFO 2004.9507451876268: Received message <Ping:> from Peer_9:basic
Peer_7:basic INFO 2004.9507451876268: Sending message <Pong:> to Peer_9:basic
Peer_7:basic INFO 2011.5889438053086: Received message <Pong:> from Peer_4:basic
Peer_7:basic INFO 2012.3761571252276: Received message <Pong:> from Peer_9:basic
Peer_7:basic INFO 3000: Sending message <Ping:> to Peer_8:basic
Peer_7:basic INFO 3000: Sending message <Ping:> to Peer_1:basic
Peer_7:basic INFO 3000: Sending message <Ping:> to Peer_2:basic
Peer_7:basic INFO 3000: Sending message <Ping:> to Peer_2:basic
Peer_7:basic INFO 3000: Sending message <Ping:> to Peer_4:basic
Peer_7:basic INFO 3000: Sending message <Ping:> to Peer_9:basic
Peer_7:basic INFO 3000.6332181194134: Received message <Ping:> from Peer_8:basic
Peer_7:basic INFO 3000.6332181194134: Sending message <Pong:> to Peer_8:basic
Peer_7:basic INFO 3001.1290116198816: Received message <Pong:> from Peer_2:basic
Peer_7:basic INFO 3001.3784395365137: Received message <Ping:> from Peer_2:basic
Peer_7:basic INFO 3001.3784395365137: Sending message <Pong:> to Peer_2:basic
Peer_7:basic INFO 3001.6638731961852: Received message <Pong:> from Peer_8:basic
Peer_7:basic INFO 3001.8965620157555: Received message <Pong:> from Peer_1:basic
Peer_7:basic INFO 3002.393559405317: Received message <Ping:> from Peer_1:basic
Peer_7:basic INFO 3002.393559405317: Sending message <Pong:> to Peer_1:basic
Peer_7:basic INFO 3002.6203340164866: Received message <Pong:> from Peer_2:basic
Peer_7:basic INFO 3003.2253040352975: Received message <Ping:> from Peer_2:basic
Peer_7:basic INFO 3003.2253040352975: Sending message <Pong:> to Peer_2:basic
Peer_7:basic INFO 3004.516271617902: Received message <Ping:> from Peer_4:basic
Peer_7:basic INFO 3004.516271617902: Sending message <Pong:> to Peer_4:basic
Peer_7:basic INFO 3007.3645732222617: Received message <Ping:> from Peer_9:basic
Peer_7:basic INFO 3007.3645732222617: Sending message <Pong:> to Peer_9:basic
Peer_7:basic INFO 3011.618591263348: Received message <Pong:> from Peer_9:basic
Peer_7:basic INFO 3012.174746029152: Received message <Pong:> from Peer_4:basic
Peer_7:basic INFO 4000: Sending message <Ping:> to Peer_8:basic
Peer_7:basic INFO 4000: Sending message <Ping:> to Peer_1:basic
Peer_7:basic INFO 4000: Sending message <Ping:> to Peer_2:basic
Peer_7:basic INFO 4000: Sending message <Ping:> to Peer_2:basic
Peer_7:basic INFO 4000: Sending message <Ping:> to Peer_4:basic
Peer_7:basic INFO 4000: Sending message <Ping:> to Peer_9:basic
Peer_7:basic INFO 4000.5073115766127: Received message <Ping:> from Peer_2:basic
Peer_7:basic INFO 4000.5073115766127: Sending message <Pong:> to Peer_2:basic
Peer_7:basic INFO 4000.7419679773225: Received message <Ping:> from Peer_8:basic
Peer_7:basic INFO 4000.7419679773225: Sending message <Pong:> to Peer_8:basic
Peer_7:basic INFO 4000.771888458554: Received message <Ping:> from Peer_1:basic
Peer_7:basic INFO 4000.771888458554: Sending message <Pong:> to Peer_1:basic
Peer_7:basic INFO 4001.3891251703703: Received message <Ping:> from Peer_2:basic
Peer_7:basic INFO 4001.3891251703703: Sending message <Pong:> to Peer_2:basic
Peer_7:basic INFO 4001.4570647484734: Received message <Pong:> from Peer_8:basic
Peer_7:basic INFO 4001.9267253274434: Received message <Pong:> from Peer_2:basic
Peer_7:basic INFO 4002.081896683549: Received message <Pong:> from Peer_2:basic
Peer_7:basic INFO 4003.330801234901: Received message <Pong:> from Peer_1:basic
Peer_7:basic INFO 4006.7377403076853: Received message <Ping:> from Peer_4:basic
Peer_7:basic INFO 4006.7377403076853: Sending message <Pong:> to Peer_4:basic
Peer_7:basic INFO 4007.643572904994: Received message <Ping:> from Peer_9:basic
Peer_7:basic INFO 4007.643572904994: Sending message <Pong:> to Peer_9:basic
Peer_7:basic INFO 4012.2151676699423: Received message <Pong:> from Peer_9:basic
Peer_7:basic INFO 4012.916033181452: Received message <Pong:> from Peer_4:basic
