Peer_2:basic INFO 0.6997772178636317: Received message <Hello:> from Peer_1:basic
Peer_2:basic INFO 0.6997772178636317: Connecting to Peer_1:basic
Peer_2:basic INFO 0.6997772178636317: Sending message <Hello:> to Peer_1:basic
Peer_2:basic INFO 0.7672310574170798: Received message <Hello:> from Peer_2:basic
Peer_2:basic INFO 0.7672310574170798: Connecting to Peer_2:basic
Peer_2:basic INFO 0.7672310574170798: Connecting to Peer_2:basic
Peer_2:basic INFO 0.7672310574170798: Sending message <Hello:> to Peer_2:basic
Peer_2:basic INFO 0.7778500379218691: Connecting to Peer_7:basic
Peer_2:basic INFO 0.9441411122674935: Connecting to Peer_7:basic
Peer_2:basic INFO 0.9546130252444047: Received message <Hello:> from Peer_7:basic
Peer_2:basic INFO 0.9710711142344742: Received message <Hello:> from Peer_7:basic
Peer_2:basic INFO 1.097980045223507: Received message <Hello:> from Peer_8:basic
Peer_2:basic INFO 1.097980045223507: Connecting to Peer_8:basic
Peer_2:basic INFO 1.097980045223507: Sending message <Hello:> to Peer_8:basic
Peer_2:basic INFO 1.4869237065231506: Received message <Hello:> from Peer_7:basic
Peer_2:basic INFO 1.6797380443640462: Received message <Hello:> from Peer_2:basic
Peer_2:basic INFO 2.219808172000623: Received message <Hello:> from Peer_2:basic
Peer_2:basic INFO 2.3698417360752204: Received message <Hello:> from Peer_7:basic
Peer_2:basic INFO 4.618614445695693: Connecting to Peer_3:basic
Peer_2:basic INFO 5.388634864087777: Received message <Hello:> from Peer_3:basic
Peer_2:basic INFO 5.401202653895117: Received message <Hello:> from Peer_4:basic
Peer_2:basic INFO 5.401202653895117: Connecting to Peer_4:basic
Peer_2:basic INFO 5.401202653895117: Sending message <Hello:> to Peer_4:basic
Peer_2:basic INFO 5.609328643837777: Received message <Hello:> from Peer_3:basic
Peer_2:basic INFO 5.609328643837777: Connecting to Peer_3:basic
Peer_2:basic INFO 5.609328643837777: Sending message <Hello:> to Peer_3:basic
Peer_2:basic INFO 6.543597135620863: Connecting to Peer_9:basic
Peer_2:basic INFO 7.164122217258289: Connecting to Peer_9:basic
Peer_2:basic INFO 7.76034335604187: Received message <Hello:> from Peer_9:basic
Peer_2:basic INFO 8.184321195227472: Received message <Hello:> from Peer_9:basic
Peer_2:basic INFO 9.527845907613843: Received message <Hello:> from Peer_3:basic
Peer_2:basic INFO 13.15816709436941: Received message <Hello:> from Peer_9:basic
Peer_2:basic INFO 13.403632015033658: Received message <Hello:> from Peer_9:basic
Peer_2:basic INFO 1000: Sending message <Ping:> to Peer_1:basic
Peer_2:basic INFO 1000: Sending message <Ping:> to Peer_2:basic
Peer_2:basic INFO 1000: Sending message <Ping:> to Peer_7:basic
Peer_2:basic INFO 1000: Sending message <Ping:> to Peer_3:basic
Peer_2:basic INFO 1000: Sending message <Ping:> to Peer_9:basic
Peer_2:basic INFO 1000: Sending message <Ping:> to Peer_2:basic
Peer_2:basic INFO 1000: Sending message <Ping:> to Peer_7:basic
Peer_2:basic INFO 1000: Sending message <Ping:> to Peer_8:basic
Peer_2:basic INFO 1000: Sending message <Ping:> to Peer_3:basic
Peer_2:basic INFO 1000: Sending message <Ping:> to Peer_4:basic
Peer_2:basic INFO 1000: Sending message <Ping:> to Peer_9:basic
Peer_2:basic INFO 1000.562694790766: Received message <Ping:> from Peer_2:basic
Peer_2:basic INFO 1000.562694790766: Sending message <Pong:> to Peer_2:basic
Peer_2:basic INFO 1000.6628473951132: Received message <Ping:> from Peer_7:basic
Peer_2:basic INFO 1000.6628473951132: Sending message <Pong:> to Peer_7:basic
Peer_2:basic INFO 1000.6967867145057: Received message <Ping:> from Peer_8:basic
Peer_2:basic INFO 1000.6967867145057: Sending message <Pong:> to Peer_8:basic
Peer_2:basic INFO 1000.7418219113442: Received message <Ping:> from Peer_2:basic
Peer_2:basic INFO 1000.7418219113442: Sending message <Pong:> to Peer_2:basic
Peer_2:basic INFO 1000.8718233702608: Received message <Ping:> from Peer_7:basic
Peer_2:basic INFO 1000.8718233702608: Sending message <Pong:> to Peer_7:basic
Peer_2:basic INFO 1001.1382392543226: Received message <Pong:> from Peer_2:basic
Peer_2:basic INFO 1001.189355901248: Received message <Ping:> from Peer_1:basic
Peer_2:basic INFO 1001.189355901248: Sending message <Pong:> to Peer_1:basic
Peer_2:basic INFO 1001.2326377376185: Received message <Pong:> from Peer_8:basic
Peer_2:basic INFO 1001.4763080382241: Received message <Pong:> from Peer_1:basic
Peer_2:basic INFO 1002.1773881767537: Received message <Pong:> from Peer_2:basic
Peer_2:basic INFO 1002.3305466608385: Received message <Pong:> from Peer_7:basic
Peer_2:basic INFO 1002.3356709211031: Received message <Pong:> from Peer_7:basic
Peer_2:basic INFO 1004.6410017746597: Received message <Ping:> from Peer_4:basic
Peer_2:basic INFO 1004.6410017746597: Sending message <Pong:> to Peer_4:basic
Peer_2:basic INFO 1005.279174614608: Received message <Ping:> from Peer_3:basic
Peer_2:basic INFO 1005.279174614608: Sending message <Pong:> to Peer_3:basic
Peer_2:basic INFO 1006.6712293700434: Received message <Ping:> from Peer_9:basic
Peer_2:basic INFO 1006.6712293700434: Sending message <Pong:> to Peer_9:basic
Peer_2:basic INFO 1006.8139461127656: Received message <Ping:> from Peer_3:basic
Peer_2:basic INFO 1006.8139461127656: Sending message <Pong:> to Peer_3:basic
Peer_2:basic INFO 1007.0485246902575: Received message <Ping:> from Peer_9:basic
Peer_2:basic INFO 1007.0485246902575: Sending message <Pong:> to Peer_9:basic
Peer_2:basic INFO 1011.7655570085454: Received message <Pong:> from Peer_9:basic
Peer_2:basic INFO 1012.2074256754095: Received message <Pong:> from Peer_9:basic
Peer_2:basic INFO 1012.4345117611497: Received message <Pong:> from Peer_3:basic
Peer_2:basic INFO 1013.8532424730191: Received message <Pong:> from Peer_4:basic
Peer_2:basic INFO 1014.0193703543633: Received message <Pong:> from Peer_3:basic
Peer_2:basic INFO 2000: Sending message <Ping:> to Peer_1:basic
Peer_2:basic INFO 2000: Sending message <Ping:> to Peer_2:basic
Peer_2:basic INFO 2000: Sending message <Ping:> to Peer_7:basic
Peer_2:basic INFO 2000: Sending message <Ping:> to Peer_3:basic
Peer_2:basic INFO 2000: Sending message <Ping:> to Peer_9:basic
Peer_2:basic INFO 2000: Sending message <Ping:> to Peer_2:basic
Peer_2:basic INFO 2000: Sending message <Ping:> to Peer_7:basic
Peer_2:basic INFO 2000: Sending message <Ping:> to Peer_8:basic
Peer_2:basic INFO 2000: Sending message <Ping:> to Peer_3:basic
Peer_2:basic INFO 2000: Sending message <Ping:> to Peer_4:basic
Peer_2:basic INFO 2000: Sending message <Ping:> to Peer_9:basic
Peer_2:basic INFO 2000.6808738774162: Received message <Ping:> from Peer_8:basic
Peer_2:basic INFO 2000.6808738774162: Sending message <Pong:> to Peer_8:basic
Peer_2:basic INFO 2000.7419581278702: Received message <Ping:> from Peer_7:basic
Peer_2:basic INFO 2000.7419581278702: Sending message <Pong:> to Peer_7:basic
Peer_2:basic INFO 2000.897868049807: Received message <Ping:> from Peer_2:basic
Peer_2:basic INFO 2000.897868049807: Sending message <Pong:> to Peer_2:basic
Peer_2:basic INFO 2001.0054891263146: Received message <Ping:> from Peer_2:basic
Peer_2:basic INFO 2001.0054891263146: Sending message <Pong:> to Peer_2:basic
Peer_2:basic INFO 2001.079903152197: Received message <Ping:> from Peer_1:basic
Peer_2:basic INFO 2001.079903152197: Sending message <Pong:> to Peer_1:basic
Peer_2:basic INFO 2001.198156773086: Received message <Ping:> from Peer_7:basic
Peer_2:basic INFO 2001.198156773086: Sending message <Pong:> to Peer_7:basic
Peer_2:basic INFO 2001.2343593724947: Received message <Pong:> from Peer_8:basic
Peer_2:basic INFO 2001.9329596983946: Received message <Pong:> from Peer_7:basic
Peer_2:basic INFO 2002.538714773332: Received message <Pong:> from Peer_1:basic
Peer_2:basic INFO 2002.616297893205: Received message <Pong:> from Peer_2:basic
Peer_2:basic INFO 2002.7349090159453: Received message <Pong:> from Peer_7:basic
Peer_2:basic INFO 2003.1242412121576: Received message <Pong:> from Peer_2:basic
Peer_2:basic INFO 2003.6729126361486: Received message <Ping:> from Peer_9:basic
Peer_2:basic INFO 2003.6729126361486: Sending message <Pong:> to Peer_9:basic
Peer_2:basic INFO 2003.8391030133475: Received message <Ping:> from Peer_4:basic
Peer_2:basic INFO 2003.8391030133475: Sending message <Pong:> to Peer_4:basic
Peer_2:basic INFO 2004.626756202013: Received message <Ping:> from Peer_9:basic
Peer_2:basic INFO 2004.626756202013: Sending message <Pong:> to Peer_9:basic
Peer_2:basic INFO 2006.0140002694163: Received message <Ping:> from Peer_3:basic
Peer_2:basic INFO 2006.0140002694163: Sending message <Pong:> to Peer_3:basic
Peer_2:basic INFO 2006.4976248124433: Received message <Ping:> from Peer_3:basic
Peer_2:basic INFO 2006.4976248124433: Sending message <Pong:> to Peer_3:basic
Peer_2:basic INFO 2010.508046750893: Received message <Pong:> from Peer_3:basic
Peer_2:basic INFO 2011.8217243152694: Received message <Pong:> from Peer_9:basic
Peer_2:basic INFO 2013.5732225265344: Received message <Pong:> from Peer_4:basic
Peer_2:basic INFO 2014.1902611246787: Received message <Pong:> from Peer_3:basic
Peer_2:basic INFO 2014.2239689405303: Received message <Pong:> from Peer_9:basic
Peer_2:basic INFO 3000: Sending message <Ping:> to Peer_1:basic
Peer_2:basic INFO 3000: Sending message <Ping:> to Peer_2:basic
Peer_2:basic INFO 3000: Sending message <Ping:> to Peer_7:basic
Peer_2:basic INFO 3000: Sending message <Ping:> to Peer_3:basic
Peer_2:basic INFO 3000: Sending message <Ping:> to Peer_9:basic
Peer_2:basic INFO 3000: Sending message <Ping:> to Peer_2:basic
Peer_2:basic INFO 3000: Sending message <Ping:> to Peer_7:basic
Peer_2:basic INFO 3000: Sending message <Ping:> to Peer_8:basic
Peer_2:basic INFO 3000: Sending message <Ping:> to Peer_3:basic
Peer_2:basic INFO 3000: Sending message <Ping:> to Peer_4:basic
Peer_2:basic INFO 3000: Sending message <Ping:> to Peer_9:basic
Peer_2:basic INFO 3000.5371567626735: Received message <Ping:> from Peer_7:basic
Peer_2:basic INFO 3000.5371567626735: Sending message <Pong:> to Peer_7:basic
Peer_2:basic INFO 3000.5729316552874: Received message <Ping:> from Peer_2:basic
Peer_2:basic INFO 3000.5729316552874: Sending message <Pong:> to Peer_2:basic
Peer_2:basic INFO 3000.6322960332845: Received message <Ping:> from Peer_8:basic
Peer_2:basic INFO 3000.6322960332845: Sending message <Pong:> to Peer_8:basic
Peer_2:basic INFO 3000.7152329817786: Received message <Ping:> from Peer_1:basic
Peer_2:basic INFO 3000.7152329817786: Sending message <Pong:> to Peer_1:basic
Peer_2:basic INFO 3000.927055053204: Received message <Ping:> from Peer_7:basic
Peer_2:basic INFO 3000.927055053204: Sending message <Pong:> to Peer_7:basic
Peer_2:basic INFO 3001.062514417843: Received message <Ping:> from Peer_2:basic
Peer_2:basic INFO 3001.062514417843: Sending message <Pong:> to Peer_2:basic
Peer_2:basic INFO 3001.328052722214: Received message <Pong:> from Peer_2:basic
Peer_2:basic INFO 3001.9007944553705: Received message <Pong:> from Peer_2:basic
Peer_2:basic INFO 3002.078286213862: Received message <Pong:> from Peer_1:basic
Peer_2:basic INFO 3002.1890748440796: Received message <Pong:> from Peer_7:basic
Peer_2:basic INFO 3003.073046469942: Received message <Pong:> from Peer_8:basic
Peer_2:basic INFO 3003.778340753862: Received message <Pong:> from Peer_7:basic
Peer_2:basic INFO 3004.5226264663424: Received message <Ping:> from Peer_9:basic
Peer_2:basic INFO 3004.5226264663424: Sending message <Pong:> to Peer_9:basic
Peer_2:basic INFO 3005.197122571531: Received message <Ping:> from Peer_3:basic
Peer_2:basic INFO 3005.197122571531: Sending message <Pong:> to Peer_3:basic
Peer_2:basic INFO 3005.5432405340853: Received message <Ping:> from Peer_3:basic
Peer_2:basic INFO 3005.5432405340853: Sending message <Pong:> to Peer_3:basic
Peer_2:basic INFO 3006.1377081071846: Received message <Ping:> from Peer_4:basic
Peer_2:basic INFO 3006.1377081071846: Sending message <Pong:> to Peer_4:basic
Peer_2:basic INFO 3006.230456700507: Received message <Ping:> from Peer_9:basic
Peer_2:basic INFO 3006.230456700507: Sending message <Pong:> to Peer_9:basic
Peer_2:basic INFO 3011.312699165207: Received message <Pong:> from Peer_9:basic
Peer_2:basic INFO 3011.8871554224165: Received message <Pong:> from Peer_3:basic
Peer_2:basic INFO 3012.6342556249438: Received message <Pong:> from Peer_9:basic
Peer_2:basic INFO 3013.2375747818887: Received message <Pong:> from Peer_4:basic
Peer_2:basic INFO 3013.9968567484907: Received message <Pong:> from Peer_3:basic
Peer_2:basic INFO 4000: Sending message <Ping:> to Peer_1:basic
Peer_2:basic INFO 4000: Sending message <Ping:> to Peer_2:basic
Peer_2:basic INFO 4000: Sending message <Ping:> to Peer_7:basic
Peer_2:basic INFO 4000: Sending message <Ping:> to Peer_3:basic
Peer_2:basic INFO 4000: Sending message <Ping:> to Peer_9:basic
Peer_2:basic INFO 4000: Sending message <Ping:> to Peer_2:basic
Peer_2:basic INFO 4000: Sending message <Ping:> to Peer_7:basic
Peer_2:basic INFO 4000: Sending message <Ping:> to Peer_8:basic
Peer_2:basic INFO 4000: Sending message <Ping:> to Peer_3:basic
Peer_2:basic INFO 4000: Sending message <Ping:> to Peer_4:basic
Peer_2:basic INFO 4000: Sending message <Ping:> to Peer_9:basic
Peer_2:basic INFO 4000.56079764739: Received message <Ping:> from Peer_2:basic
Peer_2:basic INFO 4000.56079764739: Sending message <Pong:> to Peer_2:basic
Peer_2:basic INFO 4000.5964826013064: Received message <Ping:> from Peer_1:basic
Peer_2:basic INFO 4000.5964826013064: Sending message <Pong:> to Peer_1:basic
Peer_2:basic INFO 4000.7127907181075: Received message <Ping:> from Peer_7:basic
Peer_2:basic INFO 4000.7127907181075: Sending message <Pong:> to Peer_7:basic
Peer_2:basic INFO 4000.8004145109326: Received message <Ping:> from Peer_8:basic
Peer_2:basic INFO 4000.8004145109326: Sending message <Pong:> to Peer_8:basic
Peer_2:basic INFO 4001.0827862801298: Received message <Ping:> from Peer_2:basic
Peer_2:basic INFO 4001.0827862801298: Sending message <Pong:> to Peer_2:basic
Peer_2:basic INFO 4001.1820258872353: Received message <Ping:> from Peer_7:basic
Peer_2:basic INFO 4001.1820258872353: Sending message <Pong:> to Peer_7:basic
Peer_2:basic INFO 4001.2542177764813: Received message <Pong:> from Peer_2:basic
Peer_2:basic INFO 4001.300758075166: Received message <Pong:> from Peer_7:basic
Peer_2:basic INFO 4001.555425538967: Received message <Pong:> from Peer_8:basic
Peer_2:basic INFO 4001.5839119570933: Received message <Pong:> from Peer_2:basic
Peer_2:basic INFO 4002.2146805965895: Received message <Pong:> from Peer_7:basic
Peer_2:basic INFO 4002.708053970759: Received message <Pong:> from Peer_1:basic
Peer_2:basic INFO 4004.6026985712556: Received message <Ping:> from Peer_3:basic
Peer_2:basic INFO 4004.6026985712556: Sending message <Pong:> to Peer_3:basic
Peer_2:basic INFO 4004.6685814827047: Received message <Ping:> from Peer_3:basic
Peer_2:basic INFO 4004.6685814827047: Sending message <Pong:> to Peer_3:basic
Peer_2:basic INFO 4006.118577597029: Received message <Ping:> from Peer_4:basic
Peer_2:basic INFO 4006.118577597029: Sending message <Pong:> to Peer_4:basic
Peer_2:basic INFO 4006.1924075409206: Received message <Ping:> from Peer_9:basic
Peer_2:basic INFO 4006.1924075409206: Sending message <Pong:> to Peer_9:basic
Peer_2:basic INFO 4007.8235881400033: Received message <Ping:> from Peer_9:basic
Peer_2:basic INFO 4007.8235881400033: Sending message <Pong:> to Peer_9:basic
Peer_2:basic INFO 4011.4184442626774: Received message <Pong:> from Peer_9:basic
Peer_2:basic INFO 4012.2259018058717: Received message <Pong:> from Peer_4:basic
Peer_2:basic INFO 4012.3131399971235: Received message <Pong:> from Peer_3:basic
Peer_2:basic INFO 4013.638965326051: Received message <Pong:> from Peer_9:basic
Peer_2:basic INFO 4014.114855069323: Received message <Pong:> from Peer_3:basic
