Peer_3:basic INFO 0.4443400477499353: Received message <Hello:> from Peer_9:basic
Peer_3:basic INFO 0.4443400477499353: Connecting to Peer_9:basic
Peer_3:basic INFO 0.4443400477499353: Sending message <Hello:> to Peer_9:basic
Peer_3:basic INFO 4.227110087527937: Received message <Hello:> from Peer_5:basic
Peer_3:basic INFO 4.227110087527937: Connecting to Peer_5:basic
Peer_3:basic INFO 4.227110087527937: Sending message <Hello:> to Peer_5:basic
Peer_3:basic INFO 4.618614445695693: Received message <Hello:> from Peer_2:basic
Peer_3:basic INFO 4.618614445695693: Connecting to Peer_2:basic
Peer_3:basic INFO 4.618614445695693: Sending message <Hello:> to Peer_2:basic
Peer_3:basic INFO 5.323643399715021: Connecting to Peer_1:basic
Peer_3:basic INFO 5.609328643837777: Connecting to Peer_2:basic
Peer_3:basic INFO 6.0298342530338624: Received message <Hello:> from Peer_1:basic
Peer_3:basic INFO 7.3590599733499085: Received message <Hello:> from Peer_2:basic
Peer_3:basic INFO 10.543385313867615: Received message <Hello:> from Peer_1:basic
Peer_3:basic INFO 11.605128531196504: Received message <Hello:> from Peer_2:basic
Peer_3:basic INFO 1000: Sending message <Ping:> to Peer_9:basic
Peer_3:basic INFO 1000: Sending message <Ping:> to Peer_5:basic
Peer_3:basic INFO 1000: Sending message <Ping:> to Peer_2:basic
Peer_3:basic INFO 1000: Sending message <Ping:> to Peer_1:basic
Peer_3:basic INFO 1000: Sending message <Ping:> to Peer_2:basic
Peer_3:basic INFO 1000.8742943605082: Received message <Ping:> from Peer_9:basic
Peer_3:basic INFO 1000.8742943605082: Sending message <Pong:> to Peer_9:basic
Peer_3:basic INFO 1001.8497430087035: Received message <Pong:> from Peer_9:basic
Peer_3:basic INFO 1005.0904019863879: Received message <Ping:> from Peer_1:basic
Peer_3:basic INFO 1005.0904019863879: Sending message <Pong:> to Peer_1:basic
Peer_3:basic INFO 1005.7809376131644: Received message <Ping:> from Peer_5:basic
Peer_3:basic INFO 1005.7809376131644: Sending message <Pong:> to Peer_5:basic
Peer_3:basic INFO 1006.034950387861: Received message <Ping:> from Peer_2:basic
Peer_3:basic INFO 1006.034950387861: Sending message <Pong:> to Peer_2:basic
Peer_3:basic INFO 1006.6296643190252: Received message <Ping:> from Peer_2:basic
Peer_3:basic INFO 1006.6296643190252: Sending message <Pong:> to Peer_2:basic
Peer_3:basic INFO 1011.7335570882664: Received message <Pong:> from Peer_1:basic
Peer_3:basic INFO 1011.7741260601952: Received message <Pong:> from Peer_2:basic
Peer_3:basic INFO 1013.3945070795088: Received message <Pong:> from Peer_2:basic
Peer_3:basic INFO 1014.7478465685566: Received message <Pong:> from Peer_5:basic
Peer_3:basic INFO 2000: Sending message <Ping:> to Peer_9:basic
Peer_3:basic INFO 2000: Sending message <Ping:> to Peer_5:basic
Peer_3:basic INFO 2000: Sending message <Ping:> to Peer_2:basic
Peer_3:basic INFO 2000: Sending message <Ping:> to Peer_1:basic
Peer_3:basic INFO 2000: Sending message <Ping:> to Peer_2:basic
Peer_3:basic INFO 2001.1931057671973: Received message <Ping:> from Peer_9:basic
Peer_3:basic INFO 2001.1931057671973: Sending message <Pong:> to Peer_9:basic
Peer_3:basic INFO 2001.917945552928: Received message <Pong:> from Peer_9:basic
Peer_3:basic INFO 2005.1671163787644: Received message <Ping:> from Peer_2:basic
Peer_3:basic INFO 2005.1671163787644: Sending message <Pong:> to Peer_2:basic
Peer_3:basic INFO 2005.3977203667505: Received message <Ping:> from Peer_1:basic
Peer_3:basic INFO 2005.3977203667505: Sending message <Pong:> to Peer_1:basic
Peer_3:basic INFO 2005.9295278556817: Received message <Ping:> from Peer_5:basic
Peer_3:basic INFO 2005.9295278556817: Sending message <Pong:> to Peer_5:basic
Peer_3:basic INFO 2008.7461883834685: Received message <Ping:> from Peer_2:basic
Peer_3:basic INFO 2008.7461883834685: Sending message <Pong:> to Peer_2:basic
Peer_3:basic INFO 2010.430569624759: Received message <Pong:> from Peer_5:basic
Peer_3:basic INFO 2011.5298984051713: Received message <Pong:> from Peer_2:basic
Peer_3:basic INFO 2012.4503642959205: Received message <Pong:> from Peer_1:basic
Peer_3:basic INFO 2013.467237134198: Received message <Pong:> from Peer_2:basic
Peer_3:basic INFO 3000: Sending message <Ping:> to Peer_9:basic
Peer_3:basic INFO 3000: Sending message <Ping:> to Peer_5:basic
Peer_3:basic INFO 3000: Sending message <Ping:> to Peer_2:basic
Peer_3:basic INFO 3000: Sending message <Ping:> to Peer_1:basic
Peer_3:basic INFO 3000: Sending message <Ping:> to Peer_2:basic
Peer_3:basic INFO 3000.7270618647453: Received message <Ping:> from Peer_9:basic
Peer_3:basic INFO 3000.7270618647453: Sending message <Pong:> to Peer_9:basic
Peer_3:basic INFO 3002.522192906951: Received message <Pong:> from Peer_9:basic
Peer_3:basic INFO 3005.5570971151765: Received message <Ping:> from Peer_1:basic
Peer_3:basic INFO 3005.5570971151765: Sending message <Pong:> to Peer_1:basic
Peer_3:basic INFO 3006.2022843498967: Received message <Ping:> from Peer_5:basic
Peer_3:basic INFO 3006.2022843498967: Sending message <Pong:> to Peer_5:basic
Peer_3:basic INFO 3006.3195137124653: Received message <Ping:> from Peer_2:basic
Peer_3:basic INFO 3006.3195137124653: Sending message <Pong:> to Peer_2:basic
Peer_3:basic INFO 3006.93823430851: Received message <Ping:> from Peer_2:basic
Peer_3:basic INFO 3006.93823430851: Sending message <Pong:> to Peer_2:basic
Peer_3:basic INFO 3012.321550691894: Received message <Pong:> from Peer_5:basic
Peer_3:basic INFO 3012.475476338054: Received message <Pong:> from Peer_1:basic
Peer_3:basic INFO 3012.480343294812: Received message <Pong:> from Peer_2:basic
Peer_3:basic INFO 3013.3880925103617: Received message <Pong:> from Peer_2:basic
Peer_3:basic INFO 4000: Sending message <Ping:> to Peer_9:basic
Peer_3:basic INFO 4000: Sending message <Ping:> to Peer_5:basic
Peer_3:basic INFO 4000: Sending message <Ping:> to Peer_2:basic
Peer_3:basic INFO 4000: Sending message <Ping:> to Peer_1:basic
Peer_3:basic INFO 4000: Sending message <Ping:> to Peer_2:basic
Peer_3:basic INFO 4000.9371145755626: Received message <Ping:> from Peer_9:basic
Peer_3:basic INFO 4000.9371145755626: Sending message <Pong:> to Peer_9:basic
Peer_3:basic INFO 4002.1770046029: Received message <Pong:> from Peer_9:basic
Peer_3:basic INFO 4005.075358841731: Received message <Ping:> from Peer_5:basic
Peer_3:basic INFO 4005.075358841731: Sending message <Pong:> to Peer_5:basic
Peer_3:basic INFO 4005.9659636048973: Received message <Ping:> from Peer_2:basic
Peer_3:basic INFO 4005.9659636048973: Sending message <Pong:> to Peer_2:basic
Peer_3:basic INFO 4006.453816761464: Received message <Ping:> from Peer_2:basic
Peer_3:basic INFO 4006.453816761464: Sending message <Pong:> to Peer_2:basic
Peer_3:basic INFO 4006.5509714429295: Received message <Ping:> from Peer_1:basic
Peer_3:basic INFO 4006.5509714429295: Sending message <Pong:> to Peer_1:basic
Peer_3:basic INFO 4009.671367305615: Received message <Pong:> from Peer_2:basic
Peer_3:basic INFO 4010.0628846611926: Received message <Pong:> from Peer_5:basic
Peer_3:basic INFO 4010.236307098966: Received message <Pong:> from Peer_2:basic
Peer_3:basic INFO 4012.1186111696247: Received message <Pong:> from Peer_1:basic
