Peer_6:basic INFO 0.5905051924769359: Received message <Hello:> from Peer_5:basic
Peer_6:basic INFO 0.5905051924769359: Connecting to Peer_5:basic
Peer_6:basic INFO 0.5905051924769359: Sending message <Hello:> to Peer_5:basic
Peer_6:basic INFO 0.6375761461337972: Connecting to Peer_8:basic
Peer_6:basic INFO 1.1211189784612918: Received message <Hello:> from Peer_8:basic
Peer_6:basic INFO 1.3659254459625536: Received message <Hello:> from Peer_8:basic
Peer_6:basic INFO 3.0754878911145194: Connecting to Peer_4:basic
Peer_6:basic INFO 3.9137127465378043: Connecting to Peer_9:basic
Peer_6:basic INFO 7.290209436566712: Received message <Hello:> from Peer_9:basic
Peer_6:basic INFO 7.399748689865417: Received message <Hello:> from Peer_4:basic
Peer_6:basic INFO 8.200451919304399: Received message <Hello:> from Peer_9:basic
Peer_6:basic INFO 8.86165348620262: Received message <Hello:> from Peer_4:basic
Peer_6:basic INFO 1000: Sending message <Ping:> to Peer_5:basic
Peer_6:basic INFO 1000: Sending message <Ping:> to Peer_8:basic
Peer_6:basic INFO 1000: Sending message <Ping:> to Peer_4:basic
Peer_6:basic INFO 1000: Sending message <Ping:> to Peer_9:basic
Peer_6:basic INFO 1000.6534347708601: Received message <Ping:> from Peer_8:basic
Peer_6:basic INFO 1000.6534347708601: Sending message <Pong:> to Peer_8:basic
Peer_6:basic INFO 1000.7762804610294: Received message <Ping:> from Peer_5:basic
Peer_6:basic INFO 1000.7762804610294: Sending message <Pong:> to Peer_5:basic
Peer_6:basic INFO 1001.4851017297872: Received message <Pong:> from Peer_5:basic
Peer_6:basic INFO 1001.5134528145533: Received message <Pong:> from Peer_8:basic
Peer_6:basic INFO 1005.2954901891153: Received message <Ping:> from Peer_4:basic
Peer_6:basic INFO 1005.2954901891153: Sending message <Pong:> to Peer_4:basic
Peer_6:basic INFO 1006.9134695736094: Received message <Ping:> from Peer_9:basic
Peer_6:basic INFO 1006.9134695736094: Sending message <Pong:> to Peer_9:basic
Peer_6:basic INFO 1010.4346839141831: Received message <Pong:> from Peer_4:basic
Peer_6:basic INFO 1011.8279203196986: Received message <Pong:> from Peer_9:basic
Peer_6:basic INFO 2000: Sending message <Ping:> to Peer_5:basic
Peer_6:basic INFO 2000: Sending message <Ping:> to Peer_8:basic
Peer_6:basic INFO 2000: Sending message <Ping:> to Peer_4:basic
Peer_6:basic INFO 2000: Sending message <Ping:> to Peer_9:basic
Peer_6:basic INFO 2000.7246831929485: Received message <Ping:> from Peer_5:basic
Peer_6:basic INFO 2000.7246831929485: Sending message <Pong:> to Peer_5:basic
Peer_6:basic INFO 2001.1567477535555: Received message <Ping:> from Peer_8:basic
Peer_6:basic INFO 2001.1567477535555: Sending message <Pong:> to Peer_8:basic
Peer_6:basic INFO 2002.1689113076304: Received message <Pong:> from Peer_8:basic
Peer_6:basic INFO 2003.6494399110347: Received message <Pong:> from Peer_5:basic
Peer_6:basic INFO 2005.986275164191: Received message <Ping:> from Peer_4:basic
Peer_6:basic INFO 2005.986275164191: Sending message <Pong:> to Peer_4:basic
Peer_6:basic INFO 2006.4434148623993: Received message <Ping:> from Peer_9:basic
Peer_6:basic INFO 2006.4434148623993: Sending message <Pong:> to Peer_9:basic
Peer_6:basic INFO 2011.3899054991803: Received message <Pong:> from Peer_4:basic
Peer_6:basic INFO 2013.494358728501: Received message <Pong:> from Peer_9:basic
Peer_6:basic INFO 3000: Sending message <Ping:> to Peer_5:basic
Peer_6:basic INFO 3000: Sending message <Ping:> to Peer_8:basic
Peer_6:basic INFO 3000: Sending message <Ping:> to Peer_4:basic
Peer_6:basic INFO 3000: Sending message <Ping:> to Peer_9:basic
Peer_6:basic INFO 3000.567574298616: Received message <Ping:> from Peer_5:basic
Peer_6:basic INFO 3000.567574298616: Sending message <Pong:> to Peer_5:basic
Peer_6:basic INFO 3001.7400658816846: Received message <Ping:> from Peer_8:basic
Peer_6:basic INFO 3001.7400658816846: Sending message <Pong:> to Peer_8:basic
Peer_6:basic INFO 3001.905553023476: Received message <Pong:> from Peer_8:basic
Peer_6:basic INFO 3002.016622738814: Received message <Pong:> from Peer_5:basic
Peer_6:basic INFO 3004.1138916355926: Received message <Ping:> from Peer_9:basic
Peer_6:basic INFO 3004.1138916355926: Sending message <Pong:> to Peer_9:basic
Peer_6:basic INFO 3006.3147504685253: Received message <Ping:> from Peer_4:basic
Peer_6:basic INFO 3006.3147504685253: Sending message <Pong:> to Peer_4:basic
Peer_6:basic INFO 3013.1624127741725: Received message <Pong:> from Peer_9:basic
Peer_6:basic INFO 3013.5991474232487: Received message <Pong:> from Peer_4:basic
Peer_6:basic INFO 4000: Sending message <Ping:> to Peer_5:basic
Peer_6:basic INFO 4000: Sending message <Ping:> to Peer_8:basic
Peer_6:basic INFO 4000: Sending message <Ping:> to Peer_4:basic
Peer_6:basic INFO 4000: Sending message <Ping:> to Peer_9:basic
Peer_6:basic INFO 4001.1006402549874: Received message <Pong:> from Peer_8:basic
Peer_6:basic INFO 4001.1573342387637: Received message <Pong:> from Peer_5:basic
Peer_6:basic INFO 4002.002218385266: Received message <Ping:> from Peer_5:basic
Peer_6:basic INFO 4002.002218385266: Sending message <Pong:> to Peer_5:basic
Peer_6:basic INFO 4002.045816442726: Received message <Ping:> from Peer_8:basic
Peer_6:basic INFO 4002.045816442726: Sending message <Pong:> to Peer_8:basic
Peer_6:basic INFO 4004.5200820991668: Received message <Ping:> from Peer_9:basic
Peer_6:basic INFO 4004.5200820991668: Sending message <Pong:> to Peer_9:basic
Peer_6:basic INFO 4005.384654454524: Received message <Ping:> from Peer_4:basic
Peer_6:basic INFO 4005.384654454524: Sending message <Pong:> to Peer_4:basic
Peer_6:basic INFO 4011.5838497466993: Received message <Pong:> from Peer_9:basic
Peer_6:basic INFO 4011.6645754809483: Received message <Pong:> from Peer_4:basic
