Peer_9:basic INFO 0.4443400477499353: Connecting to Peer_3:basic
Peer_9:basic INFO 1.1268248425944827: Received message <Hello:> from Peer_3:basic
Peer_9:basic INFO 1.230303994103319: Received message <Hello:> from Peer_3:basic
Peer_9:basic INFO 3.9137127465378043: Received message <Hello:> from Peer_6:basic
Peer_9:basic INFO 3.9137127465378043: Connecting to Peer_6:basic
Peer_9:basic INFO 3.9137127465378043: Sending message <Hello:> to Peer_6:basic
Peer_9:basic INFO 5.000599131947453: Connecting to Peer_7:basic
Peer_9:basic INFO 5.296471708884672: Received message <Hello:> from Peer_7:basic
Peer_9:basic INFO 6.543597135620863: Received message <Hello:> from Peer_2:basic
Peer_9:basic INFO 6.543597135620863: Connecting to Peer_2:basic
Peer_9:basic INFO 6.543597135620863: Sending message <Hello:> to Peer_2:basic
Peer_9:basic INFO 7.164122217258289: Received message <Hello:> from Peer_2:basic
Peer_9:basic INFO 7.164122217258289: Connecting to Peer_2:basic
Peer_9:basic INFO 7.164122217258289: Sending message <Hello:> to Peer_2:basic
Peer_9:basic INFO 9.419504865216457: Received message <Hello:> from Peer_7:basic
Peer_9:basic INFO 1000: Sending message <Ping:> to Peer_3:basic
Peer_9:basic INFO 1000: Sending message <Ping:> to Peer_6:basic
Peer_9:basic INFO 1000: Sending message <Ping:> to Peer_7:basic
Peer_9:basic INFO 1000: Sending message <Ping:> to Peer_2:basic
Peer_9:basic INFO 1000: Sending message <Ping:> to Peer_2:basic
Peer_9:basic INFO 1000.5800540567595: Received message <Ping:> from Peer_3:basic
Peer_9:basic INFO 1000.5800540567595: Sending message <Pong:> to Peer_3:basic
Peer_9:basic INFO 1002.0418858638756: Received message <Pong:> from Peer_3:basic
Peer_9:basic INFO 1005.3399998262342: Received message <Ping:> from Peer_2:basic
Peer_9:basic INFO 1005.3399998262342: Sending message <Pong:> to Peer_2:basic
Peer_9:basic INFO 1005.7709436287762: Received message <Ping:> from Peer_7:basic
Peer_9:basic INFO 1005.7709436287762: Sending message <Pong:> to Peer_7:basic
Peer_9:basic INFO 1006.071812304386: Received message <Ping:> from Peer_2:basic
Peer_9:basic INFO 1006.071812304386: Sending message <Pong:> to Peer_2:basic
Peer_9:basic INFO 1006.2293332120605: Received message <Ping:> from Peer_6:basic
Peer_9:basic INFO 1006.2293332120605: Sending message <Pong:> to Peer_6:basic
Peer_9:basic INFO 1010.7609013634928: Received message <Pong:> from Peer_2:basic
Peer_9:basic INFO 1011.103809469801: Received message <Pong:> from Peer_7:basic
Peer_9:basic INFO 1011.88389226486: Received message <Pong:> from Peer_6:basic
Peer_9:basic INFO 1012.7794910482066: Received message <Pong:> from Peer_2:basic
Peer_9:basic INFO 2000: Sending message <Ping:> to Peer_3:basic
Peer_9:basic INFO 2000: Sending message <Ping:> to Peer_6:basic
Peer_9:basic INFO 2000: Sending message <Ping:> to Peer_7:basic
Peer_9:basic INFO 2000: Sending message <Ping:> to Peer_2:basic
Peer_9:basic INFO 2000: Sending message <Ping:> to Peer_2:basic
Peer_9:basic INFO 2000.8978174769684: Received message <Ping:> from Peer_3:basic
Peer_9:basic INFO 2000.8978174769684: Sending message <Pong:> to Peer_3:basic
Peer_9:basic INFO 2002.1646388173203: Received message <Pong:> from Peer_3:basic
Peer_9:basic INFO 2006.2634571313865: Received message <Ping:> from Peer_2:basic
Peer_9:basic INFO 2006.2634571313865: Sending message <Pong:> to Peer_2:basic
Peer_9:basic INFO 2006.3576758700021: Received message <Ping:> from Peer_6:basic
Peer_9:basic INFO 2006.3576758700021: Sending message <Pong:> to Peer_6:basic
Peer_9:basic INFO 2006.5688268529389: Received message <Ping:> from Peer_7:basic
Peer_9:basic INFO 2006.5688268529389: Sending message <Pong:> to Peer_7:basic
Peer_9:basic INFO 2007.0342071290593: Received message <Ping:> from Peer_2:basic
Peer_9:basic INFO 2007.0342071290593: Sending message <Pong:> to Peer_2:basic
Peer_9:basic INFO 2009.703704019063: Received message <Pong:> from Peer_2:basic
Peer_9:basic INFO 2010.02678316589: Received message <Pong:> from Peer_2:basic
Peer_9:basic INFO 2010.6290275548588: Received message <Pong:> from Peer_7:basic
Peer_9:basic INFO 2014.4410368975173: Received message <Pong:> from Peer_6:basic
Peer_9:basic INFO 3000: Sending message <Ping:> to Peer_3:basic
Peer_9:basic INFO 3000: Sending message <Ping:> to Peer_6:basic
Peer_9:basic INFO 3000: Sending message <Ping:> to Peer_7:basic
Peer_9:basic INFO 3000: Sending message <Ping:> to Peer_2:basic
Peer_9:basic INFO 3000: Sending message <Ping:> to Peer_2:basic
Peer_9:basic INFO 3001.00767238127: Received message <Ping:> from Peer_3:basic
Peer_9:basic INFO 3001.00767238127: Sending message <Pong:> to Peer_3:basic
Peer_9:basic INFO 3001.4749314025535: Received message <Pong:> from Peer_3:basic
Peer_9:basic INFO 3005.4981388456713: Received message <Ping:> from Peer_7:basic
Peer_9:basic INFO 3005.4981388456713: Sending message <Pong:> to Peer_7:basic
Peer_9:basic INFO 3005.9192407780024: Received message <Ping:> from Peer_6:basic
Peer_9:basic INFO 3005.9192407780024: Sending message <Pong:> to Peer_6:basic
Peer_9:basic INFO 3006.1837193367714: Received message <Ping:> from Peer_2:basic
Peer_9:basic INFO 3006.1837193367714: Sending message <Pong:> to Peer_2:basic
Peer_9:basic INFO 3007.0886665403164: Received message <Ping:> from Peer_2:basic
Peer_9:basic INFO 3007.0886665403164: Sending message <Pong:> to Peer_2:basic
Peer_9:basic INFO 3009.5973670645926: Received message <Pong:> from Peer_6:basic
Peer_9:basic INFO 3011.013803375812: Received message <Pong:> from Peer_2:basic
Peer_9:basic INFO 3011.9686510476636: Received message <Pong:> from Peer_2:basic
Peer_9:basic INFO 3013.424694153437: Received message <Pong:> from Peer_7:basic
Peer_9:basic INFO 4000: Sending message <Ping:> to Peer_3:basic
Peer_9:basic INFO 4000: Sending message <Ping:> to Peer_6:basic
Peer_9:basic INFO 4000: Sending message <Ping:> to Peer_7:basic
Peer_9:basic INFO 4000: Sending message <Ping:> to Peer_2:basic
Peer_9:basic INFO 4000: Sending message <Ping:> to Peer_2:basic
Peer_9:basic INFO 4000.771010357557: Received message <Ping:> from Peer_3:basic
Peer_9:basic INFO 4000.771010357557: Sending message <Pong:> to Peer_3:basic
Peer_9:basic INFO 4001.6334341942456: Received message <Pong:> from Peer_3:basic
Peer_9:basic INFO 4005.0780235801153: Received message <Ping:> from Peer_7:basic
Peer_9:basic INFO 4005.0780235801153: Sending message <Pong:> to Peer_7:basic
Peer_9:basic INFO 4005.404911555512: Received message <Ping:> from Peer_6:basic
Peer_9:basic INFO 4005.404911555512: Sending message <Pong:> to Peer_6:basic
Peer_9:basic INFO 4006.1154594215677: Received message <Ping:> from Peer_2:basic
Peer_9:basic INFO 4006.1154594215677: Sending message <Pong:> to Peer_2:basic
Peer_9:basic INFO 4006.829339947286: Received message <Ping:> from Peer_2:basic
Peer_9:basic INFO 4006.829339947286: Sending message <Pong:> to Peer_2:basic
Peer_9:basic INFO 4010.888148803464: Received message <Pong:> from Peer_6:basic
Peer_9:basic INFO 4012.1241403983454: Received message <Pong:> from Peer_2:basic
Peer_9:basic INFO 4013.1040358413734: Received message <Pong:> from Peer_7:basic
Peer_9:basic INFO 4014.328272350892: Received message <Pong:> from Peer_2:basic
