Peer_1:basic INFO 0.5536164307350547: Connecting to Peer_8:basic
Peer_1:basic INFO 0.6997772178636317: Connecting to Peer_2:basic
Peer_1:basic INFO 0.7644293032751519: Connecting to Peer_7:basic
Peer_1:basic INFO 0.776894274584057: Received message <Hello:> from Peer_2:basic
Peer_1:basic INFO 0.7782063684295538: Received message <Hello:> from Peer_8:basic
Peer_1:basic INFO 1.2887973382390732: Received message <Hello:> from Peer_8:basic
Peer_1:basic INFO 1.7005556569745048: Received message <Hello:> from Peer_7:basic
Peer_1:basic INFO 2.2714392329486177: Received message <Hello:> from Peer_7:basic
Peer_1:basic INFO 3.505051801050294: Received message <Hello:> from Peer_2:basic
Peer_1:basic INFO 5.323643399715021: Received message <Hello:> from Peer_3:basic
Peer_1:basic INFO 5.323643399715021: Connecting to Peer_3:basic
Peer_1:basic INFO 5.323643399715021: Sending message <Hello:> to Peer_3:basic
Peer_1:basic INFO 1000: Sending message <Ping:> to Peer_8:basic
Peer_1:basic INFO 1000: Sending message <Ping:> to Peer_2:basic
Peer_1:basic INFO 1000: Sending message <Ping:> to Peer_7:basic
Peer_1:basic INFO 1000: Sending message <Ping:> to Peer_3:basic
Peer_1:basic INFO 1000.5302043450736: Received message <Ping:> from Peer_2:basic
Peer_1:basic INFO 1000.5302043450736: Sending message <Pong:> to Peer_2:basic
Peer_1:basic INFO 1000.5490539747368: Received message <Ping:> from Peer_8:basic
Peer_1:basic INFO 1000.5490539747368: Sending message <Pong:> to Peer_8:basic
Peer_1:basic INFO 1001.4661670828116: Received message <Ping:> from Peer_7:basic
Peer_1:basic INFO 1001.4661670828116: Sending message <Pong:> to Peer_7:basic
Peer_1:basic INFO 1001.8917219727122: Received message <Pong:> from Peer_7:basic
Peer_1:basic INFO 1001.910299302865: Received message <Pong:> from Peer_2:basic
Peer_1:basic INFO 1003.3228882879824: Received message <Pong:> from Peer_8:basic
Peer_1:basic INFO 1006.0780479414993: Received message <Ping:> from Peer_3:basic
Peer_1:basic INFO 1006.0780479414993: Sending message <Pong:> to Peer_3:basic
Peer_1:basic INFO 1011.5452050948735: Received message <Pong:> from Peer_3:basic
Peer_1:basic INFO 2000: Sending message <Ping:> to Peer_8:basic
Peer_1:basic INFO 2000: Sending message <Ping:> to Peer_2:basic
Peer_1:basic INFO 2000: Sending message <Ping:> to Peer_7:basic
Peer_1:basic INFO 2000: Sending message <Ping:> to Peer_3:basic
Peer_1:basic INFO 2000.5419590429603: Received message <Ping:> from Peer_8:basic
Peer_1:basic INFO 2000.5419590429603: Sending message <Pong:> to Peer_8:basic
Peer_1:basic INFO 2000.5728060133529: Received message <Ping:> from Peer_7:basic
Peer_1:basic INFO 2000.5728060133529: Sending message <Pong:> to Peer_7:basic
Peer_1:basic INFO 2001.6737411577722: Received message <Ping:> from Peer_2:basic
Peer_1:basic INFO 2001.6737411577722: Sending message <Pong:> to Peer_2:basic
Peer_1:basic INFO 2001.748980543365: Received message <Pong:> from Peer_8:basic
Peer_1:basic INFO 2002.266389271477: Received message <Pong:> from Peer_2:basic
Peer_1:basic INFO 2002.576343547896: Received message <Pong:> from Peer_7:basic
Peer_1:basic INFO 2005.9474558877928: Received message <Ping:> from Peer_3:basic
Peer_1:basic INFO 2005.9474558877928: Sending message <Pong:> to Peer_3:basic
Peer_1:basic INFO 2010.644277443257: Received message <Pong:> from Peer_3:basic
Peer_1:basic INFO 3000: Sending message <Ping:> to Peer_8:basic
Peer_1:basic INFO 3000: Sending message <Ping:> to Peer_2:basic
Peer_1:basic INFO 3000: Sending message <Ping:> to Peer_7:basic
Peer_1:basic INFO 3000: Sending message <Ping:> to Peer_3:basic
Peer_1:basic INFO 3000.665630222604: Received message <Ping:> from Peer_8:basic
Peer_1:basic INFO 3000.665630222604: Sending message <Pong:> to Peer_8:basic
Peer_1:basic INFO 3001.016765136848: Received message <Ping:> from Peer_7:basic
Peer_1:basic INFO 3001.016765136848: Sending message <Pong:> to Peer_7:basic
Peer_1:basic INFO 3001.226687704636: Received message <Ping:> from Peer_2:basic
Peer_1:basic INFO 3001.226687704636: Sending message <Pong:> to Peer_2:basic
Peer_1:basic INFO 3001.2530984082673: Received message <Pong:> from Peer_2:basic
Peer_1:basic INFO 3002.6841554459093: Received message <Pong:> from Peer_8:basic
Peer_1:basic INFO 3003.528039338545: Received message <Pong:> from Peer_7:basic
Peer_1:basic INFO 3006.9893439855464: Received message <Ping:> from Peer_3:basic
Peer_1:basic INFO 3006.9893439855464: Sending message <Pong:> to Peer_3:basic
Peer_1:basic INFO 3011.354405571862: Received message <Pong:> from Peer_3:basic
Peer_1:basic INFO 4000: Sending message <Ping:> to Peer_8:basic
Peer_1:basic INFO 4000: Sending message <Ping:> to Peer_2:basic
Peer_1:basic INFO 4000: Sending message <Ping:> to Peer_7:basic
Peer_1:basic INFO 4000: Sending message <Ping:> to Peer_3:basic
Peer_1:basic INFO 4000.7301773603417: Received message <Ping:> from Peer_8:basic
Peer_1:basic INFO 4000.7301773603417: Sending message <Pong:> to Peer_8:basic
Peer_1:basic INFO 4001.197121504086: Received message <Pong:> from Peer_2:basic
Peer_1:basic INFO 4001.649638774525: Received message <Ping:> from Peer_7:basic
Peer_1:basic INFO 4001.649638774525: Sending message <Pong:> to Peer_7:basic
Peer_1:basic INFO 4002.007165550576: Received message <Ping:> from Peer_2:basic
Peer_1:basic INFO 4002.007165550576: Sending message <Pong:> to Peer_2:basic
Peer_1:basic INFO 4003.118519176069: Received message <Pong:> from Peer_7:basic
Peer_1:basic INFO 4005.8977691653163: Received message <Ping:> from Peer_3:basic
Peer_1:basic INFO 4005.8977691653163: Sending message <Pong:> to Peer_3:basic
Peer_1:basic INFO 4006.2407316556782: Received message <Pong:> from Peer_8:basic
Peer_1:basic INFO 4010.7549584035705: Received message <Pong:> from Peer_3:basic
