Peer_5:basic INFO 0.5905051924769359: Connecting to Peer_6:basic
Peer_5:basic INFO 1.1112011488810243: Received message <Hello:> from Peer_6:basic
Peer_5:basic INFO 1.414737386866919: Received message <Hello:> from Peer_6:basic
Peer_5:basic INFO 4.227110087527937: Connecting to Peer_3:basic
Peer_5:basic INFO 5.31109551036871: Received message <Hello:> from Peer_3:basic
Peer_5:basic INFO 10.498707486647277: Received message <Hello:> from Peer_3:basic
Peer_5:basic INFO 1000: Sending message <Ping:> to Peer_6:basic
Peer_5:basic INFO 1000: Sending message <Ping:> to Peer_3:basic
Peer_5:basic INFO 1000.816556872026: Received message <Ping:> from Peer_6:basic
Peer_5:basic INFO 1000.816556872026: Sending message <Pong:> to Peer_6:basic
Peer_5:basic INFO 1001.8540736037754: Received message <Pong:> from Peer_6:basic
Peer_5:basic INFO 1008.1528107475368: Received message <Ping:> from Peer_3:basic
Peer_5:basic INFO 1008.1528107475368: Sending message <Pong:> to Peer_3:basic
Peer_5:basic INFO 1011.502324761176: Received message <Pong:> from Peer_3:basic
Peer_5:basic INFO 2000: Sending message <Ping:> to Peer_6:basic
Peer_5:basic INFO 2000: Sending message <Ping:> to Peer_3:basic
Peer_5:basic INFO 2001.4804598823405: Received message <Ping:> from Peer_6:basic
Peer_5:basic INFO 2001.4804598823405: Sending message <Pong:> to Peer_6:basic
Peer_5:basic INFO 2002.0026881420488: Received message <Pong:> from Peer_6:basic
Peer_5:basic INFO 2005.7361003727694: Received message <Ping:> from Peer_3:basic
Peer_5:basic INFO 2005.7361003727694: Sending message <Pong:> to Peer_3:basic
Peer_5:basic INFO 2010.8688568105733: Received message <Pong:> from Peer_3:basic
Peer_5:basic INFO 3000: Sending message <Ping:> to Peer_6:basic
Peer_5:basic INFO 3000: Sending message <Ping:> to Peer_3:basic
Peer_5:basic INFO 3000.8799705437214: Received message <Ping:> from Peer_6:basic
Peer_5:basic INFO 3000.8799705437214: Sending message <Pong:> to Peer_6:basic
Peer_5:basic INFO 3001.48921832585: Received message <Pong:> from Peer_6:basic
Peer_5:basic INFO 3005.7821110060777: Received message <Ping:> from Peer_3:basic
Peer_5:basic INFO 3005.7821110060777: Sending message <Pong:> to Peer_3:basic
Peer_5:basic INFO 3012.5813092688536: Received message <Pong:> from Peer_3:basic
Peer_5:basic INFO 4000: Sending message <Ping:> to Peer_6:basic
Peer_5:basic INFO 4000: Sending message <Ping:> to Peer_3:basic
Peer_5:basic INFO 4000.5499244401394: Received message <Ping:> from Peer_6:basic
Peer_5:basic INFO 4000.5499244401394: Sending message <Pong:> to Peer_6:basic
Peer_5:basic INFO 4002.7755044495857: Received message <Pong:> from Peer_6:basic
Peer_5:basic INFO 4005.556670367015: Received message <Ping:> from Peer_3:basic
Peer_5:basic INFO 4005.556670367015: Sending message <Pong:> to Peer_3:basic
Peer_5:basic INFO 4010.062837393114: Received message <Pong:> from Peer_3:basic
