Peer_4:basic INFO 3.0754878911145194: Received message <Hello:> from Peer_6:basic
Peer_4:basic INFO 3.0754878911145194: Connecting to Peer_6:basic
Peer_4:basic INFO 3.0754878911145194: Sending message <Hello:> to Peer_6:basic
Peer_4:basic INFO 4.531599736226529: Connecting to Peer_8:basic
Peer_4:basic INFO 4.844764211855791: Connecting to Peer_7:basic
Peer_4:basic INFO 5.401202653895117: Connecting to Peer_2:basic
Peer_4:basic INFO 5.794597065824246: Received message <Hello:> from Peer_2:basic
Peer_4:basic INFO 6.518308109440283: Received message <Hello:> from Peer_7:basic
Peer_4:basic INFO 7.788192635547626: Received message <Hello:> from Peer_8:basic
Peer_4:basic INFO 10.67979651023868: Received message <Hello:> from Peer_8:basic
Peer_4:basic INFO 11.462411460476298: Received message <Hello:> from Peer_2:basic
Peer_4:basic INFO 11.491453941857417: Received message <Hello:> from Peer_7:basic
Peer_4:basic INFO 1000: Sending message <Ping:> to Peer_6:basic
Peer_4:basic INFO 1000: Sending message <Ping:> to Peer_8:basic
Peer_4:basic INFO 1000: Sending message <Ping:> to Peer_7:basic
Peer_4:basic INFO 1000: Sending message <Ping:> to Peer_2:basic
Peer_4:basic INFO 1004.4198322107702: Received message <Ping:> from Peer_8:basic
Peer_4:basic INFO 1004.4198322107702: Sending message <Pong:> to Peer_8:basic
Peer_4:basic INFO 1005.4212716985226: Received message <Ping:> from Peer_6:basic
Peer_4:basic INFO 1005.4212716985226: Sending message <Pong:> to Peer_6:basic
Peer_4:basic INFO 1005.6081744662147: Received message <Ping:> from Peer_7:basic
Peer_4:basic INFO 1005.6081744662147: Sending message <Pong:> to Peer_7:basic
Peer_4:basic INFO 1007.5040345683794: Received message <Ping:> from Peer_2:basic
Peer_4:basic INFO 1007.5040345683794: Sending message <Pong:> to Peer_2:basic
Peer_4:basic INFO 1010.3852488387888: Received message <Pong:> from Peer_7:basic
Peer_4:basic INFO 1011.1808116446887: Received message <Pong:> from Peer_6:basic
Peer_4:basic INFO 1011.2423604775648: Received message <Pong:> from Peer_2:basic
Peer_4:basic INFO 1012.8838684315168: Received message <Pong:> from Peer_8:basic
Peer_4:basic INFO 2000: Sending message <Ping:> to Peer_6:basic
Peer_4:basic INFO 2000: Sending message <Ping:> to Peer_8:basic
Peer_4:basic INFO 2000: Sending message <Ping:> to Peer_7:basic
Peer_4:basic INFO 2000: Sending message <Ping:> to Peer_2:basic
Peer_4:basic INFO 2005.406462026364: Received message <Ping:> from Peer_7:basic
Peer_4:basic INFO 2005.406462026364: Sending message <Pong:> to Peer_7:basic
Peer_4:basic INFO 2005.8616134538029: Received message <Ping:> from Peer_8:basic
Peer_4:basic INFO 2005.8616134538029: Sending message <Pong:> to Peer_8:basic
Peer_4:basic INFO 2006.1266548959563: Received message <Ping:> from Peer_6:basic
Peer_4:basic INFO 2006.1266548959563: Sending message <Pong:> to Peer_6:basic
Peer_4:basic INFO 2007.0808309625738: Received message <Ping:> from Peer_2:basic
Peer_4:basic INFO 2007.0808309625738: Sending message <Pong:> to Peer_2:basic
Peer_4:basic INFO 2008.8372500751889: Received message <Pong:> from Peer_2:basic
Peer_4:basic INFO 2010.8300479146462: Received message <Pong:> from Peer_7:basic
Peer_4:basic INFO 2011.7368836075182: Received message <Pong:> from Peer_8:basic
Peer_4:basic INFO 2013.0032174881703: Received message <Pong:> from Peer_6:basic
Peer_4:basic INFO 3000: Sending message <Ping:> to Peer_6:basic
Peer_4:basic INFO 3000: Sending message <Ping:> to Peer_8:basic
Peer_4:basic INFO 3000: Sending message <Ping:> to Peer_7:basic
Peer_4:basic INFO 3000: Sending message <Ping:> to Peer_2:basic
Peer_4:basic INFO 3005.2858353347647: Received message <Ping:> from Peer_8:basic
Peer_4:basic INFO 3005.2858353347647: Sending message <Pong:> to Peer_8:basic
Peer_4:basic INFO 3005.447629709095: Received message <Ping:> from Peer_7:basic
Peer_4:basic INFO 3005.447629709095: Sending message <Pong:> to Peer_7:basic
Peer_4:basic INFO 3006.337096918274: Received message <Ping:> from Peer_2:basic
Peer_4:basic INFO 3006.337096918274: Sending message <Pong:> to Peer_2:basic
Peer_4:basic INFO 3006.8851734486775: Received message <Ping:> from Peer_6:basic
Peer_4:basic INFO 3006.8851734486775: Sending message <Pong:> to Peer_6:basic
Peer_4:basic INFO 3009.1882467089044: Received message <Pong:> from Peer_7:basic
Peer_4:basic INFO 3011.2024644296016: Received message <Pong:> from Peer_2:basic
Peer_4:basic INFO 3011.575983727836: Received message <Pong:> from Peer_6:basic
Peer_4:basic INFO 3012.171459029558: Received message <Pong:> from Peer_8:basic
Peer_4:basic INFO 4000: Sending message <Ping:> to Peer_6:basic
Peer_4:basic INFO 4000: Sending message <Ping:> to Peer_8:basic
Peer_4:basic INFO 4000: Sending message <Ping:> to Peer_7:basic
Peer_4:basic INFO 4000: Sending message <Ping:> to Peer_2:basic
Peer_4:basic INFO 4005.096717133032: Received message <Ping:> from Peer_8:basic
Peer_4:basic INFO 4005.096717133032: Sending message <Pong:> to Peer_8:basic
Peer_4:basic INFO 4005.2376541150093: Received message <Ping:> from Peer_2:basic
Peer_4:basic INFO 4005.2376541150093: Sending message <Pong:> to Peer_2:basic
Peer_4:basic INFO 4005.6906701037356: Received message <Ping:> from Peer_6:basic
Peer_4:basic INFO 4005.6906701037356: Sending message <Pong:> to Peer_6:basic
Peer_4:basic INFO 4006.2795131607963: Received message <Ping:> from Peer_7:basic
Peer_4:basic INFO 4006.2795131607963: Sending message <Pong:> to Peer_7:basic
Peer_4:basic INFO 4011.494594661511: Received message <Pong:> from Peer_6:basic
Peer_4:basic INFO 4012.0377772284264: Received message <Pong:> from Peer_7:basic
Peer_4:basic INFO 4013.355372440031: Received message <Pong:> from Peer_2:basic
Peer_4:basic INFO 4013.8862353076597: Received message <Pong:> from Peer_8:basic
