Peer_8:basic INFO 0.5536164307350547: Received message <Hello:> from Peer_1:basic
Peer_8:basic INFO 0.5536164307350547: Connecting to Peer_1:basic
Peer_8:basic INFO 0.5536164307350547: Sending message <Hello:> to Peer_1:basic
Peer_8:basic INFO 0.6375761461337972: Received message <Hello:> from Peer_6:basic
Peer_8:basic INFO 0.6375761461337972: Connecting to Peer_6:basic
Peer_8:basic INFO 0.6375761461337972: Sending message <Hello:> to Peer_6:basic
Peer_8:basic INFO 0.7104364941342676: Connecting to Peer_7:basic
Peer_8:basic INFO 1.0030967071527572: Received message <Hello:> from Peer_7:basic
Peer_8:basic INFO 1.097980045223507: Connecting to Peer_2:basic
Peer_8:basic INFO 1.30638267765887: Received message <Hello:> from Peer_7:basic
Peer_8:basic INFO 1.4051471516887355: Received message <Hello:> from Peer_2:basic
Peer_8:basic INFO 1.7574433414385413: Received message <Hello:> from Peer_2:basic
Peer_8:basic INFO 4.531599736226529: Received message <Hello:> from Peer_4:basic
Peer_8:basic INFO 4.531599736226529: Connecting to Peer_4:basic
Peer_8:basic INFO 4.531599736226529: Sending message <Hello:> to Peer_4:basic
Peer_8:basic INFO 1000: Sending message <Ping:> to Peer_1:basic
Peer_8:basic INFO 1000: Sending message <Ping:> to Peer_6:basic
Peer_8:basic INFO 1000: Sending message <Ping:> to Peer_7:basic
Peer_8:basic INFO 1000: Sending message <Ping:> to Peer_2:basic
Peer_8:basic INFO 1000: Sending message <Ping:> to Peer_4:basic
Peer_8:basic INFO 1000.5314555096052: Received message <Ping:> from Peer_2:basic
Peer_8:basic INFO 1000.5314555096052: Sending message <Pong:> to Peer_2:basic
Peer_8:basic INFO 1000.9436309737434: Received message <Ping:> from Peer_6:basic
Peer_8:basic INFO 1000.9436309737434: Sending message <Pong:> to Peer_6:basic
Peer_8:basic INFO 1001.0914242835556: Received message <Ping:> from Peer_1:basic
Peer_8:basic INFO 1001.0914242835556: Sending message <Pong:> to Peer_1:basic
Peer_8:basic INFO 1001.1500205905212: Received message <Ping:> from Peer_7:basic
Peer_8:basic INFO 1001.1500205905212: Sending message <Pong:> to Peer_7:basic
Peer_8:basic INFO 1001.5047421945693: Received message <Pong:> from Peer_7:basic
Peer_8:basic INFO 1001.577112171728: Received message <Pong:> from Peer_2:basic
Peer_8:basic INFO 1002.1897421034921: Received message <Pong:> from Peer_1:basic
Peer_8:basic INFO 1002.250211360215: Received message <Pong:> from Peer_6:basic
Peer_8:basic INFO 1007.6200617971058: Received message <Ping:> from Peer_4:basic
Peer_8:basic INFO 1007.6200617971058: Sending message <Pong:> to Peer_4:basic
Peer_8:basic INFO 1011.8099749717287: Received message <Pong:> from Peer_4:basic
Peer_8:basic INFO 2000: Sending message <Ping:> to Peer_1:basic
Peer_8:basic INFO 2000: Sending message <Ping:> to Peer_6:basic
Peer_8:basic INFO 2000: Sending message <Ping:> to Peer_7:basic
Peer_8:basic INFO 2000: Sending message <Ping:> to Peer_2:basic
Peer_8:basic INFO 2000: Sending message <Ping:> to Peer_4:basic
Peer_8:basic INFO 2000.5915506750155: Received message <Ping:> from Peer_7:basic
Peer_8:basic INFO 2000.5915506750155: Sending message <Pong:> to Peer_7:basic
Peer_8:basic INFO 2000.7318773631387: Received message <Ping:> from Peer_2:basic
Peer_8:basic INFO 2000.7318773631387: Sending message <Pong:> to Peer_2:basic
Peer_8:basic INFO 2001.0250517133065: Received message <Ping:> from Peer_1:basic
Peer_8:basic INFO 2001.0250517133065: Sending message <Pong:> to Peer_1:basic
Peer_8:basic INFO 2001.144731273943: Received message <Pong:> from Peer_1:basic
Peer_8:basic INFO 2001.269288018231: Received message <Ping:> from Peer_6:basic
Peer_8:basic INFO 2001.269288018231: Sending message <Pong:> to Peer_6:basic
Peer_8:basic INFO 2001.3926404662507: Received message <Pong:> from Peer_2:basic
Peer_8:basic INFO 2001.8852750687652: Received message <Pong:> from Peer_6:basic
Peer_8:basic INFO 2003.6192512064192: Received message <Pong:> from Peer_7:basic
Peer_8:basic INFO 2005.8782172989113: Received message <Ping:> from Peer_4:basic
Peer_8:basic INFO 2005.8782172989113: Sending message <Pong:> to Peer_4:basic
Peer_8:basic INFO 2013.0084736230153: Received message <Pong:> from Peer_4:basic
Peer_8:basic INFO 3000: Sending message <Ping:> to Peer_1:basic
Peer_8:basic INFO 3000: Sending message <Ping:> to Peer_6:basic
Peer_8:basic INFO 3000: Sending message <Ping:> to Peer_7:basic
Peer_8:basic INFO 3000: Sending message <Ping:> to Peer_2:basic
Peer_8:basic INFO 3000: Sending message <Ping:> to Peer_4:basic
Peer_8:basic INFO 3000.6000248716573: Received message <Ping:> from Peer_7:basic
Peer_8:basic INFO 3000.6000248716573: Sending message <Pong:> to Peer_7:basic
Peer_8:basic INFO 3000.6615324264585: Received message <Ping:> from Peer_6:basic
Peer_8:basic INFO 3000.6615324264585: Sending message <Pong:> to Peer_6:basic
Peer_8:basic INFO 3000.8782383602993: Received message <Ping:> from Peer_1:basic
Peer_8:basic INFO 3000.8782383602993: Sending message <Pong:> to Peer_1:basic
Peer_8:basic INFO 3001.3324246099796: Received message <Pong:> from Peer_7:basic
Peer_8:basic INFO 3001.623428294114: Received message <Pong:> from Peer_1:basic
Peer_8:basic INFO 3001.6407752668365: Received message <Pong:> from Peer_2:basic
Peer_8:basic INFO 3002.0244929926785: Received message <Ping:> from Peer_2:basic
Peer_8:basic INFO 3002.0244929926785: Sending message <Pong:> to Peer_2:basic
Peer_8:basic INFO 3002.828036896975: Received message <Pong:> from Peer_6:basic
Peer_8:basic INFO 3005.4261122739263: Received message <Ping:> from Peer_4:basic
Peer_8:basic INFO 3005.4261122739263: Sending message <Pong:> to Peer_4:basic
Peer_8:basic INFO 3011.782718030819: Received message <Pong:> from Peer_4:basic
Peer_8:basic INFO 4000: Sending message <Ping:> to Peer_1:basic
Peer_8:basic INFO 4000: Sending message <Ping:> to Peer_6:basic
Peer_8:basic INFO 4000: Sending message <Ping:> to Peer_7:basic
Peer_8:basic INFO 4000: Sending message <Ping:> to Peer_2:basic
Peer_8:basic INFO 4000: Sending message <Ping:> to Peer_4:basic
Peer_8:basic INFO 4000.536298702142: Received message <Ping:> from Peer_6:basic
Peer_8:basic INFO 4000.536298702142: Sending message <Pong:> to Peer_6:basic
Peer_8:basic INFO 4000.6558527287402: Received message <Ping:> from Peer_2:basic
Peer_8:basic INFO 4000.6558527287402: Sending message <Pong:> to Peer_2:basic
Peer_8:basic INFO 4000.886706407084: Received message <Ping:> from Peer_7:basic
Peer_8:basic INFO 4000.886706407084: Sending message <Pong:> to Peer_7:basic
Peer_8:basic INFO 4001.508370070248: Received message <Pong:> from Peer_2:basic
Peer_8:basic INFO 4001.542517276134: Received message <Pong:> from Peer_7:basic
Peer_8:basic INFO 4001.7553537648078: Received message <Pong:> from Peer_1:basic
Peer_8:basic INFO 4002.5263327731277: Received message <Ping:> from Peer_1:basic
Peer_8:basic INFO 4002.5263327731277: Sending message <Pong:> to Peer_1:basic
Peer_8:basic INFO 4002.64484219534: Received message <Pong:> from Peer_6:basic
Peer_8:basic INFO 4007.0336769416945: Received message <Ping:> from Peer_4:basic
Peer_8:basic INFO 4007.0336769416945: Sending message <Pong:> to Peer_4:basic
Peer_8:basic INFO 4012.153133418979: Received message <Pong:> from Peer_4:basic
